True
load data:  mnist
Building MNIST data loader with 1 workers
==> Building model..

Epoch: 0
Train epoch:0 	Loss_in: 30.321252 | Loss_out: 0.340057 | Acc: 9.892495 (5926/59904)
(1673152696.3098633, 1673152753.2510946, 56.94123125076294)
Test epoch: 0| Acc: 96.78 (9678/10000) 

Epoch: 1
Train epoch:1 	Loss_in: 28.937096 | Loss_out: 0.325353 | Acc: 10.174613 (6095/59904)
(1673152753.7370844, 1673152810.1487937, 56.41170930862427)
Test epoch: 1| Acc: 98.51 (9851/10000) 

Epoch: 2
Train epoch:2 	Loss_in: 28.673411 | Loss_out: 0.325278 | Acc: 9.915865 (5940/59904)
(1673152810.6359894, 1673152866.6850293, 56.04903984069824)
Test epoch: 2| Acc: 98.95 (9895/10000) 

Epoch: 3
Train epoch:3 	Loss_in: 28.548228 | Loss_out: 0.325243 | Acc: 9.929220 (5948/59904)
(1673152867.170854, 1673152922.8986564, 55.72780227661133)
Test epoch: 3| Acc: 98.59 (9859/10000) 

Epoch: 4
Train epoch:4 	Loss_in: 28.481511 | Loss_out: 0.325240 | Acc: 10.019364 (6002/59904)
(1673152923.3656733, 1673152978.9644492, 55.59877586364746)
Test epoch: 4| Acc: 98.48 (9848/10000) 

Epoch: 5
Train epoch:5 	Loss_in: 28.445024 | Loss_out: 0.325229 | Acc: 10.101162 (6051/59904)
(1673152979.4460351, 1673153035.391432, 55.945396900177)
Test epoch: 5| Acc: 99.05 (9905/10000) 

Epoch: 6
Train epoch:6 	Loss_in: 28.422709 | Loss_out: 0.325254 | Acc: 10.094485 (6047/59904)
(1673153035.871471, 1673153092.2240849, 56.35261392593384)
Test epoch: 6| Acc: 98.78 (9878/10000) 

Epoch: 7
Train epoch:7 	Loss_in: 28.406780 | Loss_out: 0.325249 | Acc: 9.974292 (5975/59904)
(1673153092.7129078, 1673153148.667408, 55.95450019836426)
Test epoch: 7| Acc: 97.95 (9795/10000) 

Epoch: 8
Train epoch:8 	Loss_in: 28.400606 | Loss_out: 0.325282 | Acc: 9.842415 (5896/59904)
(1673153149.1423392, 1673153204.8656042, 55.723264932632446)
Test epoch: 8| Acc: 99.05 (9905/10000) 

Epoch: 9
Train epoch:9 	Loss_in: 28.387169 | Loss_out: 0.325239 | Acc: 9.987647 (5983/59904)
(1673153205.3371375, 1673153261.2033744, 55.86623692512512)
Test epoch: 9| Acc: 99.08 (9908/10000) 

Epoch: 10
Train epoch:10 	Loss_in: 28.375095 | Loss_out: 0.325236 | Acc: 10.084468 (6041/59904)
(1673153261.6877866, 1673153317.9145322, 56.22674560546875)
Test epoch: 10| Acc: 98.57 (9857/10000) 

Epoch: 11
Train epoch:11 	Loss_in: 28.344029 | Loss_out: 0.325110 | Acc: 9.637086 (5773/59904)
(1673153318.3945603, 1673153374.6916192, 56.29705882072449)
Test epoch: 11| Acc: 99.48 (9948/10000) 

Epoch: 12
Train epoch:12 	Loss_in: 28.331808 | Loss_out: 0.325094 | Acc: 9.907519 (5935/59904)
(1673153375.1665893, 1673153431.6251304, 56.45854115486145)
Test epoch: 12| Acc: 99.48 (9948/10000) 

Epoch: 13
Train epoch:13 	Loss_in: 28.323836 | Loss_out: 0.325093 | Acc: 9.882479 (5920/59904)
(1673153432.1135025, 1673153488.1292374, 56.015734910964966)
Test epoch: 13| Acc: 99.41 (9941/10000) 

Epoch: 14
Train epoch:14 	Loss_in: 28.317572 | Loss_out: 0.325092 | Acc: 9.984308 (5981/59904)
(1673153488.6094494, 1673153544.6962748, 56.086825370788574)
Test epoch: 14| Acc: 99.52 (9952/10000) 

Epoch: 15
Train epoch:15 	Loss_in: 28.311721 | Loss_out: 0.325091 | Acc: 9.992655 (5986/59904)
(1673153545.1717482, 1673153601.333164, 56.161415815353394)
Test epoch: 15| Acc: 99.47 (9947/10000) 

Epoch: 16
Train epoch:16 	Loss_in: 28.308056 | Loss_out: 0.325091 | Acc: 9.717214 (5821/59904)
(1673153601.8222406, 1673153657.4863832, 55.66414260864258)
Test epoch: 16| Acc: 99.5 (9950/10000) 

Epoch: 17
Train epoch:17 	Loss_in: 28.306570 | Loss_out: 0.325093 | Acc: 10.373264 (6214/59904)
(1673153657.9651635, 1673153713.9279137, 55.96275019645691)
Test epoch: 17| Acc: 99.5 (9950/10000) 

Epoch: 18
Train epoch:18 	Loss_in: 28.302338 | Loss_out: 0.325092 | Acc: 10.228032 (6127/59904)
(1673153714.4116952, 1673153770.2675848, 55.855889558792114)
Test epoch: 18| Acc: 99.47 (9947/10000) 

Epoch: 19
Train epoch:19 	Loss_in: 28.300102 | Loss_out: 0.325092 | Acc: 10.122863 (6064/59904)
(1673153770.736718, 1673153826.3855898, 55.64887189865112)
Test epoch: 19| Acc: 99.44 (9944/10000) 

Epoch: 20
Train epoch:20 	Loss_in: 28.299564 | Loss_out: 0.325092 | Acc: 10.151242 (6081/59904)
(1673153826.8684857, 1673153883.003292, 56.134806394577026)
Test epoch: 20| Acc: 99.31 (9931/10000) 

Epoch: 21
Train epoch:21 	Loss_in: 28.295890 | Loss_out: 0.325090 | Acc: 10.286458 (6162/59904)
(1673153883.4825156, 1673153939.2098851, 55.72736954689026)
Test epoch: 21| Acc: 99.46 (9946/10000) 

Epoch: 22
Train epoch:22 	Loss_in: 28.295092 | Loss_out: 0.325089 | Acc: 9.919204 (5942/59904)
(1673153939.6774642, 1673153995.4542842, 55.776819944381714)
Test epoch: 22| Acc: 99.45 (9945/10000) 

Epoch: 23
Train epoch:23 	Loss_in: 28.294261 | Loss_out: 0.325089 | Acc: 10.159589 (6086/59904)
(1673153995.9380784, 1673154051.7193093, 55.78123092651367)
Test epoch: 23| Acc: 99.46 (9946/10000) 

Epoch: 24
Train epoch:24 	Loss_in: 28.294104 | Loss_out: 0.325089 | Acc: 9.962607 (5968/59904)
(1673154052.1849015, 1673154107.8801093, 55.695207834243774)
Test epoch: 24| Acc: 99.53 (9953/10000) 

Epoch: 25
Train epoch:25 	Loss_in: 28.293146 | Loss_out: 0.325089 | Acc: 10.001002 (5991/59904)
(1673154108.3621268, 1673154164.6297028, 56.26757597923279)
Test epoch: 25| Acc: 99.47 (9947/10000) 

Epoch: 26
Train epoch:26 	Loss_in: 28.293391 | Loss_out: 0.325089 | Acc: 9.969284 (5972/59904)
(1673154165.1130173, 1673154221.1149719, 56.001954555511475)
Test epoch: 26| Acc: 99.49 (9949/10000) 

Epoch: 27
Train epoch:27 	Loss_in: 28.292308 | Loss_out: 0.325089 | Acc: 9.827390 (5887/59904)
(1673154221.6048055, 1673154277.501855, 55.89704942703247)
Test epoch: 27| Acc: 99.47 (9947/10000) 

Epoch: 28
Train epoch:28 	Loss_in: 28.291694 | Loss_out: 0.325089 | Acc: 10.137887 (6073/59904)
(1673154277.9893095, 1673154333.635128, 55.64581847190857)
Test epoch: 28| Acc: 99.49 (9949/10000) 

Epoch: 29
Train epoch:29 	Loss_in: 28.291364 | Loss_out: 0.325089 | Acc: 10.119525 (6062/59904)
(1673154334.1147668, 1673154389.7087123, 55.59394550323486)
Test epoch: 29| Acc: 99.47 (9947/10000) 

Epoch: 30
Train epoch:30 	Loss_in: 28.290185 | Loss_out: 0.325089 | Acc: 10.510150 (6296/59904)
(1673154390.1884153, 1673154446.0480356, 55.859620332717896)
Test epoch: 30| Acc: 99.43 (9943/10000) 

Epoch: 31
Train epoch:31 	Loss_in: 28.289667 | Loss_out: 0.325089 | Acc: 10.169605 (6092/59904)
(1673154446.539797, 1673154502.968432, 56.42863488197327)
Test epoch: 31| Acc: 99.47 (9947/10000) 

Epoch: 32
Train epoch:32 	Loss_in: 28.289933 | Loss_out: 0.325089 | Acc: 10.218015 (6121/59904)
(1673154503.4525726, 1673154559.7987163, 56.34614372253418)
Test epoch: 32| Acc: 99.48 (9948/10000) 

Epoch: 33
Train epoch:33 	Loss_in: 28.289674 | Loss_out: 0.325089 | Acc: 10.238048 (6133/59904)
(1673154560.2783387, 1673154615.9191656, 55.6408269405365)
Test epoch: 33| Acc: 99.45 (9945/10000) 

Epoch: 34
Train epoch:34 	Loss_in: 28.289708 | Loss_out: 0.325089 | Acc: 10.061098 (6027/59904)
(1673154616.4029074, 1673154672.3236225, 55.92071509361267)
Test epoch: 34| Acc: 99.46 (9946/10000) 

Epoch: 35
Train epoch:35 	Loss_in: 28.290249 | Loss_out: 0.325089 | Acc: 9.950921 (5961/59904)
(1673154672.7972102, 1673154729.321524, 56.5243136882782)
Test epoch: 35| Acc: 99.45 (9945/10000) 

Epoch: 36
Train epoch:36 	Loss_in: 28.289261 | Loss_out: 0.325089 | Acc: 9.924212 (5945/59904)
(1673154729.7988856, 1673154786.2069745, 56.40808892250061)
Test epoch: 36| Acc: 99.48 (9948/10000) 

Epoch: 37
Train epoch:37 	Loss_in: 28.289486 | Loss_out: 0.325089 | Acc: 9.840745 (5895/59904)
(1673154786.6986244, 1673154842.806935, 56.10831069946289)
Test epoch: 37| Acc: 99.46 (9946/10000) 

Epoch: 38
Train epoch:38 	Loss_in: 28.289024 | Loss_out: 0.325089 | Acc: 10.011018 (5997/59904)
(1673154843.295555, 1673154899.1493323, 55.853777170181274)
Test epoch: 38| Acc: 99.43 (9943/10000) 

Epoch: 39
Train epoch:39 	Loss_in: 28.288925 | Loss_out: 0.325089 | Acc: 10.047743 (6019/59904)
(1673154899.6341531, 1673154955.5034993, 55.869346141815186)
Test epoch: 39| Acc: 99.44 (9944/10000) 
