True
load data:  mnist
Building MNIST data loader with 1 workers
==> Building model..

Epoch: 0
Train epoch:0 	Loss_in: 0.656171 | Loss_in_diffu: 11.716535 | Loss_out_diffu: 12.179345 | Acc: 85.052751 (50950/59904)
(1642956513.9082916, 1642956613.706371, 99.79807949066162)
Test epoch: 0| Acc: 96.22 (9622/10000) 

Epoch: 1
Train epoch:1 	Loss_in: 0.110392 | Loss_in_diffu: 11.295287 | Loss_out_diffu: 12.673236 | Acc: 97.105369 (58170/59904)
(1642956614.291957, 1642956714.262386, 99.97042918205261)
Test epoch: 1| Acc: 96.45 (9645/10000) 

Epoch: 2
Train epoch:2 	Loss_in: 0.073265 | Loss_in_diffu: 11.336974 | Loss_out_diffu: 12.838643 | Acc: 97.970085 (58688/59904)
(1642956714.8349571, 1642956814.5314777, 99.69652056694031)
Test epoch: 2| Acc: 96.93 (9693/10000) 

Epoch: 3
Train epoch:3 	Loss_in: 0.055224 | Loss_in_diffu: 11.396399 | Loss_out_diffu: 12.959879 | Acc: 98.445847 (58973/59904)
(1642956815.1186595, 1642956915.2747653, 100.15610575675964)
Test epoch: 3| Acc: 98.69 (9869/10000) 

Epoch: 4
Train epoch:4 	Loss_in: 0.046062 | Loss_in_diffu: 11.464350 | Loss_out_diffu: 13.065425 | Acc: 98.702925 (59127/59904)
(1642956915.8550317, 1642957015.3196344, 99.46460270881653)
Test epoch: 4| Acc: 98.21 (9821/10000) 

Epoch: 5
Train epoch:5 	Loss_in: 0.039412 | Loss_in_diffu: 11.539933 | Loss_out_diffu: 13.132399 | Acc: 98.838141 (59208/59904)
(1642957015.9044857, 1642957116.1554115, 100.25092577934265)
Test epoch: 5| Acc: 98.97 (9897/10000) 

Epoch: 6
Train epoch:6 	Loss_in: 0.034150 | Loss_in_diffu: 11.618353 | Loss_out_diffu: 13.240793 | Acc: 99.018429 (59316/59904)
(1642957116.7336237, 1642957216.346908, 99.61328434944153)
Test epoch: 6| Acc: 98.49 (9849/10000) 

Epoch: 7
Train epoch:7 	Loss_in: 0.032693 | Loss_in_diffu: 11.706545 | Loss_out_diffu: 13.367393 | Acc: 99.060163 (59341/59904)
(1642957216.920011, 1642957317.248581, 100.3285698890686)
Test epoch: 7| Acc: 98.89 (9889/10000) 

Epoch: 8
Train epoch:8 	Loss_in: 0.027291 | Loss_in_diffu: 11.804274 | Loss_out_diffu: 13.476489 | Acc: 99.180355 (59413/59904)
(1642957317.834583, 1642957418.1807976, 100.34621453285217)
Test epoch: 8| Acc: 98.93 (9893/10000) 

Epoch: 9
Train epoch:9 	Loss_in: 0.025820 | Loss_in_diffu: 11.899293 | Loss_out_diffu: 13.595172 | Acc: 99.232105 (59444/59904)
(1642957418.7560542, 1642957519.0882003, 100.33214616775513)
Test epoch: 9| Acc: 99.27 (9927/10000) 

Epoch: 10
Train epoch:10 	Loss_in: 0.021895 | Loss_in_diffu: 11.988393 | Loss_out_diffu: 13.707744 | Acc: 99.358974 (59520/59904)
(1642957519.6739402, 1642957619.3850968, 99.7111566066742)
Test epoch: 10| Acc: 98.81 (9881/10000) 

Epoch: 11
Train epoch:11 	Loss_in: 0.009228 | Loss_in_diffu: 12.028579 | Loss_out_diffu: 13.769931 | Acc: 99.749599 (59754/59904)
(1642957619.9587371, 1642957719.7228913, 99.76415419578552)
Test epoch: 11| Acc: 99.45 (9945/10000) 

Epoch: 12
Train epoch:12 	Loss_in: 0.006215 | Loss_in_diffu: 12.028694 | Loss_out_diffu: 13.781138 | Acc: 99.846421 (59812/59904)
(1642957720.3073637, 1642957819.927173, 99.6198091506958)
Test epoch: 12| Acc: 99.52 (9952/10000) 

Epoch: 13
Train epoch:13 	Loss_in: 0.005288 | Loss_in_diffu: 12.030740 | Loss_out_diffu: 13.795921 | Acc: 99.871461 (59827/59904)
(1642957820.5140014, 1642957920.2953396, 99.78133821487427)
Test epoch: 13| Acc: 99.52 (9952/10000) 

Epoch: 14
Train epoch:14 	Loss_in: 0.004496 | Loss_in_diffu: 12.032896 | Loss_out_diffu: 13.809940 | Acc: 99.909856 (59850/59904)
(1642957920.88336, 1642958020.5380948, 99.65473484992981)
Test epoch: 14| Acc: 99.49 (9949/10000) 

Epoch: 15
Train epoch:15 	Loss_in: 0.004280 | Loss_in_diffu: 12.035747 | Loss_out_diffu: 13.824707 | Acc: 99.904848 (59847/59904)
(1642958021.1105058, 1642958120.5712376, 99.46073174476624)
Test epoch: 15| Acc: 99.52 (9952/10000) 

Epoch: 16
Train epoch:16 	Loss_in: 0.003410 | Loss_in_diffu: 12.037958 | Loss_out_diffu: 13.841376 | Acc: 99.934896 (59865/59904)
(1642958121.1497247, 1642958221.2400982, 100.09037351608276)
Test epoch: 16| Acc: 99.45 (9945/10000) 

Epoch: 17
Train epoch:17 	Loss_in: 0.003165 | Loss_in_diffu: 12.040623 | Loss_out_diffu: 13.855613 | Acc: 99.923210 (59858/59904)
(1642958221.8272552, 1642958321.7316287, 99.90437340736389)
Test epoch: 17| Acc: 99.46 (9946/10000) 

Epoch: 18
Train epoch:18 	Loss_in: 0.002842 | Loss_in_diffu: 12.043166 | Loss_out_diffu: 13.871023 | Acc: 99.946581 (59872/59904)
(1642958322.3211918, 1642958422.6301794, 100.30898761749268)
Test epoch: 18| Acc: 99.51 (9951/10000) 

Epoch: 19
Train epoch:19 	Loss_in: 0.002697 | Loss_in_diffu: 12.046345 | Loss_out_diffu: 13.880119 | Acc: 99.949920 (59874/59904)
(1642958423.217564, 1642958523.0818229, 99.86425876617432)
Test epoch: 19| Acc: 99.43 (9943/10000) 

Epoch: 20
Train epoch:20 	Loss_in: 0.002054 | Loss_in_diffu: 12.048065 | Loss_out_diffu: 13.894442 | Acc: 99.966613 (59884/59904)
(1642958523.6600769, 1642958623.9150834, 100.25500655174255)
Test epoch: 20| Acc: 99.42 (9942/10000) 

Epoch: 21
Train epoch:21 	Loss_in: 0.001681 | Loss_in_diffu: 12.049388 | Loss_out_diffu: 13.901338 | Acc: 99.974960 (59889/59904)
(1642958624.4898942, 1642958724.0817852, 99.59189105033875)
Test epoch: 21| Acc: 99.53 (9953/10000) 

Epoch: 22
Train epoch:22 	Loss_in: 0.001507 | Loss_in_diffu: 12.049209 | Loss_out_diffu: 13.902628 | Acc: 99.983307 (59894/59904)
(1642958724.6684818, 1642958824.5234838, 99.85500192642212)
Test epoch: 22| Acc: 99.49 (9949/10000) 

Epoch: 23
Train epoch:23 	Loss_in: 0.001474 | Loss_in_diffu: 12.049789 | Loss_out_diffu: 13.904042 | Acc: 99.981637 (59893/59904)
(1642958825.1105013, 1642958924.8275695, 99.71706819534302)
Test epoch: 23| Acc: 99.55 (9955/10000) 

Epoch: 24
Train epoch:24 	Loss_in: 0.001441 | Loss_in_diffu: 12.049513 | Loss_out_diffu: 13.906084 | Acc: 99.984976 (59895/59904)
(1642958925.4011571, 1642959025.2284834, 99.82732629776001)
Test epoch: 24| Acc: 99.49 (9949/10000) 

Epoch: 25
Train epoch:25 	Loss_in: 0.001413 | Loss_in_diffu: 12.049976 | Loss_out_diffu: 13.907736 | Acc: 99.986645 (59896/59904)
(1642959025.8177423, 1642959126.118129, 100.30038666725159)
Test epoch: 25| Acc: 99.49 (9949/10000) 

Epoch: 26
Train epoch:26 	Loss_in: 0.001376 | Loss_in_diffu: 12.049702 | Loss_out_diffu: 13.909281 | Acc: 99.988315 (59897/59904)
(1642959126.7062225, 1642959226.1833367, 99.47711420059204)
Test epoch: 26| Acc: 99.54 (9954/10000) 

Epoch: 27
Train epoch:27 	Loss_in: 0.001358 | Loss_in_diffu: 12.050273 | Loss_out_diffu: 13.910475 | Acc: 99.988315 (59897/59904)
(1642959226.7677934, 1642959326.2488942, 99.4811007976532)
Test epoch: 27| Acc: 99.55 (9955/10000) 

Epoch: 28
Train epoch:28 	Loss_in: 0.001327 | Loss_in_diffu: 12.050263 | Loss_out_diffu: 13.912878 | Acc: 99.988315 (59897/59904)
(1642959326.8228183, 1642959426.6716495, 99.84883117675781)
Test epoch: 28| Acc: 99.53 (9953/10000) 

Epoch: 29
Train epoch:29 	Loss_in: 0.001303 | Loss_in_diffu: 12.050550 | Loss_out_diffu: 13.914323 | Acc: 99.988315 (59897/59904)
(1642959427.270144, 1642959527.156797, 99.88665294647217)
Test epoch: 29| Acc: 99.55 (9955/10000) 

Epoch: 30
Train epoch:30 	Loss_in: 0.001273 | Loss_in_diffu: 12.050725 | Loss_out_diffu: 13.916489 | Acc: 99.988315 (59897/59904)
(1642959527.7449515, 1642959627.9359114, 100.19095993041992)
Test epoch: 30| Acc: 99.53 (9953/10000) 

Epoch: 31
Train epoch:31 	Loss_in: 0.001217 | Loss_in_diffu: 12.050713 | Loss_out_diffu: 13.917054 | Acc: 99.988315 (59897/59904)
(1642959628.5286562, 1642959728.5046132, 99.97595691680908)
Test epoch: 31| Acc: 99.51 (9951/10000) 

Epoch: 32
Train epoch:32 	Loss_in: 0.001209 | Loss_in_diffu: 12.051051 | Loss_out_diffu: 13.917641 | Acc: 99.988315 (59897/59904)
(1642959729.0966265, 1642959828.5121472, 99.41552066802979)
Test epoch: 32| Acc: 99.5 (9950/10000) 

Epoch: 33
Train epoch:33 	Loss_in: 0.001210 | Loss_in_diffu: 12.050921 | Loss_out_diffu: 13.917589 | Acc: 99.988315 (59897/59904)
(1642959829.0868404, 1642959928.4515076, 99.36466717720032)
Test epoch: 33| Acc: 99.53 (9953/10000) 

Epoch: 34
Train epoch:34 	Loss_in: 0.001200 | Loss_in_diffu: 12.050844 | Loss_out_diffu: 13.917843 | Acc: 99.988315 (59897/59904)
(1642959929.023648, 1642960028.8201032, 99.7964551448822)
Test epoch: 34| Acc: 99.51 (9951/10000) 

Epoch: 35
Train epoch:35 	Loss_in: 0.001202 | Loss_in_diffu: 12.051042 | Loss_out_diffu: 13.918030 | Acc: 99.988315 (59897/59904)
(1642960029.41649, 1642960128.8780897, 99.46159958839417)
Test epoch: 35| Acc: 99.53 (9953/10000) 

Epoch: 36
Train epoch:36 	Loss_in: 0.001194 | Loss_in_diffu: 12.050883 | Loss_out_diffu: 13.918137 | Acc: 99.988315 (59897/59904)
(1642960129.464703, 1642960229.0793705, 99.6146674156189)
Test epoch: 36| Acc: 99.53 (9953/10000) 

Epoch: 37
Train epoch:37 	Loss_in: 0.001196 | Loss_in_diffu: 12.050541 | Loss_out_diffu: 13.918143 | Acc: 99.988315 (59897/59904)
(1642960229.6664805, 1642960329.6670172, 100.00053668022156)
Test epoch: 37| Acc: 99.53 (9953/10000) 

Epoch: 38
Train epoch:38 	Loss_in: 0.001191 | Loss_in_diffu: 12.050694 | Loss_out_diffu: 13.918710 | Acc: 99.988315 (59897/59904)
(1642960330.258317, 1642960430.5245533, 100.26623630523682)
Test epoch: 38| Acc: 99.53 (9953/10000) 

Epoch: 39
Train epoch:39 	Loss_in: 0.001186 | Loss_in_diffu: 12.050871 | Loss_out_diffu: 13.918753 | Acc: 99.988315 (59897/59904)
(1642960431.1106274, 1642960530.4942327, 99.38360524177551)
Test epoch: 39| Acc: 99.52 (9952/10000) 
