True
load data:  mnist
Building MNIST data loader with 1 workers
==> Building model..

Epoch: 0
Train epoch:0 	Loss_in: 1.048509 | Loss_in_diffu: 11.420985 | Loss_out_diffu: 0.000000 | Acc: 72.694645 (43547/59904)
(1642935924.9905457, 1642935981.7657728, 56.775227069854736)
Test epoch: 0| Acc: 78.47 (7847/10000) 

Epoch: 1
Train epoch:1 	Loss_in: 0.424916 | Loss_in_diffu: 10.331562 | Loss_out_diffu: 0.000000 | Acc: 87.919004 (52667/59904)
(1642935982.4610276, 1642936038.7258208, 56.264793157577515)
Test epoch: 1| Acc: 93.86 (9386/10000) 

Epoch: 2
Train epoch:2 	Loss_in: 0.149487 | Loss_in_diffu: 9.461547 | Loss_out_diffu: 0.000000 | Acc: 95.729834 (57346/59904)
(1642936039.4125981, 1642936095.6518724, 56.23927426338196)
Test epoch: 2| Acc: 96.6 (9660/10000) 

Epoch: 3
Train epoch:3 	Loss_in: 0.098825 | Loss_in_diffu: 8.834660 | Loss_out_diffu: 0.000000 | Acc: 97.065304 (58146/59904)
(1642936096.228016, 1642936152.3949063, 56.166890382766724)
Test epoch: 3| Acc: 97.66 (9766/10000) 

Epoch: 4
Train epoch:4 	Loss_in: 0.080005 | Loss_in_diffu: 8.268242 | Loss_out_diffu: 0.000000 | Acc: 97.636218 (58488/59904)
(1642936153.0806384, 1642936209.7208755, 56.6402370929718)
Test epoch: 4| Acc: 97.93 (9793/10000) 

Epoch: 5
Train epoch:5 	Loss_in: 0.068765 | Loss_in_diffu: 7.740957 | Loss_out_diffu: 0.000000 | Acc: 97.931691 (58665/59904)
(1642936210.4183824, 1642936266.9864964, 56.568114042282104)
Test epoch: 5| Acc: 98.12 (9812/10000) 

Epoch: 6
Train epoch:6 	Loss_in: 0.057258 | Loss_in_diffu: 7.236358 | Loss_out_diffu: 0.000000 | Acc: 98.320646 (58898/59904)
(1642936267.6845272, 1642936324.1653159, 56.480788707733154)
Test epoch: 6| Acc: 98.99 (9899/10000) 

Epoch: 7
Train epoch:7 	Loss_in: 0.052423 | Loss_in_diffu: 6.754328 | Loss_out_diffu: 0.000000 | Acc: 98.439169 (58969/59904)
(1642936324.8793864, 1642936381.4547555, 56.575369119644165)
Test epoch: 7| Acc: 98.67 (9867/10000) 

Epoch: 8
Train epoch:8 	Loss_in: 0.045459 | Loss_in_diffu: 6.289721 | Loss_out_diffu: 0.000000 | Acc: 98.654514 (59098/59904)
(1642936382.1523166, 1642936438.5065315, 56.354214906692505)
Test epoch: 8| Acc: 97.63 (9763/10000) 

Epoch: 9
Train epoch:9 	Loss_in: 0.041587 | Loss_in_diffu: 5.839034 | Loss_out_diffu: 0.000000 | Acc: 98.803085 (59187/59904)
(1642936439.095662, 1642936495.6730926, 56.57743048667908)
Test epoch: 9| Acc: 98.53 (9853/10000) 

Epoch: 10
Train epoch:10 	Loss_in: 0.038150 | Loss_in_diffu: 5.399118 | Loss_out_diffu: 0.000000 | Acc: 98.844818 (59212/59904)
(1642936496.2570336, 1642936552.8261862, 56.56915259361267)
Test epoch: 10| Acc: 97.75 (9775/10000) 

Epoch: 11
Train epoch:11 	Loss_in: 0.016379 | Loss_in_diffu: 5.147419 | Loss_out_diffu: 0.000000 | Acc: 99.535924 (59626/59904)
(1642936553.5282676, 1642936609.8843107, 56.356043100357056)
Test epoch: 11| Acc: 99.33 (9933/10000) 

Epoch: 12
Train epoch:12 	Loss_in: 0.012949 | Loss_in_diffu: 5.097747 | Loss_out_diffu: 0.000000 | Acc: 99.651108 (59695/59904)
(1642936610.4888725, 1642936666.8528738, 56.36400127410889)
Test epoch: 12| Acc: 99.37 (9937/10000) 

Epoch: 13
Train epoch:13 	Loss_in: 0.011872 | Loss_in_diffu: 5.048607 | Loss_out_diffu: 0.000000 | Acc: 99.671140 (59707/59904)
(1642936667.4255335, 1642936723.7987168, 56.373183250427246)
Test epoch: 13| Acc: 99.35 (9935/10000) 

Epoch: 14
Train epoch:14 	Loss_in: 0.010652 | Loss_in_diffu: 4.998788 | Loss_out_diffu: 0.000000 | Acc: 99.712874 (59732/59904)
(1642936724.3766432, 1642936781.0174036, 56.64076042175293)
Test epoch: 14| Acc: 99.34 (9934/10000) 

Epoch: 15
Train epoch:15 	Loss_in: 0.010084 | Loss_in_diffu: 4.949452 | Loss_out_diffu: 0.000000 | Acc: 99.747930 (59753/59904)
(1642936781.59494, 1642936838.2374215, 56.642481565475464)
Test epoch: 15| Acc: 99.33 (9933/10000) 

Epoch: 16
Train epoch:16 	Loss_in: 0.009369 | Loss_in_diffu: 4.899957 | Loss_out_diffu: 0.000000 | Acc: 99.759615 (59760/59904)
(1642936838.9361646, 1642936895.4646032, 56.528438568115234)
Test epoch: 16| Acc: 99.44 (9944/10000) 

Epoch: 17
Train epoch:17 	Loss_in: 0.009256 | Loss_in_diffu: 4.850269 | Loss_out_diffu: 0.000000 | Acc: 99.737914 (59747/59904)
(1642936896.1540694, 1642936952.6607969, 56.50672745704651)
Test epoch: 17| Acc: 99.28 (9928/10000) 

Epoch: 18
Train epoch:18 	Loss_in: 0.008163 | Loss_in_diffu: 4.801228 | Loss_out_diffu: 0.000000 | Acc: 99.774639 (59769/59904)
(1642936953.2324178, 1642937009.7502909, 56.51787304878235)
Test epoch: 18| Acc: 99.32 (9932/10000) 

Epoch: 19
Train epoch:19 	Loss_in: 0.008474 | Loss_in_diffu: 4.753997 | Loss_out_diffu: 0.000000 | Acc: 99.766293 (59764/59904)
(1642937010.3258767, 1642937066.6914113, 56.36553454399109)
Test epoch: 19| Acc: 99.35 (9935/10000) 

Epoch: 20
Train epoch:20 	Loss_in: 0.007411 | Loss_in_diffu: 4.706174 | Loss_out_diffu: 0.000000 | Acc: 99.806357 (59788/59904)
(1642937067.2765713, 1642937123.515923, 56.239351749420166)
Test epoch: 20| Acc: 99.37 (9937/10000) 

Epoch: 21
Train epoch:21 	Loss_in: 0.005008 | Loss_in_diffu: 4.678481 | Loss_out_diffu: 0.000000 | Acc: 99.878138 (59831/59904)
(1642937124.2149124, 1642937180.776579, 56.56166648864746)
Test epoch: 21| Acc: 99.49 (9949/10000) 

Epoch: 22
Train epoch:22 	Loss_in: 0.004496 | Loss_in_diffu: 4.673162 | Loss_out_diffu: 0.000000 | Acc: 99.898170 (59843/59904)
(1642937181.475248, 1642937238.0699682, 56.594720125198364)
Test epoch: 22| Acc: 99.43 (9943/10000) 

Epoch: 23
Train epoch:23 	Loss_in: 0.004418 | Loss_in_diffu: 4.668185 | Loss_out_diffu: 0.000000 | Acc: 99.904848 (59847/59904)
(1642937238.637554, 1642937294.9828553, 56.345301389694214)
Test epoch: 23| Acc: 99.42 (9942/10000) 

Epoch: 24
Train epoch:24 	Loss_in: 0.004158 | Loss_in_diffu: 4.662949 | Loss_out_diffu: 0.000000 | Acc: 99.906517 (59848/59904)
(1642937295.6725779, 1642937352.040411, 56.36783313751221)
Test epoch: 24| Acc: 99.42 (9942/10000) 

Epoch: 25
Train epoch:25 	Loss_in: 0.004169 | Loss_in_diffu: 4.658266 | Loss_out_diffu: 0.000000 | Acc: 99.908186 (59849/59904)
(1642937352.7373655, 1642937409.1435397, 56.406174182891846)
Test epoch: 25| Acc: 99.41 (9941/10000) 

Epoch: 26
Train epoch:26 	Loss_in: 0.004027 | Loss_in_diffu: 4.652869 | Loss_out_diffu: 0.000000 | Acc: 99.916533 (59854/59904)
(1642937409.8321497, 1642937466.2232425, 56.3910927772522)
Test epoch: 26| Acc: 99.43 (9943/10000) 

Epoch: 27
Train epoch:27 	Loss_in: 0.003989 | Loss_in_diffu: 4.647335 | Loss_out_diffu: 0.000000 | Acc: 99.913194 (59852/59904)
(1642937466.9126995, 1642937523.5456517, 56.63295221328735)
Test epoch: 27| Acc: 99.41 (9941/10000) 

Epoch: 28
Train epoch:28 	Loss_in: 0.003940 | Loss_in_diffu: 4.642450 | Loss_out_diffu: 0.000000 | Acc: 99.918202 (59855/59904)
(1642937524.242386, 1642937580.5651994, 56.322813272476196)
Test epoch: 28| Acc: 99.48 (9948/10000) 

Epoch: 29
Train epoch:29 	Loss_in: 0.003866 | Loss_in_diffu: 4.637016 | Loss_out_diffu: 0.000000 | Acc: 99.913194 (59852/59904)
(1642937581.261197, 1642937637.5671947, 56.30599761009216)
Test epoch: 29| Acc: 99.51 (9951/10000) 

Epoch: 30
Train epoch:30 	Loss_in: 0.003566 | Loss_in_diffu: 4.631986 | Loss_out_diffu: 0.000000 | Acc: 99.931557 (59863/59904)
(1642937638.2515647, 1642937695.0377614, 56.7861967086792)
Test epoch: 30| Acc: 99.39 (9939/10000) 

Epoch: 31
Train epoch:31 	Loss_in: 0.003488 | Loss_in_diffu: 4.628633 | Loss_out_diffu: 0.000000 | Acc: 99.926549 (59860/59904)
(1642937695.6188247, 1642937752.4137554, 56.79493069648743)
Test epoch: 31| Acc: 99.46 (9946/10000) 

Epoch: 32
Train epoch:32 	Loss_in: 0.003421 | Loss_in_diffu: 4.628395 | Loss_out_diffu: 0.000000 | Acc: 99.931557 (59863/59904)
(1642937752.9816375, 1642937809.7742457, 56.7926082611084)
Test epoch: 32| Acc: 99.44 (9944/10000) 

Epoch: 33
Train epoch:33 	Loss_in: 0.003370 | Loss_in_diffu: 4.628104 | Loss_out_diffu: 0.000000 | Acc: 99.941573 (59869/59904)
(1642937810.3412278, 1642937866.949926, 56.60869812965393)
Test epoch: 33| Acc: 99.42 (9942/10000) 

Epoch: 34
Train epoch:34 	Loss_in: 0.003255 | Loss_in_diffu: 4.627498 | Loss_out_diffu: 0.000000 | Acc: 99.938235 (59867/59904)
(1642937867.5222774, 1642937924.1269352, 56.604657888412476)
Test epoch: 34| Acc: 99.42 (9942/10000) 

Epoch: 35
Train epoch:35 	Loss_in: 0.003389 | Loss_in_diffu: 4.626835 | Loss_out_diffu: 0.000000 | Acc: 99.933226 (59864/59904)
(1642937924.8243253, 1642937981.444601, 56.6202757358551)
Test epoch: 35| Acc: 99.41 (9941/10000) 

Epoch: 36
Train epoch:36 	Loss_in: 0.003321 | Loss_in_diffu: 4.626079 | Loss_out_diffu: 0.000000 | Acc: 99.939904 (59868/59904)
(1642937982.1434388, 1642938038.9511712, 56.807732343673706)
Test epoch: 36| Acc: 99.4 (9940/10000) 

Epoch: 37
Train epoch:37 	Loss_in: 0.003183 | Loss_in_diffu: 4.625903 | Loss_out_diffu: 0.000000 | Acc: 99.946581 (59872/59904)
(1642938039.6570992, 1642938096.227561, 56.57046175003052)
Test epoch: 37| Acc: 99.45 (9945/10000) 

Epoch: 38
Train epoch:38 	Loss_in: 0.003323 | Loss_in_diffu: 4.625278 | Loss_out_diffu: 0.000000 | Acc: 99.933226 (59864/59904)
(1642938096.9260707, 1642938153.4613972, 56.53532648086548)
Test epoch: 38| Acc: 99.39 (9939/10000) 

Epoch: 39
Train epoch:39 	Loss_in: 0.003200 | Loss_in_diffu: 4.624745 | Loss_out_diffu: 0.000000 | Acc: 99.941573 (59869/59904)
(1642938154.0252917, 1642938210.5260458, 56.5007541179657)
Test epoch: 39| Acc: 99.39 (9939/10000) 
