True
load data:  svhn
Building SVHN data loader with 1 workers
Using downloaded and verified file: /home/ssy/BDNN/data/svhn/train_32x32.mat
Using downloaded and verified file: /home/ssy/BDNN/data/svhn/test_32x32.mat
load out data:  cifar10
Building CIFAR-10 data loader with 1 workers
Files already downloaded and verified
Files already downloaded and verified
==> Building model..

Epoch: 0
Train epoch:0 	Loss_in: 1.058232 | Loss_in_diffu: 8.574524 | Loss_out_diffu: 8.113191 | Acc: 48.451522 (24187/49920)
(1643139572.0330706, 1643139657.8198302, 85.78675961494446)
Test epoch: 0| Acc: 72.66779556650246 (18882/25984) 

Epoch: 1
Train epoch:1 	Loss_in: 0.553623 | Loss_in_diffu: 8.318294 | Loss_out_diffu: 8.403361 | Acc: 75.671074 (37775/49920)
(1643139660.868671, 1643139745.8976817, 85.02901077270508)
Test epoch: 1| Acc: 79.86068349753694 (20751/25984) 

Epoch: 2
Train epoch:2 	Loss_in: 0.425803 | Loss_in_diffu: 8.455365 | Loss_out_diffu: 8.663310 | Acc: 81.907051 (40888/49920)
(1643139748.9033828, 1643139833.9204311, 85.01704835891724)
Test epoch: 2| Acc: 82.44689039408867 (21423/25984) 

Epoch: 3
Train epoch:3 	Loss_in: 0.363393 | Loss_in_diffu: 8.646960 | Loss_out_diffu: 8.912055 | Acc: 84.409054 (42137/49920)
(1643139836.9690268, 1643139921.910499, 84.94147229194641)
Test epoch: 3| Acc: 84.44427339901478 (21942/25984) 

Epoch: 4
Train epoch:4 	Loss_in: 0.334202 | Loss_in_diffu: 8.850977 | Loss_out_diffu: 9.139118 | Acc: 85.637019 (42750/49920)
(1643139924.9275732, 1643140010.072695, 85.14512181282043)
Test epoch: 4| Acc: 84.2826354679803 (21900/25984) 

Epoch: 5
Train epoch:5 	Loss_in: 0.310120 | Loss_in_diffu: 9.057720 | Loss_out_diffu: 9.362812 | Acc: 86.650641 (43256/49920)
(1643140013.1062436, 1643140098.008404, 84.90216040611267)
Test epoch: 5| Acc: 86.19150246305419 (22396/25984) 

Epoch: 6
Train epoch:6 	Loss_in: 0.292172 | Loss_in_diffu: 9.256799 | Loss_out_diffu: 9.580111 | Acc: 87.544071 (43702/49920)
(1643140101.0203738, 1643140186.1799824, 85.1596086025238)
Test epoch: 6| Acc: 89.12792487684729 (23159/25984) 

Epoch: 7
Train epoch:7 	Loss_in: 0.277172 | Loss_in_diffu: 9.457850 | Loss_out_diffu: 9.789458 | Acc: 88.038862 (43949/49920)
(1643140189.2010279, 1643140274.269955, 85.06892704963684)
Test epoch: 7| Acc: 89.22413793103448 (23184/25984) 

Epoch: 8
Train epoch:8 	Loss_in: 0.263794 | Loss_in_diffu: 9.662705 | Loss_out_diffu: 10.006652 | Acc: 88.661859 (44260/49920)
(1643140277.314698, 1643140362.314612, 84.99991393089294)
Test epoch: 8| Acc: 89.57820197044335 (23276/25984) 

Epoch: 9
Train epoch:9 	Loss_in: 0.255376 | Loss_in_diffu: 9.875199 | Loss_out_diffu: 10.222248 | Acc: 89.024439 (44441/49920)
(1643140365.3562803, 1643140450.5464478, 85.19016742706299)
Test epoch: 9| Acc: 89.54356527093596 (23267/25984) 

Epoch: 10
Train epoch:10 	Loss_in: 0.248174 | Loss_in_diffu: 10.102113 | Loss_out_diffu: 10.452358 | Acc: 89.481170 (44669/49920)
(1643140453.58082, 1643140538.602909, 85.0220890045166)
Test epoch: 10| Acc: 89.99384236453201 (23384/25984) 

Epoch: 11
Train epoch:11 	Loss_in: 0.239517 | Loss_in_diffu: 10.325735 | Loss_out_diffu: 10.675314 | Acc: 89.969952 (44913/49920)
(1643140541.6373017, 1643140626.9744549, 85.33715319633484)
Test epoch: 11| Acc: 90.10929802955665 (23414/25984) 

Epoch: 12
Train epoch:12 	Loss_in: 0.229173 | Loss_in_diffu: 10.544147 | Loss_out_diffu: 10.901857 | Acc: 90.092147 (44974/49920)
(1643140630.0302534, 1643140714.7356365, 84.70538306236267)
Test epoch: 12| Acc: 90.64424261083744 (23553/25984) 

Epoch: 13
Train epoch:13 	Loss_in: 0.223390 | Loss_in_diffu: 10.758776 | Loss_out_diffu: 11.116378 | Acc: 90.446715 (45151/49920)
(1643140717.7424212, 1643140802.9440038, 85.20158267021179)
Test epoch: 13| Acc: 90.65193965517241 (23555/25984) 

Epoch: 14
Train epoch:14 	Loss_in: 0.218113 | Loss_in_diffu: 10.967460 | Loss_out_diffu: 11.320111 | Acc: 90.729167 (45292/49920)
(1643140805.9888446, 1643140890.6845639, 84.69571924209595)
Test epoch: 14| Acc: 90.28633004926108 (23460/25984) 

Epoch: 15
Train epoch:15 	Loss_in: 0.215296 | Loss_in_diffu: 11.169024 | Loss_out_diffu: 11.523802 | Acc: 90.823317 (45339/49920)
(1643140893.701369, 1643140978.5821712, 84.88080215454102)
Test epoch: 15| Acc: 91.44088669950739 (23760/25984) 

Epoch: 16
Train epoch:16 	Loss_in: 0.214057 | Loss_in_diffu: 11.370622 | Loss_out_diffu: 11.724688 | Acc: 90.831330 (45343/49920)
(1643140981.5926888, 1643141066.261203, 84.66851425170898)
Test epoch: 16| Acc: 91.30233990147784 (23724/25984) 

Epoch: 17
Train epoch:17 	Loss_in: 0.205566 | Loss_in_diffu: 11.558127 | Loss_out_diffu: 11.914437 | Acc: 91.280048 (45567/49920)
(1643141069.2886062, 1643141154.3195677, 85.03096151351929)
Test epoch: 17| Acc: 90.60960591133005 (23544/25984) 

Epoch: 18
Train epoch:18 	Loss_in: 0.204978 | Loss_in_diffu: 11.743271 | Loss_out_diffu: 12.099309 | Acc: 91.280048 (45567/49920)
(1643141157.341015, 1643141242.3460474, 85.0050323009491)
Test epoch: 18| Acc: 92.04510467980296 (23917/25984) 

Epoch: 19
Train epoch:19 	Loss_in: 0.198675 | Loss_in_diffu: 11.924509 | Loss_out_diffu: 12.284187 | Acc: 91.614583 (45734/49920)
(1643141245.38698, 1643141329.7835238, 84.3965437412262)
Test epoch: 19| Acc: 91.76801108374384 (23845/25984) 

Epoch: 20
Train epoch:20 	Loss_in: 0.205857 | Loss_in_diffu: 12.106688 | Loss_out_diffu: 12.461964 | Acc: 91.195913 (45525/49920)
(1643141332.7983859, 1643141417.9179752, 85.11958932876587)
Test epoch: 20| Acc: 91.56403940886699 (23792/25984) 

Epoch: 21
Train epoch:21 	Loss_in: 0.162793 | Loss_in_diffu: 12.171518 | Loss_out_diffu: 12.562844 | Acc: 93.269231 (46560/49920)
(1643141420.9594283, 1643141505.6973314, 84.73790311813354)
Test epoch: 21| Acc: 92.79171798029557 (24111/25984) 

Epoch: 22
Train epoch:22 	Loss_in: 0.167730 | Loss_in_diffu: 12.179270 | Loss_out_diffu: 12.598271 | Acc: 93.076923 (46464/49920)
(1643141508.7023842, 1643141593.5338938, 84.83150959014893)
Test epoch: 22| Acc: 92.01431650246306 (23909/25984) 

Epoch: 23
Train epoch:23 	Loss_in: 0.184756 | Loss_in_diffu: 12.190912 | Loss_out_diffu: 12.639822 | Acc: 92.239583 (46046/49920)
(1643141596.536205, 1643141681.3480742, 84.8118691444397)
Test epoch: 23| Acc: 91.63331280788178 (23810/25984) 

Epoch: 24
Train epoch:24 	Loss_in: 0.192375 | Loss_in_diffu: 12.201333 | Loss_out_diffu: 12.622689 | Acc: 91.949119 (45901/49920)
(1643141684.3885398, 1643141768.9872835, 84.59874367713928)
Test epoch: 24| Acc: 91.2523091133005 (23711/25984) 

Epoch: 25
Train epoch:25 	Loss_in: 0.199438 | Loss_in_diffu: 12.214181 | Loss_out_diffu: 12.609475 | Acc: 91.564503 (45709/49920)
(1643141772.003757, 1643141856.797602, 84.7938449382782)
Test epoch: 25| Acc: 91.1253078817734 (23678/25984) 

Epoch: 26
Train epoch:26 	Loss_in: 0.208507 | Loss_in_diffu: 12.228538 | Loss_out_diffu: 12.617007 | Acc: 91.147837 (45501/49920)
(1643141859.8306646, 1643141944.4022305, 84.57156586647034)
Test epoch: 26| Acc: 90.29787561576354 (23463/25984) 

Epoch: 27
Train epoch:27 	Loss_in: 0.207576 | Loss_in_diffu: 12.237574 | Loss_out_diffu: 12.630632 | Acc: 91.105769 (45480/49920)
(1643141947.4134007, 1643142032.4571266, 85.04372596740723)
Test epoch: 27| Acc: 90.80588054187191 (23595/25984) 

Epoch: 28
Train epoch:28 	Loss_in: 0.206402 | Loss_in_diffu: 12.251588 | Loss_out_diffu: 12.625365 | Acc: 91.247997 (45551/49920)
(1643142035.5013454, 1643142119.9698505, 84.46850514411926)
Test epoch: 28| Acc: 90.62884852216749 (23549/25984) 

Epoch: 29
Train epoch:29 	Loss_in: 0.206320 | Loss_in_diffu: 12.266385 | Loss_out_diffu: 12.613702 | Acc: 91.211939 (45533/49920)
(1643142122.9983184, 1643142207.697478, 84.69915962219238)
Test epoch: 29| Acc: 90.23629926108374 (23447/25984) 

Epoch: 30
Train epoch:30 	Loss_in: 0.215842 | Loss_in_diffu: 12.295027 | Loss_out_diffu: 12.595105 | Acc: 90.827324 (45341/49920)
(1643142210.713716, 1643142295.4271152, 84.71339917182922)
Test epoch: 30| Acc: 90.23245073891626 (23446/25984) 

Epoch: 31
Train epoch:31 	Loss_in: 0.213246 | Loss_in_diffu: 12.314482 | Loss_out_diffu: 12.611937 | Acc: 90.939503 (45397/49920)
(1643142298.428084, 1643142383.1581597, 84.73007583618164)
Test epoch: 31| Acc: 90.6557881773399 (23556/25984) 

Epoch: 32
Train epoch:32 	Loss_in: 0.215353 | Loss_in_diffu: 12.339469 | Loss_out_diffu: 12.637267 | Acc: 90.771234 (45313/49920)
(1643142386.1622314, 1643142470.6585019, 84.49627041816711)
Test epoch: 32| Acc: 90.2209051724138 (23443/25984) 

Epoch: 33
Train epoch:33 	Loss_in: 0.217731 | Loss_in_diffu: 12.368154 | Loss_out_diffu: 12.662857 | Acc: 90.749199 (45302/49920)
(1643142473.6833947, 1643142558.2547417, 84.57134699821472)
Test epoch: 33| Acc: 89.70905172413794 (23310/25984) 

Epoch: 34
Train epoch:34 	Loss_in: 0.217841 | Loss_in_diffu: 12.398074 | Loss_out_diffu: 12.681488 | Acc: 90.771234 (45313/49920)
(1643142561.2658596, 1643142646.3774996, 85.11163997650146)
Test epoch: 34| Acc: 90.40178571428571 (23490/25984) 

Epoch: 35
Train epoch:35 	Loss_in: 0.213405 | Loss_in_diffu: 12.424518 | Loss_out_diffu: 12.706691 | Acc: 90.889423 (45372/49920)
(1643142649.4275794, 1643142734.0212834, 84.59370398521423)
Test epoch: 35| Acc: 90.23245073891626 (23446/25984) 

Epoch: 36
Train epoch:36 	Loss_in: 0.215229 | Loss_in_diffu: 12.457385 | Loss_out_diffu: 12.732106 | Acc: 90.895433 (45375/49920)
(1643142737.0297208, 1643142821.3988104, 84.36908960342407)
Test epoch: 36| Acc: 91.0637315270936 (23662/25984) 

Epoch: 37
Train epoch:37 	Loss_in: 0.203156 | Loss_in_diffu: 12.476271 | Loss_out_diffu: 12.760245 | Acc: 91.374199 (45614/49920)
(1643142824.4243565, 1643142908.7601497, 84.33579325675964)
Test epoch: 37| Acc: 90.8443657635468 (23605/25984) 

Epoch: 38
Train epoch:38 	Loss_in: 0.204167 | Loss_in_diffu: 12.508251 | Loss_out_diffu: 12.788172 | Acc: 91.396234 (45625/49920)
(1643142911.76213, 1643142996.1781125, 84.4159824848175)
Test epoch: 38| Acc: 91.13300492610837 (23680/25984) 

Epoch: 39
Train epoch:39 	Loss_in: 0.202286 | Loss_in_diffu: 12.537106 | Loss_out_diffu: 12.815921 | Acc: 91.438301 (45646/49920)
(1643142999.218559, 1643143084.144625, 84.92606592178345)
Test epoch: 39| Acc: 90.60575738916256 (23543/25984) 

Epoch: 40
Train epoch:40 	Loss_in: 0.199498 | Loss_in_diffu: 12.565306 | Loss_out_diffu: 12.844608 | Acc: 91.642628 (45748/49920)
(1643143087.15062, 1643143171.8722494, 84.72162938117981)
Test epoch: 40| Acc: 90.99445812807882 (23644/25984) 

Epoch: 41
Train epoch:41 	Loss_in: 0.187394 | Loss_in_diffu: 12.572351 | Loss_out_diffu: 12.861294 | Acc: 92.121394 (45987/49920)
(1643143174.888568, 1643143259.4283617, 84.5397937297821)
Test epoch: 41| Acc: 91.52170566502463 (23781/25984) 

Epoch: 42
Train epoch:42 	Loss_in: 0.188873 | Loss_in_diffu: 12.576538 | Loss_out_diffu: 12.863904 | Acc: 92.077324 (45965/49920)
(1643143262.460321, 1643143347.288519, 84.8281979560852)
Test epoch: 42| Acc: 91.4986145320197 (23775/25984) 

Epoch: 43
Train epoch:43 	Loss_in: 0.185589 | Loss_in_diffu: 12.576505 | Loss_out_diffu: 12.866427 | Acc: 92.099359 (45976/49920)
(1643143350.3312206, 1643143434.934692, 84.60347127914429)
Test epoch: 43| Acc: 91.53325123152709 (23784/25984) 

Epoch: 44
Train epoch:44 	Loss_in: 0.185702 | Loss_in_diffu: 12.579408 | Loss_out_diffu: 12.869407 | Acc: 92.081330 (45967/49920)
(1643143437.9862502, 1643143522.5619125, 84.57566237449646)
Test epoch: 44| Acc: 91.5294027093596 (23783/25984) 

Epoch: 45
Train epoch:45 	Loss_in: 0.185184 | Loss_in_diffu: 12.581853 | Loss_out_diffu: 12.871767 | Acc: 92.153446 (46003/49920)
(1643143525.6123815, 1643143610.013209, 84.4008276462555)
Test epoch: 45| Acc: 91.57558497536945 (23795/25984) 

Epoch: 46
Train epoch:46 	Loss_in: 0.183901 | Loss_in_diffu: 12.583717 | Loss_out_diffu: 12.874079 | Acc: 92.273638 (46063/49920)
(1643143613.037846, 1643143697.5076585, 84.46981239318848)
Test epoch: 46| Acc: 91.57943349753694 (23796/25984) 

Epoch: 47
Train epoch:47 	Loss_in: 0.184517 | Loss_in_diffu: 12.587405 | Loss_out_diffu: 12.876891 | Acc: 92.197516 (46025/49920)
(1643143700.5156777, 1643143784.9710934, 84.45541572570801)
Test epoch: 47| Acc: 91.47937192118226 (23770/25984) 

Epoch: 48
Train epoch:48 	Loss_in: 0.186161 | Loss_in_diffu: 12.591797 | Loss_out_diffu: 12.881206 | Acc: 92.243590 (46048/49920)
(1643143788.0199966, 1643143873.1691816, 85.14918494224548)
Test epoch: 48| Acc: 91.61022167487685 (23804/25984) 

Epoch: 49
Train epoch:49 	Loss_in: 0.184633 | Loss_in_diffu: 12.593625 | Loss_out_diffu: 12.882600 | Acc: 92.215545 (46034/49920)
(1643143876.2126257, 1643143960.7782362, 84.56561040878296)
Test epoch: 49| Acc: 91.4370381773399 (23759/25984) 

Epoch: 50
Train epoch:50 	Loss_in: 0.184748 | Loss_in_diffu: 12.596748 | Loss_out_diffu: 12.885745 | Acc: 92.225561 (46039/49920)
(1643143963.8188722, 1643144048.5280905, 84.7092182636261)
Test epoch: 50| Acc: 91.47937192118226 (23770/25984) 

Epoch: 51
Train epoch:51 	Loss_in: 0.186075 | Loss_in_diffu: 12.600976 | Loss_out_diffu: 12.888934 | Acc: 92.161458 (46007/49920)
(1643144051.5768504, 1643144136.4014308, 84.8245804309845)
Test epoch: 51| Acc: 91.41009852216749 (23752/25984) 

Epoch: 52
Train epoch:52 	Loss_in: 0.184163 | Loss_in_diffu: 12.602267 | Loss_out_diffu: 12.890784 | Acc: 92.239583 (46046/49920)
(1643144139.4164128, 1643144223.847001, 84.43058824539185)
Test epoch: 52| Acc: 91.54094827586206 (23786/25984) 

Epoch: 53
Train epoch:53 	Loss_in: 0.185856 | Loss_in_diffu: 12.606773 | Loss_out_diffu: 12.893397 | Acc: 92.167468 (46010/49920)
(1643144226.8621142, 1643144311.335717, 84.47360277175903)
Test epoch: 53| Acc: 91.54864532019704 (23788/25984) 

Epoch: 54
Train epoch:54 	Loss_in: 0.182639 | Loss_in_diffu: 12.606696 | Loss_out_diffu: 12.897374 | Acc: 92.191506 (46022/49920)
(1643144314.3468792, 1643144399.2429316, 84.89605236053467)
Test epoch: 54| Acc: 91.43318965517241 (23758/25984) 

Epoch: 55
Train epoch:55 	Loss_in: 0.180680 | Loss_in_diffu: 12.607706 | Loss_out_diffu: 12.899913 | Acc: 92.305689 (46079/49920)
(1643144402.299144, 1643144486.8357742, 84.536630153656)
Test epoch: 55| Acc: 91.49091748768473 (23773/25984) 

Epoch: 56
Train epoch:56 	Loss_in: 0.184620 | Loss_in_diffu: 12.614669 | Loss_out_diffu: 12.903653 | Acc: 92.197516 (46025/49920)
(1643144489.862902, 1643144574.435917, 84.57301497459412)
Test epoch: 56| Acc: 91.53325123152709 (23784/25984) 

Epoch: 57
Train epoch:57 	Loss_in: 0.182047 | Loss_in_diffu: 12.615095 | Loss_out_diffu: 12.906072 | Acc: 92.351763 (46102/49920)
(1643144577.4321113, 1643144662.4573183, 85.02520704269409)
Test epoch: 57| Acc: 91.5601908866995 (23791/25984) 

Epoch: 58
Train epoch:58 	Loss_in: 0.182718 | Loss_in_diffu: 12.619203 | Loss_out_diffu: 12.908722 | Acc: 92.223558 (46038/49920)
(1643144665.4932373, 1643144750.4628727, 84.96963548660278)
Test epoch: 58| Acc: 91.44473522167488 (23761/25984) 

Epoch: 59
Train epoch:59 	Loss_in: 0.181067 | Loss_in_diffu: 12.621087 | Loss_out_diffu: 12.911942 | Acc: 92.291667 (46072/49920)
(1643144753.5047333, 1643144838.2868626, 84.78212928771973)
Test epoch: 59| Acc: 91.44858374384236 (23762/25984) 
