True
load data:  mnist
Building MNIST data loader with 1 workers
==> Building model..

Epoch: 0
Train epoch:0 	Loss_in: 0.500409 | Loss_in_diffu: 5.988700 | Loss_out_diffu: 6.465243 | Acc: 88.960670 (53291/59904)
(1642924158.5531545, 1642924235.0056665, 76.45251202583313)
Test epoch: 0| Acc: 96.93 (9693/10000) 

Epoch: 1
Train epoch:1 	Loss_in: 0.083998 | Loss_in_diffu: 5.635124 | Loss_out_diffu: 6.705892 | Acc: 97.806490 (58590/59904)
(1642924235.506237, 1642924309.274053, 73.76781606674194)
Test epoch: 1| Acc: 97.03 (9703/10000) 

Epoch: 2
Train epoch:2 	Loss_in: 0.053336 | Loss_in_diffu: 5.649707 | Loss_out_diffu: 6.831119 | Acc: 98.520967 (59018/59904)
(1642924309.7648144, 1642924384.0693316, 74.30451726913452)
Test epoch: 2| Acc: 99.08 (9908/10000) 

Epoch: 3
Train epoch:3 	Loss_in: 0.043102 | Loss_in_diffu: 5.681443 | Loss_out_diffu: 6.921662 | Acc: 98.781384 (59174/59904)
(1642924384.561376, 1642924458.9774735, 74.41609740257263)
Test epoch: 3| Acc: 98.94 (9894/10000) 

Epoch: 4
Train epoch:4 	Loss_in: 0.038784 | Loss_in_diffu: 5.731675 | Loss_out_diffu: 7.031974 | Acc: 98.864850 (59224/59904)
(1642924459.5902143, 1642924533.5655584, 73.97534418106079)
Test epoch: 4| Acc: 99.03 (9903/10000) 

Epoch: 5
Train epoch:5 	Loss_in: 0.033770 | Loss_in_diffu: 5.784373 | Loss_out_diffu: 7.111212 | Acc: 99.065171 (59344/59904)
(1642924534.0874789, 1642924608.1032596, 74.01578068733215)
Test epoch: 5| Acc: 99.28 (9928/10000) 

Epoch: 6
Train epoch:6 	Loss_in: 0.029239 | Loss_in_diffu: 5.828917 | Loss_out_diffu: 7.162506 | Acc: 99.146968 (59393/59904)
(1642924608.5834324, 1642924682.3818915, 73.79845905303955)
Test epoch: 6| Acc: 99.05 (9905/10000) 

Epoch: 7
Train epoch:7 	Loss_in: 0.025042 | Loss_in_diffu: 5.864062 | Loss_out_diffu: 7.215363 | Acc: 99.288862 (59478/59904)
(1642924682.9789896, 1642924757.2159414, 74.23695182800293)
Test epoch: 7| Acc: 98.68 (9868/10000) 

Epoch: 8
Train epoch:8 	Loss_in: 0.022852 | Loss_in_diffu: 5.902160 | Loss_out_diffu: 7.281057 | Acc: 99.338942 (59508/59904)
(1642924757.6925023, 1642924831.984839, 74.2923367023468)
Test epoch: 8| Acc: 98.79 (9879/10000) 

Epoch: 9
Train epoch:9 	Loss_in: 0.021426 | Loss_in_diffu: 5.940189 | Loss_out_diffu: 7.349374 | Acc: 99.368990 (59526/59904)
(1642924832.465841, 1642924906.761872, 74.29603099822998)
Test epoch: 9| Acc: 99.32 (9932/10000) 

Epoch: 10
Train epoch:10 	Loss_in: 0.016606 | Loss_in_diffu: 5.969063 | Loss_out_diffu: 7.405911 | Acc: 99.505876 (59608/59904)
(1642924907.2407727, 1642924981.0720713, 73.83129858970642)
Test epoch: 10| Acc: 99.41 (9941/10000) 

Epoch: 11
Train epoch:11 	Loss_in: 0.005860 | Loss_in_diffu: 5.979900 | Loss_out_diffu: 7.461586 | Acc: 99.834736 (59805/59904)
(1642924981.6751873, 1642925055.3871918, 73.71200442314148)
Test epoch: 11| Acc: 99.52 (9952/10000) 

Epoch: 12
Train epoch:12 	Loss_in: 0.004018 | Loss_in_diffu: 5.977494 | Loss_out_diffu: 7.478583 | Acc: 99.911525 (59851/59904)
(1642925055.8858535, 1642925130.3235345, 74.43768095970154)
Test epoch: 12| Acc: 99.56 (9956/10000) 

Epoch: 13
Train epoch:13 	Loss_in: 0.003185 | Loss_in_diffu: 5.976178 | Loss_out_diffu: 7.486926 | Acc: 99.931557 (59863/59904)
(1642925130.9467287, 1642925204.960176, 74.01344728469849)
Test epoch: 13| Acc: 99.5 (9950/10000) 

Epoch: 14
Train epoch:14 	Loss_in: 0.002670 | Loss_in_diffu: 5.974728 | Loss_out_diffu: 7.499487 | Acc: 99.951589 (59875/59904)
(1642925205.4635713, 1642925280.2111404, 74.74756908416748)
Test epoch: 14| Acc: 99.56 (9956/10000) 

Epoch: 15
Train epoch:15 	Loss_in: 0.002325 | Loss_in_diffu: 5.973544 | Loss_out_diffu: 7.509891 | Acc: 99.956597 (59878/59904)
(1642925280.8272114, 1642925354.805255, 73.97804355621338)
Test epoch: 15| Acc: 99.56 (9956/10000) 

Epoch: 16
Train epoch:16 	Loss_in: 0.001948 | Loss_in_diffu: 5.972685 | Loss_out_diffu: 7.516119 | Acc: 99.969952 (59886/59904)
(1642925355.4167821, 1642925429.4217103, 74.00492811203003)
Test epoch: 16| Acc: 99.54 (9954/10000) 

Epoch: 17
Train epoch:17 	Loss_in: 0.001854 | Loss_in_diffu: 5.972008 | Loss_out_diffu: 7.525886 | Acc: 99.959936 (59880/59904)
(1642925430.0349836, 1642925504.3279986, 74.29301500320435)
Test epoch: 17| Acc: 99.53 (9953/10000) 

Epoch: 18
Train epoch:18 	Loss_in: 0.001901 | Loss_in_diffu: 5.971449 | Loss_out_diffu: 7.536478 | Acc: 99.954928 (59877/59904)
(1642925504.9401526, 1642925579.1730652, 74.23291254043579)
Test epoch: 18| Acc: 99.43 (9943/10000) 

Epoch: 19
Train epoch:19 	Loss_in: 0.001408 | Loss_in_diffu: 5.970564 | Loss_out_diffu: 7.544819 | Acc: 99.974960 (59889/59904)
(1642925579.7865217, 1642925654.0323696, 74.24584794044495)
Test epoch: 19| Acc: 99.49 (9949/10000) 

Epoch: 20
Train epoch:20 	Loss_in: 0.002162 | Loss_in_diffu: 5.970452 | Loss_out_diffu: 7.548536 | Acc: 99.943243 (59870/59904)
(1642925654.6476762, 1642925728.8976502, 74.24997401237488)
Test epoch: 20| Acc: 99.42 (9942/10000) 

Epoch: 21
Train epoch:21 	Loss_in: 0.000952 | Loss_in_diffu: 5.969874 | Loss_out_diffu: 7.552486 | Acc: 99.986645 (59896/59904)
(1642925729.3799992, 1642925803.378466, 73.9984667301178)
Test epoch: 21| Acc: 99.51 (9951/10000) 

Epoch: 22
Train epoch:22 	Loss_in: 0.000774 | Loss_in_diffu: 5.969680 | Loss_out_diffu: 7.555100 | Acc: 99.993323 (59900/59904)
(1642925803.9801452, 1642925878.0407119, 74.06056666374207)
Test epoch: 22| Acc: 99.55 (9955/10000) 

Epoch: 23
Train epoch:23 	Loss_in: 0.000716 | Loss_in_diffu: 5.969392 | Loss_out_diffu: 7.555719 | Acc: 99.996661 (59902/59904)
(1642925878.6518652, 1642925952.7563207, 74.10445547103882)
Test epoch: 23| Acc: 99.53 (9953/10000) 

Epoch: 24
Train epoch:24 	Loss_in: 0.000681 | Loss_in_diffu: 5.969334 | Loss_out_diffu: 7.557917 | Acc: 99.996661 (59902/59904)
(1642925953.369445, 1642926027.7886252, 74.41918015480042)
Test epoch: 24| Acc: 99.51 (9951/10000) 

Epoch: 25
Train epoch:25 	Loss_in: 0.000652 | Loss_in_diffu: 5.969311 | Loss_out_diffu: 7.560082 | Acc: 99.996661 (59902/59904)
(1642926028.2788265, 1642926102.8233721, 74.54454565048218)
Test epoch: 25| Acc: 99.52 (9952/10000) 

Epoch: 26
Train epoch:26 	Loss_in: 0.000625 | Loss_in_diffu: 5.968993 | Loss_out_diffu: 7.562057 | Acc: 99.996661 (59902/59904)
(1642926103.311734, 1642926177.1211963, 73.80946230888367)
Test epoch: 26| Acc: 99.51 (9951/10000) 

Epoch: 27
Train epoch:27 	Loss_in: 0.000605 | Loss_in_diffu: 5.969181 | Loss_out_diffu: 7.564220 | Acc: 99.996661 (59902/59904)
(1642926177.6222847, 1642926251.4569175, 73.83463287353516)
Test epoch: 27| Acc: 99.51 (9951/10000) 

Epoch: 28
Train epoch:28 	Loss_in: 0.000578 | Loss_in_diffu: 5.968803 | Loss_out_diffu: 7.567855 | Acc: 99.996661 (59902/59904)
(1642926252.0576508, 1642926325.8848836, 73.827232837677)
Test epoch: 28| Acc: 99.51 (9951/10000) 

Epoch: 29
Train epoch:29 	Loss_in: 0.000558 | Loss_in_diffu: 5.968668 | Loss_out_diffu: 7.571527 | Acc: 99.996661 (59902/59904)
(1642926326.488572, 1642926400.407927, 73.91935515403748)
Test epoch: 29| Acc: 99.52 (9952/10000) 

Epoch: 30
Train epoch:30 	Loss_in: 0.000538 | Loss_in_diffu: 5.968798 | Loss_out_diffu: 7.574814 | Acc: 99.996661 (59902/59904)
(1642926401.020721, 1642926474.9298291, 73.90910816192627)
Test epoch: 30| Acc: 99.54 (9954/10000) 

Epoch: 31
Train epoch:31 	Loss_in: 0.000515 | Loss_in_diffu: 5.968522 | Loss_out_diffu: 7.576636 | Acc: 99.996661 (59902/59904)
(1642926475.5346155, 1642926550.1695063, 74.63489079475403)
Test epoch: 31| Acc: 99.53 (9953/10000) 

Epoch: 32
Train epoch:32 	Loss_in: 0.000513 | Loss_in_diffu: 5.968628 | Loss_out_diffu: 7.577318 | Acc: 99.996661 (59902/59904)
(1642926550.7689888, 1642926624.8773036, 74.10831475257874)
Test epoch: 32| Acc: 99.52 (9952/10000) 

Epoch: 33
Train epoch:33 	Loss_in: 0.000511 | Loss_in_diffu: 5.968387 | Loss_out_diffu: 7.577650 | Acc: 99.996661 (59902/59904)
(1642926625.4899647, 1642926699.7419305, 74.25196576118469)
Test epoch: 33| Acc: 99.52 (9952/10000) 

Epoch: 34
Train epoch:34 	Loss_in: 0.000508 | Loss_in_diffu: 5.968610 | Loss_out_diffu: 7.578289 | Acc: 99.996661 (59902/59904)
(1642926700.3501656, 1642926774.4718184, 74.121652841568)
Test epoch: 34| Acc: 99.52 (9952/10000) 

Epoch: 35
Train epoch:35 	Loss_in: 0.000505 | Loss_in_diffu: 5.968417 | Loss_out_diffu: 7.578987 | Acc: 99.996661 (59902/59904)
(1642926775.0857155, 1642926849.1704624, 74.08474683761597)
Test epoch: 35| Acc: 99.52 (9952/10000) 

Epoch: 36
Train epoch:36 	Loss_in: 0.000502 | Loss_in_diffu: 5.968629 | Loss_out_diffu: 7.579567 | Acc: 99.996661 (59902/59904)
(1642926849.7839682, 1642926923.6268122, 73.84284400939941)
Test epoch: 36| Acc: 99.53 (9953/10000) 

Epoch: 37
Train epoch:37 	Loss_in: 0.000498 | Loss_in_diffu: 5.968570 | Loss_out_diffu: 7.579968 | Acc: 99.996661 (59902/59904)
(1642926924.2402222, 1642926998.6735263, 74.43330407142639)
Test epoch: 37| Acc: 99.52 (9952/10000) 

Epoch: 38
Train epoch:38 	Loss_in: 0.000496 | Loss_in_diffu: 5.968584 | Loss_out_diffu: 7.581036 | Acc: 99.996661 (59902/59904)
(1642926999.2864506, 1642927073.0254977, 73.73904705047607)
Test epoch: 38| Acc: 99.53 (9953/10000) 

Epoch: 39
Train epoch:39 	Loss_in: 0.000492 | Loss_in_diffu: 5.968426 | Loss_out_diffu: 7.581953 | Acc: 99.996661 (59902/59904)
(1642927073.5188103, 1642927147.8077714, 74.28896117210388)
Test epoch: 39| Acc: 99.53 (9953/10000) 
