True
load data:  svhn
Building SVHN data loader with 1 workers
Using downloaded and verified file: /home/ssy/BDNN/data/svhn/train_32x32.mat
Using downloaded and verified file: /home/ssy/BDNN/data/svhn/test_32x32.mat
==> Building model..

Epoch: 0
Train epoch:0 	Loss_in: 1.280207 | Loss_in_diffu: 12.363647 | Loss_out_diffu: 12.118907 | Acc: 58.164882 (42586/73216)
(1643243280.542986, 1643243405.7018898, 125.15890383720398)
Test epoch: 0| Acc: 81.60791256157636 (21205/25984) 

Epoch: 1
Train epoch:1 	Loss_in: 0.644447 | Loss_in_diffu: 12.113550 | Loss_out_diffu: 12.703618 | Acc: 81.000055 (59305/73216)
(1643243408.7318356, 1643243532.8029695, 124.071133852005)
Test epoch: 1| Acc: 86.9034790640394 (22581/25984) 

Epoch: 2
Train epoch:2 	Loss_in: 0.439063 | Loss_in_diffu: 12.110011 | Loss_out_diffu: 13.035019 | Acc: 87.030157 (63720/73216)
(1643243535.845338, 1643243660.1552699, 124.30993175506592)
Test epoch: 2| Acc: 87.45381773399015 (22724/25984) 

Epoch: 3
Train epoch:3 	Loss_in: 0.362135 | Loss_in_diffu: 12.185012 | Loss_out_diffu: 13.226242 | Acc: 89.244154 (65341/73216)
(1643243663.1957798, 1643243787.3977427, 124.20196294784546)
Test epoch: 3| Acc: 90.94827586206897 (23632/25984) 

Epoch: 4
Train epoch:4 	Loss_in: 0.326634 | Loss_in_diffu: 12.317483 | Loss_out_diffu: 13.404978 | Acc: 90.358665 (66157/73216)
(1643243790.4574306, 1643243915.000543, 124.5431125164032)
Test epoch: 4| Acc: 91.77570812807882 (23847/25984) 

Epoch: 5
Train epoch:5 	Loss_in: 0.299338 | Loss_in_diffu: 12.445700 | Loss_out_diffu: 13.565880 | Acc: 91.149476 (66736/73216)
(1643243918.0484238, 1643244042.6723723, 124.62394857406616)
Test epoch: 5| Acc: 91.76416256157636 (23844/25984) 

Epoch: 6
Train epoch:6 	Loss_in: 0.274491 | Loss_in_diffu: 12.567089 | Loss_out_diffu: 13.725784 | Acc: 91.912970 (67295/73216)
(1643244045.729769, 1643244170.5210059, 124.7912368774414)
Test epoch: 6| Acc: 92.69935344827586 (24087/25984) 

Epoch: 7
Train epoch:7 	Loss_in: 0.258044 | Loss_in_diffu: 12.683782 | Loss_out_diffu: 13.845383 | Acc: 92.481152 (67711/73216)
(1643244173.5719538, 1643244297.5822248, 124.0102710723877)
Test epoch: 7| Acc: 91.28694581280789 (23720/25984) 

Epoch: 8
Train epoch:8 	Loss_in: 0.246304 | Loss_in_diffu: 12.824461 | Loss_out_diffu: 13.988480 | Acc: 92.800754 (67945/73216)
(1643244300.622732, 1643244425.7654443, 125.14271235466003)
Test epoch: 8| Acc: 92.28371305418719 (23979/25984) 

Epoch: 9
Train epoch:9 	Loss_in: 0.231905 | Loss_in_diffu: 12.973291 | Loss_out_diffu: 14.143248 | Acc: 93.221427 (68253/73216)
(1643244428.8535478, 1643244553.6332965, 124.7797486782074)
Test epoch: 9| Acc: 92.50307881773399 (24036/25984) 

Epoch: 10
Train epoch:10 	Loss_in: 0.219904 | Loss_in_diffu: 13.114077 | Loss_out_diffu: 14.314051 | Acc: 93.625710 (68549/73216)
(1643244556.6689417, 1643244681.3314807, 124.66253900527954)
Test epoch: 10| Acc: 93.05341748768473 (24179/25984) 

Epoch: 11
Train epoch:11 	Loss_in: 0.157021 | Loss_in_diffu: 13.141493 | Loss_out_diffu: 14.388496 | Acc: 95.660785 (70039/73216)
(1643244684.3759434, 1643244808.9084902, 124.53254675865173)
Test epoch: 11| Acc: 94.51200738916256 (24558/25984) 

Epoch: 12
Train epoch:12 	Loss_in: 0.146402 | Loss_in_diffu: 13.135152 | Loss_out_diffu: 14.397399 | Acc: 96.063702 (70334/73216)
(1643244811.9735744, 1643244936.6988933, 124.7253189086914)
Test epoch: 12| Acc: 94.6236145320197 (24587/25984) 

Epoch: 13
Train epoch:13 	Loss_in: 0.141682 | Loss_in_diffu: 13.134945 | Loss_out_diffu: 14.404902 | Acc: 96.196187 (70431/73216)
(1643244939.759567, 1643245064.360953, 124.60138607025146)
Test epoch: 13| Acc: 94.70058497536945 (24607/25984) 

Epoch: 14
Train epoch:14 	Loss_in: 0.136654 | Loss_in_diffu: 13.134408 | Loss_out_diffu: 14.414148 | Acc: 96.347793 (70542/73216)
(1643245067.4240088, 1643245191.727112, 124.30310320854187)
Test epoch: 14| Acc: 94.5620381773399 (24571/25984) 

Epoch: 15
Train epoch:15 	Loss_in: 0.132374 | Loss_in_diffu: 13.133650 | Loss_out_diffu: 14.420134 | Acc: 96.499399 (70653/73216)
(1643245194.7681754, 1643245319.0528486, 124.28467321395874)
Test epoch: 15| Acc: 94.54664408866995 (24567/25984) 

Epoch: 16
Train epoch:16 	Loss_in: 0.120932 | Loss_in_diffu: 13.126228 | Loss_out_diffu: 14.421626 | Acc: 96.920072 (70961/73216)
(1643245322.127622, 1643245446.4177516, 124.29012966156006)
Test epoch: 16| Acc: 94.85067733990148 (24646/25984) 

Epoch: 17
Train epoch:17 	Loss_in: 0.118907 | Loss_in_diffu: 13.124385 | Loss_out_diffu: 14.422445 | Acc: 96.992461 (71014/73216)
(1643245449.4821687, 1643245573.9629714, 124.48080277442932)
Test epoch: 17| Acc: 94.77755541871922 (24627/25984) 

Epoch: 18
Train epoch:18 	Loss_in: 0.118395 | Loss_in_diffu: 13.124424 | Loss_out_diffu: 14.423536 | Acc: 97.021143 (71035/73216)
(1643245577.0351746, 1643245701.783222, 124.74804735183716)
Test epoch: 18| Acc: 94.80449507389163 (24634/25984) 

Epoch: 19
Train epoch:19 	Loss_in: 0.117443 | Loss_in_diffu: 13.123783 | Loss_out_diffu: 14.424580 | Acc: 97.032069 (71043/73216)
(1643245704.8442686, 1643245829.2663448, 124.42207622528076)
Test epoch: 19| Acc: 94.80064655172414 (24633/25984) 

Epoch: 20
Train epoch:20 	Loss_in: 0.116915 | Loss_in_diffu: 13.123423 | Loss_out_diffu: 14.425298 | Acc: 97.036167 (71046/73216)
(1643245832.3462517, 1643245957.5906668, 125.24441504478455)
Test epoch: 20| Acc: 94.80449507389163 (24634/25984) 

Epoch: 21
Train epoch:21 	Loss_in: 0.115498 | Loss_in_diffu: 13.122340 | Loss_out_diffu: 14.425421 | Acc: 97.122214 (71109/73216)
(1643245960.669728, 1643246085.1144617, 124.44473361968994)
Test epoch: 21| Acc: 94.76600985221675 (24624/25984) 

Epoch: 22
Train epoch:22 	Loss_in: 0.115285 | Loss_in_diffu: 13.122355 | Loss_out_diffu: 14.425518 | Acc: 97.115385 (71104/73216)
(1643246088.1648197, 1643246212.5648508, 124.40003108978271)
Test epoch: 22| Acc: 94.79679802955665 (24632/25984) 

Epoch: 23
Train epoch:23 	Loss_in: 0.115202 | Loss_in_diffu: 13.122107 | Loss_out_diffu: 14.425863 | Acc: 97.098995 (71092/73216)
(1643246215.6540082, 1643246339.9409626, 124.28695440292358)
Test epoch: 23| Acc: 94.75446428571429 (24621/25984) 

Epoch: 24
Train epoch:24 	Loss_in: 0.115126 | Loss_in_diffu: 13.122033 | Loss_out_diffu: 14.425429 | Acc: 97.126311 (71112/73216)
(1643246343.0142975, 1643246467.6276474, 124.61334991455078)
Test epoch: 24| Acc: 94.77370689655173 (24626/25984) 
