True
load data:  mnist
Building MNIST data loader with 1 workers
==> Building model..

Epoch: 0
Train epoch:0 	Loss_in: 0.654096 | Loss_in_diffu: 11.712243 | Loss_out_diffu: 12.149929 | Acc: 85.104501 (50981/59904)
(1638263800.996032, 1638263900.6104794, 99.61444735527039)
Test epoch: 0| Acc: 95.8 (9580/10000) 

Epoch: 1
Train epoch:1 	Loss_in: 0.115080 | Loss_in_diffu: 11.297606 | Loss_out_diffu: 12.619350 | Acc: 96.935096 (58068/59904)
(1638263901.2115207, 1638264000.0024936, 98.79097294807434)
Test epoch: 1| Acc: 95.78 (9578/10000) 

Epoch: 2
Train epoch:2 	Loss_in: 0.073059 | Loss_in_diffu: 11.323909 | Loss_out_diffu: 12.778257 | Acc: 97.965077 (58685/59904)
(1638264000.5909715, 1638264100.3556323, 99.76466083526611)
Test epoch: 2| Acc: 97.9 (9790/10000) 

Epoch: 3
Train epoch:3 	Loss_in: 0.057620 | Loss_in_diffu: 11.373715 | Loss_out_diffu: 12.896397 | Acc: 98.359041 (58921/59904)
(1638264100.945826, 1638264199.4669387, 98.52111268043518)
Test epoch: 3| Acc: 98.86 (9886/10000) 

Epoch: 4
Train epoch:4 	Loss_in: 0.044235 | Loss_in_diffu: 11.430944 | Loss_out_diffu: 13.004241 | Acc: 98.754674 (59158/59904)
(1638264200.0650952, 1638264299.8771603, 99.81206512451172)
Test epoch: 4| Acc: 99.16 (9916/10000) 

Epoch: 5
Train epoch:5 	Loss_in: 0.038110 | Loss_in_diffu: 11.498293 | Loss_out_diffu: 13.098969 | Acc: 98.878205 (59232/59904)
(1638264300.4641902, 1638264399.308755, 98.84456467628479)
Test epoch: 5| Acc: 99.24 (9924/10000) 

Epoch: 6
Train epoch:6 	Loss_in: 0.034788 | Loss_in_diffu: 11.576480 | Loss_out_diffu: 13.215854 | Acc: 99.001736 (59306/59904)
(1638264399.9113617, 1638264499.0466378, 99.13527607917786)
Test epoch: 6| Acc: 99.05 (9905/10000) 

Epoch: 7
Train epoch:7 	Loss_in: 0.031971 | Loss_in_diffu: 11.662956 | Loss_out_diffu: 13.334125 | Acc: 99.020099 (59317/59904)
(1638264499.6338837, 1638264598.3016489, 98.66776514053345)
Test epoch: 7| Acc: 99.25 (9925/10000) 

Epoch: 8
Train epoch:8 	Loss_in: 0.028146 | Loss_in_diffu: 11.757036 | Loss_out_diffu: 13.441447 | Acc: 99.163662 (59403/59904)
(1638264598.8925328, 1638264698.622025, 99.7294921875)
Test epoch: 8| Acc: 99.16 (9916/10000) 

Epoch: 9
Train epoch:9 	Loss_in: 0.025548 | Loss_in_diffu: 11.850095 | Loss_out_diffu: 13.528252 | Acc: 99.255475 (59458/59904)
(1638264699.222861, 1638264798.3485768, 99.12571573257446)
Test epoch: 9| Acc: 98.34 (9834/10000) 

Epoch: 10
Train epoch:10 	Loss_in: 0.023715 | Loss_in_diffu: 11.941325 | Loss_out_diffu: 13.626292 | Acc: 99.292201 (59480/59904)
(1638264798.9458284, 1638264897.6484473, 98.70261883735657)
Test epoch: 10| Acc: 98.81 (9881/10000) 

Epoch: 11
Train epoch:11 	Loss_in: 0.008948 | Loss_in_diffu: 11.985506 | Loss_out_diffu: 13.699672 | Acc: 99.772970 (59768/59904)
(1638264898.2385387, 1638264996.927442, 98.68890333175659)
Test epoch: 11| Acc: 99.46 (9946/10000) 

Epoch: 12
Train epoch:12 	Loss_in: 0.006343 | Loss_in_diffu: 11.986695 | Loss_out_diffu: 13.710975 | Acc: 99.834736 (59805/59904)
(1638264997.5264485, 1638265096.6949155, 99.16846704483032)
Test epoch: 12| Acc: 99.49 (9949/10000) 

Epoch: 13
Train epoch:13 	Loss_in: 0.005423 | Loss_in_diffu: 11.989157 | Loss_out_diffu: 13.724367 | Acc: 99.876469 (59830/59904)
(1638265097.29109, 1638265195.9784977, 98.68740773200989)
Test epoch: 13| Acc: 99.52 (9952/10000) 

Epoch: 14
Train epoch:14 	Loss_in: 0.004671 | Loss_in_diffu: 11.991840 | Loss_out_diffu: 13.736869 | Acc: 99.888154 (59837/59904)
(1638265196.579804, 1638265295.2241347, 98.64433073997498)
Test epoch: 14| Acc: 99.47 (9947/10000) 

Epoch: 15
Train epoch:15 	Loss_in: 0.004494 | Loss_in_diffu: 11.995165 | Loss_out_diffu: 13.750386 | Acc: 99.881477 (59833/59904)
(1638265295.8253648, 1638265395.4960144, 99.67064952850342)
Test epoch: 15| Acc: 99.45 (9945/10000) 

Epoch: 16
Train epoch:16 	Loss_in: 0.003787 | Loss_in_diffu: 11.997953 | Loss_out_diffu: 13.763755 | Acc: 99.899840 (59844/59904)
(1638265396.084406, 1638265495.2531998, 99.16879391670227)
Test epoch: 16| Acc: 99.48 (9948/10000) 

Epoch: 17
Train epoch:17 	Loss_in: 0.003460 | Loss_in_diffu: 12.000867 | Loss_out_diffu: 13.776948 | Acc: 99.923210 (59858/59904)
(1638265495.8509762, 1638265594.405317, 98.55434083938599)
Test epoch: 17| Acc: 99.38 (9938/10000) 

Epoch: 18
Train epoch:18 	Loss_in: 0.003320 | Loss_in_diffu: 12.003608 | Loss_out_diffu: 13.791511 | Acc: 99.914864 (59853/59904)
(1638265594.9947476, 1638265693.5523517, 98.55760407447815)
Test epoch: 18| Acc: 99.39 (9939/10000) 

Epoch: 19
Train epoch:19 	Loss_in: 0.002725 | Loss_in_diffu: 12.006651 | Loss_out_diffu: 13.801722 | Acc: 99.944912 (59871/59904)
(1638265694.141524, 1638265793.6624515, 99.52092742919922)
Test epoch: 19| Acc: 99.45 (9945/10000) 

Epoch: 20
Train epoch:20 	Loss_in: 0.002280 | Loss_in_diffu: 12.008895 | Loss_out_diffu: 13.817584 | Acc: 99.961605 (59881/59904)
(1638265794.2536943, 1638265893.4548602, 99.20116591453552)
Test epoch: 20| Acc: 99.51 (9951/10000) 

Epoch: 21
Train epoch:21 	Loss_in: 0.001740 | Loss_in_diffu: 12.010212 | Loss_out_diffu: 13.821411 | Acc: 99.976629 (59890/59904)
(1638265894.0545976, 1638265992.5108001, 98.45620250701904)
Test epoch: 21| Acc: 99.48 (9948/10000) 

Epoch: 22
Train epoch:22 	Loss_in: 0.001616 | Loss_in_diffu: 12.010166 | Loss_out_diffu: 13.823619 | Acc: 99.978299 (59891/59904)
(1638265993.107408, 1638266091.554649, 98.44724106788635)
Test epoch: 22| Acc: 99.48 (9948/10000) 

Epoch: 23
Train epoch:23 	Loss_in: 0.001593 | Loss_in_diffu: 12.010818 | Loss_out_diffu: 13.825667 | Acc: 99.979968 (59892/59904)
(1638266092.1392858, 1638266190.7076535, 98.56836771965027)
Test epoch: 23| Acc: 99.43 (9943/10000) 

Epoch: 24
Train epoch:24 	Loss_in: 0.001518 | Loss_in_diffu: 12.010527 | Loss_out_diffu: 13.827626 | Acc: 99.983307 (59894/59904)
(1638266191.3047686, 1638266290.3995297, 99.09476113319397)
Test epoch: 24| Acc: 99.45 (9945/10000) 

Epoch: 25
Train epoch:25 	Loss_in: 0.001491 | Loss_in_diffu: 12.011050 | Loss_out_diffu: 13.830264 | Acc: 99.983307 (59894/59904)
(1638266290.9956138, 1638266389.4675314, 98.47191762924194)
Test epoch: 25| Acc: 99.44 (9944/10000) 

Epoch: 26
Train epoch:26 	Loss_in: 0.001462 | Loss_in_diffu: 12.010802 | Loss_out_diffu: 13.832388 | Acc: 99.981637 (59893/59904)
(1638266390.0540075, 1638266489.7196264, 99.66561889648438)
Test epoch: 26| Acc: 99.44 (9944/10000) 

Epoch: 27
Train epoch:27 	Loss_in: 0.001418 | Loss_in_diffu: 12.011399 | Loss_out_diffu: 13.834013 | Acc: 99.981637 (59893/59904)
(1638266490.3207593, 1638266588.8872929, 98.56653356552124)
Test epoch: 27| Acc: 99.42 (9942/10000) 

Epoch: 28
