True
load data:  mnist
Building MNIST data loader with 1 workers
==> Building model..

Epoch: 0
Train epoch:0 	Loss_in: 0.000000 | Loss_in_diffu: 33.474832 | Loss_out_diffu: 61.841598 | Acc: 87.883948 (52646/59904)
(1642945891.2552562, 1642945974.7073455, 83.45208930969238)
Test epoch: 0| Acc: 97.91 (9791/10000) 

Epoch: 1
Train epoch:1 	Loss_in: 0.000000 | Loss_in_diffu: 33.239008 | Loss_out_diffu: 189.641643 | Acc: 98.218817 (58837/59904)
(1642945975.287925, 1642946058.9589329, 83.67100787162781)
Test epoch: 1| Acc: 98.65 (9865/10000) 

Epoch: 2
Train epoch:2 	Loss_in: 0.000000 | Loss_in_diffu: 33.371777 | Loss_out_diffu: 408.634505 | Acc: 98.714610 (59134/59904)
(1642946059.5477986, 1642946142.318197, 82.77039837837219)
Test epoch: 2| Acc: 98.92 (9892/10000) 

Epoch: 3
Train epoch:3 	Loss_in: 0.000000 | Loss_in_diffu: 33.565753 | Loss_out_diffu: 710.131138 | Acc: 98.846488 (59213/59904)
(1642946142.8950164, 1642946225.9321275, 83.03711104393005)
Test epoch: 3| Acc: 99.15 (9915/10000) 

Epoch: 4
Train epoch:4 	Loss_in: 0.000000 | Loss_in_diffu: 33.700744 | Loss_out_diffu: 1080.064325 | Acc: 99.140291 (59389/59904)
(1642946226.505834, 1642946309.8645709, 83.35873675346375)
Test epoch: 4| Acc: 98.54 (9854/10000) 

Epoch: 5
Train epoch:5 	Loss_in: 0.000000 | Loss_in_diffu: 33.814356 | Loss_out_diffu: 1506.736086 | Acc: 99.190371 (59419/59904)
(1642946310.3175743, 1642946393.449222, 83.13164782524109)
Test epoch: 5| Acc: 99.0 (9900/10000) 

Epoch: 6
Train epoch:6 	Loss_in: 0.000000 | Loss_in_diffu: 33.914624 | Loss_out_diffu: 1991.054471 | Acc: 99.352297 (59516/59904)
(1642946394.0357387, 1642946477.152093, 83.11635422706604)
Test epoch: 6| Acc: 99.33 (9933/10000) 

Epoch: 7
Train epoch:7 	Loss_in: 0.000000 | Loss_in_diffu: 34.024581 | Loss_out_diffu: 2531.983387 | Acc: 99.394030 (59541/59904)
(1642946477.7338688, 1642946560.7812388, 83.04736995697021)
Test epoch: 7| Acc: 99.32 (9932/10000) 

Epoch: 8
Train epoch:8 	Loss_in: 0.000000 | Loss_in_diffu: 34.134608 | Loss_out_diffu: 3128.796863 | Acc: 99.373998 (59529/59904)
(1642946561.2323923, 1642946644.1154714, 82.88307905197144)
Test epoch: 8| Acc: 98.99 (9899/10000) 

Epoch: 9
Train epoch:9 	Loss_in: 0.000000 | Loss_in_diffu: 34.244292 | Loss_out_diffu: 3780.984607 | Acc: 99.601028 (59665/59904)
(1642946644.5726724, 1642946727.814032, 83.24135971069336)
Test epoch: 9| Acc: 99.1 (9910/10000) 

Epoch: 10
Train epoch:10 	Loss_in: 0.000000 | Loss_in_diffu: 34.324783 | Loss_out_diffu: 4488.102101 | Acc: 99.586004 (59656/59904)
(1642946728.2750032, 1642946811.2769756, 83.00197243690491)
Test epoch: 10| Acc: 98.97 (9897/10000) 

Epoch: 11
Train epoch:11 	Loss_in: 0.000000 | Loss_in_diffu: 34.367382 | Loss_out_diffu: 4897.387667 | Acc: 99.879808 (59832/59904)
(1642946811.7442582, 1642946895.1213982, 83.37714004516602)
Test epoch: 11| Acc: 99.56 (9956/10000) 

Epoch: 12
Train epoch:12 	Loss_in: 0.000000 | Loss_in_diffu: 34.365719 | Loss_out_diffu: 4970.764259 | Acc: 99.959936 (59880/59904)
(1642946895.5755074, 1642946979.2138078, 83.63830041885376)
Test epoch: 12| Acc: 99.58 (9958/10000) 

Epoch: 13
Train epoch:13 	Loss_in: 0.000000 | Loss_in_diffu: 34.365892 | Loss_out_diffu: 5043.233508 | Acc: 99.964944 (59883/59904)
(1642946979.669537, 1642947063.3848822, 83.71534514427185)
Test epoch: 13| Acc: 99.55 (9955/10000) 

Epoch: 14
Train epoch:14 	Loss_in: 0.000000 | Loss_in_diffu: 34.366165 | Loss_out_diffu: 5115.731537 | Acc: 99.981637 (59893/59904)
(1642947063.832713, 1642947147.4827387, 83.65002584457397)
Test epoch: 14| Acc: 99.54 (9954/10000) 

Epoch: 15
Train epoch:15 	Loss_in: 0.000000 | Loss_in_diffu: 34.366417 | Loss_out_diffu: 5188.689746 | Acc: 99.983307 (59894/59904)
(1642947147.9396052, 1642947231.0109973, 83.07139205932617)
Test epoch: 15| Acc: 99.56 (9956/10000) 

Epoch: 16
Train epoch:16 	Loss_in: 0.000000 | Loss_in_diffu: 34.367160 | Loss_out_diffu: 5262.214642 | Acc: 99.986645 (59896/59904)
(1642947231.4747436, 1642947315.279844, 83.805100440979)
Test epoch: 16| Acc: 99.58 (9958/10000) 

Epoch: 17
Train epoch:17 	Loss_in: 0.000000 | Loss_in_diffu: 34.367840 | Loss_out_diffu: 5336.210662 | Acc: 99.989984 (59898/59904)
(1642947315.7325456, 1642947399.2377927, 83.50524711608887)
Test epoch: 17| Acc: 99.56 (9956/10000) 

Epoch: 18
Train epoch:18 	Loss_in: 0.000000 | Loss_in_diffu: 34.367761 | Loss_out_diffu: 5410.770134 | Acc: 99.993323 (59900/59904)
(1642947399.7035146, 1642947482.9165092, 83.21299457550049)
Test epoch: 18| Acc: 99.58 (9958/10000) 

Epoch: 19
Train epoch:19 	Loss_in: 0.000000 | Loss_in_diffu: 34.368220 | Loss_out_diffu: 5485.820639 | Acc: 99.991653 (59899/59904)
(1642947483.3795066, 1642947566.9386446, 83.55913805961609)
Test epoch: 19| Acc: 99.56 (9956/10000) 

Epoch: 20
Train epoch:20 	Loss_in: 0.000000 | Loss_in_diffu: 34.368688 | Loss_out_diffu: 5561.385558 | Acc: 99.989984 (59898/59904)
(1642947567.515542, 1642947651.1118045, 83.59626245498657)
Test epoch: 20| Acc: 99.57 (9957/10000) 

Epoch: 21
Train epoch:21 	Loss_in: 0.000000 | Loss_in_diffu: 34.369141 | Loss_out_diffu: 5603.241312 | Acc: 99.994992 (59901/59904)
(1642947651.6933217, 1642947734.752476, 83.05915427207947)
Test epoch: 21| Acc: 99.57 (9957/10000) 

Epoch: 22
Train epoch:22 	Loss_in: 0.000000 | Loss_in_diffu: 34.368591 | Loss_out_diffu: 5610.811371 | Acc: 99.996661 (59902/59904)
(1642947735.2107892, 1642947818.8358958, 83.62510657310486)
Test epoch: 22| Acc: 99.57 (9957/10000) 

Epoch: 23
Train epoch:23 	Loss_in: 0.000000 | Loss_in_diffu: 34.368939 | Loss_out_diffu: 5618.426393 | Acc: 99.996661 (59902/59904)
(1642947819.2936103, 1642947903.0440156, 83.75040531158447)
Test epoch: 23| Acc: 99.56 (9956/10000) 

Epoch: 24
Train epoch:24 	Loss_in: 0.000000 | Loss_in_diffu: 34.368672 | Loss_out_diffu: 5625.984456 | Acc: 99.996661 (59902/59904)
(1642947903.4908624, 1642947986.6274517, 83.13658928871155)
Test epoch: 24| Acc: 99.57 (9957/10000) 

Epoch: 25
Train epoch:25 	Loss_in: 0.000000 | Loss_in_diffu: 34.369030 | Loss_out_diffu: 5633.558476 | Acc: 99.996661 (59902/59904)
(1642947987.212116, 1642948070.6207461, 83.40863013267517)
Test epoch: 25| Acc: 99.57 (9957/10000) 

Epoch: 26
Train epoch:26 	Loss_in: 0.000000 | Loss_in_diffu: 34.368780 | Loss_out_diffu: 5641.287119 | Acc: 99.998331 (59903/59904)
(1642948071.1928644, 1642948154.2608602, 83.06799578666687)
Test epoch: 26| Acc: 99.58 (9958/10000) 

Epoch: 27
Train epoch:27 	Loss_in: 0.000000 | Loss_in_diffu: 34.369040 | Loss_out_diffu: 5648.953837 | Acc: 99.998331 (59903/59904)
(1642948154.734054, 1642948238.0620117, 83.32795763015747)
Test epoch: 27| Acc: 99.59 (9959/10000) 

Epoch: 28
Train epoch:28 	Loss_in: 0.000000 | Loss_in_diffu: 34.368797 | Loss_out_diffu: 5656.658201 | Acc: 99.998331 (59903/59904)
(1642948238.5281827, 1642948322.134565, 83.60638236999512)
Test epoch: 28| Acc: 99.58 (9958/10000) 

Epoch: 29
Train epoch:29 	Loss_in: 0.000000 | Loss_in_diffu: 34.368999 | Loss_out_diffu: 5664.264050 | Acc: 99.998331 (59903/59904)
(1642948322.5941055, 1642948405.578645, 82.98453950881958)
Test epoch: 29| Acc: 99.57 (9957/10000) 

Epoch: 30
Train epoch:30 	Loss_in: 0.000000 | Loss_in_diffu: 34.369350 | Loss_out_diffu: 5671.915674 | Acc: 99.998331 (59903/59904)
(1642948406.1450353, 1642948489.3023016, 83.15726637840271)
Test epoch: 30| Acc: 99.56 (9956/10000) 

Epoch: 31
Train epoch:31 	Loss_in: 0.000000 | Loss_in_diffu: 34.369272 | Loss_out_diffu: 5676.087113 | Acc: 99.998331 (59903/59904)
(1642948489.882825, 1642948573.4114888, 83.52866387367249)
Test epoch: 31| Acc: 99.57 (9957/10000) 

Epoch: 32
Train epoch:32 	Loss_in: 0.000000 | Loss_in_diffu: 34.369241 | Loss_out_diffu: 5677.109974 | Acc: 99.998331 (59903/59904)
(1642948573.991083, 1642948657.8200958, 83.82901287078857)
Test epoch: 32| Acc: 99.59 (9959/10000) 

Epoch: 33
Train epoch:33 	Loss_in: 0.000000 | Loss_in_diffu: 34.369087 | Loss_out_diffu: 5677.975245 | Acc: 99.998331 (59903/59904)
(1642948658.2954376, 1642948742.0052712, 83.70983362197876)
Test epoch: 33| Acc: 99.6 (9960/10000) 

Epoch: 34
Train epoch:34 	Loss_in: 0.000000 | Loss_in_diffu: 34.369136 | Loss_out_diffu: 5678.851693 | Acc: 99.998331 (59903/59904)
(1642948742.580384, 1642948826.085386, 83.50500202178955)
Test epoch: 34| Acc: 99.59 (9959/10000) 

Epoch: 35
Train epoch:35 	Loss_in: 0.000000 | Loss_in_diffu: 34.369411 | Loss_out_diffu: 5680.224702 | Acc: 99.998331 (59903/59904)
(1642948826.6631734, 1642948909.9718208, 83.3086473941803)
Test epoch: 35| Acc: 99.59 (9959/10000) 

Epoch: 36
Train epoch:36 	Loss_in: 0.000000 | Loss_in_diffu: 34.368770 | Loss_out_diffu: 5681.306964 | Acc: 99.998331 (59903/59904)
(1642948910.5566556, 1642948993.8502657, 83.29361009597778)
Test epoch: 36| Acc: 99.58 (9958/10000) 

Epoch: 37
Train epoch:37 	Loss_in: 0.000000 | Loss_in_diffu: 34.368451 | Loss_out_diffu: 5682.878467 | Acc: 99.998331 (59903/59904)
(1642948994.3119948, 1642949077.5447638, 83.23276901245117)
Test epoch: 37| Acc: 99.58 (9958/10000) 

Epoch: 38
Train epoch:38 	Loss_in: 0.000000 | Loss_in_diffu: 34.368710 | Loss_out_diffu: 5683.902040 | Acc: 99.998331 (59903/59904)
(1642949078.0005229, 1642949160.798713, 82.79819011688232)
Test epoch: 38| Acc: 99.57 (9957/10000) 

Epoch: 39
Train epoch:39 	Loss_in: 0.000000 | Loss_in_diffu: 34.369156 | Loss_out_diffu: 5684.533358 | Acc: 99.998331 (59903/59904)
(1642949161.3766947, 1642949244.1847444, 82.80804967880249)
Test epoch: 39| Acc: 99.59 (9959/10000) 
