True
load data:  aircraft_ID
Building aircraft ID data loader with 1 workers
==> Building model..

Epoch: 0
Train epoch:0 	Loss_in: 0.000000 | Loss_in_diffu: 31.069328 | Loss_out_diffu: 0.000000 | Acc: 55.223881 (74/134)
(1651679921.9921951, 1651679933.7458582, 11.753663063049316)
Test epoch: 0| Acc: 50.0 (33/66) 

Epoch: 1
Train epoch:1 	Loss_in: 0.000000 | Loss_in_diffu: 28.492566 | Loss_out_diffu: 0.000000 | Acc: 49.253731 (66/134)
(1651679935.383743, 1651679946.7173576, 11.333614587783813)
Test epoch: 1| Acc: 50.0 (33/66) 

Epoch: 2
Train epoch:2 	Loss_in: 0.000000 | Loss_in_diffu: 27.580592 | Loss_out_diffu: 0.000000 | Acc: 41.791045 (56/134)
(1651679948.104765, 1651679959.5082493, 11.403484344482422)
Test epoch: 2| Acc: 54.54545454545455 (36/66) 

Epoch: 3
Train epoch:3 	Loss_in: 0.000000 | Loss_in_diffu: 26.907251 | Loss_out_diffu: 0.000000 | Acc: 56.716418 (76/134)
(1651679960.9089713, 1651679972.326824, 11.417852640151978)
Test epoch: 3| Acc: 50.0 (33/66) 

Epoch: 4
Train epoch:4 	Loss_in: 0.000000 | Loss_in_diffu: 26.352775 | Loss_out_diffu: 0.000000 | Acc: 58.955224 (79/134)
(1651679973.7222197, 1651679985.1842597, 11.462039947509766)
Test epoch: 4| Acc: 54.54545454545455 (36/66) 

Epoch: 5
Train epoch:5 	Loss_in: 0.000000 | Loss_in_diffu: 25.722870 | Loss_out_diffu: 0.000000 | Acc: 62.686567 (84/134)
(1651679986.582198, 1651679998.0647693, 11.482571363449097)
Test epoch: 5| Acc: 50.0 (33/66) 

Epoch: 6
Train epoch:6 	Loss_in: 0.000000 | Loss_in_diffu: 25.193105 | Loss_out_diffu: 0.000000 | Acc: 50.000000 (67/134)
(1651679999.4648385, 1651680010.9461324, 11.48129391670227)
Test epoch: 6| Acc: 51.515151515151516 (34/66) 

Epoch: 7
Train epoch:7 	Loss_in: 0.000000 | Loss_in_diffu: 24.575936 | Loss_out_diffu: 0.000000 | Acc: 54.477612 (73/134)
(1651680012.3417406, 1651680023.8377488, 11.496008157730103)
Test epoch: 7| Acc: 57.57575757575758 (38/66) 

Epoch: 8
Train epoch:8 	Loss_in: 0.000000 | Loss_in_diffu: 24.014487 | Loss_out_diffu: 0.000000 | Acc: 54.477612 (73/134)
(1651680025.232014, 1651680036.7328362, 11.500822305679321)
Test epoch: 8| Acc: 57.57575757575758 (38/66) 

Epoch: 9
Train epoch:9 	Loss_in: 0.000000 | Loss_in_diffu: 23.394958 | Loss_out_diffu: 0.000000 | Acc: 62.686567 (84/134)
(1651680038.1304317, 1651680049.6418173, 11.511385679244995)
Test epoch: 9| Acc: 57.57575757575758 (38/66) 

Epoch: 10
Train epoch:10 	Loss_in: 0.000000 | Loss_in_diffu: 22.803326 | Loss_out_diffu: 0.000000 | Acc: 64.179104 (86/134)
(1651680051.0443242, 1651680062.5390651, 11.494740962982178)
Test epoch: 10| Acc: 54.54545454545455 (36/66) 

Epoch: 11
Train epoch:11 	Loss_in: 0.000000 | Loss_in_diffu: 22.236688 | Loss_out_diffu: 0.000000 | Acc: 64.925373 (87/134)
(1651680063.934306, 1651680075.4491327, 11.514826774597168)
Test epoch: 11| Acc: 54.54545454545455 (36/66) 

Epoch: 12
Train epoch:12 	Loss_in: 0.000000 | Loss_in_diffu: 21.643731 | Loss_out_diffu: 0.000000 | Acc: 64.925373 (87/134)
(1651680076.8437502, 1651680088.3660424, 11.522292137145996)
Test epoch: 12| Acc: 56.06060606060606 (37/66) 

Epoch: 13
Train epoch:13 	Loss_in: 0.000000 | Loss_in_diffu: 21.055647 | Loss_out_diffu: 0.000000 | Acc: 69.402985 (93/134)
(1651680089.756854, 1651680101.2870471, 11.530193090438843)
Test epoch: 13| Acc: 54.54545454545455 (36/66) 

Epoch: 14
Train epoch:14 	Loss_in: 0.000000 | Loss_in_diffu: 20.566576 | Loss_out_diffu: 0.000000 | Acc: 58.208955 (78/134)
(1651680102.6799111, 1651680114.2237453, 11.543834209442139)
Test epoch: 14| Acc: 54.54545454545455 (36/66) 

Epoch: 15
Train epoch:15 	Loss_in: 0.000000 | Loss_in_diffu: 19.960625 | Loss_out_diffu: 0.000000 | Acc: 58.955224 (79/134)
(1651680115.6215887, 1651680127.1467812, 11.525192499160767)
Test epoch: 15| Acc: 51.515151515151516 (34/66) 

Epoch: 16
Train epoch:16 	Loss_in: 0.000000 | Loss_in_diffu: 19.373714 | Loss_out_diffu: 0.000000 | Acc: 66.417910 (89/134)
(1651680128.5321112, 1651680140.0615618, 11.52945065498352)
Test epoch: 16| Acc: 56.06060606060606 (37/66) 

Epoch: 17
Train epoch:17 	Loss_in: 0.000000 | Loss_in_diffu: 18.811817 | Loss_out_diffu: 0.000000 | Acc: 61.940299 (83/134)
(1651680141.4507105, 1651680152.9821837, 11.531473159790039)
Test epoch: 17| Acc: 57.57575757575758 (38/66) 

Epoch: 18
Train epoch:18 	Loss_in: 0.000000 | Loss_in_diffu: 18.215009 | Loss_out_diffu: 0.000000 | Acc: 68.656716 (92/134)
(1651680154.3739772, 1651680165.898011, 11.524033784866333)
Test epoch: 18| Acc: 51.515151515151516 (34/66) 

Epoch: 19
Train epoch:19 	Loss_in: 0.000000 | Loss_in_diffu: 17.654728 | Loss_out_diffu: 0.000000 | Acc: 68.656716 (92/134)
(1651680167.2898657, 1651680178.819397, 11.529531240463257)
Test epoch: 19| Acc: 51.515151515151516 (34/66) 

Epoch: 20
Train epoch:20 	Loss_in: 0.000000 | Loss_in_diffu: 17.094975 | Loss_out_diffu: 0.000000 | Acc: 68.656716 (92/134)
(1651680180.209547, 1651680191.7425277, 11.532980680465698)
Test epoch: 20| Acc: 51.515151515151516 (34/66) 

Epoch: 21
Train epoch:21 	Loss_in: 0.000000 | Loss_in_diffu: 16.763515 | Loss_out_diffu: 0.000000 | Acc: 67.164179 (90/134)
(1651680193.1309743, 1651680204.6768732, 11.545898914337158)
Test epoch: 21| Acc: 51.515151515151516 (34/66) 

Epoch: 22
Train epoch:22 	Loss_in: 0.000000 | Loss_in_diffu: 16.687555 | Loss_out_diffu: 0.000000 | Acc: 70.149254 (94/134)
(1651680206.06187, 1651680217.614235, 11.552364826202393)
Test epoch: 22| Acc: 51.515151515151516 (34/66) 

Epoch: 23
Train epoch:23 	Loss_in: 0.000000 | Loss_in_diffu: 16.624742 | Loss_out_diffu: 0.000000 | Acc: 71.641791 (96/134)
(1651680219.0148275, 1651680230.587299, 11.572471618652344)
Test epoch: 23| Acc: 51.515151515151516 (34/66) 

Epoch: 24
Train epoch:24 	Loss_in: 0.000000 | Loss_in_diffu: 16.563525 | Loss_out_diffu: 0.000000 | Acc: 71.641791 (96/134)
(1651680231.9781563, 1651680243.54615, 11.567993640899658)
Test epoch: 24| Acc: 53.03030303030303 (35/66) 

Epoch: 25
Train epoch:25 	Loss_in: 0.000000 | Loss_in_diffu: 16.499068 | Loss_out_diffu: 0.000000 | Acc: 71.641791 (96/134)
(1651680244.9507804, 1651680256.5107994, 11.56001901626587)
Test epoch: 25| Acc: 53.03030303030303 (35/66) 

Epoch: 26
Train epoch:26 	Loss_in: 0.000000 | Loss_in_diffu: 16.438806 | Loss_out_diffu: 0.000000 | Acc: 73.134328 (98/134)
(1651680257.9002385, 1651680269.4743426, 11.574104070663452)
Test epoch: 26| Acc: 51.515151515151516 (34/66) 

Epoch: 27
Train epoch:27 	Loss_in: 0.000000 | Loss_in_diffu: 16.397812 | Loss_out_diffu: 0.000000 | Acc: 69.402985 (93/134)
(1651680270.888097, 1651680282.4746058, 11.586508750915527)
Test epoch: 27| Acc: 51.515151515151516 (34/66) 

Epoch: 28
Train epoch:28 	Loss_in: 0.000000 | Loss_in_diffu: 16.332583 | Loss_out_diffu: 0.000000 | Acc: 73.134328 (98/134)
(1651680283.8824453, 1651680295.4689739, 11.586528539657593)
Test epoch: 28| Acc: 53.03030303030303 (35/66) 

Epoch: 29
Train epoch:29 	Loss_in: 0.000000 | Loss_in_diffu: 16.278680 | Loss_out_diffu: 0.000000 | Acc: 73.880597 (99/134)
(1651680296.8648558, 1651680308.4418178, 11.576961994171143)
Test epoch: 29| Acc: 50.0 (33/66) 

Epoch: 30
Train epoch:30 	Loss_in: 0.000000 | Loss_in_diffu: 16.215033 | Loss_out_diffu: 0.000000 | Acc: 73.134328 (98/134)
(1651680309.8998165, 1651680321.480616, 11.580799579620361)
Test epoch: 30| Acc: 51.515151515151516 (34/66) 

Epoch: 31
Train epoch:31 	Loss_in: 0.000000 | Loss_in_diffu: 16.168622 | Loss_out_diffu: 0.000000 | Acc: 73.134328 (98/134)
(1651680322.8871257, 1651680334.4657476, 11.578621864318848)
Test epoch: 31| Acc: 50.0 (33/66) 

Epoch: 32
Train epoch:32 	Loss_in: 0.000000 | Loss_in_diffu: 16.100427 | Loss_out_diffu: 0.000000 | Acc: 71.641791 (96/134)
(1651680335.8687558, 1651680347.4630039, 11.594248056411743)
Test epoch: 32| Acc: 50.0 (33/66) 

Epoch: 33
Train epoch:33 	Loss_in: 0.000000 | Loss_in_diffu: 16.051537 | Loss_out_diffu: 0.000000 | Acc: 73.134328 (98/134)
(1651680348.8598804, 1651680360.4444377, 11.584557294845581)
Test epoch: 33| Acc: 51.515151515151516 (34/66) 

Epoch: 34
Train epoch:34 	Loss_in: 0.000000 | Loss_in_diffu: 15.991953 | Loss_out_diffu: 0.000000 | Acc: 73.134328 (98/134)
(1651680361.8421342, 1651680373.4493525, 11.607218265533447)
Test epoch: 34| Acc: 50.0 (33/66) 

Epoch: 35
Train epoch:35 	Loss_in: 0.000000 | Loss_in_diffu: 15.935799 | Loss_out_diffu: 0.000000 | Acc: 73.134328 (98/134)
(1651680374.8500426, 1651680386.4248464, 11.574803829193115)
Test epoch: 35| Acc: 50.0 (33/66) 

Epoch: 36
Train epoch:36 	Loss_in: 0.000000 | Loss_in_diffu: 15.863174 | Loss_out_diffu: 0.000000 | Acc: 73.134328 (98/134)
(1651680387.8306038, 1651680399.4322898, 11.601686000823975)
Test epoch: 36| Acc: 51.515151515151516 (34/66) 

Epoch: 37
Train epoch:37 	Loss_in: 0.000000 | Loss_in_diffu: 15.817148 | Loss_out_diffu: 0.000000 | Acc: 71.641791 (96/134)
(1651680400.8377938, 1651680412.4255555, 11.587761640548706)
Test epoch: 37| Acc: 50.0 (33/66) 

Epoch: 38
Train epoch:38 	Loss_in: 0.000000 | Loss_in_diffu: 15.761927 | Loss_out_diffu: 0.000000 | Acc: 70.895522 (95/134)
(1651680413.8344636, 1651680425.435133, 11.600669384002686)
Test epoch: 38| Acc: 50.0 (33/66) 

Epoch: 39
Train epoch:39 	Loss_in: 0.000000 | Loss_in_diffu: 15.700478 | Loss_out_diffu: 0.000000 | Acc: 75.373134 (101/134)
(1651680426.8446267, 1651680438.4524546, 11.60782790184021)
Test epoch: 39| Acc: 50.0 (33/66) 

Epoch: 40
Train epoch:40 	Loss_in: 0.000000 | Loss_in_diffu: 15.651507 | Loss_out_diffu: 0.000000 | Acc: 73.880597 (99/134)
(1651680439.8602219, 1651680451.4690843, 11.608862400054932)
Test epoch: 40| Acc: 51.515151515151516 (34/66) 

Epoch: 41
Train epoch:41 	Loss_in: 0.000000 | Loss_in_diffu: 15.604127 | Loss_out_diffu: 0.000000 | Acc: 76.865672 (103/134)
(1651680452.8734171, 1651680464.4781947, 11.604777574539185)
Test epoch: 41| Acc: 51.515151515151516 (34/66) 

Epoch: 42
Train epoch:42 	Loss_in: 0.000000 | Loss_in_diffu: 15.623345 | Loss_out_diffu: 0.000000 | Acc: 72.388060 (97/134)
(1651680465.881659, 1651680477.4815838, 11.599924802780151)
Test epoch: 42| Acc: 50.0 (33/66) 

Epoch: 43
Train epoch:43 	Loss_in: 0.000000 | Loss_in_diffu: 15.619048 | Loss_out_diffu: 0.000000 | Acc: 75.373134 (101/134)
(1651680478.88547, 1651680490.4703722, 11.584902286529541)
Test epoch: 43| Acc: 50.0 (33/66) 

Epoch: 44
Train epoch:44 	Loss_in: 0.000000 | Loss_in_diffu: 15.598037 | Loss_out_diffu: 0.000000 | Acc: 76.119403 (102/134)
(1651680491.8682795, 1651680503.482895, 11.614615440368652)
Test epoch: 44| Acc: 50.0 (33/66) 

Epoch: 45
Train epoch:45 	Loss_in: 0.000000 | Loss_in_diffu: 15.591758 | Loss_out_diffu: 0.000000 | Acc: 75.373134 (101/134)
(1651680504.8784869, 1651680516.4923124, 11.613825559616089)
Test epoch: 45| Acc: 50.0 (33/66) 

Epoch: 46
Train epoch:46 	Loss_in: 0.000000 | Loss_in_diffu: 15.597363 | Loss_out_diffu: 0.000000 | Acc: 74.626866 (100/134)
(1651680517.9238799, 1651680529.5335689, 11.609688997268677)
Test epoch: 46| Acc: 50.0 (33/66) 

Epoch: 47
Train epoch:47 	Loss_in: 0.000000 | Loss_in_diffu: 15.575815 | Loss_out_diffu: 0.000000 | Acc: 75.373134 (101/134)
(1651680530.9483387, 1651680542.5665252, 11.618186473846436)
Test epoch: 47| Acc: 50.0 (33/66) 

Epoch: 48
Train epoch:48 	Loss_in: 0.000000 | Loss_in_diffu: 15.572535 | Loss_out_diffu: 0.000000 | Acc: 76.119403 (102/134)
(1651680544.1303737, 1651680555.710418, 11.580044269561768)
Test epoch: 48| Acc: 50.0 (33/66) 

Epoch: 49
Train epoch:49 	Loss_in: 0.000000 | Loss_in_diffu: 15.568280 | Loss_out_diffu: 0.000000 | Acc: 74.626866 (100/134)
(1651680557.1151578, 1651680568.719638, 11.604480266571045)
Test epoch: 49| Acc: 50.0 (33/66) 

Epoch: 50
Train epoch:50 	Loss_in: 0.000000 | Loss_in_diffu: 15.565570 | Loss_out_diffu: 0.000000 | Acc: 74.626866 (100/134)
(1651680570.2871914, 1651680581.8780513, 11.59085988998413)
Test epoch: 50| Acc: 50.0 (33/66) 

Epoch: 51
Train epoch:51 	Loss_in: 0.000000 | Loss_in_diffu: 15.548684 | Loss_out_diffu: 0.000000 | Acc: 75.373134 (101/134)
(1651680583.3177152, 1651680594.93667, 11.61895489692688)
Test epoch: 51| Acc: 50.0 (33/66) 

Epoch: 52
Train epoch:52 	Loss_in: 0.000000 | Loss_in_diffu: 15.552970 | Loss_out_diffu: 0.000000 | Acc: 74.626866 (100/134)
(1651680596.4890962, 1651680608.0876656, 11.598569393157959)
Test epoch: 52| Acc: 50.0 (33/66) 

Epoch: 53
Train epoch:53 	Loss_in: 0.000000 | Loss_in_diffu: 15.545687 | Loss_out_diffu: 0.000000 | Acc: 74.626866 (100/134)
(1651680609.4945815, 1651680621.09257, 11.597988605499268)
Test epoch: 53| Acc: 50.0 (33/66) 

Epoch: 54
Train epoch:54 	Loss_in: 0.000000 | Loss_in_diffu: 15.541950 | Loss_out_diffu: 0.000000 | Acc: 73.880597 (99/134)
(1651680622.4859617, 1651680634.0902445, 11.604282855987549)
Test epoch: 54| Acc: 50.0 (33/66) 

Epoch: 55
Train epoch:55 	Loss_in: 0.000000 | Loss_in_diffu: 15.544954 | Loss_out_diffu: 0.000000 | Acc: 73.880597 (99/134)
(1651680635.501985, 1651680647.099945, 11.597959995269775)
Test epoch: 55| Acc: 50.0 (33/66) 

Epoch: 56
Train epoch:56 	Loss_in: 0.000000 | Loss_in_diffu: 15.535279 | Loss_out_diffu: 0.000000 | Acc: 73.880597 (99/134)
(1651680648.5082417, 1651680660.1116488, 11.603407144546509)
Test epoch: 56| Acc: 50.0 (33/66) 

Epoch: 57
Train epoch:57 	Loss_in: 0.000000 | Loss_in_diffu: 15.535939 | Loss_out_diffu: 0.000000 | Acc: 74.626866 (100/134)
(1651680661.5094543, 1651680673.102377, 11.592922687530518)
Test epoch: 57| Acc: 50.0 (33/66) 

Epoch: 58
Train epoch:58 	Loss_in: 0.000000 | Loss_in_diffu: 15.521524 | Loss_out_diffu: 0.000000 | Acc: 73.880597 (99/134)
(1651680674.5089765, 1651680686.11168, 11.60270357131958)
Test epoch: 58| Acc: 50.0 (33/66) 

Epoch: 59
Train epoch:59 	Loss_in: 0.000000 | Loss_in_diffu: 15.508151 | Loss_out_diffu: 0.000000 | Acc: 73.880597 (99/134)
(1651680687.5112782, 1651680699.1093662, 11.598088026046753)
Test epoch: 59| Acc: 51.515151515151516 (34/66) 

Epoch: 60
Train epoch:60 	Loss_in: 0.000000 | Loss_in_diffu: 15.519121 | Loss_out_diffu: 0.000000 | Acc: 72.388060 (97/134)
(1651680700.5292668, 1651680712.1440127, 11.614745855331421)
Test epoch: 60| Acc: 51.515151515151516 (34/66) 

Epoch: 61
Train epoch:61 	Loss_in: 0.000000 | Loss_in_diffu: 15.498821 | Loss_out_diffu: 0.000000 | Acc: 73.880597 (99/134)
(1651680713.5449326, 1651680725.1506832, 11.605750560760498)
Test epoch: 61| Acc: 51.515151515151516 (34/66) 

Epoch: 62
Train epoch:62 	Loss_in: 0.000000 | Loss_in_diffu: 15.507212 | Loss_out_diffu: 0.000000 | Acc: 73.134328 (98/134)
(1651680726.5446103, 1651680738.1396174, 11.595007181167603)
Test epoch: 62| Acc: 51.515151515151516 (34/66) 

Epoch: 63
Train epoch:63 	Loss_in: 0.000000 | Loss_in_diffu: 15.507216 | Loss_out_diffu: 0.000000 | Acc: 73.880597 (99/134)
(1651680739.548818, 1651680751.1628625, 11.614044427871704)
Test epoch: 63| Acc: 51.515151515151516 (34/66) 

Epoch: 64
Train epoch:64 	Loss_in: 0.000000 | Loss_in_diffu: 15.487548 | Loss_out_diffu: 0.000000 | Acc: 76.865672 (103/134)
(1651680752.7195616, 1651680764.3347275, 11.615165948867798)
Test epoch: 64| Acc: 51.515151515151516 (34/66) 

Epoch: 65
Train epoch:65 	Loss_in: 0.000000 | Loss_in_diffu: 15.501522 | Loss_out_diffu: 0.000000 | Acc: 76.119403 (102/134)
(1651680765.7351077, 1651680777.343054, 11.607946395874023)
Test epoch: 65| Acc: 50.0 (33/66) 

Epoch: 66
Train epoch:66 	Loss_in: 0.000000 | Loss_in_diffu: 15.494760 | Loss_out_diffu: 0.000000 | Acc: 73.880597 (99/134)
(1651680778.9089465, 1651680790.5114434, 11.602496862411499)
Test epoch: 66| Acc: 50.0 (33/66) 

Epoch: 67
Train epoch:67 	Loss_in: 0.000000 | Loss_in_diffu: 15.500520 | Loss_out_diffu: 0.000000 | Acc: 74.626866 (100/134)
(1651680791.916034, 1651680803.5223475, 11.606313467025757)
Test epoch: 67| Acc: 51.515151515151516 (34/66) 

Epoch: 68
Train epoch:68 	Loss_in: 0.000000 | Loss_in_diffu: 15.500540 | Loss_out_diffu: 0.000000 | Acc: 74.626866 (100/134)
(1651680804.9142947, 1651680816.5281134, 11.613818645477295)
Test epoch: 68| Acc: 50.0 (33/66) 

Epoch: 69
Train epoch:69 	Loss_in: 0.000000 | Loss_in_diffu: 15.502897 | Loss_out_diffu: 0.000000 | Acc: 74.626866 (100/134)
(1651680817.9242005, 1651680829.5270393, 11.60283875465393)
Test epoch: 69| Acc: 51.515151515151516 (34/66) 

Epoch: 70
Train epoch:70 	Loss_in: 0.000000 | Loss_in_diffu: 15.495174 | Loss_out_diffu: 0.000000 | Acc: 75.373134 (101/134)
(1651680830.9393735, 1651680842.5591166, 11.61974310874939)
Test epoch: 70| Acc: 51.515151515151516 (34/66) 

Epoch: 71
Train epoch:71 	Loss_in: 0.000000 | Loss_in_diffu: 15.481945 | Loss_out_diffu: 0.000000 | Acc: 75.373134 (101/134)
(1651680843.9669654, 1651680855.5800862, 11.613120794296265)
Test epoch: 71| Acc: 51.515151515151516 (34/66) 

Epoch: 72
Train epoch:72 	Loss_in: 0.000000 | Loss_in_diffu: 15.502396 | Loss_out_diffu: 0.000000 | Acc: 72.388060 (97/134)
(1651680856.9771557, 1651680868.593101, 11.61594533920288)
Test epoch: 72| Acc: 51.515151515151516 (34/66) 

Epoch: 73
Train epoch:73 	Loss_in: 0.000000 | Loss_in_diffu: 15.482254 | Loss_out_diffu: 0.000000 | Acc: 75.373134 (101/134)
(1651680869.9943757, 1651680881.6070697, 11.612694025039673)
Test epoch: 73| Acc: 50.0 (33/66) 

Epoch: 74
Train epoch:74 	Loss_in: 0.000000 | Loss_in_diffu: 15.502684 | Loss_out_diffu: 0.000000 | Acc: 73.134328 (98/134)
(1651680883.0097218, 1651680894.6309578, 11.621236085891724)
Test epoch: 74| Acc: 51.515151515151516 (34/66) 

Epoch: 75
Train epoch:75 	Loss_in: 0.000000 | Loss_in_diffu: 15.495699 | Loss_out_diffu: 0.000000 | Acc: 72.388060 (97/134)
(1651680896.0442796, 1651680907.6492848, 11.605005264282227)
Test epoch: 75| Acc: 50.0 (33/66) 

Epoch: 76
Train epoch:76 	Loss_in: 0.000000 | Loss_in_diffu: 15.490598 | Loss_out_diffu: 0.000000 | Acc: 74.626866 (100/134)
(1651680909.2301857, 1651680920.8195438, 11.58935809135437)
Test epoch: 76| Acc: 51.515151515151516 (34/66) 

Epoch: 77
Train epoch:77 	Loss_in: 0.000000 | Loss_in_diffu: 15.498405 | Loss_out_diffu: 0.000000 | Acc: 73.134328 (98/134)
(1651680922.2223873, 1651680933.8324003, 11.610013008117676)
Test epoch: 77| Acc: 51.515151515151516 (34/66) 

Epoch: 78
Train epoch:78 	Loss_in: 0.000000 | Loss_in_diffu: 15.479152 | Loss_out_diffu: 0.000000 | Acc: 76.865672 (103/134)
(1651680935.3930423, 1651680947.0127456, 11.61970329284668)
Test epoch: 78| Acc: 50.0 (33/66) 

Epoch: 79
Train epoch:79 	Loss_in: 0.000000 | Loss_in_diffu: 15.480269 | Loss_out_diffu: 0.000000 | Acc: 75.373134 (101/134)
(1651680948.4084413, 1651680960.0013945, 11.592953205108643)
Test epoch: 79| Acc: 50.0 (33/66) 
