True
load data:  mnist
Building MNIST data loader with 1 workers
==> Building model..

Epoch: 0
Train epoch:0 	Loss_in: 0.560693 | Loss_in_diffu: 10.694033 | Loss_out_diffu: 11.107514 | Acc: 87.742054 (52561/59904)
(1639033026.570441, 1639033126.1792707, 99.6088297367096)
Test epoch: 0| Acc: 97.12 (9712/10000) 

Epoch: 1
Train epoch:1 	Loss_in: 0.091232 | Loss_in_diffu: 9.414984 | Loss_out_diffu: 10.624426 | Acc: 97.644565 (58493/59904)
(1639033126.7849476, 1639033226.7566333, 99.97168564796448)
Test epoch: 1| Acc: 98.12 (9812/10000) 

Epoch: 2
Train epoch:2 	Loss_in: 0.070557 | Loss_in_diffu: 8.630244 | Loss_out_diffu: 9.965697 | Acc: 98.095286 (58763/59904)
(1639033227.4132612, 1639033326.9097607, 99.49649953842163)
Test epoch: 2| Acc: 98.44 (9844/10000) 

Epoch: 3
Train epoch:3 	Loss_in: 0.053765 | Loss_in_diffu: 7.897610 | Loss_out_diffu: 9.310630 | Acc: 98.494257 (59002/59904)
(1639033327.6304505, 1639033428.038319, 100.40786862373352)
Test epoch: 3| Acc: 98.41 (9841/10000) 

Epoch: 4
Train epoch:4 	Loss_in: 0.049525 | Loss_in_diffu: 7.222716 | Loss_out_diffu: 8.679937 | Acc: 98.597756 (59064/59904)
(1639033428.6271145, 1639033528.912847, 100.28573250770569)
Test epoch: 4| Acc: 98.7 (9870/10000) 

Epoch: 5
Train epoch:5 	Loss_in: 0.044144 | Loss_in_diffu: 6.581789 | Loss_out_diffu: 8.039717 | Acc: 98.749666 (59155/59904)
(1639033529.5095944, 1639033628.8558536, 99.34625911712646)
Test epoch: 5| Acc: 98.79 (9879/10000) 

Epoch: 6
Train epoch:6 	Loss_in: 0.037960 | Loss_in_diffu: 5.961832 | Loss_out_diffu: 7.414896 | Acc: 98.956664 (59279/59904)
(1639033629.4684975, 1639033729.161455, 99.69295740127563)
Test epoch: 6| Acc: 98.91 (9891/10000) 

Epoch: 7
Train epoch:7 	Loss_in: 0.037594 | Loss_in_diffu: 5.367717 | Loss_out_diffu: 6.807002 | Acc: 98.924947 (59260/59904)
(1639033729.7590797, 1639033829.48354, 99.72446036338806)
Test epoch: 7| Acc: 98.76 (9876/10000) 

Epoch: 8
Train epoch:8 	Loss_in: 0.032322 | Loss_in_diffu: 4.790493 | Loss_out_diffu: 6.220402 | Acc: 99.035123 (59326/59904)
(1639033830.0855963, 1639033929.4440212, 99.35842490196228)
Test epoch: 8| Acc: 99.15 (9915/10000) 

Epoch: 9
Train epoch:9 	Loss_in: 0.027374 | Loss_in_diffu: 4.223441 | Loss_out_diffu: 5.653267 | Acc: 99.270499 (59467/59904)
(1639033930.0507247, 1639034029.339723, 99.28899836540222)
Test epoch: 9| Acc: 99.13 (9913/10000) 

Epoch: 10
Train epoch:10 	Loss_in: 0.029977 | Loss_in_diffu: 3.681377 | Loss_out_diffu: 5.072912 | Acc: 99.167001 (59405/59904)
(1639034029.9367425, 1639034129.4809003, 99.54415774345398)
Test epoch: 10| Acc: 99.11 (9911/10000) 

Epoch: 11
Train epoch:11 	Loss_in: 0.010072 | Loss_in_diffu: 3.379781 | Loss_out_diffu: 4.810169 | Acc: 99.724559 (59739/59904)
(1639034130.082671, 1639034230.4732683, 100.39059734344482)
Test epoch: 11| Acc: 99.53 (9953/10000) 

Epoch: 12
Train epoch:12 	Loss_in: 0.007344 | Loss_in_diffu: 3.315912 | Loss_out_diffu: 4.754427 | Acc: 99.808026 (59789/59904)
(1639034231.0740178, 1639034330.7315304, 99.65751266479492)
Test epoch: 12| Acc: 99.56 (9956/10000) 

Epoch: 13
Train epoch:13 	Loss_in: 0.006541 | Loss_in_diffu: 3.253830 | Loss_out_diffu: 4.698538 | Acc: 99.849760 (59814/59904)
(1639034331.367147, 1639034431.4232614, 100.05611443519592)
Test epoch: 13| Acc: 99.54 (9954/10000) 

Epoch: 14
Train epoch:14 	Loss_in: 0.006002 | Loss_in_diffu: 3.193090 | Loss_out_diffu: 4.646755 | Acc: 99.854768 (59817/59904)
(1639034432.1419997, 1639034532.2792106, 100.13721084594727)
Test epoch: 14| Acc: 99.57 (9957/10000) 

Epoch: 15
Train epoch:15 	Loss_in: 0.005694 | Loss_in_diffu: 3.133760 | Loss_out_diffu: 4.597263 | Acc: 99.849760 (59814/59904)
(1639034532.9992697, 1639034632.8044078, 99.8051381111145)
Test epoch: 15| Acc: 99.48 (9948/10000) 

Epoch: 16
Train epoch:16 	Loss_in: 0.005059 | Loss_in_diffu: 3.075739 | Loss_out_diffu: 4.547979 | Acc: 99.863114 (59822/59904)
(1639034633.4131474, 1639034733.1443286, 99.73118114471436)
Test epoch: 16| Acc: 99.43 (9943/10000) 

Epoch: 17
Train epoch:17 	Loss_in: 0.004868 | Loss_in_diffu: 3.018285 | Loss_out_diffu: 4.527786 | Acc: 99.886485 (59836/59904)
(1639034733.7430658, 1639034833.7352374, 99.9921715259552)
Test epoch: 17| Acc: 99.38 (9938/10000) 

Epoch: 18
Train epoch:18 	Loss_in: 0.004569 | Loss_in_diffu: 2.961818 | Loss_out_diffu: 4.490557 | Acc: 99.873130 (59828/59904)
(1639034834.4431329, 1639034934.259452, 99.81631922721863)
Test epoch: 18| Acc: 99.46 (9946/10000) 

Epoch: 19
Train epoch:19 	Loss_in: 0.004412 | Loss_in_diffu: 2.907102 | Loss_out_diffu: 4.440321 | Acc: 99.894832 (59841/59904)
(1639034934.9849205, 1639035034.510954, 99.52603340148926)
Test epoch: 19| Acc: 99.31 (9931/10000) 

Epoch: 20
Train epoch:20 	Loss_in: 0.003697 | Loss_in_diffu: 2.852379 | Loss_out_diffu: 4.391711 | Acc: 99.916533 (59854/59904)
(1639035035.098213, 1639035135.3644073, 100.2661943435669)
Test epoch: 20| Acc: 99.49 (9949/10000) 

Epoch: 21
Train epoch:21 	Loss_in: 0.002624 | Loss_in_diffu: 2.821824 | Loss_out_diffu: 4.369730 | Acc: 99.949920 (59874/59904)
(1639035136.0216568, 1639035236.4857922, 100.46413540840149)
Test epoch: 21| Acc: 99.58 (9958/10000) 

Epoch: 22
Train epoch:22 	Loss_in: 0.002444 | Loss_in_diffu: 2.815658 | Loss_out_diffu: 4.365885 | Acc: 99.951589 (59875/59904)
(1639035237.2057025, 1639035336.7960548, 99.59035229682922)
Test epoch: 22| Acc: 99.61 (9961/10000) 

Epoch: 23
Train epoch:23 	Loss_in: 0.002320 | Loss_in_diffu: 2.810214 | Loss_out_diffu: 4.361256 | Acc: 99.956597 (59878/59904)
(1639035337.5028377, 1639035437.1450882, 99.64225053787231)
Test epoch: 23| Acc: 99.56 (9956/10000) 

Epoch: 24
Train epoch:24 	Loss_in: 0.002233 | Loss_in_diffu: 2.803848 | Loss_out_diffu: 4.356656 | Acc: 99.963275 (59882/59904)
(1639035437.7540433, 1639035537.2614949, 99.50745153427124)
Test epoch: 24| Acc: 99.51 (9951/10000) 

Epoch: 25
Train epoch:25 	Loss_in: 0.002127 | Loss_in_diffu: 2.798195 | Loss_out_diffu: 4.351933 | Acc: 99.964944 (59883/59904)
(1639035537.870954, 1639035637.9724567, 100.10150265693665)
Test epoch: 25| Acc: 99.53 (9953/10000) 

Epoch: 26
Train epoch:26 	Loss_in: 0.002171 | Loss_in_diffu: 2.791939 | Loss_out_diffu: 4.347006 | Acc: 99.964944 (59883/59904)
(1639035638.6829128, 1639035738.3266954, 99.64378261566162)
Test epoch: 26| Acc: 99.52 (9952/10000) 

Epoch: 27
Train epoch:27 	Loss_in: 0.002147 | Loss_in_diffu: 2.786425 | Loss_out_diffu: 4.342580 | Acc: 99.966613 (59884/59904)
(1639035739.03805, 1639035838.735101, 99.69705104827881)
Test epoch: 27| Acc: 99.51 (9951/10000) 

Epoch: 28
Train epoch:28 	Loss_in: 0.002136 | Loss_in_diffu: 2.780517 | Loss_out_diffu: 4.337003 | Acc: 99.961605 (59881/59904)
(1639035839.33922, 1639035938.8501022, 99.51088213920593)
Test epoch: 28| Acc: 99.51 (9951/10000) 

Epoch: 29
Train epoch:29 	Loss_in: 0.002028 | Loss_in_diffu: 2.774757 | Loss_out_diffu: 4.332102 | Acc: 99.968283 (59885/59904)
(1639035939.5650098, 1639036039.00654, 99.44153022766113)
Test epoch: 29| Acc: 99.52 (9952/10000) 

Epoch: 30
Train epoch:30 	Loss_in: 0.001950 | Loss_in_diffu: 2.769015 | Loss_out_diffu: 4.327853 | Acc: 99.968283 (59885/59904)
(1639036039.719914, 1639036139.9959338, 100.27601981163025)
Test epoch: 30| Acc: 99.53 (9953/10000) 

Epoch: 31
Train epoch:31 	Loss_in: 0.001786 | Loss_in_diffu: 2.765690 | Loss_out_diffu: 4.325560 | Acc: 99.973291 (59888/59904)
(1639036140.5820785, 1639036240.381645, 99.79956650733948)
Test epoch: 31| Acc: 99.52 (9952/10000) 

Epoch: 32
Train epoch:32 	Loss_in: 0.001874 | Loss_in_diffu: 2.765376 | Loss_out_diffu: 4.325841 | Acc: 99.971621 (59887/59904)
(1639036240.9899948, 1639036340.5335596, 99.54356479644775)
Test epoch: 32| Acc: 99.51 (9951/10000) 

Epoch: 33
Train epoch:33 	Loss_in: 0.001828 | Loss_in_diffu: 2.764672 | Loss_out_diffu: 4.325081 | Acc: 99.971621 (59887/59904)
(1639036341.1330862, 1639036440.6815886, 99.54850244522095)
Test epoch: 33| Acc: 99.55 (9955/10000) 

Epoch: 34
Train epoch:34 	Loss_in: 0.001832 | Loss_in_diffu: 2.763964 | Loss_out_diffu: 4.324822 | Acc: 99.973291 (59888/59904)
(1639036441.4049034, 1639036541.4424355, 100.03753209114075)
Test epoch: 34| Acc: 99.55 (9955/10000) 

Epoch: 35
Train epoch:35 	Loss_in: 0.001866 | Loss_in_diffu: 2.763638 | Loss_out_diffu: 4.324113 | Acc: 99.969952 (59886/59904)
(1639036542.1636178, 1639036642.3886774, 100.22505950927734)
Test epoch: 35| Acc: 99.54 (9954/10000) 

Epoch: 36
Train epoch:36 	Loss_in: 0.001782 | Loss_in_diffu: 2.762790 | Loss_out_diffu: 4.323786 | Acc: 99.976629 (59890/59904)
(1639036643.0962803, 1639036743.6359887, 100.53970837593079)
Test epoch: 36| Acc: 99.55 (9955/10000) 

Epoch: 37
Train epoch:37 	Loss_in: 0.001850 | Loss_in_diffu: 2.761873 | Loss_out_diffu: 4.323545 | Acc: 99.974960 (59889/59904)
(1639036744.2425957, 1639036844.1288233, 99.88622760772705)
Test epoch: 37| Acc: 99.52 (9952/10000) 

Epoch: 38
Train epoch:38 	Loss_in: 0.001834 | Loss_in_diffu: 2.761358 | Loss_out_diffu: 4.323197 | Acc: 99.974960 (59889/59904)
(1639036844.80673, 1639036944.9871955, 100.18046545982361)
Test epoch: 38| Acc: 99.53 (9953/10000) 

Epoch: 39
Train epoch:39 	Loss_in: 0.001814 | Loss_in_diffu: 2.760982 | Loss_out_diffu: 4.322471 | Acc: 99.981637 (59893/59904)
(1639036945.7083523, 1639037045.1859162, 99.47756385803223)
Test epoch: 39| Acc: 99.56 (9956/10000) 
