True
load data:  mnist
Building MNIST data loader with 1 workers
==> Building model..

Epoch: 0
Train epoch:0 	Loss_in: 0.000000 | Loss_in_diffu: 33.476431 | Loss_out_diffu: 61.917173 | Acc: 87.895633 (52653/59904)
(1642948939.278942, 1642949023.1990314, 83.92008924484253)
Test epoch: 0| Acc: 97.83 (9783/10000) 

Epoch: 1
Train epoch:1 	Loss_in: 0.000000 | Loss_in_diffu: 33.252071 | Loss_out_diffu: 190.250502 | Acc: 98.190438 (58820/59904)
(1642949023.6622345, 1642949106.3361104, 82.67387580871582)
Test epoch: 1| Acc: 98.93 (9893/10000) 

Epoch: 2
Train epoch:2 	Loss_in: 0.000000 | Loss_in_diffu: 33.444113 | Loss_out_diffu: 413.147410 | Acc: 98.380743 (58934/59904)
(1642949106.9153204, 1642949189.6001747, 82.68485426902771)
Test epoch: 2| Acc: 98.99 (9899/10000) 

Epoch: 3
Train epoch:3 	Loss_in: 0.000000 | Loss_in_diffu: 33.559616 | Loss_out_diffu: 714.498627 | Acc: 98.971688 (59288/59904)
(1642949190.1724696, 1642949273.9207473, 83.74827766418457)
Test epoch: 3| Acc: 99.05 (9905/10000) 

Epoch: 4
Train epoch:4 	Loss_in: 0.000000 | Loss_in_diffu: 33.659774 | Loss_out_diffu: 1079.690982 | Acc: 99.053486 (59337/59904)
(1642949274.5004807, 1642949357.2777584, 82.77727770805359)
Test epoch: 4| Acc: 99.15 (9915/10000) 

Epoch: 5
Train epoch:5 	Loss_in: 0.000000 | Loss_in_diffu: 33.759593 | Loss_out_diffu: 1505.431947 | Acc: 99.230435 (59443/59904)
(1642949357.7310867, 1642949441.1353996, 83.4043128490448)
Test epoch: 5| Acc: 99.1 (9910/10000) 

Epoch: 6
Train epoch:6 	Loss_in: 0.000000 | Loss_in_diffu: 33.863596 | Loss_out_diffu: 1989.321718 | Acc: 99.328926 (59502/59904)
(1642949441.6948087, 1642949524.6169233, 82.922114610672)
Test epoch: 6| Acc: 99.22 (9922/10000) 

Epoch: 7
Train epoch:7 	Loss_in: 0.000000 | Loss_in_diffu: 33.977523 | Loss_out_diffu: 2530.020704 | Acc: 99.363982 (59523/59904)
(1642949525.1902573, 1642949608.0325484, 82.84229111671448)
Test epoch: 7| Acc: 99.03 (9903/10000) 

Epoch: 8
Train epoch:8 	Loss_in: 0.000000 | Loss_in_diffu: 34.081295 | Loss_out_diffu: 3126.673407 | Acc: 99.432425 (59564/59904)
(1642949608.6162274, 1642949691.4034333, 82.78720593452454)
Test epoch: 8| Acc: 99.29 (9929/10000) 

Epoch: 9
Train epoch:9 	Loss_in: 0.000000 | Loss_in_diffu: 34.188220 | Loss_out_diffu: 3778.734041 | Acc: 99.462473 (59582/59904)
(1642949691.971211, 1642949774.860375, 82.88916397094727)
Test epoch: 9| Acc: 99.39 (9939/10000) 

Epoch: 10
Train epoch:10 	Loss_in: 0.000000 | Loss_in_diffu: 34.268043 | Loss_out_diffu: 4485.678433 | Acc: 99.642762 (59690/59904)
(1642949775.3030999, 1642949857.992062, 82.68896222114563)
Test epoch: 10| Acc: 99.07 (9907/10000) 

Epoch: 11
Train epoch:11 	Loss_in: 0.000000 | Loss_in_diffu: 34.303826 | Loss_out_diffu: 4894.874503 | Acc: 99.876469 (59830/59904)
(1642949858.4491754, 1642949941.392506, 82.94333052635193)
Test epoch: 11| Acc: 99.48 (9948/10000) 

Epoch: 12
Train epoch:12 	Loss_in: 0.000000 | Loss_in_diffu: 34.302256 | Loss_out_diffu: 4968.228782 | Acc: 99.954928 (59877/59904)
(1642949941.9661808, 1642950025.325257, 83.35907626152039)
Test epoch: 12| Acc: 99.54 (9954/10000) 

Epoch: 13
Train epoch:13 	Loss_in: 0.000000 | Loss_in_diffu: 34.302427 | Loss_out_diffu: 5040.684877 | Acc: 99.966613 (59884/59904)
(1642950025.8995676, 1642950109.1022828, 83.20271515846252)
Test epoch: 13| Acc: 99.53 (9953/10000) 

Epoch: 14
Train epoch:14 	Loss_in: 0.000000 | Loss_in_diffu: 34.302600 | Loss_out_diffu: 5113.167688 | Acc: 99.973291 (59888/59904)
(1642950109.5461345, 1642950192.2496839, 82.7035493850708)
Test epoch: 14| Acc: 99.55 (9955/10000) 

Epoch: 15
