True
load data:  mnist
Building MNIST data loader with 1 workers
==> Building model..

Epoch: 0
Train epoch:0 	Loss_in: 0.476965 | Loss_in_diffu: 5.454089 | Loss_out_diffu: 0.000000 | Acc: 90.005676 (53917/59904)
(1642934195.6004786, 1642934238.4326746, 42.83219599723816)
Test epoch: 0| Acc: 97.71 (9771/10000) 

Epoch: 1
Train epoch:1 	Loss_in: 0.072732 | Loss_in_diffu: 4.629982 | Loss_out_diffu: 0.000000 | Acc: 98.123665 (58780/59904)
(1642934238.9344668, 1642934281.4755228, 42.54105591773987)
Test epoch: 1| Acc: 98.68 (9868/10000) 

Epoch: 2
Train epoch:2 	Loss_in: 0.050466 | Loss_in_diffu: 4.286246 | Loss_out_diffu: 0.000000 | Acc: 98.594418 (59062/59904)
(1642934281.9735277, 1642934324.466608, 42.493080377578735)
Test epoch: 2| Acc: 98.83 (9883/10000) 

Epoch: 3
Train epoch:3 	Loss_in: 0.043458 | Loss_in_diffu: 3.988374 | Loss_out_diffu: 0.000000 | Acc: 98.751335 (59156/59904)
(1642934325.0795774, 1642934367.8635352, 42.783957719802856)
Test epoch: 3| Acc: 98.92 (9892/10000) 

Epoch: 4
Train epoch:4 	Loss_in: 0.035851 | Loss_in_diffu: 3.711839 | Loss_out_diffu: 0.000000 | Acc: 98.946648 (59273/59904)
(1642934368.360554, 1642934411.0290062, 42.66845226287842)
Test epoch: 4| Acc: 98.83 (9883/10000) 

Epoch: 5
Train epoch:5 	Loss_in: 0.032562 | Loss_in_diffu: 3.448247 | Loss_out_diffu: 0.000000 | Acc: 99.073518 (59349/59904)
(1642934411.534272, 1642934454.1634197, 42.62914776802063)
Test epoch: 5| Acc: 98.86 (9886/10000) 

Epoch: 6
Train epoch:6 	Loss_in: 0.028628 | Loss_in_diffu: 3.192226 | Loss_out_diffu: 0.000000 | Acc: 99.165331 (59404/59904)
(1642934454.7686846, 1642934497.3832257, 42.61454105377197)
Test epoch: 6| Acc: 99.27 (9927/10000) 

Epoch: 7
Train epoch:7 	Loss_in: 0.023260 | Loss_in_diffu: 2.939645 | Loss_out_diffu: 0.000000 | Acc: 99.328926 (59502/59904)
(1642934497.9020894, 1642934540.44968, 42.54759073257446)
Test epoch: 7| Acc: 98.63 (9863/10000) 

Epoch: 8
Train epoch:8 	Loss_in: 0.024089 | Loss_in_diffu: 2.694529 | Loss_out_diffu: 0.000000 | Acc: 99.342281 (59510/59904)
(1642934540.9496012, 1642934583.4822252, 42.53262400627136)
Test epoch: 8| Acc: 99.2 (9920/10000) 

Epoch: 9
Train epoch:9 	Loss_in: 0.024049 | Loss_in_diffu: 2.452591 | Loss_out_diffu: 0.000000 | Acc: 99.313902 (59493/59904)
(1642934584.090643, 1642934626.4941316, 42.403488636016846)
Test epoch: 9| Acc: 99.21 (9921/10000) 

Epoch: 10
Train epoch:10 	Loss_in: 0.018059 | Loss_in_diffu: 2.210999 | Loss_out_diffu: 0.000000 | Acc: 99.472489 (59588/59904)
(1642934626.9951513, 1642934669.5043514, 42.50920009613037)
Test epoch: 10| Acc: 99.05 (9905/10000) 

Epoch: 11
Train epoch:11 	Loss_in: 0.007044 | Loss_in_diffu: 2.077114 | Loss_out_diffu: 0.000000 | Acc: 99.801349 (59785/59904)
(1642934669.985742, 1642934712.727547, 42.74180483818054)
Test epoch: 11| Acc: 99.51 (9951/10000) 

Epoch: 12
Train epoch:12 	Loss_in: 0.004342 | Loss_in_diffu: 2.049879 | Loss_out_diffu: 0.000000 | Acc: 99.906517 (59848/59904)
(1642934713.218095, 1642934755.9592009, 42.741105794906616)
Test epoch: 12| Acc: 99.5 (9950/10000) 

Epoch: 13
Train epoch:13 	Loss_in: 0.003557 | Loss_in_diffu: 2.023958 | Loss_out_diffu: 0.000000 | Acc: 99.918202 (59855/59904)
(1642934756.4531956, 1642934799.3247142, 42.87151861190796)
Test epoch: 13| Acc: 99.51 (9951/10000) 

Epoch: 14
Train epoch:14 	Loss_in: 0.002841 | Loss_in_diffu: 1.998628 | Loss_out_diffu: 0.000000 | Acc: 99.933226 (59864/59904)
(1642934799.834957, 1642934842.4873693, 42.65241241455078)
Test epoch: 14| Acc: 99.46 (9946/10000) 

Epoch: 15
Train epoch:15 	Loss_in: 0.002615 | Loss_in_diffu: 1.973340 | Loss_out_diffu: 0.000000 | Acc: 99.953259 (59876/59904)
(1642934842.987303, 1642934885.47436, 42.48705697059631)
Test epoch: 15| Acc: 99.51 (9951/10000) 

Epoch: 16
Train epoch:16 	Loss_in: 0.002115 | Loss_in_diffu: 1.948058 | Loss_out_diffu: 0.000000 | Acc: 99.963275 (59882/59904)
(1642934885.953247, 1642934928.6022062, 42.648959159851074)
Test epoch: 16| Acc: 99.5 (9950/10000) 

Epoch: 17
Train epoch:17 	Loss_in: 0.002105 | Loss_in_diffu: 1.923601 | Loss_out_diffu: 0.000000 | Acc: 99.961605 (59881/59904)
(1642934929.0859637, 1642934971.3860974, 42.30013370513916)
Test epoch: 17| Acc: 99.52 (9952/10000) 

Epoch: 18
Train epoch:18 	Loss_in: 0.002482 | Loss_in_diffu: 1.899089 | Loss_out_diffu: 0.000000 | Acc: 99.941573 (59869/59904)
(1642934971.9956455, 1642935014.304616, 42.30897045135498)
Test epoch: 18| Acc: 99.41 (9941/10000) 

Epoch: 19
Train epoch:19 	Loss_in: 0.002098 | Loss_in_diffu: 1.875151 | Loss_out_diffu: 0.000000 | Acc: 99.953259 (59876/59904)
(1642935014.9117646, 1642935057.369809, 42.4580442905426)
Test epoch: 19| Acc: 99.41 (9941/10000) 

Epoch: 20
Train epoch:20 	Loss_in: 0.001596 | Loss_in_diffu: 1.850804 | Loss_out_diffu: 0.000000 | Acc: 99.978299 (59891/59904)
(1642935057.9818165, 1642935100.4516664, 42.469849824905396)
Test epoch: 20| Acc: 99.52 (9952/10000) 

Epoch: 21
Train epoch:21 	Loss_in: 0.001087 | Loss_in_diffu: 1.837342 | Loss_out_diffu: 0.000000 | Acc: 99.986645 (59896/59904)
(1642935100.940415, 1642935143.5634418, 42.623026847839355)
Test epoch: 21| Acc: 99.49 (9949/10000) 

Epoch: 22
Train epoch:22 	Loss_in: 0.001049 | Loss_in_diffu: 1.834747 | Loss_out_diffu: 0.000000 | Acc: 99.986645 (59896/59904)
(1642935144.1759086, 1642935186.810053, 42.63414454460144)
Test epoch: 22| Acc: 99.51 (9951/10000) 

Epoch: 23
Train epoch:23 	Loss_in: 0.001028 | Loss_in_diffu: 1.832396 | Loss_out_diffu: 0.000000 | Acc: 99.988315 (59897/59904)
(1642935187.422404, 1642935230.0339534, 42.611549377441406)
Test epoch: 23| Acc: 99.47 (9947/10000) 

Epoch: 24
Train epoch:24 	Loss_in: 0.001013 | Loss_in_diffu: 1.829621 | Loss_out_diffu: 0.000000 | Acc: 99.988315 (59897/59904)
(1642935230.6446636, 1642935273.3248503, 42.68018674850464)
Test epoch: 24| Acc: 99.48 (9948/10000) 

Epoch: 25
Train epoch:25 	Loss_in: 0.000985 | Loss_in_diffu: 1.827259 | Loss_out_diffu: 0.000000 | Acc: 99.988315 (59897/59904)
(1642935273.8155658, 1642935316.4573357, 42.641769886016846)
Test epoch: 25| Acc: 99.5 (9950/10000) 

Epoch: 26
Train epoch:26 	Loss_in: 0.000940 | Loss_in_diffu: 1.824663 | Loss_out_diffu: 0.000000 | Acc: 99.986645 (59896/59904)
(1642935316.9482226, 1642935359.5508065, 42.60258388519287)
Test epoch: 26| Acc: 99.53 (9953/10000) 

Epoch: 27
Train epoch:27 	Loss_in: 0.000920 | Loss_in_diffu: 1.822118 | Loss_out_diffu: 0.000000 | Acc: 99.988315 (59897/59904)
(1642935360.1638973, 1642935402.441587, 42.277689695358276)
Test epoch: 27| Acc: 99.51 (9951/10000) 

Epoch: 28
Train epoch:28 	Loss_in: 0.000862 | Loss_in_diffu: 1.819815 | Loss_out_diffu: 0.000000 | Acc: 99.991653 (59899/59904)
(1642935402.9166183, 1642935445.3090832, 42.39246487617493)
Test epoch: 28| Acc: 99.54 (9954/10000) 

Epoch: 29
Train epoch:29 	Loss_in: 0.000807 | Loss_in_diffu: 1.817295 | Loss_out_diffu: 0.000000 | Acc: 99.989984 (59898/59904)
(1642935445.789988, 1642935488.180107, 42.39011907577515)
Test epoch: 29| Acc: 99.51 (9951/10000) 

Epoch: 30
Train epoch:30 	Loss_in: 0.000788 | Loss_in_diffu: 1.814608 | Loss_out_diffu: 0.000000 | Acc: 99.991653 (59899/59904)
(1642935488.7849886, 1642935531.29146, 42.506471395492554)
Test epoch: 30| Acc: 99.51 (9951/10000) 

Epoch: 31
Train epoch:31 	Loss_in: 0.000732 | Loss_in_diffu: 1.813364 | Loss_out_diffu: 0.000000 | Acc: 99.991653 (59899/59904)
(1642935531.8117893, 1642935574.608078, 42.79628872871399)
Test epoch: 31| Acc: 99.53 (9953/10000) 

Epoch: 32
Train epoch:32 	Loss_in: 0.000726 | Loss_in_diffu: 1.812834 | Loss_out_diffu: 0.000000 | Acc: 99.993323 (59900/59904)
(1642935575.2217338, 1642935618.0106454, 42.78891158103943)
Test epoch: 32| Acc: 99.52 (9952/10000) 

Epoch: 33
Train epoch:33 	Loss_in: 0.000721 | Loss_in_diffu: 1.812856 | Loss_out_diffu: 0.000000 | Acc: 99.993323 (59900/59904)
(1642935618.5090775, 1642935661.076833, 42.567755460739136)
Test epoch: 33| Acc: 99.52 (9952/10000) 

Epoch: 34
Train epoch:34 	Loss_in: 0.000742 | Loss_in_diffu: 1.812459 | Loss_out_diffu: 0.000000 | Acc: 99.993323 (59900/59904)
(1642935661.679745, 1642935704.3392587, 42.65951371192932)
Test epoch: 34| Acc: 99.54 (9954/10000) 

Epoch: 35
Train epoch:35 	Loss_in: 0.000706 | Loss_in_diffu: 1.812196 | Loss_out_diffu: 0.000000 | Acc: 99.993323 (59900/59904)
(1642935704.8299546, 1642935747.3095362, 42.47958159446716)
Test epoch: 35| Acc: 99.52 (9952/10000) 

Epoch: 36
Train epoch:36 	Loss_in: 0.000747 | Loss_in_diffu: 1.811894 | Loss_out_diffu: 0.000000 | Acc: 99.991653 (59899/59904)
(1642935747.9090939, 1642935790.7962418, 42.88714790344238)
Test epoch: 36| Acc: 99.51 (9951/10000) 

Epoch: 37
Train epoch:37 	Loss_in: 0.000762 | Loss_in_diffu: 1.811760 | Loss_out_diffu: 0.000000 | Acc: 99.993323 (59900/59904)
(1642935791.4097955, 1642935834.178235, 42.768439531326294)
Test epoch: 37| Acc: 99.51 (9951/10000) 

Epoch: 38
Train epoch:38 	Loss_in: 0.000729 | Loss_in_diffu: 1.811502 | Loss_out_diffu: 0.000000 | Acc: 99.993323 (59900/59904)
(1642935834.7837443, 1642935877.2607985, 42.47705411911011)
Test epoch: 38| Acc: 99.52 (9952/10000) 

Epoch: 39
Train epoch:39 	Loss_in: 0.000697 | Loss_in_diffu: 1.811229 | Loss_out_diffu: 0.000000 | Acc: 99.991653 (59899/59904)
(1642935877.8719451, 1642935920.3041344, 42.43218922615051)
Test epoch: 39| Acc: 99.49 (9949/10000) 
