True
load data:  mnist
Building MNIST data loader with 1 workers
==> Building model..

Epoch: 0
Train epoch:0 	Loss_in: 0.697331 | Loss_in_diffu: 11.772355 | Loss_out_diffu: 12.178994 | Acc: 83.864183 (50238/59904)
(1642956517.2026403, 1642956618.1540453, 100.95140504837036)
Test epoch: 0| Acc: 95.67 (9567/10000) 

Epoch: 1
Train epoch:1 	Loss_in: 0.125382 | Loss_in_diffu: 11.344134 | Loss_out_diffu: 12.709804 | Acc: 96.661325 (57904/59904)
(1642956618.7440314, 1642956718.6057427, 99.86171126365662)
Test epoch: 1| Acc: 97.03 (9703/10000) 

Epoch: 2
Train epoch:2 	Loss_in: 0.078643 | Loss_in_diffu: 11.366276 | Loss_out_diffu: 12.886219 | Acc: 97.824853 (58601/59904)
(1642956719.1972413, 1642956819.4522302, 100.2549889087677)
Test epoch: 2| Acc: 98.39 (9839/10000) 

Epoch: 3
Train epoch:3 	Loss_in: 0.058953 | Loss_in_diffu: 11.413975 | Loss_out_diffu: 12.990974 | Acc: 98.339009 (58909/59904)
(1642956820.0510385, 1642956919.684366, 99.63332748413086)
Test epoch: 3| Acc: 98.76 (9876/10000) 

Epoch: 4
Train epoch:4 	Loss_in: 0.048878 | Loss_in_diffu: 11.480130 | Loss_out_diffu: 13.099471 | Acc: 98.659522 (59101/59904)
(1642956920.3937151, 1642957020.5170882, 100.12337303161621)
Test epoch: 4| Acc: 98.39 (9839/10000) 

Epoch: 5
Train epoch:5 	Loss_in: 0.043082 | Loss_in_diffu: 11.553488 | Loss_out_diffu: 13.179173 | Acc: 98.719618 (59137/59904)
(1642957021.2162743, 1642957121.5922465, 100.37597227096558)
Test epoch: 5| Acc: 98.9 (9890/10000) 

Epoch: 6
Train epoch:6 	Loss_in: 0.036063 | Loss_in_diffu: 11.631394 | Loss_out_diffu: 13.301947 | Acc: 98.938301 (59268/59904)
(1642957122.3037632, 1642957222.2478812, 99.9441180229187)
Test epoch: 6| Acc: 98.76 (9876/10000) 

Epoch: 7
Train epoch:7 	Loss_in: 0.034463 | Loss_in_diffu: 11.723249 | Loss_out_diffu: 13.403517 | Acc: 98.919939 (59257/59904)
(1642957222.9576943, 1642957322.9100323, 99.95233798027039)
Test epoch: 7| Acc: 99.22 (9922/10000) 

Epoch: 8
Train epoch:8 	Loss_in: 0.029938 | Loss_in_diffu: 11.816704 | Loss_out_diffu: 13.490112 | Acc: 99.095219 (59362/59904)
(1642957323.508752, 1642957423.1514459, 99.64269375801086)
Test epoch: 8| Acc: 98.5 (9850/10000) 

Epoch: 9
Train epoch:9 	Loss_in: 0.027795 | Loss_in_diffu: 11.907637 | Loss_out_diffu: 13.584057 | Acc: 99.177017 (59411/59904)
(1642957423.8482025, 1642957523.715941, 99.8677384853363)
Test epoch: 9| Acc: 98.94 (9894/10000) 

Epoch: 10
Train epoch:10 	Loss_in: 0.024191 | Loss_in_diffu: 12.000341 | Loss_out_diffu: 13.717807 | Acc: 99.273838 (59469/59904)
(1642957524.4256573, 1642957624.2385197, 99.81286239624023)
Test epoch: 10| Acc: 98.44 (9844/10000) 

Epoch: 11
Train epoch:11 	Loss_in: 0.010480 | Loss_in_diffu: 12.041188 | Loss_out_diffu: 13.816883 | Acc: 99.731237 (59743/59904)
(1642957624.8292668, 1642957725.4222918, 100.59302496910095)
Test epoch: 11| Acc: 99.5 (9950/10000) 

Epoch: 12
Train epoch:12 	Loss_in: 0.007337 | Loss_in_diffu: 12.040990 | Loss_out_diffu: 13.841646 | Acc: 99.829728 (59802/59904)
(1642957726.131152, 1642957825.9297771, 99.79862523078918)
Test epoch: 12| Acc: 99.53 (9953/10000) 

Epoch: 13
Train epoch:13 	Loss_in: 0.006551 | Loss_in_diffu: 12.043007 | Loss_out_diffu: 13.853540 | Acc: 99.839744 (59808/59904)
(1642957826.5322535, 1642957927.4273062, 100.8950526714325)
Test epoch: 13| Acc: 99.43 (9943/10000) 

Epoch: 14
Train epoch:14 	Loss_in: 0.005408 | Loss_in_diffu: 12.044765 | Loss_out_diffu: 13.864055 | Acc: 99.883146 (59834/59904)
(1642957928.019746, 1642958028.4551973, 100.43545126914978)
Test epoch: 14| Acc: 99.49 (9949/10000) 

Epoch: 15
Train epoch:15 	Loss_in: 0.005006 | Loss_in_diffu: 12.047270 | Loss_out_diffu: 13.872038 | Acc: 99.886485 (59836/59904)
(1642958029.0317674, 1642958128.6051219, 99.57335448265076)
Test epoch: 15| Acc: 99.58 (9958/10000) 

Epoch: 16
Train epoch:16 	Loss_in: 0.004196 | Loss_in_diffu: 12.049588 | Loss_out_diffu: 13.882296 | Acc: 99.909856 (59850/59904)
(1642958129.1846352, 1642958229.0330493, 99.84841418266296)
Test epoch: 16| Acc: 99.48 (9948/10000) 

Epoch: 17
Train epoch:17 	Loss_in: 0.003608 | Loss_in_diffu: 12.051690 | Loss_out_diffu: 13.893406 | Acc: 99.933226 (59864/59904)
(1642958229.6232576, 1642958329.8977985, 100.27454090118408)
Test epoch: 17| Acc: 99.53 (9953/10000) 

Epoch: 18
Train epoch:18 	Loss_in: 0.003638 | Loss_in_diffu: 12.054068 | Loss_out_diffu: 13.902887 | Acc: 99.921541 (59857/59904)
(1642958330.4885662, 1642958430.9091773, 100.42061114311218)
Test epoch: 18| Acc: 99.5 (9950/10000) 

Epoch: 19
Train epoch:19 	Loss_in: 0.003298 | Loss_in_diffu: 12.056720 | Loss_out_diffu: 13.906241 | Acc: 99.929888 (59862/59904)
(1642958431.4876664, 1642958531.2824857, 99.79481935501099)
Test epoch: 19| Acc: 99.43 (9943/10000) 

Epoch: 20
Train epoch:20 	Loss_in: 0.002566 | Loss_in_diffu: 12.058325 | Loss_out_diffu: 13.915764 | Acc: 99.958267 (59879/59904)
(1642958531.8723993, 1642958632.1117473, 100.2393479347229)
Test epoch: 20| Acc: 99.56 (9956/10000) 

Epoch: 21
Train epoch:21 	Loss_in: 0.001997 | Loss_in_diffu: 12.059456 | Loss_out_diffu: 13.923248 | Acc: 99.974960 (59889/59904)
(1642958632.8231463, 1642958732.970744, 100.14759755134583)
Test epoch: 21| Acc: 99.56 (9956/10000) 

Epoch: 22
Train epoch:22 	Loss_in: 0.001894 | Loss_in_diffu: 12.059385 | Loss_out_diffu: 13.924263 | Acc: 99.973291 (59888/59904)
(1642958733.5497115, 1642958833.3590245, 99.80931305885315)
Test epoch: 22| Acc: 99.6 (9960/10000) 

Epoch: 23
Train epoch:23 	Loss_in: 0.001857 | Loss_in_diffu: 12.059984 | Loss_out_diffu: 13.925434 | Acc: 99.974960 (59889/59904)
(1642958833.9371035, 1642958933.8386395, 99.901535987854)
Test epoch: 23| Acc: 99.61 (9961/10000) 

Epoch: 24
Train epoch:24 	Loss_in: 0.001796 | Loss_in_diffu: 12.059685 | Loss_out_diffu: 13.926683 | Acc: 99.973291 (59888/59904)
(1642958934.5473723, 1642959034.4541574, 99.9067850112915)
Test epoch: 24| Acc: 99.56 (9956/10000) 

Epoch: 25
Train epoch:25 	Loss_in: 0.001764 | Loss_in_diffu: 12.060141 | Loss_out_diffu: 13.928000 | Acc: 99.974960 (59889/59904)
(1642959035.0464084, 1642959135.6567717, 100.61036324501038)
Test epoch: 25| Acc: 99.59 (9959/10000) 

Epoch: 26
Train epoch:26 	Loss_in: 0.001724 | Loss_in_diffu: 12.059858 | Loss_out_diffu: 13.928871 | Acc: 99.976629 (59890/59904)
(1642959136.2594209, 1642959236.8360722, 100.57665133476257)
Test epoch: 26| Acc: 99.58 (9958/10000) 

Epoch: 27
Train epoch:27 	Loss_in: 0.001677 | Loss_in_diffu: 12.060402 | Loss_out_diffu: 13.929488 | Acc: 99.976629 (59890/59904)
(1642959237.5338094, 1642959337.8073308, 100.27352142333984)
Test epoch: 27| Acc: 99.58 (9958/10000) 

Epoch: 28
Train epoch:28 	Loss_in: 0.001643 | Loss_in_diffu: 12.060377 | Loss_out_diffu: 13.931321 | Acc: 99.976629 (59890/59904)
(1642959338.407221, 1642959438.6652002, 100.25797915458679)
Test epoch: 28| Acc: 99.59 (9959/10000) 

Epoch: 29
Train epoch:29 	Loss_in: 0.001603 | Loss_in_diffu: 12.060639 | Loss_out_diffu: 13.931863 | Acc: 99.978299 (59891/59904)
(1642959439.2557435, 1642959539.3886185, 100.13287496566772)
Test epoch: 29| Acc: 99.6 (9960/10000) 

Epoch: 30
Train epoch:30 	Loss_in: 0.001570 | Loss_in_diffu: 12.060810 | Loss_out_diffu: 13.933643 | Acc: 99.978299 (59891/59904)
(1642959540.0995498, 1642959640.4411614, 100.34161162376404)
Test epoch: 30| Acc: 99.6 (9960/10000) 

Epoch: 31
Train epoch:31 	Loss_in: 0.001494 | Loss_in_diffu: 12.060768 | Loss_out_diffu: 13.934249 | Acc: 99.981637 (59893/59904)
(1642959641.152064, 1642959741.0807273, 99.92866325378418)
Test epoch: 31| Acc: 99.59 (9959/10000) 

Epoch: 32
Train epoch:32 	Loss_in: 0.001487 | Loss_in_diffu: 12.061096 | Loss_out_diffu: 13.934731 | Acc: 99.981637 (59893/59904)
(1642959741.7899945, 1642959841.501613, 99.71161842346191)
Test epoch: 32| Acc: 99.57 (9957/10000) 

Epoch: 33
Train epoch:33 	Loss_in: 0.001487 | Loss_in_diffu: 12.060972 | Loss_out_diffu: 13.934597 | Acc: 99.981637 (59893/59904)
(1642959842.2129939, 1642959942.873557, 100.66056323051453)
Test epoch: 33| Acc: 99.59 (9959/10000) 

Epoch: 34
Train epoch:34 	Loss_in: 0.001478 | Loss_in_diffu: 12.060894 | Loss_out_diffu: 13.934724 | Acc: 99.983307 (59894/59904)
(1642959943.5848563, 1642960043.840569, 100.25571274757385)
Test epoch: 34| Acc: 99.59 (9959/10000) 

Epoch: 35
Train epoch:35 	Loss_in: 0.001473 | Loss_in_diffu: 12.061077 | Loss_out_diffu: 13.934818 | Acc: 99.983307 (59894/59904)
(1642960044.538454, 1642960144.6547606, 100.11630654335022)
Test epoch: 35| Acc: 99.57 (9957/10000) 

Epoch: 36
Train epoch:36 	Loss_in: 0.001468 | Loss_in_diffu: 12.060926 | Loss_out_diffu: 13.934823 | Acc: 99.981637 (59893/59904)
(1642960145.248657, 1642960245.2761114, 100.0274543762207)
Test epoch: 36| Acc: 99.58 (9958/10000) 

Epoch: 37
Train epoch:37 	Loss_in: 0.001464 | Loss_in_diffu: 12.060577 | Loss_out_diffu: 13.934923 | Acc: 99.983307 (59894/59904)
(1642960245.9761627, 1642960346.6264784, 100.65031576156616)
Test epoch: 37| Acc: 99.57 (9957/10000) 

Epoch: 38
Train epoch:38 	Loss_in: 0.001461 | Loss_in_diffu: 12.060721 | Loss_out_diffu: 13.935459 | Acc: 99.981637 (59893/59904)
(1642960347.3345788, 1642960447.4348762, 100.10029745101929)
Test epoch: 38| Acc: 99.58 (9958/10000) 

Epoch: 39
Train epoch:39 	Loss_in: 0.001454 | Loss_in_diffu: 12.060900 | Loss_out_diffu: 13.935168 | Acc: 99.983307 (59894/59904)
(1642960448.0125926, 1642960548.329514, 100.31692147254944)
Test epoch: 39| Acc: 99.58 (9958/10000) 
