True
load data:  svhn
Building SVHN data loader with 1 workers
Using downloaded and verified file: /home/ssy/BDNN/data/svhn/train_32x32.mat
Using downloaded and verified file: /home/ssy/BDNN/data/svhn/test_32x32.mat
load out data:  cifar10
Building CIFAR-10 data loader with 1 workers
Files already downloaded and verified
Files already downloaded and verified
==> Building model..

Epoch: 0
Train epoch:0 	Loss_in: 1.055905 | Loss_in_diffu: 8.573090 | Loss_out_diffu: 8.105829 | Acc: 47.926683 (23925/49920)
(1643181159.643497, 1643181243.5236268, 83.88012981414795)
Test epoch: 0| Acc: 70.37792487684729 (18287/25984) 

Epoch: 1
Train epoch:1 	Loss_in: 0.560798 | Loss_in_diffu: 8.327649 | Loss_out_diffu: 8.399911 | Acc: 75.164263 (37522/49920)
(1643181246.6173644, 1643181330.6563656, 84.03900122642517)
Test epoch: 1| Acc: 81.95427955665025 (21295/25984) 

Epoch: 2
Train epoch:2 	Loss_in: 0.406909 | Loss_in_diffu: 8.417629 | Loss_out_diffu: 8.638239 | Acc: 82.431891 (41150/49920)
(1643181333.635111, 1643181417.056192, 83.42108082771301)
Test epoch: 2| Acc: 83.10883620689656 (21595/25984) 

Epoch: 3
Train epoch:3 	Loss_in: 0.347502 | Loss_in_diffu: 8.568109 | Loss_out_diffu: 8.838109 | Acc: 85.084135 (42474/49920)
(1643181420.0213945, 1643181504.1246223, 84.10322785377502)
Test epoch: 3| Acc: 81.35775862068965 (21140/25984) 

Epoch: 4
Train epoch:4 	Loss_in: 0.315834 | Loss_in_diffu: 8.734454 | Loss_out_diffu: 9.026979 | Acc: 86.502404 (43182/49920)
(1643181507.2431462, 1643181591.1423454, 83.89919924736023)
Test epoch: 4| Acc: 86.0914408866995 (22370/25984) 

Epoch: 5
Train epoch:5 	Loss_in: 0.297408 | Loss_in_diffu: 8.915245 | Loss_out_diffu: 9.226672 | Acc: 87.283654 (43572/49920)
(1643181594.086454, 1643181677.5326765, 83.44622254371643)
Test epoch: 5| Acc: 85.20243226600985 (22139/25984) 

Epoch: 6
Train epoch:6 	Loss_in: 0.295493 | Loss_in_diffu: 9.137858 | Loss_out_diffu: 9.448945 | Acc: 87.435897 (43648/49920)
(1643181680.4927828, 1643181764.0148768, 83.52209401130676)
Test epoch: 6| Acc: 87.73475985221675 (22797/25984) 

Epoch: 7
Train epoch:7 	Loss_in: 0.285129 | Loss_in_diffu: 9.376510 | Loss_out_diffu: 9.677472 | Acc: 87.856571 (43858/49920)
(1643181766.9743488, 1643181850.4042218, 83.42987298965454)
Test epoch: 7| Acc: 89.52432266009852 (23262/25984) 

Epoch: 8
Train epoch:8 	Loss_in: 0.267023 | Loss_in_diffu: 9.599592 | Loss_out_diffu: 9.900441 | Acc: 88.505609 (44182/49920)
(1643181853.3858829, 1643181936.9391956, 83.5533127784729)
Test epoch: 8| Acc: 89.98614532019704 (23382/25984) 

Epoch: 9
Train epoch:9 	Loss_in: 0.257968 | Loss_in_diffu: 9.814670 | Loss_out_diffu: 10.124072 | Acc: 88.936298 (44397/49920)
(1643181939.90895, 1643182023.4189188, 83.5099687576294)
Test epoch: 9| Acc: 90.15163177339902 (23425/25984) 

Epoch: 10
Train epoch:10 	Loss_in: 0.244969 | Loss_in_diffu: 10.025253 | Loss_out_diffu: 10.346595 | Acc: 89.493189 (44675/49920)
(1643182026.3837698, 1643182110.3361285, 83.95235872268677)
Test epoch: 10| Acc: 88.10806650246306 (22894/25984) 

Epoch: 11
Train epoch:11 	Loss_in: 0.193217 | Loss_in_diffu: 10.110428 | Loss_out_diffu: 10.473175 | Acc: 91.929087 (45891/49920)
(1643182113.3532372, 1643182197.3917751, 84.03853797912598)
Test epoch: 11| Acc: 92.0027709359606 (23906/25984) 

Epoch: 12
Train epoch:12 	Loss_in: 0.183925 | Loss_in_diffu: 10.120265 | Loss_out_diffu: 10.492447 | Acc: 92.263622 (46058/49920)
(1643182200.477948, 1643182284.2815928, 83.80364489555359)
Test epoch: 12| Acc: 91.68334359605912 (23823/25984) 

Epoch: 13
Train epoch:13 	Loss_in: 0.184421 | Loss_in_diffu: 10.141183 | Loss_out_diffu: 10.512562 | Acc: 92.225561 (46039/49920)
(1643182287.3570635, 1643182371.4137793, 84.05671572685242)
Test epoch: 13| Acc: 92.05665024630542 (23920/25984) 

Epoch: 14
Train epoch:14 	Loss_in: 0.186241 | Loss_in_diffu: 10.163387 | Loss_out_diffu: 10.528246 | Acc: 92.203526 (46028/49920)
(1643182374.4001327, 1643182458.1503358, 83.7502031326294)
Test epoch: 14| Acc: 92.13746921182266 (23941/25984) 

Epoch: 15
Train epoch:15 	Loss_in: 0.184576 | Loss_in_diffu: 10.182766 | Loss_out_diffu: 10.543540 | Acc: 92.265625 (46059/49920)
(1643182461.225015, 1643182544.6291041, 83.4040892124176)
Test epoch: 15| Acc: 92.02201354679804 (23911/25984) 

Epoch: 16
Train epoch:16 	Loss_in: 0.182719 | Loss_in_diffu: 10.202807 | Loss_out_diffu: 10.562572 | Acc: 92.391827 (46122/49920)
(1643182547.7107859, 1643182631.3933313, 83.68254542350769)
Test epoch: 16| Acc: 91.82189039408867 (23859/25984) 

Epoch: 17
Train epoch:17 	Loss_in: 0.180342 | Loss_in_diffu: 10.222531 | Loss_out_diffu: 10.584754 | Acc: 92.536058 (46194/49920)
(1643182634.4883292, 1643182718.181436, 83.69310688972473)
Test epoch: 17| Acc: 91.97967980295566 (23900/25984) 

Epoch: 18
Train epoch:18 	Loss_in: 0.178113 | Loss_in_diffu: 10.242268 | Loss_out_diffu: 10.605298 | Acc: 92.512019 (46182/49920)
(1643182721.1440225, 1643182804.70565, 83.56162762641907)
Test epoch: 18| Acc: 92.2182881773399 (23962/25984) 

Epoch: 19
Train epoch:19 	Loss_in: 0.177979 | Loss_in_diffu: 10.264650 | Loss_out_diffu: 10.629036 | Acc: 92.534054 (46193/49920)
(1643182807.670875, 1643182891.1078598, 83.43698477745056)
Test epoch: 19| Acc: 91.69104064039409 (23825/25984) 

Epoch: 20
Train epoch:20 	Loss_in: 0.181181 | Loss_in_diffu: 10.290485 | Loss_out_diffu: 10.649677 | Acc: 92.433894 (46143/49920)
(1643182894.0633438, 1643182977.8355942, 83.77225041389465)
Test epoch: 20| Acc: 92.2490763546798 (23970/25984) 

Epoch: 21
Train epoch:21 	Loss_in: 0.170888 | Loss_in_diffu: 10.296469 | Loss_out_diffu: 10.662271 | Acc: 92.936699 (46394/49920)
(1643182980.9297726, 1643183064.6488354, 83.71906280517578)
Test epoch: 21| Acc: 92.46074507389163 (24025/25984) 

Epoch: 22
Train epoch:22 	Loss_in: 0.170895 | Loss_in_diffu: 10.298616 | Loss_out_diffu: 10.667078 | Acc: 93.006811 (46429/49920)
(1643183067.7201712, 1643183151.3040369, 83.58386564254761)
Test epoch: 22| Acc: 92.4376539408867 (24019/25984) 

Epoch: 23
Train epoch:23 	Loss_in: 0.168682 | Loss_in_diffu: 10.299023 | Loss_out_diffu: 10.670517 | Acc: 93.112981 (46482/49920)
(1643183154.4037724, 1643183238.4744854, 84.07071304321289)
Test epoch: 23| Acc: 92.47613916256158 (24029/25984) 

Epoch: 24
Train epoch:24 	Loss_in: 0.167327 | Loss_in_diffu: 10.300204 | Loss_out_diffu: 10.672099 | Acc: 93.125000 (46488/49920)
(1643183241.4802966, 1643183325.1387625, 83.65846586227417)
Test epoch: 24| Acc: 92.2798645320197 (23978/25984) 

Epoch: 25
Train epoch:25 	Loss_in: 0.168622 | Loss_in_diffu: 10.303722 | Loss_out_diffu: 10.675343 | Acc: 92.978766 (46415/49920)
(1643183328.2420614, 1643183412.088136, 83.84607458114624)
Test epoch: 25| Acc: 92.23753078817734 (23967/25984) 

Epoch: 26
Train epoch:26 	Loss_in: 0.170502 | Loss_in_diffu: 10.308034 | Loss_out_diffu: 10.677419 | Acc: 92.956731 (46404/49920)
(1643183415.1622705, 1643183499.0130544, 83.85078382492065)
Test epoch: 26| Acc: 92.36453201970443 (24000/25984) 

Epoch: 27
Train epoch:27 	Loss_in: 0.166844 | Loss_in_diffu: 10.306508 | Loss_out_diffu: 10.680998 | Acc: 93.131010 (46491/49920)
(1643183501.9725926, 1643183585.4774415, 83.50484895706177)
Test epoch: 27| Acc: 92.22213669950739 (23963/25984) 

Epoch: 28
Train epoch:28 	Loss_in: 0.168341 | Loss_in_diffu: 10.310744 | Loss_out_diffu: 10.683304 | Acc: 93.088942 (46470/49920)
(1643183588.4275756, 1643183672.335416, 83.90784049034119)
Test epoch: 28| Acc: 92.16056034482759 (23947/25984) 

Epoch: 29
Train epoch:29 	Loss_in: 0.166281 | Loss_in_diffu: 10.310696 | Loss_out_diffu: 10.685326 | Acc: 93.219151 (46535/49920)
(1643183675.285905, 1643183758.6320248, 83.34611988067627)
Test epoch: 29| Acc: 92.29910714285714 (23983/25984) 

Epoch: 30
Train epoch:30 	Loss_in: 0.168707 | Loss_in_diffu: 10.315255 | Loss_out_diffu: 10.687335 | Acc: 93.135016 (46493/49920)
(1643183761.700559, 1643183845.0770483, 83.37648940086365)
Test epoch: 30| Acc: 92.36453201970443 (24000/25984) 

Epoch: 31
slurmstepd: error: *** JOB 2157 ON node1_3060 CANCELLED AT 2022-01-26T15:58:28 ***
