True
load data:  mnist
Building MNIST data loader with 1 workers
==> Building model..

Epoch: 0
Train epoch:0 	Loss_in: 0.589369 | Loss_in_diffu: 10.220207 | Loss_out_diffu: 10.176331 | Acc: 86.832265 (52016/59904)
(1638338203.407521, 1638338303.6909091, 100.28338813781738)
Test epoch: 0| Acc: 96.8 (9680/10000) 

Epoch: 1
Train epoch:1 	Loss_in: 0.100296 | Loss_in_diffu: 8.586380 | Loss_out_diffu: 8.870178 | Acc: 97.425881 (58362/59904)
(1638338304.409909, 1638338404.308851, 99.89894199371338)
Test epoch: 1| Acc: 97.75 (9775/10000) 

Epoch: 2
Train epoch:2 	Loss_in: 0.068530 | Loss_in_diffu: 7.522199 | Loss_out_diffu: 7.808667 | Acc: 98.103632 (58768/59904)
(1638338405.0286348, 1638338504.6616454, 99.63301062583923)
Test epoch: 2| Acc: 98.42 (9842/10000) 

Epoch: 3
Train epoch:3 	Loss_in: 0.056315 | Loss_in_diffu: 6.540438 | Loss_out_diffu: 6.827858 | Acc: 98.419137 (58957/59904)
(1638338505.3832405, 1638338604.9565275, 99.57328701019287)
Test epoch: 3| Acc: 98.74 (9874/10000) 

Epoch: 4
Train epoch:4 	Loss_in: 0.048532 | Loss_in_diffu: 5.612169 | Loss_out_diffu: 5.903825 | Acc: 98.657853 (59100/59904)
(1638338605.6651566, 1638338705.549766, 99.88460946083069)
Test epoch: 4| Acc: 98.98 (9898/10000) 

Epoch: 5
Train epoch:5 	Loss_in: 0.043526 | Loss_in_diffu: 4.726396 | Loss_out_diffu: 5.021152 | Acc: 98.764690 (59164/59904)
(1638338706.2627048, 1638338805.7343001, 99.471595287323)
Test epoch: 5| Acc: 99.01 (9901/10000) 

Epoch: 6
Train epoch:6 	Loss_in: 0.153722 | Loss_in_diffu: 4.099849 | Loss_out_diffu: 4.325532 | Acc: 95.896768 (57446/59904)
(1638338806.4557025, 1638338906.1150234, 99.65932083129883)
Test epoch: 6| Acc: 98.59 (9859/10000) 

Epoch: 7
Train epoch:7 	Loss_in: 0.041003 | Loss_in_diffu: 3.378895 | Loss_out_diffu: 3.680835 | Acc: 98.841480 (59210/59904)
(1638338906.8384135, 1638339006.8183982, 99.97998476028442)
Test epoch: 7| Acc: 98.92 (9892/10000) 

Epoch: 8
Train epoch:8 	Loss_in: 0.031029 | Loss_in_diffu: 2.739477 | Loss_out_diffu: 3.048605 | Acc: 99.161993 (59402/59904)
(1638339007.5399446, 1638339107.0497358, 99.50979113578796)
Test epoch: 8| Acc: 98.7 (9870/10000) 

Epoch: 9
Train epoch:9 	Loss_in: 0.028683 | Loss_in_diffu: 2.121537 | Loss_out_diffu: 2.431474 | Acc: 99.220419 (59437/59904)
(1638339107.7662537, 1638339207.3580844, 99.59183073043823)
Test epoch: 9| Acc: 99.17 (9917/10000) 

Epoch: 10
Train epoch:10 	Loss_in: 0.027532 | Loss_in_diffu: 1.569089 | Loss_out_diffu: 1.881166 | Acc: 99.203726 (59427/59904)
(1638339208.0810773, 1638339308.3689957, 100.28791832923889)
Test epoch: 10| Acc: 98.96 (9896/10000) 

Epoch: 11
Train epoch:11 	Loss_in: 0.010375 | Loss_in_diffu: 1.285577 | Loss_out_diffu: 1.603375 | Acc: 99.719551 (59736/59904)
(1638339308.9659736, 1638339408.928421, 99.96244740486145)
Test epoch: 11| Acc: 99.56 (9956/10000) 

Epoch: 12
Train epoch:12 	Loss_in: 0.008352 | Loss_in_diffu: 1.230233 | Loss_out_diffu: 1.551178 | Acc: 99.774639 (59769/59904)
(1638339409.650969, 1638339510.4149756, 100.76400661468506)
Test epoch: 12| Acc: 99.53 (9953/10000) 

Epoch: 13
Train epoch:13 	Loss_in: 0.007522 | Loss_in_diffu: 1.176330 | Loss_out_diffu: 1.497976 | Acc: 99.818042 (59795/59904)
(1638339511.0154443, 1638339610.5629942, 99.54754996299744)
Test epoch: 13| Acc: 99.62 (9962/10000) 

Epoch: 14
Train epoch:14 	Loss_in: 0.006809 | Loss_in_diffu: 1.122208 | Loss_out_diffu: 1.444968 | Acc: 99.836405 (59806/59904)
(1638339611.157318, 1638339711.8799326, 100.72261452674866)
Test epoch: 14| Acc: 99.48 (9948/10000) 

Epoch: 15
Train epoch:15 	Loss_in: 0.007032 | Loss_in_diffu: 1.070121 | Loss_out_diffu: 1.392797 | Acc: 99.833066 (59804/59904)
(1638339712.6011689, 1638339813.047756, 100.44658708572388)
Test epoch: 15| Acc: 99.62 (9962/10000) 

Epoch: 16
Train epoch:16 	Loss_in: 0.006468 | Loss_in_diffu: 1.019704 | Loss_out_diffu: 1.342731 | Acc: 99.834736 (59805/59904)
(1638339813.7521756, 1638339914.4918892, 100.73971366882324)
Test epoch: 16| Acc: 99.42 (9942/10000) 

Epoch: 17
Train epoch:17 	Loss_in: 0.005641 | Loss_in_diffu: 0.970709 | Loss_out_diffu: 1.294705 | Acc: 99.859776 (59820/59904)
(1638339915.2128294, 1638340014.91613, 99.7033007144928)
Test epoch: 17| Acc: 99.45 (9945/10000) 

Epoch: 18
Train epoch:18 	Loss_in: 0.005330 | Loss_in_diffu: 0.923626 | Loss_out_diffu: 1.248322 | Acc: 99.853098 (59816/59904)
(1638340015.6369944, 1638340115.9054034, 100.26840901374817)
Test epoch: 18| Acc: 99.52 (9952/10000) 

Epoch: 19
Train epoch:19 	Loss_in: 0.005593 | Loss_in_diffu: 0.879928 | Loss_out_diffu: 1.204401 | Acc: 99.859776 (59820/59904)
(1638340116.6135383, 1638340216.3328795, 99.71934127807617)
Test epoch: 19| Acc: 99.54 (9954/10000) 

Epoch: 20
Train epoch:20 	Loss_in: 0.004375 | Loss_in_diffu: 0.836476 | Loss_out_diffu: 1.162104 | Acc: 99.909856 (59850/59904)
(1638340217.0557287, 1638340316.755225, 99.69949626922607)
Test epoch: 20| Acc: 99.39 (9939/10000) 

Epoch: 21
Train epoch:21 	Loss_in: 0.003383 | Loss_in_diffu: 0.813316 | Loss_out_diffu: 1.138870 | Acc: 99.916533 (59854/59904)
(1638340317.3614714, 1638340417.204956, 99.84348464012146)
Test epoch: 21| Acc: 99.52 (9952/10000) 

Epoch: 22
Train epoch:22 	Loss_in: 0.003363 | Loss_in_diffu: 0.808360 | Loss_out_diffu: 1.134425 | Acc: 99.928218 (59861/59904)
(1638340417.9124846, 1638340517.490604, 99.5781192779541)
Test epoch: 22| Acc: 99.55 (9955/10000) 

Epoch: 23
Train epoch:23 	Loss_in: 0.003048 | Loss_in_diffu: 0.804155 | Loss_out_diffu: 1.130104 | Acc: 99.946581 (59872/59904)
(1638340518.2101157, 1638340617.8847136, 99.67459797859192)
Test epoch: 23| Acc: 99.53 (9953/10000) 

Epoch: 24
Train epoch:24 	Loss_in: 0.003247 | Loss_in_diffu: 0.799336 | Loss_out_diffu: 1.125910 | Acc: 99.929888 (59862/59904)
(1638340618.480692, 1638340718.2962122, 99.81552028656006)
Test epoch: 24| Acc: 99.52 (9952/10000) 

Epoch: 25
Train epoch:25 	Loss_in: 0.003075 | Loss_in_diffu: 0.795121 | Loss_out_diffu: 1.121582 | Acc: 99.936565 (59866/59904)
(1638340719.0031214, 1638340818.4203978, 99.41727638244629)
Test epoch: 25| Acc: 99.52 (9952/10000) 

Epoch: 26
Train epoch:26 	Loss_in: 0.002910 | Loss_in_diffu: 0.790411 | Loss_out_diffu: 1.117131 | Acc: 99.943243 (59870/59904)
(1638340819.1312766, 1638340918.8344035, 99.70312690734863)
Test epoch: 26| Acc: 99.6 (9960/10000) 

Epoch: 27
Train epoch:27 	Loss_in: 0.002803 | Loss_in_diffu: 0.786278 | Loss_out_diffu: 1.112727 | Acc: 99.949920 (59874/59904)
(1638340919.4400566, 1638341018.988662, 99.54860544204712)
Test epoch: 27| Acc: 99.52 (9952/10000) 

Epoch: 28
Train epoch:28 	Loss_in: 0.003038 | Loss_in_diffu: 0.781912 | Loss_out_diffu: 1.108777 | Acc: 99.931557 (59863/59904)
(1638341019.7026343, 1638341119.3082457, 99.6056113243103)
Test epoch: 28| Acc: 99.52 (9952/10000) 

Epoch: 29
Train epoch:29 	Loss_in: 0.002906 | Loss_in_diffu: 0.777642 | Loss_out_diffu: 1.104198 | Acc: 99.941573 (59869/59904)
(1638341120.0325308, 1638341220.650422, 100.61789131164551)
Test epoch: 29| Acc: 99.47 (9947/10000) 

Epoch: 30
Train epoch:30 	Loss_in: 0.002901 | Loss_in_diffu: 0.773314 | Loss_out_diffu: 1.100079 | Acc: 99.951589 (59875/59904)
(1638341221.243587, 1638341321.3632889, 100.1197018623352)
Test epoch: 30| Acc: 99.48 (9948/10000) 

Epoch: 31
Train epoch:31 	Loss_in: 0.002691 | Loss_in_diffu: 0.770736 | Loss_out_diffu: 1.097795 | Acc: 99.961605 (59881/59904)
(1638341321.9723206, 1638341421.5999358, 99.62761521339417)
Test epoch: 31| Acc: 99.5 (9950/10000) 

Epoch: 32
Train epoch:32 	Loss_in: 0.002739 | Loss_in_diffu: 0.770580 | Loss_out_diffu: 1.097476 | Acc: 99.956597 (59878/59904)
(1638341422.2011402, 1638341522.7415638, 100.54042363166809)
Test epoch: 32| Acc: 99.51 (9951/10000) 

Epoch: 33
Train epoch:33 	Loss_in: 0.002863 | Loss_in_diffu: 0.769976 | Loss_out_diffu: 1.097040 | Acc: 99.943243 (59870/59904)
(1638341523.3295019, 1638341623.8296835, 100.50018167495728)
Test epoch: 33| Acc: 99.44 (9944/10000) 

Epoch: 34
Train epoch:34 	Loss_in: 0.002792 | Loss_in_diffu: 0.769567 | Loss_out_diffu: 1.096637 | Acc: 99.953259 (59876/59904)
(1638341624.4295504, 1638341724.9325497, 100.5029993057251)
Test epoch: 34| Acc: 99.57 (9957/10000) 

Epoch: 35
Train epoch:35 	Loss_in: 0.002581 | Loss_in_diffu: 0.769250 | Loss_out_diffu: 1.096197 | Acc: 99.956597 (59878/59904)
(1638341725.650718, 1638341825.6126702, 99.96195220947266)
Test epoch: 35| Acc: 99.56 (9956/10000) 

Epoch: 36
Train epoch:36 	Loss_in: 0.002786 | Loss_in_diffu: 0.768767 | Loss_out_diffu: 1.095726 | Acc: 99.948251 (59873/59904)
(1638341826.320214, 1638341926.314279, 99.99406504631042)
Test epoch: 36| Acc: 99.5 (9950/10000) 

Epoch: 37
Train epoch:37 	Loss_in: 0.002832 | Loss_in_diffu: 0.768226 | Loss_out_diffu: 1.095175 | Acc: 99.946581 (59872/59904)
(1638341926.920676, 1638342026.4938064, 99.5731303691864)
Test epoch: 37| Acc: 99.42 (9942/10000) 

Epoch: 38
Train epoch:38 	Loss_in: 0.002787 | Loss_in_diffu: 0.767636 | Loss_out_diffu: 1.095075 | Acc: 99.956597 (59878/59904)
(1638342027.2118325, 1638342126.8404841, 99.62865161895752)
Test epoch: 38| Acc: 99.49 (9949/10000) 

Epoch: 39
Train epoch:39 	Loss_in: 0.002751 | Loss_in_diffu: 0.767456 | Loss_out_diffu: 1.094446 | Acc: 99.948251 (59873/59904)
(1638342127.5517375, 1638342227.0970724, 99.545334815979)
Test epoch: 39| Acc: 99.59 (9959/10000) 
