True
load data:  mnist
Building MNIST data loader with 1 workers
==> Building model..

Epoch: 0
Train epoch:0 	Loss_in: 0.498842 | Loss_in_diffu: 5.985385 | Loss_out_diffu: 6.450224 | Acc: 89.084201 (53365/59904)
(1642924316.93922, 1642924392.2162123, 75.2769923210144)
Test epoch: 0| Acc: 98.24 (9824/10000) 

Epoch: 1
Train epoch:1 	Loss_in: 0.081617 | Loss_in_diffu: 5.633323 | Loss_out_diffu: 6.687157 | Acc: 97.841546 (58611/59904)
(1642924392.707546, 1642924467.453213, 74.74566698074341)
Test epoch: 1| Acc: 97.62 (9762/10000) 

Epoch: 2
Train epoch:2 	Loss_in: 0.054071 | Loss_in_diffu: 5.652342 | Loss_out_diffu: 6.806501 | Acc: 98.571047 (59048/59904)
(1642924467.9469016, 1642924542.8664, 74.91949844360352)
Test epoch: 2| Acc: 98.79 (9879/10000) 

Epoch: 3
Train epoch:3 	Loss_in: 0.045420 | Loss_in_diffu: 5.690154 | Loss_out_diffu: 6.931423 | Acc: 98.754674 (59158/59904)
(1642924543.3465145, 1642924618.5812936, 75.23477911949158)
Test epoch: 3| Acc: 99.06 (9906/10000) 

Epoch: 4
Train epoch:4 	Loss_in: 0.035875 | Loss_in_diffu: 5.736675 | Loss_out_diffu: 7.010551 | Acc: 98.965011 (59284/59904)
(1642924619.0746737, 1642924694.0951731, 75.02049946784973)
Test epoch: 4| Acc: 99.35 (9935/10000) 

Epoch: 5
Train epoch:5 	Loss_in: 0.033125 | Loss_in_diffu: 5.781526 | Loss_out_diffu: 7.091308 | Acc: 99.063502 (59343/59904)
(1642924694.5851588, 1642924769.524194, 74.93903517723083)
Test epoch: 5| Acc: 99.2 (9920/10000) 

Epoch: 6
Train epoch:6 	Loss_in: 0.028099 | Loss_in_diffu: 5.823761 | Loss_out_diffu: 7.111572 | Acc: 99.170339 (59407/59904)
(1642924770.0034401, 1642924844.8389578, 74.8355176448822)
Test epoch: 6| Acc: 99.14 (9914/10000) 

Epoch: 7
Train epoch:7 	Loss_in: 0.026217 | Loss_in_diffu: 5.864734 | Loss_out_diffu: 7.186706 | Acc: 99.227097 (59441/59904)
(1642924845.329046, 1642924920.090907, 74.76186108589172)
Test epoch: 7| Acc: 98.59 (9859/10000) 

Epoch: 8
Train epoch:8 	Loss_in: 0.023650 | Loss_in_diffu: 5.907959 | Loss_out_diffu: 7.241310 | Acc: 99.330596 (59503/59904)
(1642924920.5811265, 1642924995.2359002, 74.6547737121582)
Test epoch: 8| Acc: 99.02 (9902/10000) 

Epoch: 9
Train epoch:9 	Loss_in: 0.019970 | Loss_in_diffu: 5.949345 | Loss_out_diffu: 7.293234 | Acc: 99.420740 (59557/59904)
(1642924995.7191145, 1642925070.239439, 74.52032446861267)
Test epoch: 9| Acc: 99.24 (9924/10000) 

Epoch: 10
Train epoch:10 	Loss_in: 0.018673 | Loss_in_diffu: 5.987007 | Loss_out_diffu: 7.370246 | Acc: 99.460804 (59581/59904)
(1642925070.7276196, 1642925145.286471, 74.55885124206543)
Test epoch: 10| Acc: 99.35 (9935/10000) 

Epoch: 11
Train epoch:11 	Loss_in: 0.006805 | Loss_in_diffu: 6.002712 | Loss_out_diffu: 7.409691 | Acc: 99.816373 (59794/59904)
(1642925145.7780447, 1642925220.1531587, 74.37511396408081)
Test epoch: 11| Acc: 99.5 (9950/10000) 

Epoch: 12
Train epoch:12 	Loss_in: 0.004594 | Loss_in_diffu: 5.999716 | Loss_out_diffu: 7.429059 | Acc: 99.893162 (59840/59904)
(1642925220.6411388, 1642925295.40203, 74.76089119911194)
Test epoch: 12| Acc: 99.51 (9951/10000) 

Epoch: 13
Train epoch:13 	Loss_in: 0.003736 | Loss_in_diffu: 5.998033 | Loss_out_diffu: 7.442484 | Acc: 99.923210 (59858/59904)
(1642925295.8949754, 1642925370.3103743, 74.41539883613586)
Test epoch: 13| Acc: 99.57 (9957/10000) 

Epoch: 14
Train epoch:14 	Loss_in: 0.003082 | Loss_in_diffu: 5.996231 | Loss_out_diffu: 7.464575 | Acc: 99.946581 (59872/59904)
(1642925370.7906797, 1642925445.2245586, 74.4338788986206)
Test epoch: 14| Acc: 99.53 (9953/10000) 

Epoch: 15
Train epoch:15 	Loss_in: 0.002663 | Loss_in_diffu: 5.994734 | Loss_out_diffu: 7.473980 | Acc: 99.956597 (59878/59904)
(1642925445.7074544, 1642925520.1136703, 74.40621590614319)
Test epoch: 15| Acc: 99.54 (9954/10000) 

Epoch: 16
Train epoch:16 	Loss_in: 0.002297 | Loss_in_diffu: 5.993595 | Loss_out_diffu: 7.485520 | Acc: 99.968283 (59885/59904)
(1642925520.6048315, 1642925594.8814952, 74.2766637802124)
Test epoch: 16| Acc: 99.48 (9948/10000) 

Epoch: 17
Train epoch:17 	Loss_in: 0.002100 | Loss_in_diffu: 5.992814 | Loss_out_diffu: 7.503589 | Acc: 99.963275 (59882/59904)
(1642925595.3727655, 1642925669.914593, 74.54182744026184)
Test epoch: 17| Acc: 99.47 (9947/10000) 

Epoch: 18
Train epoch:18 	Loss_in: 0.002283 | Loss_in_diffu: 5.992290 | Loss_out_diffu: 7.523297 | Acc: 99.951589 (59875/59904)
(1642925670.397964, 1642925744.7795665, 74.38160252571106)
Test epoch: 18| Acc: 99.32 (9932/10000) 

Epoch: 19
Train epoch:19 	Loss_in: 0.001793 | Loss_in_diffu: 5.991248 | Loss_out_diffu: 7.540864 | Acc: 99.966613 (59884/59904)
(1642925745.270464, 1642925819.5009692, 74.2305052280426)
Test epoch: 19| Acc: 99.45 (9945/10000) 

Epoch: 20
Train epoch:20 	Loss_in: 0.001321 | Loss_in_diffu: 5.990443 | Loss_out_diffu: 7.555842 | Acc: 99.983307 (59894/59904)
(1642925819.990916, 1642925894.2382517, 74.24733567237854)
Test epoch: 20| Acc: 99.53 (9953/10000) 

Epoch: 21
Train epoch:21 	Loss_in: 0.000923 | Loss_in_diffu: 5.989936 | Loss_out_diffu: 7.559868 | Acc: 99.991653 (59899/59904)
(1642925894.7282128, 1642925969.283348, 74.55513525009155)
Test epoch: 21| Acc: 99.54 (9954/10000) 

Epoch: 22
Train epoch:22 	Loss_in: 0.000893 | Loss_in_diffu: 5.989845 | Loss_out_diffu: 7.562848 | Acc: 99.989984 (59898/59904)
(1642925969.7739615, 1642926044.1693237, 74.39536213874817)
Test epoch: 22| Acc: 99.53 (9953/10000) 

Epoch: 23
Train epoch:23 	Loss_in: 0.000864 | Loss_in_diffu: 5.989565 | Loss_out_diffu: 7.563339 | Acc: 99.993323 (59900/59904)
(1642926044.6606643, 1642926119.528834, 74.8681697845459)
Test epoch: 23| Acc: 99.55 (9955/10000) 

Epoch: 24
Train epoch:24 	Loss_in: 0.000837 | Loss_in_diffu: 5.989492 | Loss_out_diffu: 7.564331 | Acc: 99.993323 (59900/59904)
(1642926120.010705, 1642926194.8030915, 74.79238653182983)
Test epoch: 24| Acc: 99.54 (9954/10000) 

Epoch: 25
Train epoch:25 	Loss_in: 0.000817 | Loss_in_diffu: 5.989455 | Loss_out_diffu: 7.564963 | Acc: 99.993323 (59900/59904)
(1642926195.2970455, 1642926269.687932, 74.39088654518127)
Test epoch: 25| Acc: 99.53 (9953/10000) 

Epoch: 26
Train epoch:26 	Loss_in: 0.000794 | Loss_in_diffu: 5.989111 | Loss_out_diffu: 7.565755 | Acc: 99.993323 (59900/59904)
(1642926270.1776416, 1642926344.6220708, 74.44442915916443)
Test epoch: 26| Acc: 99.53 (9953/10000) 

Epoch: 27
Train epoch:27 	Loss_in: 0.000770 | Loss_in_diffu: 5.989258 | Loss_out_diffu: 7.566889 | Acc: 99.993323 (59900/59904)
(1642926345.111141, 1642926419.266002, 74.15486097335815)
Test epoch: 27| Acc: 99.52 (9952/10000) 

Epoch: 28
Train epoch:28 	Loss_in: 0.000735 | Loss_in_diffu: 5.988843 | Loss_out_diffu: 7.567744 | Acc: 99.993323 (59900/59904)
(1642926419.7418795, 1642926493.634892, 73.89301252365112)
Test epoch: 28| Acc: 99.52 (9952/10000) 

Epoch: 29
Train epoch:29 	Loss_in: 0.000694 | Loss_in_diffu: 5.988656 | Loss_out_diffu: 7.570483 | Acc: 99.993323 (59900/59904)
(1642926494.122528, 1642926568.4370706, 74.31454253196716)
Test epoch: 29| Acc: 99.53 (9953/10000) 

Epoch: 30
Train epoch:30 	Loss_in: 0.000666 | Loss_in_diffu: 5.988735 | Loss_out_diffu: 7.571252 | Acc: 99.993323 (59900/59904)
(1642926568.9256964, 1642926643.4490776, 74.52338123321533)
Test epoch: 30| Acc: 99.53 (9953/10000) 

Epoch: 31
Train epoch:31 	Loss_in: 0.000599 | Loss_in_diffu: 5.988415 | Loss_out_diffu: 7.572982 | Acc: 99.993323 (59900/59904)
(1642926643.9384255, 1642926718.6388323, 74.70040678977966)
Test epoch: 31| Acc: 99.54 (9954/10000) 

Epoch: 32
Train epoch:32 	Loss_in: 0.000595 | Loss_in_diffu: 5.988513 | Loss_out_diffu: 7.573536 | Acc: 99.994992 (59901/59904)
(1642926719.138421, 1642926793.6203675, 74.48194646835327)
Test epoch: 32| Acc: 99.54 (9954/10000) 

Epoch: 33
Train epoch:33 	Loss_in: 0.000590 | Loss_in_diffu: 5.988272 | Loss_out_diffu: 7.573291 | Acc: 99.993323 (59900/59904)
(1642926794.109503, 1642926868.3804364, 74.2709333896637)
Test epoch: 33| Acc: 99.53 (9953/10000) 

Epoch: 34
Train epoch:34 	Loss_in: 0.000586 | Loss_in_diffu: 5.988485 | Loss_out_diffu: 7.573299 | Acc: 99.994992 (59901/59904)
(1642926868.8715835, 1642926943.6006541, 74.72907066345215)
Test epoch: 34| Acc: 99.53 (9953/10000) 

Epoch: 35
Train epoch:35 	Loss_in: 0.000580 | Loss_in_diffu: 5.988289 | Loss_out_diffu: 7.573605 | Acc: 99.994992 (59901/59904)
(1642926944.0837474, 1642927018.8393705, 74.75562310218811)
Test epoch: 35| Acc: 99.53 (9953/10000) 

Epoch: 36
Train epoch:36 	Loss_in: 0.000574 | Loss_in_diffu: 5.988499 | Loss_out_diffu: 7.573962 | Acc: 99.994992 (59901/59904)
(1642927019.316152, 1642927093.965419, 74.6492669582367)
Test epoch: 36| Acc: 99.53 (9953/10000) 

Epoch: 37
Train epoch:37 	Loss_in: 0.000569 | Loss_in_diffu: 5.988430 | Loss_out_diffu: 7.573525 | Acc: 99.994992 (59901/59904)
(1642927094.4545958, 1642927168.5685759, 74.11398005485535)
Test epoch: 37| Acc: 99.54 (9954/10000) 

Epoch: 38
Train epoch:38 	Loss_in: 0.000566 | Loss_in_diffu: 5.988438 | Loss_out_diffu: 7.574576 | Acc: 99.994992 (59901/59904)
(1642927169.0478728, 1642927243.1874685, 74.13959574699402)
Test epoch: 38| Acc: 99.53 (9953/10000) 

Epoch: 39
Train epoch:39 	Loss_in: 0.000560 | Loss_in_diffu: 5.988279 | Loss_out_diffu: 7.574867 | Acc: 99.994992 (59901/59904)
(1642927243.6637824, 1642927317.5374553, 73.87367296218872)
Test epoch: 39| Acc: 99.53 (9953/10000) 
