True
load data:  mnist
Building MNIST data loader with 1 workers
==> Building model..

Epoch: 0
Train epoch:0 	Loss_in: 1.060351 | Loss_in_diffu: 11.441471 | Loss_out_diffu: 0.000000 | Acc: 72.360777 (43347/59904)
(1642934304.0876513, 1642934361.0418317, 56.95418047904968)
Test epoch: 0| Acc: 89.3 (8930/10000) 

Epoch: 1
Train epoch:1 	Loss_in: 0.635516 | Loss_in_diffu: 10.645512 | Loss_out_diffu: 0.000000 | Acc: 81.507078 (48826/59904)
(1642934361.7210734, 1642934418.4400835, 56.7190101146698)
Test epoch: 1| Acc: 86.85 (8685/10000) 

Epoch: 2
Train epoch:2 	Loss_in: 0.198663 | Loss_in_diffu: 9.709998 | Loss_out_diffu: 0.000000 | Acc: 94.514557 (56618/59904)
(1642934419.1345592, 1642934475.8399649, 56.705405712127686)
Test epoch: 2| Acc: 96.49 (9649/10000) 

Epoch: 3
Train epoch:3 	Loss_in: 0.116524 | Loss_in_diffu: 9.076647 | Loss_out_diffu: 0.000000 | Acc: 96.724760 (57942/59904)
(1642934476.530965, 1642934532.9583287, 56.4273636341095)
Test epoch: 3| Acc: 97.52 (9752/10000) 

Epoch: 4
Train epoch:4 	Loss_in: 0.089926 | Loss_in_diffu: 8.505896 | Loss_out_diffu: 0.000000 | Acc: 97.340745 (58311/59904)
(1642934533.5288134, 1642934589.9804537, 56.451640367507935)
Test epoch: 4| Acc: 98.23 (9823/10000) 

Epoch: 5
Train epoch:5 	Loss_in: 0.079193 | Loss_in_diffu: 7.975480 | Loss_out_diffu: 0.000000 | Acc: 97.614517 (58475/59904)
(1642934590.6615994, 1642934647.186252, 56.52465271949768)
Test epoch: 5| Acc: 97.16 (9716/10000) 

Epoch: 6
Train epoch:6 	Loss_in: 0.064885 | Loss_in_diffu: 7.463768 | Loss_out_diffu: 0.000000 | Acc: 98.043536 (58732/59904)
(1642934647.7686143, 1642934704.2636807, 56.49506640434265)
Test epoch: 6| Acc: 97.52 (9752/10000) 

Epoch: 7
Train epoch:7 	Loss_in: 0.061401 | Loss_in_diffu: 6.980236 | Loss_out_diffu: 0.000000 | Acc: 98.187099 (58818/59904)
(1642934704.845368, 1642934761.2925382, 56.44717025756836)
Test epoch: 7| Acc: 97.7 (9770/10000) 

Epoch: 8
Train epoch:8 	Loss_in: 0.052166 | Loss_in_diffu: 6.508824 | Loss_out_diffu: 0.000000 | Acc: 98.454193 (58978/59904)
(1642934761.9715767, 1642934818.4245658, 56.45298910140991)
Test epoch: 8| Acc: 98.66 (9866/10000) 

Epoch: 9
Train epoch:9 	Loss_in: 0.047255 | Loss_in_diffu: 6.053235 | Loss_out_diffu: 0.000000 | Acc: 98.621127 (59078/59904)
(1642934818.9902847, 1642934875.3940265, 56.40374183654785)
Test epoch: 9| Acc: 98.64 (9864/10000) 

Epoch: 10
Train epoch:10 	Loss_in: 0.042034 | Loss_in_diffu: 5.607345 | Loss_out_diffu: 0.000000 | Acc: 98.726295 (59141/59904)
(1642934875.953828, 1642934932.2634428, 56.30961465835571)
Test epoch: 10| Acc: 98.19 (9819/10000) 

Epoch: 11
Train epoch:11 	Loss_in: 0.020943 | Loss_in_diffu: 5.353381 | Loss_out_diffu: 0.000000 | Acc: 99.429087 (59562/59904)
(1642934932.940191, 1642934989.1441393, 56.20394825935364)
Test epoch: 11| Acc: 99.24 (9924/10000) 

Epoch: 12
Train epoch:12 	Loss_in: 0.017533 | Loss_in_diffu: 5.303597 | Loss_out_diffu: 0.000000 | Acc: 99.507545 (59609/59904)
(1642934989.7051046, 1642935045.88387, 56.178765296936035)
Test epoch: 12| Acc: 99.35 (9935/10000) 

Epoch: 13
Train epoch:13 	Loss_in: 0.015673 | Loss_in_diffu: 5.254077 | Loss_out_diffu: 0.000000 | Acc: 99.575988 (59650/59904)
(1642935046.4396923, 1642935102.6296566, 56.189964294433594)
Test epoch: 13| Acc: 99.27 (9927/10000) 

Epoch: 14
Train epoch:14 	Loss_in: 0.014501 | Loss_in_diffu: 5.204613 | Loss_out_diffu: 0.000000 | Acc: 99.599359 (59664/59904)
(1642935103.1982832, 1642935159.3738663, 56.17558312416077)
Test epoch: 14| Acc: 99.28 (9928/10000) 

Epoch: 15
Train epoch:15 	Loss_in: 0.014311 | Loss_in_diffu: 5.156379 | Loss_out_diffu: 0.000000 | Acc: 99.597690 (59663/59904)
(1642935159.9372284, 1642935216.1400917, 56.20286321640015)
Test epoch: 15| Acc: 99.37 (9937/10000) 

Epoch: 16
Train epoch:16 	Loss_in: 0.012866 | Loss_in_diffu: 5.107282 | Loss_out_diffu: 0.000000 | Acc: 99.624399 (59679/59904)
(1642935216.7218082, 1642935273.111486, 56.38967776298523)
Test epoch: 16| Acc: 99.18 (9918/10000) 

Epoch: 17
Train epoch:17 	Loss_in: 0.012463 | Loss_in_diffu: 5.058565 | Loss_out_diffu: 0.000000 | Acc: 99.637754 (59687/59904)
(1642935273.790944, 1642935330.2103057, 56.41936159133911)
Test epoch: 17| Acc: 99.24 (9924/10000) 

Epoch: 18
Train epoch:18 	Loss_in: 0.012392 | Loss_in_diffu: 5.011234 | Loss_out_diffu: 0.000000 | Acc: 99.634415 (59685/59904)
(1642935330.7881486, 1642935387.0094454, 56.22129678726196)
Test epoch: 18| Acc: 99.41 (9941/10000) 

Epoch: 19
Train epoch:19 	Loss_in: 0.011596 | Loss_in_diffu: 4.964661 | Loss_out_diffu: 0.000000 | Acc: 99.682826 (59714/59904)
(1642935387.5686202, 1642935443.7094333, 56.14081311225891)
Test epoch: 19| Acc: 99.42 (9942/10000) 

Epoch: 20
Train epoch:20 	Loss_in: 0.011549 | Loss_in_diffu: 4.918752 | Loss_out_diffu: 0.000000 | Acc: 99.654447 (59697/59904)
(1642935444.2812734, 1642935500.447229, 56.165955543518066)
Test epoch: 20| Acc: 99.31 (9931/10000) 

Epoch: 21
Train epoch:21 	Loss_in: 0.007710 | Loss_in_diffu: 4.891000 | Loss_out_diffu: 0.000000 | Acc: 99.806357 (59788/59904)
(1642935501.0192885, 1642935557.1928587, 56.17357015609741)
Test epoch: 21| Acc: 99.36 (9936/10000) 

Epoch: 22
Train epoch:22 	Loss_in: 0.006948 | Loss_in_diffu: 4.885721 | Loss_out_diffu: 0.000000 | Acc: 99.829728 (59802/59904)
(1642935557.8856635, 1642935613.9908657, 56.105202198028564)
Test epoch: 22| Acc: 99.36 (9936/10000) 

Epoch: 23
Train epoch:23 	Loss_in: 0.006806 | Loss_in_diffu: 4.880733 | Loss_out_diffu: 0.000000 | Acc: 99.836405 (59806/59904)
(1642935614.5619297, 1642935670.6147032, 56.05277347564697)
Test epoch: 23| Acc: 99.4 (9940/10000) 

Epoch: 24
Train epoch:24 	Loss_in: 0.006657 | Loss_in_diffu: 4.875870 | Loss_out_diffu: 0.000000 | Acc: 99.848090 (59813/59904)
(1642935671.1857042, 1642935727.2876043, 56.10190010070801)
Test epoch: 24| Acc: 99.36 (9936/10000) 

Epoch: 25
Train epoch:25 	Loss_in: 0.006464 | Loss_in_diffu: 4.871091 | Loss_out_diffu: 0.000000 | Acc: 99.849760 (59814/59904)
(1642935727.9790814, 1642935784.3195755, 56.34049415588379)
Test epoch: 25| Acc: 99.4 (9940/10000) 

Epoch: 26
Train epoch:26 	Loss_in: 0.006305 | Loss_in_diffu: 4.865979 | Loss_out_diffu: 0.000000 | Acc: 99.856437 (59818/59904)
(1642935785.0091064, 1642935841.6203516, 56.61124515533447)
Test epoch: 26| Acc: 99.34 (9934/10000) 

Epoch: 27
Train epoch:27 	Loss_in: 0.006246 | Loss_in_diffu: 4.860525 | Loss_out_diffu: 0.000000 | Acc: 99.856437 (59818/59904)
(1642935842.2991822, 1642935898.767129, 56.46794676780701)
Test epoch: 27| Acc: 99.37 (9937/10000) 

Epoch: 28
Train epoch:28 	Loss_in: 0.006325 | Loss_in_diffu: 4.855846 | Loss_out_diffu: 0.000000 | Acc: 99.841413 (59809/59904)
(1642935899.4602718, 1642935955.619229, 56.1589572429657)
Test epoch: 28| Acc: 99.39 (9939/10000) 

Epoch: 29
Train epoch:29 	Loss_in: 0.006048 | Loss_in_diffu: 4.850736 | Loss_out_diffu: 0.000000 | Acc: 99.856437 (59818/59904)
(1642935956.3113317, 1642936012.531675, 56.220343351364136)
Test epoch: 29| Acc: 99.31 (9931/10000) 

Epoch: 30
Train epoch:30 	Loss_in: 0.006023 | Loss_in_diffu: 4.845771 | Loss_out_diffu: 0.000000 | Acc: 99.873130 (59828/59904)
(1642936013.2214472, 1642936069.3715582, 56.150110960006714)
Test epoch: 30| Acc: 99.3 (9930/10000) 

Epoch: 31
Train epoch:31 	Loss_in: 0.005569 | Loss_in_diffu: 4.842455 | Loss_out_diffu: 0.000000 | Acc: 99.886485 (59836/59904)
(1642936070.0646327, 1642936126.5153182, 56.45068550109863)
Test epoch: 31| Acc: 99.33 (9933/10000) 

Epoch: 32
Train epoch:32 	Loss_in: 0.005333 | Loss_in_diffu: 4.842205 | Loss_out_diffu: 0.000000 | Acc: 99.886485 (59836/59904)
(1642936127.106587, 1642936183.5877876, 56.48120069503784)
Test epoch: 32| Acc: 99.34 (9934/10000) 

Epoch: 33
Train epoch:33 	Loss_in: 0.005560 | Loss_in_diffu: 4.841953 | Loss_out_diffu: 0.000000 | Acc: 99.869792 (59826/59904)
(1642936184.159765, 1642936240.5986488, 56.438883781433105)
Test epoch: 33| Acc: 99.3 (9930/10000) 

Epoch: 34
Train epoch:34 	Loss_in: 0.005567 | Loss_in_diffu: 4.841361 | Loss_out_diffu: 0.000000 | Acc: 99.879808 (59832/59904)
(1642936241.1770296, 1642936297.5964715, 56.41944193840027)
Test epoch: 34| Acc: 99.31 (9931/10000) 

Epoch: 35
Train epoch:35 	Loss_in: 0.005639 | Loss_in_diffu: 4.840800 | Loss_out_diffu: 0.000000 | Acc: 99.876469 (59830/59904)
(1642936298.2776558, 1642936354.689563, 56.41190719604492)
Test epoch: 35| Acc: 99.36 (9936/10000) 

Epoch: 36
Train epoch:36 	Loss_in: 0.005437 | Loss_in_diffu: 4.839978 | Loss_out_diffu: 0.000000 | Acc: 99.891493 (59839/59904)
(1642936355.3795674, 1642936411.7801363, 56.40056896209717)
Test epoch: 36| Acc: 99.34 (9934/10000) 

Epoch: 37
Train epoch:37 	Loss_in: 0.005543 | Loss_in_diffu: 4.839865 | Loss_out_diffu: 0.000000 | Acc: 99.869792 (59826/59904)
(1642936412.4684496, 1642936468.6756709, 56.207221269607544)
Test epoch: 37| Acc: 99.37 (9937/10000) 

Epoch: 38
Train epoch:38 	Loss_in: 0.005448 | Loss_in_diffu: 4.839391 | Loss_out_diffu: 0.000000 | Acc: 99.889824 (59838/59904)
(1642936469.3521047, 1642936525.3000188, 55.947914123535156)
Test epoch: 38| Acc: 99.35 (9935/10000) 

Epoch: 39
Train epoch:39 	Loss_in: 0.005312 | Loss_in_diffu: 4.838775 | Loss_out_diffu: 0.000000 | Acc: 99.889824 (59838/59904)
(1642936525.989124, 1642936581.9335747, 55.94445061683655)
Test epoch: 39| Acc: 99.36 (9936/10000) 
