True
load data:  mnist
Building MNIST data loader with 1 workers
==> Building model..

Epoch: 0
Train epoch:0 	Loss_in: 0.000000 | Loss_in_diffu: 33.465367 | Loss_out_diffu: 61.981679 | Acc: 88.244525 (52862/59904)
(1642945584.983628, 1642945668.730629, 83.74700093269348)
Test epoch: 0| Acc: 97.45 (9745/10000) 

Epoch: 1
Train epoch:1 	Loss_in: 0.000000 | Loss_in_diffu: 33.244779 | Loss_out_diffu: 190.651742 | Acc: 98.233841 (58846/59904)
(1642945669.1975882, 1642945752.3492305, 83.15164232254028)
Test epoch: 1| Acc: 98.79 (9879/10000) 

Epoch: 2
Train epoch:2 	Loss_in: 0.000000 | Loss_in_diffu: 33.380348 | Loss_out_diffu: 411.295501 | Acc: 98.727965 (59142/59904)
(1642945752.8176544, 1642945836.3183777, 83.500723361969)
Test epoch: 2| Acc: 99.08 (9908/10000) 

Epoch: 3
Train epoch:3 	Loss_in: 0.000000 | Loss_in_diffu: 33.555990 | Loss_out_diffu: 713.190202 | Acc: 98.913261 (59253/59904)
(1642945836.8659241, 1642945920.8160446, 83.95012044906616)
Test epoch: 3| Acc: 99.06 (9906/10000) 

Epoch: 4
Train epoch:4 	Loss_in: 0.000000 | Loss_in_diffu: 33.686125 | Loss_out_diffu: 1080.251862 | Acc: 99.053486 (59337/59904)
(1642945921.2871878, 1642946004.225575, 82.93838715553284)
Test epoch: 4| Acc: 99.11 (9911/10000) 

Epoch: 5
Train epoch:5 	Loss_in: 0.000000 | Loss_in_diffu: 33.790913 | Loss_out_diffu: 1506.543879 | Acc: 99.230435 (59443/59904)
(1642946004.690317, 1642946087.7185252, 83.02820825576782)
Test epoch: 5| Acc: 99.1 (9910/10000) 

Epoch: 6
Train epoch:6 	Loss_in: 0.000000 | Loss_in_diffu: 33.906212 | Loss_out_diffu: 1990.785146 | Acc: 99.352297 (59516/59904)
(1642946088.1823857, 1642946171.9500263, 83.76764059066772)
Test epoch: 6| Acc: 99.15 (9915/10000) 

Epoch: 7
Train epoch:7 	Loss_in: 0.000000 | Loss_in_diffu: 34.015555 | Loss_out_diffu: 2531.696998 | Acc: 99.332265 (59504/59904)
(1642946172.4251783, 1642946255.4714391, 83.04626083374023)
Test epoch: 7| Acc: 99.44 (9944/10000) 

Epoch: 8
Train epoch:8 	Loss_in: 0.000000 | Loss_in_diffu: 34.148289 | Loss_out_diffu: 3130.682120 | Acc: 99.432425 (59564/59904)
(1642946255.9331322, 1642946339.3533795, 83.42024731636047)
Test epoch: 8| Acc: 99.13 (9913/10000) 

Epoch: 9
Train epoch:9 	Loss_in: 0.000000 | Loss_in_diffu: 34.303430 | Loss_out_diffu: 3796.167740 | Acc: 99.524239 (59619/59904)
(1642946339.8179433, 1642946423.3076167, 83.48967337608337)
Test epoch: 9| Acc: 99.05 (9905/10000) 

Epoch: 10
Train epoch:10 	Loss_in: 0.000000 | Loss_in_diffu: 34.402882 | Loss_out_diffu: 4516.726860 | Acc: 99.522569 (59618/59904)
(1642946423.7591054, 1642946507.4866652, 83.72755980491638)
Test epoch: 10| Acc: 99.24 (9924/10000) 

Epoch: 11
Train epoch:11 	Loss_in: 0.000000 | Loss_in_diffu: 34.439397 | Loss_out_diffu: 4933.080898 | Acc: 99.881477 (59833/59904)
(1642946507.9536932, 1642946591.1412675, 83.18757438659668)
Test epoch: 11| Acc: 99.54 (9954/10000) 

Epoch: 12
Train epoch:12 	Loss_in: 0.000000 | Loss_in_diffu: 34.437962 | Loss_out_diffu: 5007.636370 | Acc: 99.951589 (59875/59904)
(1642946591.5872262, 1642946675.1643372, 83.57711100578308)
Test epoch: 12| Acc: 99.53 (9953/10000) 

Epoch: 13
Train epoch:13 	Loss_in: 0.000000 | Loss_in_diffu: 34.438047 | Loss_out_diffu: 5081.253904 | Acc: 99.958267 (59879/59904)
(1642946675.6178606, 1642946759.00111, 83.3832495212555)
Test epoch: 13| Acc: 99.56 (9956/10000) 

Epoch: 14
Train epoch:14 	Loss_in: 0.000000 | Loss_in_diffu: 34.438110 | Loss_out_diffu: 5154.873190 | Acc: 99.974960 (59889/59904)
(1642946759.5163865, 1642946842.6269028, 83.11051630973816)
Test epoch: 14| Acc: 99.56 (9956/10000) 

Epoch: 15
Train epoch:15 	Loss_in: 0.000000 | Loss_in_diffu: 34.438254 | Loss_out_diffu: 5228.988383 | Acc: 99.981637 (59893/59904)
(1642946843.0944571, 1642946926.9033556, 83.80889844894409)
Test epoch: 15| Acc: 99.51 (9951/10000) 

Epoch: 16
Train epoch:16 	Loss_in: 0.000000 | Loss_in_diffu: 34.438885 | Loss_out_diffu: 5303.646652 | Acc: 99.986645 (59896/59904)
(1642946927.3612282, 1642947010.4981449, 83.13691663742065)
Test epoch: 16| Acc: 99.56 (9956/10000) 

Epoch: 17
Train epoch:17 	Loss_in: 0.000000 | Loss_in_diffu: 34.439521 | Loss_out_diffu: 5378.824669 | Acc: 99.981637 (59893/59904)
(1642947010.956748, 1642947093.9912744, 83.03452634811401)
Test epoch: 17| Acc: 99.53 (9953/10000) 

Epoch: 18
Train epoch:18 	Loss_in: 0.000000 | Loss_in_diffu: 34.439458 | Loss_out_diffu: 5454.540207 | Acc: 99.988315 (59897/59904)
(1642947094.455934, 1642947177.1125379, 82.65660381317139)
Test epoch: 18| Acc: 99.53 (9953/10000) 

Epoch: 19
Train epoch:19 	Loss_in: 0.000000 | Loss_in_diffu: 34.439821 | Loss_out_diffu: 5530.787094 | Acc: 99.991653 (59899/59904)
(1642947177.678744, 1642947260.34579, 82.6670458316803)
Test epoch: 19| Acc: 99.57 (9957/10000) 

Epoch: 20
Train epoch:20 	Loss_in: 0.000000 | Loss_in_diffu: 34.440072 | Loss_out_diffu: 5607.556423 | Acc: 99.993323 (59900/59904)
(1642947260.9222956, 1642947344.577608, 83.65531253814697)
Test epoch: 20| Acc: 99.52 (9952/10000) 

Epoch: 21
Train epoch:21 	Loss_in: 0.000000 | Loss_in_diffu: 34.440576 | Loss_out_diffu: 5650.018312 | Acc: 99.994992 (59901/59904)
(1642947345.1478431, 1642947427.9630353, 82.81519222259521)
Test epoch: 21| Acc: 99.55 (9955/10000) 

Epoch: 22
Train epoch:22 	Loss_in: 0.000000 | Loss_in_diffu: 34.440041 | Loss_out_diffu: 5657.760869 | Acc: 99.994992 (59901/59904)
(1642947428.5296283, 1642947511.5188823, 82.98925399780273)
Test epoch: 22| Acc: 99.55 (9955/10000) 

Epoch: 23
Train epoch:23 	Loss_in: 0.000000 | Loss_in_diffu: 34.440418 | Loss_out_diffu: 5665.513798 | Acc: 99.996661 (59902/59904)
(1642947512.0991964, 1642947595.0886123, 82.98941588401794)
Test epoch: 23| Acc: 99.56 (9956/10000) 

Epoch: 24
Train epoch:24 	Loss_in: 0.000000 | Loss_in_diffu: 34.440099 | Loss_out_diffu: 5673.208631 | Acc: 99.994992 (59901/59904)
(1642947595.6525445, 1642947679.109924, 83.45737957954407)
Test epoch: 24| Acc: 99.57 (9957/10000) 

Epoch: 25
Train epoch:25 	Loss_in: 0.000000 | Loss_in_diffu: 34.440461 | Loss_out_diffu: 5680.929131 | Acc: 99.996661 (59902/59904)
(1642947679.5649536, 1642947762.746502, 83.18154835700989)
Test epoch: 25| Acc: 99.58 (9958/10000) 

Epoch: 26
Train epoch:26 	Loss_in: 0.000000 | Loss_in_diffu: 34.440215 | Loss_out_diffu: 5688.721370 | Acc: 99.996661 (59902/59904)
(1642947763.205828, 1642947846.393091, 83.18726301193237)
Test epoch: 26| Acc: 99.58 (9958/10000) 

Epoch: 27
Train epoch:27 	Loss_in: 0.000000 | Loss_in_diffu: 34.440467 | Loss_out_diffu: 5696.487539 | Acc: 99.996661 (59902/59904)
(1642947846.8585463, 1642947929.8309488, 82.97240257263184)
Test epoch: 27| Acc: 99.58 (9958/10000) 

Epoch: 28
Train epoch:28 	Loss_in: 0.000000 | Loss_in_diffu: 34.440212 | Loss_out_diffu: 5704.283972 | Acc: 99.996661 (59902/59904)
(1642947930.4164848, 1642948013.2763324, 82.85984754562378)
Test epoch: 28| Acc: 99.58 (9958/10000) 

Epoch: 29
Train epoch:29 	Loss_in: 0.000000 | Loss_in_diffu: 34.440397 | Loss_out_diffu: 5712.075436 | Acc: 99.996661 (59902/59904)
(1642948013.8514686, 1642948097.780534, 83.92906546592712)
Test epoch: 29| Acc: 99.57 (9957/10000) 

Epoch: 30
Train epoch:30 	Loss_in: 0.000000 | Loss_in_diffu: 34.440723 | Loss_out_diffu: 5719.848477 | Acc: 99.996661 (59902/59904)
(1642948098.2364938, 1642948181.1625779, 82.92608404159546)
Test epoch: 30| Acc: 99.57 (9957/10000) 

Epoch: 31
Train epoch:31 	Loss_in: 0.000000 | Loss_in_diffu: 34.440660 | Loss_out_diffu: 5724.056682 | Acc: 99.996661 (59902/59904)
(1642948181.7512066, 1642948265.271522, 83.52031540870667)
Test epoch: 31| Acc: 99.57 (9957/10000) 

Epoch: 32
Train epoch:32 	Loss_in: 0.000000 | Loss_in_diffu: 34.440626 | Loss_out_diffu: 5725.072921 | Acc: 99.996661 (59902/59904)
(1642948265.8363442, 1642948349.07758, 83.24123573303223)
Test epoch: 32| Acc: 99.57 (9957/10000) 

Epoch: 33
Train epoch:33 	Loss_in: 0.000000 | Loss_in_diffu: 34.440473 | Loss_out_diffu: 5726.010749 | Acc: 99.996661 (59902/59904)
(1642948349.6474378, 1642948432.3005698, 82.65313196182251)
Test epoch: 33| Acc: 99.57 (9957/10000) 

Epoch: 34
Train epoch:34 	Loss_in: 0.000000 | Loss_in_diffu: 34.440516 | Loss_out_diffu: 5727.310169 | Acc: 99.996661 (59902/59904)
(1642948432.8697264, 1642948516.0855544, 83.21582794189453)
Test epoch: 34| Acc: 99.57 (9957/10000) 

Epoch: 35
Train epoch:35 	Loss_in: 0.000000 | Loss_in_diffu: 34.440789 | Loss_out_diffu: 5728.440554 | Acc: 99.996661 (59902/59904)
(1642948516.6565158, 1642948599.5563834, 82.89986753463745)
Test epoch: 35| Acc: 99.58 (9958/10000) 

Epoch: 36
Train epoch:36 	Loss_in: 0.000000 | Loss_in_diffu: 34.440148 | Loss_out_diffu: 5729.450706 | Acc: 99.996661 (59902/59904)
(1642948600.1464071, 1642948683.3297539, 83.18334674835205)
Test epoch: 36| Acc: 99.57 (9957/10000) 

Epoch: 37
Train epoch:37 	Loss_in: 0.000000 | Loss_in_diffu: 34.439834 | Loss_out_diffu: 5730.771204 | Acc: 99.996661 (59902/59904)
(1642948683.9142535, 1642948766.999806, 83.08555245399475)
Test epoch: 37| Acc: 99.57 (9957/10000) 

Epoch: 38
Train epoch:38 	Loss_in: 0.000000 | Loss_in_diffu: 34.440086 | Loss_out_diffu: 5731.694741 | Acc: 99.996661 (59902/59904)
(1642948767.5660572, 1642948851.3309271, 83.76486992835999)
Test epoch: 38| Acc: 99.57 (9957/10000) 

Epoch: 39
Train epoch:39 	Loss_in: 0.000000 | Loss_in_diffu: 34.440533 | Loss_out_diffu: 5732.522801 | Acc: 99.996661 (59902/59904)
(1642948851.8968334, 1642948935.0079036, 83.11107015609741)
Test epoch: 39| Acc: 99.57 (9957/10000) 
