True
load data:  svhn
Building SVHN data loader with 1 workers
Using downloaded and verified file: /home/home_node4/ssy/BDNN/data/svhn/train_32x32.mat
Using downloaded and verified file: /home/home_node4/ssy/BDNN/data/svhn/test_32x32.mat
==> Building model..

Epoch: 0
Train epoch:0 	Loss_in: 1.402165 | Loss_out: 0.340143 | Acc: 51.869810 (37977/73216)
(1673187132.9075823, 1673187150.0996895, 17.19210720062256)
Test epoch: 0| Acc: 83.03571428571429 (21576/25984) 

Epoch: 1
Train epoch:1 	Loss_in: 0.448553 | Loss_out: 0.327227 | Acc: 86.721482 (63494/73216)
(1673187152.0105648, 1673187168.236821, 16.226256132125854)
Test epoch: 1| Acc: 89.88993226600985 (23357/25984) 

Epoch: 2
Train epoch:2 	Loss_in: 0.345691 | Loss_out: 0.326808 | Acc: 89.821897 (65764/73216)
(1673187170.15991, 1673187186.4043121, 16.244402170181274)
Test epoch: 2| Acc: 90.85591133004927 (23608/25984) 

Epoch: 3
Train epoch:3 	Loss_in: 0.312345 | Loss_out: 0.326424 | Acc: 91.067526 (66676/73216)
(1673187188.3232038, 1673187204.5668726, 16.243668794631958)
Test epoch: 3| Acc: 89.73599137931035 (23317/25984) 

Epoch: 4
Train epoch:4 	Loss_in: 0.298476 | Loss_out: 0.326438 | Acc: 91.389860 (66912/73216)
(1673187206.4898062, 1673187222.7528498, 16.263043642044067)
Test epoch: 4| Acc: 92.25677339901478 (23972/25984) 

Epoch: 5
Train epoch:5 	Loss_in: 0.290968 | Loss_out: 0.326435 | Acc: 91.759998 (67183/73216)
(1673187224.6685178, 1673187240.9518661, 16.283348321914673)
Test epoch: 5| Acc: 92.22598522167488 (23964/25984) 

Epoch: 6
Train epoch:6 	Loss_in: 0.278909 | Loss_out: 0.326354 | Acc: 92.086429 (67422/73216)
(1673187242.874712, 1673187259.1605468, 16.285834789276123)
Test epoch: 6| Acc: 91.86807266009852 (23871/25984) 

Epoch: 7
Train epoch:7 	Loss_in: 0.274936 | Loss_out: 0.326384 | Acc: 92.168378 (67482/73216)
(1673187261.0773652, 1673187277.3500051, 16.272639989852905)
Test epoch: 7| Acc: 92.41456280788178 (24013/25984) 

Epoch: 8
Train epoch:8 	Loss_in: 0.268317 | Loss_out: 0.326373 | Acc: 92.313156 (67588/73216)
(1673187279.2825866, 1673187295.5654633, 16.28287672996521)
Test epoch: 8| Acc: 91.09836822660098 (23671/25984) 

Epoch: 9
Train epoch:9 	Loss_in: 0.256062 | Loss_out: 0.326074 | Acc: 92.803486 (67947/73216)
(1673187297.4886858, 1673187313.7656276, 16.276941776275635)
Test epoch: 9| Acc: 92.5915948275862 (24059/25984) 

Epoch: 10
Train epoch:10 	Loss_in: 0.256616 | Loss_out: 0.326206 | Acc: 92.813046 (67954/73216)
(1673187315.6930983, 1673187331.9471304, 16.254032135009766)
Test epoch: 10| Acc: 92.76862684729063 (24105/25984) 

Epoch: 11
Train epoch:11 	Loss_in: 0.144002 | Loss_out: 0.325183 | Acc: 96.144285 (70393/73216)
(1673187333.8292518, 1673187350.0931427, 16.263890981674194)
Test epoch: 11| Acc: 95.6242302955665 (24847/25984) 

Epoch: 12
Train epoch:12 	Loss_in: 0.113132 | Loss_out: 0.325145 | Acc: 97.186407 (71156/73216)
(1673187351.9600377, 1673187368.2094803, 16.24944257736206)
Test epoch: 12| Acc: 95.72814039408867 (24874/25984) 

Epoch: 13
Train epoch:13 	Loss_in: 0.096167 | Loss_out: 0.325133 | Acc: 97.735468 (71558/73216)
(1673187370.0963972, 1673187386.3708012, 16.274404048919678)
Test epoch: 13| Acc: 95.56650246305419 (24832/25984) 

Epoch: 14
Train epoch:14 	Loss_in: 0.082527 | Loss_out: 0.325131 | Acc: 98.127458 (71845/73216)
(1673187388.266971, 1673187404.5587878, 16.29181671142578)
Test epoch: 14| Acc: 95.6896551724138 (24864/25984) 

Epoch: 15
Train epoch:15 	Loss_in: 0.070441 | Loss_out: 0.325120 | Acc: 98.538571 (72146/73216)
(1673187406.4752378, 1673187422.7426136, 16.267375707626343)
Test epoch: 15| Acc: 95.47798645320196 (24809/25984) 

Epoch: 16
Train epoch:16 	Loss_in: 0.062440 | Loss_out: 0.325119 | Acc: 98.739347 (72293/73216)
(1673187424.6354513, 1673187440.8903663, 16.25491499900818)
Test epoch: 16| Acc: 95.34713669950739 (24775/25984) 

Epoch: 17
Train epoch:17 	Loss_in: 0.057907 | Loss_out: 0.325120 | Acc: 98.843149 (72369/73216)
(1673187442.773886, 1673187459.0287783, 16.254892349243164)
Test epoch: 17| Acc: 95.20858990147784 (24739/25984) 

Epoch: 18
Train epoch:18 	Loss_in: 0.055393 | Loss_out: 0.325120 | Acc: 98.871831 (72390/73216)
(1673187460.9137418, 1673187477.1784585, 16.264716625213623)
Test epoch: 18| Acc: 95.42795566502463 (24796/25984) 

Epoch: 19
Train epoch:19 	Loss_in: 0.055168 | Loss_out: 0.325118 | Acc: 98.832222 (72361/73216)
(1673187479.0654395, 1673187495.3373494, 16.271909952163696)
Test epoch: 19| Acc: 94.88531403940887 (24655/25984) 

Epoch: 20
Train epoch:20 	Loss_in: 0.056054 | Loss_out: 0.325123 | Acc: 98.795345 (72334/73216)
(1673187497.274488, 1673187513.5307186, 16.25623059272766)
Test epoch: 20| Acc: 94.69673645320196 (24606/25984) 

Epoch: 21
Train epoch:21 	Loss_in: 0.038206 | Loss_out: 0.325108 | Acc: 99.404502 (72780/73216)
(1673187515.4362793, 1673187531.6995273, 16.263247966766357)
Test epoch: 21| Acc: 95.44719827586206 (24801/25984) 

Epoch: 22
Train epoch:22 	Loss_in: 0.033080 | Loss_out: 0.325101 | Acc: 99.547913 (72885/73216)
(1673187533.6269732, 1673187549.8827999, 16.255826711654663)
Test epoch: 22| Acc: 95.5318657635468 (24823/25984) 

Epoch: 23
Train epoch:23 	Loss_in: 0.031606 | Loss_out: 0.325100 | Acc: 99.582059 (72910/73216)
(1673187551.8110178, 1673187568.0855994, 16.27458167076111)
Test epoch: 23| Acc: 95.47798645320196 (24809/25984) 

Epoch: 24
Train epoch:24 	Loss_in: 0.030619 | Loss_out: 0.325099 | Acc: 99.594351 (72919/73216)
(1673187570.0149286, 1673187586.3072696, 16.292340993881226)
Test epoch: 24| Acc: 95.42795566502463 (24796/25984) 

Epoch: 25
Train epoch:25 	Loss_in: 0.029863 | Loss_out: 0.325099 | Acc: 99.606643 (72928/73216)
(1673187588.1982045, 1673187604.5220206, 16.323816061019897)
Test epoch: 25| Acc: 95.4664408866995 (24806/25984) 

Epoch: 26
Train epoch:26 	Loss_in: 0.029139 | Loss_out: 0.325098 | Acc: 99.620302 (72938/73216)
(1673187606.4401612, 1673187622.7073877, 16.267226457595825)
Test epoch: 26| Acc: 95.42795566502463 (24796/25984) 

Epoch: 27
Train epoch:27 	Loss_in: 0.028655 | Loss_out: 0.325098 | Acc: 99.625765 (72942/73216)
(1673187624.6053975, 1673187640.8698642, 16.264466762542725)
Test epoch: 27| Acc: 95.39331896551724 (24787/25984) 

Epoch: 28
Train epoch:28 	Loss_in: 0.028147 | Loss_out: 0.325098 | Acc: 99.632594 (72947/73216)
(1673187642.806639, 1673187659.0954359, 16.28879690170288)
Test epoch: 28| Acc: 95.38177339901478 (24784/25984) 

Epoch: 29
Train epoch:29 	Loss_in: 0.027698 | Loss_out: 0.325097 | Acc: 99.639423 (72952/73216)
(1673187660.9759696, 1673187677.237998, 16.262028455734253)
Test epoch: 29| Acc: 95.3432881773399 (24774/25984) 

Epoch: 30
Train epoch:30 	Loss_in: 0.027110 | Loss_out: 0.325097 | Acc: 99.648984 (72959/73216)
(1673187679.1536913, 1673187695.4171574, 16.263466119766235)
Test epoch: 30| Acc: 95.39331896551724 (24787/25984) 

Epoch: 31
Train epoch:31 	Loss_in: 0.026802 | Loss_out: 0.325097 | Acc: 99.654447 (72963/73216)
(1673187697.3135855, 1673187713.577212, 16.26362657546997)
Test epoch: 31| Acc: 95.38947044334975 (24786/25984) 

Epoch: 32
Train epoch:32 	Loss_in: 0.026815 | Loss_out: 0.325097 | Acc: 99.653081 (72962/73216)
(1673187715.4719136, 1673187731.7334898, 16.261576175689697)
Test epoch: 32| Acc: 95.35868226600985 (24778/25984) 

Epoch: 33
Train epoch:33 	Loss_in: 0.026772 | Loss_out: 0.325096 | Acc: 99.654447 (72963/73216)
(1673187733.6291192, 1673187749.8950973, 16.26597809791565)
Test epoch: 33| Acc: 95.35868226600985 (24778/25984) 

Epoch: 34
Train epoch:34 	Loss_in: 0.026734 | Loss_out: 0.325096 | Acc: 99.654447 (72963/73216)
(1673187751.787418, 1673187768.0515435, 16.26412558555603)
Test epoch: 34| Acc: 95.35868226600985 (24778/25984) 

Epoch: 35
Train epoch:35 	Loss_in: 0.026696 | Loss_out: 0.325096 | Acc: 99.654447 (72963/73216)
(1673187769.9642777, 1673187786.2296698, 16.265392065048218)
Test epoch: 35| Acc: 95.35483374384236 (24777/25984) 

Epoch: 36
Train epoch:36 	Loss_in: 0.026661 | Loss_out: 0.325096 | Acc: 99.654447 (72963/73216)
(1673187788.1192913, 1673187804.3798926, 16.26060128211975)
Test epoch: 36| Acc: 95.35868226600985 (24778/25984) 

Epoch: 37
Train epoch:37 	Loss_in: 0.026519 | Loss_out: 0.325096 | Acc: 99.655813 (72964/73216)
(1673187806.2658134, 1673187822.5195956, 16.253782272338867)
Test epoch: 37| Acc: 95.35868226600985 (24778/25984) 

Epoch: 38
Train epoch:38 	Loss_in: 0.026587 | Loss_out: 0.325096 | Acc: 99.654447 (72963/73216)
(1673187824.4082441, 1673187840.6596, 16.25135588645935)
Test epoch: 38| Acc: 95.36253078817734 (24779/25984) 

Epoch: 39
Train epoch:39 	Loss_in: 0.026554 | Loss_out: 0.325096 | Acc: 99.654447 (72963/73216)
(1673187842.5445426, 1673187858.8139489, 16.26940631866455)
Test epoch: 39| Acc: 95.36253078817734 (24779/25984) 
