True
load data:  mnist
Building MNIST data loader with 1 workers
load out data:  svhn
Building SVHN data loader with 1 workers
Using downloaded and verified file: /home/ssy/BDNN/data/svhn/train_32x32.mat
Using downloaded and verified file: /home/ssy/BDNN/data/svhn/test_32x32.mat
==> Building model..

Epoch: 0
Train epoch:0 	Loss_in: 0.753767 | Loss_in_diffu: 11.850365 | Loss_out_diffu: 12.145524 | Acc: 82.017895 (49132/59904)
(1642993932.4189174, 1642994031.844547, 99.42562961578369)
Test epoch: 0| Acc: 95.63 (9563/10000) 

Epoch: 1
Train epoch:1 	Loss_in: 0.146707 | Loss_in_diffu: 11.446795 | Loss_out_diffu: 12.743663 | Acc: 96.132145 (57587/59904)
(1642994032.427015, 1642994131.2066932, 98.77967810630798)
Test epoch: 1| Acc: 97.51 (9751/10000) 

Epoch: 2
Train epoch:2 	Loss_in: 0.090939 | Loss_in_diffu: 11.508463 | Loss_out_diffu: 13.000037 | Acc: 97.465946 (58386/59904)
(1642994131.801077, 1642994231.2306595, 99.4295825958252)
Test epoch: 2| Acc: 98.0 (9800/10000) 

Epoch: 3
Train epoch:3 	Loss_in: 0.071625 | Loss_in_diffu: 11.595303 | Loss_out_diffu: 13.159249 | Acc: 97.901643 (58647/59904)
(1642994231.9385197, 1642994330.7803202, 98.84180045127869)
Test epoch: 3| Acc: 98.87 (9887/10000) 

Epoch: 4
Train epoch:4 	Loss_in: 0.060802 | Loss_in_diffu: 11.695944 | Loss_out_diffu: 13.314509 | Acc: 98.265558 (58865/59904)
(1642994331.363723, 1642994429.9149158, 98.55119276046753)
Test epoch: 4| Acc: 98.84 (9884/10000) 

Epoch: 5
Train epoch:5 	Loss_in: 0.046714 | Loss_in_diffu: 11.790463 | Loss_out_diffu: 13.452453 | Acc: 98.672877 (59109/59904)
(1642994430.6163657, 1642994529.933765, 99.31739926338196)
Test epoch: 5| Acc: 98.56 (9856/10000) 

Epoch: 6
Train epoch:6 	Loss_in: 0.043938 | Loss_in_diffu: 11.898789 | Loss_out_diffu: 13.614676 | Acc: 98.744658 (59152/59904)
(1642994530.6373565, 1642994629.6699429, 99.03258633613586)
Test epoch: 6| Acc: 99.07 (9907/10000) 

Epoch: 7
Train epoch:7 	Loss_in: 0.039578 | Loss_in_diffu: 12.019029 | Loss_out_diffu: 13.754882 | Acc: 98.763021 (59163/59904)
(1642994630.2505805, 1642994729.777787, 99.52720642089844)
Test epoch: 7| Acc: 99.08 (9908/10000) 

Epoch: 8
Train epoch:8 	Loss_in: 0.034240 | Loss_in_diffu: 12.131814 | Loss_out_diffu: 13.887286 | Acc: 98.985043 (59296/59904)
(1642994730.4857764, 1642994829.9150298, 99.42925333976746)
Test epoch: 8| Acc: 99.05 (9905/10000) 

Epoch: 9
Train epoch:9 	Loss_in: 0.026978 | Loss_in_diffu: 12.236814 | Loss_out_diffu: 14.046977 | Acc: 99.200387 (59425/59904)
(1642994830.6111841, 1642994929.2718341, 98.66065001487732)
Test epoch: 9| Acc: 99.28 (9928/10000) 

Epoch: 10
Train epoch:10 	Loss_in: 0.031718 | Loss_in_diffu: 12.357559 | Loss_out_diffu: 14.146469 | Acc: 99.076856 (59351/59904)
(1642994929.873542, 1642995029.1084092, 99.23486709594727)
Test epoch: 10| Acc: 99.31 (9931/10000) 

Epoch: 11
Train epoch:11 	Loss_in: 0.011769 | Loss_in_diffu: 12.409235 | Loss_out_diffu: 14.227092 | Acc: 99.689503 (59718/59904)
(1642995029.7526631, 1642995128.7196107, 98.96694755554199)
Test epoch: 11| Acc: 99.57 (9957/10000) 

Epoch: 12
Train epoch:12 	Loss_in: 0.009165 | Loss_in_diffu: 12.411974 | Loss_out_diffu: 14.248557 | Acc: 99.766293 (59764/59904)
(1642995129.4230685, 1642995228.104588, 98.68151950836182)
Test epoch: 12| Acc: 99.63 (9963/10000) 

Epoch: 13
Train epoch:13 	Loss_in: 0.008700 | Loss_in_diffu: 12.416772 | Loss_out_diffu: 14.267463 | Acc: 99.754607 (59757/59904)
(1642995228.6866083, 1642995328.0591106, 99.37250232696533)
Test epoch: 13| Acc: 99.52 (9952/10000) 

Epoch: 14
Train epoch:14 	Loss_in: 0.007913 | Loss_in_diffu: 12.421158 | Loss_out_diffu: 14.289320 | Acc: 99.769631 (59766/59904)
(1642995328.643201, 1642995427.8227646, 99.17956352233887)
Test epoch: 14| Acc: 99.52 (9952/10000) 

Epoch: 15
Train epoch:15 	Loss_in: 0.006987 | Loss_in_diffu: 12.425075 | Loss_out_diffu: 14.305624 | Acc: 99.818042 (59795/59904)
(1642995428.5192657, 1642995527.607697, 99.0884313583374)
Test epoch: 15| Acc: 99.59 (9959/10000) 

Epoch: 16
Train epoch:16 	Loss_in: 0.006567 | Loss_in_diffu: 12.429567 | Loss_out_diffu: 14.324891 | Acc: 99.843082 (59810/59904)
(1642995528.2034988, 1642995627.4586613, 99.25516247749329)
Test epoch: 16| Acc: 99.55 (9955/10000) 

Epoch: 17
Train epoch:17 	Loss_in: 0.006038 | Loss_in_diffu: 12.434578 | Loss_out_diffu: 14.343534 | Acc: 99.844752 (59811/59904)
(1642995628.0507784, 1642995726.858029, 98.80725049972534)
Test epoch: 17| Acc: 99.64 (9964/10000) 

Epoch: 18
Train epoch:18 	Loss_in: 0.005241 | Loss_in_diffu: 12.438300 | Loss_out_diffu: 14.358548 | Acc: 99.878138 (59831/59904)
(1642995727.452588, 1642995826.398205, 98.94561696052551)
Test epoch: 18| Acc: 99.54 (9954/10000) 

Epoch: 19
Train epoch:19 	Loss_in: 0.005167 | Loss_in_diffu: 12.443170 | Loss_out_diffu: 14.380491 | Acc: 99.859776 (59820/59904)
(1642995826.9919412, 1642995926.1369836, 99.1450424194336)
Test epoch: 19| Acc: 99.48 (9948/10000) 

Epoch: 20
Train epoch:20 	Loss_in: 0.004481 | Loss_in_diffu: 12.446855 | Loss_out_diffu: 14.398221 | Acc: 99.884816 (59835/59904)
(1642995926.7232425, 1642996025.8442295, 99.12098693847656)
Test epoch: 20| Acc: 99.34 (9934/10000) 

Epoch: 21
Train epoch:21 	Loss_in: 0.003055 | Loss_in_diffu: 12.448418 | Loss_out_diffu: 14.406593 | Acc: 99.939904 (59868/59904)
(1642996026.551852, 1642996125.8834968, 99.33164477348328)
Test epoch: 21| Acc: 99.55 (9955/10000) 

Epoch: 22
Train epoch:22 	Loss_in: 0.002776 | Loss_in_diffu: 12.448446 | Loss_out_diffu: 14.408020 | Acc: 99.951589 (59875/59904)
(1642996126.5893006, 1642996225.6000137, 99.01071310043335)
Test epoch: 22| Acc: 99.59 (9959/10000) 

Epoch: 23
Train epoch:23 	Loss_in: 0.002742 | Loss_in_diffu: 12.449186 | Loss_out_diffu: 14.410229 | Acc: 99.951589 (59875/59904)
(1642996226.1827977, 1642996325.1470613, 98.96426367759705)
Test epoch: 23| Acc: 99.58 (9958/10000) 

Epoch: 24
Train epoch:24 	Loss_in: 0.002667 | Loss_in_diffu: 12.449313 | Loss_out_diffu: 14.411694 | Acc: 99.958267 (59879/59904)
(1642996325.8527942, 1642996424.8850281, 99.03223395347595)
Test epoch: 24| Acc: 99.57 (9957/10000) 

Epoch: 25
Train epoch:25 	Loss_in: 0.002602 | Loss_in_diffu: 12.449573 | Loss_out_diffu: 14.414171 | Acc: 99.959936 (59880/59904)
(1642996425.5922868, 1642996525.0546596, 99.46237277984619)
Test epoch: 25| Acc: 99.58 (9958/10000) 

Epoch: 26
Train epoch:26 	Loss_in: 0.002573 | Loss_in_diffu: 12.449836 | Loss_out_diffu: 14.416162 | Acc: 99.963275 (59882/59904)
(1642996525.6528041, 1642996624.6821902, 99.02938604354858)
Test epoch: 26| Acc: 99.5 (9950/10000) 

Epoch: 27
Train epoch:27 	Loss_in: 0.002551 | Loss_in_diffu: 12.450345 | Loss_out_diffu: 14.417802 | Acc: 99.961605 (59881/59904)
(1642996625.4030652, 1642996724.158827, 98.75576186180115)
Test epoch: 27| Acc: 99.56 (9956/10000) 

Epoch: 28
Train epoch:28 	Loss_in: 0.002469 | Loss_in_diffu: 12.450540 | Loss_out_diffu: 14.420420 | Acc: 99.964944 (59883/59904)
(1642996724.740119, 1642996823.9448578, 99.20473885536194)
Test epoch: 28| Acc: 99.54 (9954/10000) 

Epoch: 29
Train epoch:29 	Loss_in: 0.002439 | Loss_in_diffu: 12.450941 | Loss_out_diffu: 14.422658 | Acc: 99.959936 (59880/59904)
(1642996824.5325909, 1642996923.7510123, 99.218421459198)
Test epoch: 29| Acc: 99.57 (9957/10000) 

Epoch: 30
Train epoch:30 	Loss_in: 0.002381 | Loss_in_diffu: 12.451133 | Loss_out_diffu: 14.425227 | Acc: 99.969952 (59886/59904)
(1642996924.346805, 1642997023.7995188, 99.45271372795105)
Test epoch: 30| Acc: 99.57 (9957/10000) 

Epoch: 31
Train epoch:31 	Loss_in: 0.002231 | Loss_in_diffu: 12.451395 | Loss_out_diffu: 14.427133 | Acc: 99.969952 (59886/59904)
(1642997024.52405, 1642997123.494657, 98.97060704231262)
Test epoch: 31| Acc: 99.55 (9955/10000) 

Epoch: 32
Train epoch:32 	Loss_in: 0.002216 | Loss_in_diffu: 12.451227 | Loss_out_diffu: 14.427087 | Acc: 99.971621 (59887/59904)
(1642997124.2018838, 1642997223.3806999, 99.17881608009338)
Test epoch: 32| Acc: 99.55 (9955/10000) 

Epoch: 33
Train epoch:33 	Loss_in: 0.002215 | Loss_in_diffu: 12.451428 | Loss_out_diffu: 14.427409 | Acc: 99.968283 (59885/59904)
(1642997224.089189, 1642997323.1806912, 99.09150218963623)
Test epoch: 33| Acc: 99.53 (9953/10000) 

Epoch: 34
Train epoch:34 	Loss_in: 0.002203 | Loss_in_diffu: 12.451206 | Loss_out_diffu: 14.427742 | Acc: 99.969952 (59886/59904)
(1642997323.8877578, 1642997423.0895424, 99.20178461074829)
Test epoch: 34| Acc: 99.56 (9956/10000) 

Epoch: 35
Train epoch:35 	Loss_in: 0.002194 | Loss_in_diffu: 12.451780 | Loss_out_diffu: 14.428035 | Acc: 99.968283 (59885/59904)
(1642997423.782564, 1642997522.7027178, 98.92015385627747)
Test epoch: 35| Acc: 99.54 (9954/10000) 

Epoch: 36
Train epoch:36 	Loss_in: 0.002184 | Loss_in_diffu: 12.451362 | Loss_out_diffu: 14.428331 | Acc: 99.971621 (59887/59904)
(1642997523.4077976, 1642997622.1048632, 98.69706559181213)
Test epoch: 36| Acc: 99.55 (9955/10000) 

Epoch: 37
Train epoch:37 	Loss_in: 0.002179 | Loss_in_diffu: 12.451446 | Loss_out_diffu: 14.428445 | Acc: 99.969952 (59886/59904)
(1642997622.7979138, 1642997721.7274153, 98.9295015335083)
Test epoch: 37| Acc: 99.55 (9955/10000) 

Epoch: 38
Train epoch:38 	Loss_in: 0.002174 | Loss_in_diffu: 12.451609 | Loss_out_diffu: 14.428680 | Acc: 99.971621 (59887/59904)
(1642997722.3184795, 1642997821.604637, 99.28615736961365)
Test epoch: 38| Acc: 99.56 (9956/10000) 

Epoch: 39
Train epoch:39 	Loss_in: 0.002189 | Loss_in_diffu: 12.451670 | Loss_out_diffu: 14.428950 | Acc: 99.971621 (59887/59904)
(1642997822.3119626, 1642997921.3913622, 99.07939958572388)
Test epoch: 39| Acc: 99.55 (9955/10000) 
