True
load data:  svhn
Building SVHN data loader with 1 workers
Using downloaded and verified file: /home/ssy/BDNN/data/svhn/train_32x32.mat
Using downloaded and verified file: /home/ssy/BDNN/data/svhn/test_32x32.mat
==> Building model..

Epoch: 0
Train epoch:0 	Loss_in: 1.285877 | Loss_in_diffu: 12.342033 | Loss_out_diffu: 12.084248 | Acc: 57.856206 (42360/73216)
(1643208443.0757568, 1643208567.8840778, 124.80832099914551)
Test epoch: 0| Acc: 81.6848830049261 (21225/25984) 

Epoch: 1
Train epoch:1 	Loss_in: 0.519613 | Loss_in_diffu: 11.896548 | Loss_out_diffu: 12.672871 | Acc: 84.674115 (61995/73216)
(1643208570.916253, 1643208694.9454415, 124.02918839454651)
Test epoch: 1| Acc: 86.1568657635468 (22387/25984) 

Epoch: 2
Train epoch:2 	Loss_in: 0.388746 | Loss_in_diffu: 11.964039 | Loss_out_diffu: 12.943466 | Acc: 88.524366 (64814/73216)
(1643208697.9742162, 1643208822.7613401, 124.78712391853333)
Test epoch: 2| Acc: 89.27416871921183 (23197/25984) 

Epoch: 3
Train epoch:3 	Loss_in: 0.332412 | Loss_in_diffu: 12.072872 | Loss_out_diffu: 13.131118 | Acc: 90.142865 (65999/73216)
(1643208825.7912428, 1643208950.0575821, 124.26633930206299)
Test epoch: 3| Acc: 91.92964901477832 (23887/25984) 

Epoch: 4
Train epoch:4 	Loss_in: 0.298731 | Loss_in_diffu: 12.206374 | Loss_out_diffu: 13.314693 | Acc: 91.314740 (66857/73216)
(1643208953.0950892, 1643209078.0616505, 124.96656131744385)
Test epoch: 4| Acc: 92.74553571428571 (24099/25984) 

Epoch: 5
Train epoch:5 	Loss_in: 0.271612 | Loss_in_diffu: 12.335198 | Loss_out_diffu: 13.479425 | Acc: 92.049552 (67395/73216)
(1643209081.1281154, 1643209206.0935695, 124.9654541015625)
Test epoch: 5| Acc: 91.79110221674877 (23851/25984) 

Epoch: 6
Train epoch:6 	Loss_in: 0.251179 | Loss_in_diffu: 12.467609 | Loss_out_diffu: 13.638122 | Acc: 92.732463 (67895/73216)
(1643209209.1534483, 1643209333.631558, 124.47810959815979)
Test epoch: 6| Acc: 92.66086822660098 (24077/25984) 

Epoch: 7
Train epoch:7 	Loss_in: 0.236866 | Loss_in_diffu: 12.601660 | Loss_out_diffu: 13.767691 | Acc: 93.174989 (68219/73216)
(1643209336.691716, 1643209461.4939947, 124.80227875709534)
Test epoch: 7| Acc: 92.94950738916256 (24152/25984) 

Epoch: 8
Train epoch:8 	Loss_in: 0.223743 | Loss_in_diffu: 12.744707 | Loss_out_diffu: 13.927019 | Acc: 93.546493 (68491/73216)
(1643209464.5699027, 1643209589.2086382, 124.63873553276062)
Test epoch: 8| Acc: 93.58451354679804 (24317/25984) 

Epoch: 9
Train epoch:9 	Loss_in: 0.208247 | Loss_in_diffu: 12.887313 | Loss_out_diffu: 14.079852 | Acc: 94.049115 (68859/73216)
(1643209592.2515438, 1643209716.8119395, 124.56039571762085)
Test epoch: 9| Acc: 93.8731527093596 (24392/25984) 

Epoch: 10
Train epoch:10 	Loss_in: 0.197502 | Loss_in_diffu: 13.032413 | Loss_out_diffu: 14.244281 | Acc: 94.408326 (69122/73216)
(1643209719.868147, 1643209844.6872628, 124.81911587715149)
Test epoch: 10| Acc: 93.58451354679804 (24317/25984) 

Epoch: 11
Train epoch:11 	Loss_in: 0.135080 | Loss_in_diffu: 13.071626 | Loss_out_diffu: 14.325558 | Acc: 96.386036 (70570/73216)
(1643209847.7655191, 1643209972.3689253, 124.60340619087219)
Test epoch: 11| Acc: 95.22398399014779 (24743/25984) 

Epoch: 12
Train epoch:12 	Loss_in: 0.124260 | Loss_in_diffu: 13.066225 | Loss_out_diffu: 14.340351 | Acc: 96.761637 (70845/73216)
(1643209975.3992767, 1643210099.7446485, 124.34537172317505)
Test epoch: 12| Acc: 95.22398399014779 (24743/25984) 

Epoch: 13
Train epoch:13 	Loss_in: 0.118666 | Loss_in_diffu: 13.065295 | Loss_out_diffu: 14.369351 | Acc: 96.883195 (70934/73216)
(1643210102.8146603, 1643210227.5114515, 124.69679117202759)
Test epoch: 13| Acc: 95.25862068965517 (24752/25984) 

Epoch: 14
Train epoch:14 	Loss_in: 0.112752 | Loss_in_diffu: 13.064218 | Loss_out_diffu: 14.387097 | Acc: 97.178212 (71150/73216)
(1643210230.5600479, 1643210355.2626035, 124.7025556564331)
Test epoch: 14| Acc: 95.17780172413794 (24731/25984) 

Epoch: 15
Train epoch:15 	Loss_in: 0.107992 | Loss_in_diffu: 13.064311 | Loss_out_diffu: 14.401883 | Acc: 97.310697 (71247/73216)
(1643210358.351523, 1643210483.422755, 125.0712320804596)
Test epoch: 15| Acc: 95.11237684729063 (24714/25984) 

Epoch: 16
Train epoch:16 	Loss_in: 0.096296 | Loss_in_diffu: 13.056565 | Loss_out_diffu: 14.406539 | Acc: 97.743663 (71564/73216)
(1643210486.486635, 1643210611.4858055, 124.9991705417633)
Test epoch: 16| Acc: 95.3740763546798 (24782/25984) 

Epoch: 17
Train epoch:17 	Loss_in: 0.094412 | Loss_in_diffu: 13.054905 | Loss_out_diffu: 14.408246 | Acc: 97.828344 (71626/73216)
(1643210614.5535164, 1643210739.618784, 125.06526756286621)
Test epoch: 17| Acc: 95.35868226600985 (24778/25984) 

Epoch: 18
Train epoch:18 	Loss_in: 0.093720 | Loss_in_diffu: 13.054792 | Loss_out_diffu: 14.410368 | Acc: 97.857026 (71647/73216)
(1643210742.6668875, 1643210867.5749638, 124.90807628631592)
Test epoch: 18| Acc: 95.28556034482759 (24759/25984) 

Epoch: 19
Train epoch:19 	Loss_in: 0.092513 | Loss_in_diffu: 13.054122 | Loss_out_diffu: 14.412317 | Acc: 97.881611 (71665/73216)
(1643210870.6525316, 1643210995.9102063, 125.25767469406128)
Test epoch: 19| Acc: 95.33174261083744 (24771/25984) 

Epoch: 20
Train epoch:20 	Loss_in: 0.092191 | Loss_in_diffu: 13.053955 | Loss_out_diffu: 14.413848 | Acc: 97.900732 (71679/73216)
(1643210999.0010185, 1643211123.3042965, 124.30327796936035)
Test epoch: 20| Acc: 95.33559113300493 (24772/25984) 

Epoch: 21
Train epoch:21 	Loss_in: 0.090700 | Loss_in_diffu: 13.052725 | Loss_out_diffu: 14.414202 | Acc: 97.951267 (71716/73216)
(1643211126.3448632, 1643211251.347759, 125.00289583206177)
Test epoch: 21| Acc: 95.29710591133005 (24762/25984) 

Epoch: 22
Train epoch:22 	Loss_in: 0.090557 | Loss_in_diffu: 13.052746 | Loss_out_diffu: 14.414324 | Acc: 97.966292 (71727/73216)
(1643211254.3999555, 1643211379.5957925, 125.19583702087402)
Test epoch: 22| Acc: 95.33174261083744 (24771/25984) 

Epoch: 23
Train epoch:23 	Loss_in: 0.090439 | Loss_in_diffu: 13.052581 | Loss_out_diffu: 14.414897 | Acc: 97.964926 (71726/73216)
(1643211382.6877885, 1643211507.3985162, 124.71072769165039)
Test epoch: 23| Acc: 95.30095443349754 (24763/25984) 

Epoch: 24
Train epoch:24 	Loss_in: 0.090452 | Loss_in_diffu: 13.052457 | Loss_out_diffu: 14.414767 | Acc: 97.962194 (71724/73216)
(1643211510.4703918, 1643211635.4982653, 125.02787351608276)
Test epoch: 24| Acc: 95.3432881773399 (24774/25984) 
