True
load data:  mnist
Building MNIST data loader with 1 workers
==> Building model..

Epoch: 0
Train epoch:0 	Loss_in: 0.000000 | Loss_in_diffu: 33.490931 | Loss_out_diffu: 62.151921 | Acc: 87.738715 (52559/59904)
(1642945885.8834891, 1642945970.0807652, 84.19727611541748)
Test epoch: 0| Acc: 97.34 (9734/10000) 

Epoch: 1
Train epoch:1 	Loss_in: 0.000000 | Loss_in_diffu: 33.242267 | Loss_out_diffu: 191.620281 | Acc: 98.163729 (58804/59904)
(1642945970.5279477, 1642946054.0779362, 83.54998850822449)
Test epoch: 1| Acc: 98.84 (9884/10000) 

Epoch: 2
Train epoch:2 	Loss_in: 0.000000 | Loss_in_diffu: 33.364590 | Loss_out_diffu: 413.467613 | Acc: 98.672877 (59109/59904)
(1642946054.5400941, 1642946138.3459594, 83.80586528778076)
Test epoch: 2| Acc: 98.66 (9866/10000) 

Epoch: 3
Train epoch:3 	Loss_in: 0.000000 | Loss_in_diffu: 33.492801 | Loss_out_diffu: 710.836484 | Acc: 98.874866 (59230/59904)
(1642946138.7963693, 1642946222.7298827, 83.93351340293884)
Test epoch: 3| Acc: 99.22 (9922/10000) 

Epoch: 4
Train epoch:4 	Loss_in: 0.000000 | Loss_in_diffu: 33.608225 | Loss_out_diffu: 1074.028324 | Acc: 99.173678 (59409/59904)
(1642946223.1925895, 1642946306.8284874, 83.63589787483215)
Test epoch: 4| Acc: 99.16 (9916/10000) 

Epoch: 5
Train epoch:5 	Loss_in: 0.000000 | Loss_in_diffu: 33.722599 | Loss_out_diffu: 1497.977223 | Acc: 99.210403 (59431/59904)
(1642946307.2659962, 1642946390.8763678, 83.61037158966064)
Test epoch: 5| Acc: 98.91 (9891/10000) 

Epoch: 6
Train epoch:6 	Loss_in: 0.000000 | Loss_in_diffu: 33.834259 | Loss_out_diffu: 1980.023896 | Acc: 99.355636 (59518/59904)
(1642946391.3297973, 1642946475.2201655, 83.89036822319031)
Test epoch: 6| Acc: 99.03 (9903/10000) 

Epoch: 7
Train epoch:7 	Loss_in: 0.000000 | Loss_in_diffu: 33.954044 | Loss_out_diffu: 2518.706207 | Acc: 99.372329 (59528/59904)
(1642946475.669402, 1642946560.0387657, 84.36936378479004)
Test epoch: 7| Acc: 99.34 (9934/10000) 

Epoch: 8
Train epoch:8 	Loss_in: 0.000000 | Loss_in_diffu: 34.060661 | Loss_out_diffu: 3113.115867 | Acc: 99.459135 (59580/59904)
(1642946560.493741, 1642946644.115967, 83.62222599983215)
Test epoch: 8| Acc: 99.26 (9926/10000) 

Epoch: 9
Train epoch:9 	Loss_in: 0.000000 | Loss_in_diffu: 34.162474 | Loss_out_diffu: 3762.700274 | Acc: 99.560964 (59641/59904)
(1642946644.5692883, 1642946728.4322345, 83.86294627189636)
Test epoch: 9| Acc: 99.27 (9927/10000) 

Epoch: 10
Train epoch:10 	Loss_in: 0.000000 | Loss_in_diffu: 34.249230 | Loss_out_diffu: 4467.010618 | Acc: 99.555956 (59638/59904)
(1642946728.8764927, 1642946812.448246, 83.57175326347351)
Test epoch: 10| Acc: 99.0 (9900/10000) 

Epoch: 11
Train epoch:11 	Loss_in: 0.000000 | Loss_in_diffu: 34.301406 | Loss_out_diffu: 4874.692912 | Acc: 99.866453 (59824/59904)
(1642946812.8865087, 1642946896.406643, 83.52013421058655)
Test epoch: 11| Acc: 99.52 (9952/10000) 

Epoch: 12
Train epoch:12 	Loss_in: 0.000000 | Loss_in_diffu: 34.299709 | Loss_out_diffu: 4947.769911 | Acc: 99.946581 (59872/59904)
(1642946896.843771, 1642946980.8357735, 83.99200248718262)
Test epoch: 12| Acc: 99.55 (9955/10000) 

Epoch: 13
Train epoch:13 	Loss_in: 0.000000 | Loss_in_diffu: 34.300078 | Loss_out_diffu: 5019.974734 | Acc: 99.961605 (59881/59904)
(1642946981.2906475, 1642947065.5464282, 84.2557806968689)
Test epoch: 13| Acc: 99.54 (9954/10000) 

Epoch: 14
Train epoch:14 	Loss_in: 0.000000 | Loss_in_diffu: 34.300496 | Loss_out_diffu: 5092.167047 | Acc: 99.971621 (59887/59904)
(1642947066.007663, 1642947149.7630541, 83.75539112091064)
Test epoch: 14| Acc: 99.57 (9957/10000) 

Epoch: 15
Train epoch:15 	Loss_in: 0.000000 | Loss_in_diffu: 34.300995 | Loss_out_diffu: 5164.851115 | Acc: 99.981637 (59893/59904)
(1642947150.2019796, 1642947233.904545, 83.70256543159485)
Test epoch: 15| Acc: 99.55 (9955/10000) 

Epoch: 16
Train epoch:16 	Loss_in: 0.000000 | Loss_in_diffu: 34.301937 | Loss_out_diffu: 5238.075889 | Acc: 99.981637 (59893/59904)
(1642947234.3522744, 1642947318.5890768, 84.23680233955383)
Test epoch: 16| Acc: 99.61 (9961/10000) 

Epoch: 17
Train epoch:17 	Loss_in: 0.000000 | Loss_in_diffu: 34.302870 | Loss_out_diffu: 5311.780857 | Acc: 99.988315 (59897/59904)
(1642947319.043795, 1642947403.1318827, 84.08808755874634)
Test epoch: 17| Acc: 99.5 (9950/10000) 

Epoch: 18
Train epoch:18 	Loss_in: 0.000000 | Loss_in_diffu: 34.303155 | Loss_out_diffu: 5386.047652 | Acc: 99.988315 (59897/59904)
(1642947403.5829825, 1642947487.1909065, 83.60792398452759)
Test epoch: 18| Acc: 99.45 (9945/10000) 

Epoch: 19
Train epoch:19 	Loss_in: 0.000000 | Loss_in_diffu: 34.303870 | Loss_out_diffu: 5460.786929 | Acc: 99.993323 (59900/59904)
(1642947487.6439507, 1642947571.9375143, 84.29356360435486)
Test epoch: 19| Acc: 99.54 (9954/10000) 

Epoch: 20
Train epoch:20 	Loss_in: 0.000000 | Loss_in_diffu: 34.304505 | Loss_out_diffu: 5536.076244 | Acc: 99.989984 (59898/59904)
(1642947572.3958173, 1642947656.957401, 84.56158375740051)
Test epoch: 20| Acc: 99.54 (9954/10000) 

Epoch: 21
Train epoch:21 	Loss_in: 0.000000 | Loss_in_diffu: 34.305222 | Loss_out_diffu: 5577.743482 | Acc: 99.994992 (59901/59904)
(1642947657.4110758, 1642947741.297827, 83.88675117492676)
Test epoch: 21| Acc: 99.51 (9951/10000) 

Epoch: 22
Train epoch:22 	Loss_in: 0.000000 | Loss_in_diffu: 34.304685 | Loss_out_diffu: 5585.265990 | Acc: 99.994992 (59901/59904)
(1642947741.753009, 1642947825.5124896, 83.7594804763794)
Test epoch: 22| Acc: 99.49 (9949/10000) 

Epoch: 23
Train epoch:23 	Loss_in: 0.000000 | Loss_in_diffu: 34.305054 | Loss_out_diffu: 5592.815334 | Acc: 99.994992 (59901/59904)
(1642947825.9557743, 1642947910.2844946, 84.32872033119202)
Test epoch: 23| Acc: 99.48 (9948/10000) 

Epoch: 24
Train epoch:24 	Loss_in: 0.000000 | Loss_in_diffu: 34.304788 | Loss_out_diffu: 5600.407726 | Acc: 99.994992 (59901/59904)
(1642947910.7380326, 1642947994.352396, 83.61436343193054)
Test epoch: 24| Acc: 99.49 (9949/10000) 

Epoch: 25
Train epoch:25 	Loss_in: 0.000000 | Loss_in_diffu: 34.305207 | Loss_out_diffu: 5608.017438 | Acc: 99.994992 (59901/59904)
(1642947994.8013766, 1642948078.818448, 84.01707148551941)
Test epoch: 25| Acc: 99.51 (9951/10000) 

Epoch: 26
Train epoch:26 	Loss_in: 0.000000 | Loss_in_diffu: 34.304978 | Loss_out_diffu: 5615.688821 | Acc: 99.996661 (59902/59904)
(1642948079.2715368, 1642948163.0083642, 83.73682737350464)
Test epoch: 26| Acc: 99.51 (9951/10000) 

Epoch: 27
Train epoch:27 	Loss_in: 0.000000 | Loss_in_diffu: 34.305236 | Loss_out_diffu: 5623.300090 | Acc: 99.996661 (59902/59904)
(1642948163.4531693, 1642948247.1150777, 83.66190838813782)
Test epoch: 27| Acc: 99.52 (9952/10000) 

Epoch: 28
Train epoch:28 	Loss_in: 0.000000 | Loss_in_diffu: 34.305027 | Loss_out_diffu: 5630.951321 | Acc: 99.996661 (59902/59904)
(1642948247.5663345, 1642948331.229855, 83.6635205745697)
Test epoch: 28| Acc: 99.52 (9952/10000) 

Epoch: 29
Train epoch:29 	Loss_in: 0.000000 | Loss_in_diffu: 34.305231 | Loss_out_diffu: 5638.509296 | Acc: 99.998331 (59903/59904)
(1642948331.6724393, 1642948415.301168, 83.62872862815857)
Test epoch: 29| Acc: 99.52 (9952/10000) 

Epoch: 30
Train epoch:30 	Loss_in: 0.000000 | Loss_in_diffu: 34.305598 | Loss_out_diffu: 5646.095092 | Acc: 99.998331 (59903/59904)
(1642948415.7529263, 1642948499.521548, 83.76862168312073)
Test epoch: 30| Acc: 99.52 (9952/10000) 

Epoch: 31
Train epoch:31 	Loss_in: 0.000000 | Loss_in_diffu: 34.305553 | Loss_out_diffu: 5650.670626 | Acc: 99.998331 (59903/59904)
(1642948499.976775, 1642948583.7197793, 83.743004322052)
Test epoch: 31| Acc: 99.52 (9952/10000) 

Epoch: 32
Train epoch:32 	Loss_in: 0.000000 | Loss_in_diffu: 34.305523 | Loss_out_diffu: 5651.642376 | Acc: 99.998331 (59903/59904)
(1642948584.1752732, 1642948668.4379766, 84.26270341873169)
Test epoch: 32| Acc: 99.52 (9952/10000) 

Epoch: 33
Train epoch:33 	Loss_in: 0.000000 | Loss_in_diffu: 34.305357 | Loss_out_diffu: 5652.272820 | Acc: 99.998331 (59903/59904)
(1642948668.8935418, 1642948753.3531911, 84.45964932441711)
Test epoch: 33| Acc: 99.5 (9950/10000) 

Epoch: 34
Train epoch:34 	Loss_in: 0.000000 | Loss_in_diffu: 34.305406 | Loss_out_diffu: 5653.129007 | Acc: 99.998331 (59903/59904)
(1642948753.7978685, 1642948837.7165022, 83.91863369941711)
Test epoch: 34| Acc: 99.52 (9952/10000) 

Epoch: 35
Train epoch:35 	Loss_in: 0.000000 | Loss_in_diffu: 34.305677 | Loss_out_diffu: 5654.373962 | Acc: 99.998331 (59903/59904)
(1642948838.170343, 1642948922.657276, 84.48693299293518)
Test epoch: 35| Acc: 99.52 (9952/10000) 

Epoch: 36
Train epoch:36 	Loss_in: 0.000000 | Loss_in_diffu: 34.305037 | Loss_out_diffu: 5655.370431 | Acc: 99.998331 (59903/59904)
(1642948923.1183531, 1642949007.3803804, 84.26202726364136)
Test epoch: 36| Acc: 99.51 (9951/10000) 

Epoch: 37
Train epoch:37 	Loss_in: 0.000000 | Loss_in_diffu: 34.304727 | Loss_out_diffu: 5656.605279 | Acc: 99.998331 (59903/59904)
(1642949007.8212163, 1642949091.2241206, 83.40290427207947)
Test epoch: 37| Acc: 99.51 (9951/10000) 

Epoch: 38
Train epoch:38 	Loss_in: 0.000000 | Loss_in_diffu: 34.304990 | Loss_out_diffu: 5657.935461 | Acc: 99.998331 (59903/59904)
(1642949091.6748166, 1642949175.6438363, 83.96901965141296)
Test epoch: 38| Acc: 99.52 (9952/10000) 

Epoch: 39
Train epoch:39 	Loss_in: 0.000000 | Loss_in_diffu: 34.305451 | Loss_out_diffu: 5658.820301 | Acc: 99.998331 (59903/59904)
(1642949176.0975409, 1642949259.9361768, 83.83863592147827)
Test epoch: 39| Acc: 99.51 (9951/10000) 
