True
load data:  svhn
Building SVHN data loader with 1 workers
Using downloaded and verified file: /home/ssy/BDNN/data/svhn/train_32x32.mat
Using downloaded and verified file: /home/ssy/BDNN/data/svhn/test_32x32.mat
==> Building model..

Epoch: 0
Train epoch:0 	Loss_in: 1.302233 | Loss_in_diffu: 12.353882 | Loss_out_diffu: 12.065987 | Acc: 57.274366 (41934/73216)
(1643172680.0662239, 1643172802.8367543, 122.77053046226501)
Test epoch: 0| Acc: 82.88562192118226 (21537/25984) 

Epoch: 1
Train epoch:1 	Loss_in: 0.498373 | Loss_in_diffu: 11.854244 | Loss_out_diffu: 12.625722 | Acc: 85.398000 (62525/73216)
(1643172805.9516585, 1643172928.0437102, 122.09205174446106)
Test epoch: 1| Acc: 87.11129926108374 (22635/25984) 

Epoch: 2
Train epoch:2 	Loss_in: 0.371198 | Loss_in_diffu: 11.890767 | Loss_out_diffu: 12.904191 | Acc: 89.036549 (65189/73216)
(1643172931.0522456, 1643173054.4257193, 123.37347364425659)
Test epoch: 2| Acc: 89.07789408866995 (23146/25984) 

Epoch: 3
Train epoch:3 	Loss_in: 0.312890 | Loss_in_diffu: 11.949122 | Loss_out_diffu: 13.083300 | Acc: 90.855824 (66521/73216)
(1643173057.6034782, 1643173180.8997471, 123.29626893997192)
Test epoch: 3| Acc: 91.64870689655173 (23814/25984) 

Epoch: 4
Train epoch:4 	Loss_in: 0.277966 | Loss_in_diffu: 12.033038 | Loss_out_diffu: 13.236053 | Acc: 91.888385 (67277/73216)
(1643173184.0703201, 1643173306.6086912, 122.5383710861206)
Test epoch: 4| Acc: 92.26062192118226 (23973/25984) 

Epoch: 5
Train epoch:5 	Loss_in: 0.252962 | Loss_in_diffu: 12.120664 | Loss_out_diffu: 13.335770 | Acc: 92.624563 (67816/73216)
(1643173309.72314, 1643173432.433839, 122.7106990814209)
Test epoch: 5| Acc: 93.42287561576354 (24275/25984) 

Epoch: 6
Train epoch:6 	Loss_in: 0.234793 | Loss_in_diffu: 12.223503 | Loss_out_diffu: 13.462763 | Acc: 93.263767 (68284/73216)
(1643173435.6029916, 1643173557.8801866, 122.27719497680664)
Test epoch: 6| Acc: 93.56142241379311 (24311/25984) 

Epoch: 7
Train epoch:7 	Loss_in: 0.213824 | Loss_in_diffu: 12.319883 | Loss_out_diffu: 13.578306 | Acc: 93.857900 (68719/73216)
(1643173561.0091138, 1643173683.3351102, 122.32599639892578)
Test epoch: 7| Acc: 93.08805418719211 (24188/25984) 

Epoch: 8
Train epoch:8 	Loss_in: 0.201242 | Loss_in_diffu: 12.424015 | Loss_out_diffu: 13.697218 | Acc: 94.193892 (68965/73216)
(1643173686.3557832, 1643173809.0675764, 122.7117931842804)
Test epoch: 8| Acc: 92.97259852216749 (24158/25984) 

Epoch: 9
Train epoch:9 	Loss_in: 0.188107 | Loss_in_diffu: 12.535059 | Loss_out_diffu: 13.872133 | Acc: 94.554469 (69229/73216)
(1643173812.1857708, 1643173935.230097, 123.0443263053894)
Test epoch: 9| Acc: 94.17718596059113 (24471/25984) 

Epoch: 10
Train epoch:10 	Loss_in: 0.175846 | Loss_in_diffu: 12.649099 | Loss_out_diffu: 14.003444 | Acc: 95.009288 (69562/73216)
(1643173938.398386, 1643174061.4455802, 123.04719424247742)
Test epoch: 10| Acc: 91.80264778325123 (23854/25984) 

Epoch: 11
Train epoch:11 	Loss_in: 0.115150 | Loss_in_diffu: 12.673348 | Loss_out_diffu: 14.066663 | Acc: 96.969242 (70997/73216)
(1643174064.5861218, 1643174187.40488, 122.81875824928284)
Test epoch: 11| Acc: 95.29325738916256 (24761/25984) 

Epoch: 12
Train epoch:12 	Loss_in: 0.101597 | Loss_in_diffu: 12.663667 | Loss_out_diffu: 14.070472 | Acc: 97.383086 (71300/73216)
(1643174190.4417148, 1643174313.2538269, 122.8121120929718)
Test epoch: 12| Acc: 95.25477216748769 (24751/25984) 

Epoch: 13
Train epoch:13 	Loss_in: 0.095167 | Loss_in_diffu: 12.660798 | Loss_out_diffu: 14.075203 | Acc: 97.628934 (71480/73216)
(1643174316.271202, 1643174438.8677254, 122.59652328491211)
Test epoch: 13| Acc: 95.38177339901478 (24784/25984) 

Epoch: 14
Train epoch:14 	Loss_in: 0.089168 | Loss_in_diffu: 12.658938 | Loss_out_diffu: 14.084160 | Acc: 97.876147 (71661/73216)
(1643174441.9091988, 1643174564.7270062, 122.81780743598938)
Test epoch: 14| Acc: 95.21628694581281 (24741/25984) 

Epoch: 15
Train epoch:15 	Loss_in: 0.083595 | Loss_in_diffu: 12.656814 | Loss_out_diffu: 14.088310 | Acc: 98.035948 (71778/73216)
(1643174567.8869703, 1643174690.8206098, 122.93363952636719)
Test epoch: 15| Acc: 95.15471059113301 (24725/25984) 

Epoch: 16
Train epoch:16 	Loss_in: 0.078708 | Loss_in_diffu: 12.655344 | Loss_out_diffu: 14.093611 | Acc: 98.232627 (71922/73216)
(1643174693.9398484, 1643174816.2941456, 122.3542971611023)
Test epoch: 16| Acc: 95.15086206896552 (24724/25984) 

Epoch: 17
Train epoch:17 	Loss_in: 0.073545 | Loss_in_diffu: 12.653664 | Loss_out_diffu: 14.100685 | Acc: 98.422476 (72061/73216)
(1643174819.4297123, 1643174941.714375, 122.28466272354126)
Test epoch: 17| Acc: 94.98152709359606 (24680/25984) 

Epoch: 18
Train epoch:18 	Loss_in: 0.069563 | Loss_in_diffu: 12.652816 | Loss_out_diffu: 14.107887 | Acc: 98.557692 (72160/73216)
(1643174944.7230628, 1643175067.6577516, 122.93468880653381)
Test epoch: 18| Acc: 95.0315578817734 (24693/25984) 

Epoch: 19
Train epoch:19 	Loss_in: 0.065195 | Loss_in_diffu: 12.652098 | Loss_out_diffu: 14.114752 | Acc: 98.647837 (72226/73216)
(1643175070.7163, 1643175193.8198211, 123.10352110862732)
Test epoch: 19| Acc: 95.05464901477832 (24699/25984) 

Epoch: 20
Train epoch:20 	Loss_in: 0.061157 | Loss_in_diffu: 12.650984 | Loss_out_diffu: 14.118337 | Acc: 98.822662 (72354/73216)
(1643175196.8398736, 1643175320.0492566, 123.20938301086426)
Test epoch: 20| Acc: 94.9661330049261 (24676/25984) 

Epoch: 21
Train epoch:21 	Loss_in: 0.052180 | Loss_in_diffu: 12.645472 | Loss_out_diffu: 14.118615 | Acc: 99.106753 (72562/73216)
(1643175323.2281377, 1643175445.657172, 122.42903423309326)
Test epoch: 21| Acc: 95.05080049261083 (24698/25984) 

Epoch: 22
Train epoch:22 	Loss_in: 0.050902 | Loss_in_diffu: 12.644559 | Loss_out_diffu: 14.120352 | Acc: 99.138167 (72585/73216)
(1643175448.7201312, 1643175571.3000994, 122.57996821403503)
Test epoch: 22| Acc: 95.00461822660098 (24686/25984) 

Epoch: 23
Train epoch:23 	Loss_in: 0.050174 | Loss_in_diffu: 12.643959 | Loss_out_diffu: 14.120964 | Acc: 99.146361 (72591/73216)
(1643175574.3517327, 1643175696.847675, 122.49594235420227)
Test epoch: 23| Acc: 94.98537561576354 (24681/25984) 

Epoch: 24
Train epoch:24 	Loss_in: 0.049514 | Loss_in_diffu: 12.643388 | Loss_out_diffu: 14.122072 | Acc: 99.154556 (72597/73216)
(1643175699.878191, 1643175822.3449154, 122.46672439575195)
Test epoch: 24| Acc: 94.9699815270936 (24677/25984) 

Epoch: 25
Train epoch:25 	Loss_in: 0.048990 | Loss_in_diffu: 12.642901 | Loss_out_diffu: 14.122031 | Acc: 99.184604 (72619/73216)
(1643175825.3666058, 1643175947.9095123, 122.54290652275085)
Test epoch: 25| Acc: 94.94304187192118 (24670/25984) 

Epoch: 26
Train epoch:26 	Loss_in: 0.048434 | Loss_in_diffu: 12.642955 | Loss_out_diffu: 14.123839 | Acc: 99.199628 (72630/73216)
(1643175950.9571848, 1643176073.8294928, 122.87230801582336)
Test epoch: 26| Acc: 94.98922413793103 (24682/25984) 

Epoch: 27
Train epoch:27 	Loss_in: 0.047985 | Loss_in_diffu: 12.642672 | Loss_out_diffu: 14.124766 | Acc: 99.209189 (72637/73216)
(1643176076.8697612, 1643176199.7330053, 122.86324405670166)
Test epoch: 27| Acc: 94.92764778325123 (24666/25984) 

Epoch: 28
Train epoch:28 	Loss_in: 0.047300 | Loss_in_diffu: 12.641835 | Loss_out_diffu: 14.124852 | Acc: 99.225579 (72649/73216)
(1643176202.751225, 1643176325.6069272, 122.85570216178894)
Test epoch: 28| Acc: 94.97767857142857 (24679/25984) 

Epoch: 29
Train epoch:29 	Loss_in: 0.046888 | Loss_in_diffu: 12.641526 | Loss_out_diffu: 14.126204 | Acc: 99.236506 (72657/73216)
(1643176328.762314, 1643176451.4156013, 122.6532871723175)
Test epoch: 29| Acc: 94.9353448275862 (24668/25984) 

Epoch: 30
Train epoch:30 	Loss_in: 0.046409 | Loss_in_diffu: 12.641780 | Loss_out_diffu: 14.126474 | Acc: 99.251530 (72668/73216)
(1643176454.4371893, 1643176576.863581, 122.4263916015625)
Test epoch: 30| Acc: 94.9353448275862 (24668/25984) 

Epoch: 31
Train epoch:31 	Loss_in: 0.045386 | Loss_in_diffu: 12.640512 | Loss_out_diffu: 14.126702 | Acc: 99.258359 (72673/73216)
(1643176579.9914055, 1643176702.968326, 122.97692060470581)
Test epoch: 31| Acc: 94.95458743842364 (24673/25984) 

Epoch: 32
Train epoch:32 	Loss_in: 0.045304 | Loss_in_diffu: 12.640557 | Loss_out_diffu: 14.126798 | Acc: 99.263822 (72677/73216)
(1643176706.025898, 1643176829.196221, 123.17032313346863)
Test epoch: 32| Acc: 94.92764778325123 (24666/25984) 

Epoch: 33
Train epoch:33 	Loss_in: 0.045226 | Loss_in_diffu: 12.640550 | Loss_out_diffu: 14.127049 | Acc: 99.266554 (72679/73216)
(1643176832.2204041, 1643176954.5577497, 122.33734560012817)
Test epoch: 33| Acc: 94.9045566502463 (24660/25984) 

Epoch: 34
Train epoch:34 	Loss_in: 0.045133 | Loss_in_diffu: 12.640578 | Loss_out_diffu: 14.127012 | Acc: 99.267920 (72680/73216)
(1643176957.5762413, 1643177080.9966352, 123.42039394378662)
Test epoch: 34| Acc: 94.94689039408867 (24671/25984) 

Epoch: 35
Train epoch:35 	Loss_in: 0.045068 | Loss_in_diffu: 12.640736 | Loss_out_diffu: 14.127201 | Acc: 99.274749 (72685/73216)
(1643177084.055551, 1643177206.4177485, 122.3621973991394)
Test epoch: 35| Acc: 94.92379926108374 (24665/25984) 

Epoch: 36
Train epoch:36 	Loss_in: 0.045045 | Loss_in_diffu: 12.640411 | Loss_out_diffu: 14.127293 | Acc: 99.272017 (72683/73216)
(1643177209.4569376, 1643177332.7660847, 123.3091471195221)
Test epoch: 36| Acc: 94.93149630541872 (24667/25984) 

Epoch: 37
Train epoch:37 	Loss_in: 0.045014 | Loss_in_diffu: 12.640381 | Loss_out_diffu: 14.127273 | Acc: 99.265188 (72678/73216)
(1643177335.805815, 1643177458.758497, 122.95268201828003)
Test epoch: 37| Acc: 94.9045566502463 (24660/25984) 

Epoch: 38
Train epoch:38 	Loss_in: 0.044952 | Loss_in_diffu: 12.640227 | Loss_out_diffu: 14.127441 | Acc: 99.267920 (72680/73216)
(1643177461.797472, 1643177584.9025838, 123.10511183738708)
Test epoch: 38| Acc: 94.9045566502463 (24660/25984) 

Epoch: 39
Train epoch:39 	Loss_in: 0.044829 | Loss_in_diffu: 12.640279 | Loss_out_diffu: 14.127383 | Acc: 99.277480 (72687/73216)
(1643177587.942067, 1643177710.9901693, 123.04810237884521)
Test epoch: 39| Acc: 94.93149630541872 (24667/25984) 
