cuda:0
load data:  imagenet
Building Tiny ImageNet data loader with 4 workers
==> Building model..

Epoch: 0
Train epoch:0 	Loss: 5.193141 | Acc: 1.086348 (1086/99968) | Time: 1.46m
Test epoch: 0  Acc: 1.8429487179487178 (184/9984)

Epoch: 1
Train epoch:1 	Loss: 5.010603 | Acc: 2.130682 (2130/99968) | Time: 1.57m
Test epoch: 1  Acc: 3.215144230769231 (321/9984)

Epoch: 2
Train epoch:2 	Loss: 4.873487 | Acc: 3.113996 (3113/99968) | Time: 1.65m
Test epoch: 2  Acc: 4.977964743589744 (497/9984)

Epoch: 3
Train epoch:3 	Loss: 4.759866 | Acc: 4.039293 (4038/99968) | Time: 1.77m
Test epoch: 3  Acc: 6.420272435897436 (641/9984)

Epoch: 4
Train epoch:4 	Loss: 4.676531 | Acc: 4.884563 (4883/99968) | Time: 1.55m
Test epoch: 4  Acc: 8.183092948717949 (817/9984)

Epoch: 5
Train epoch:5 	Loss: 4.605549 | Acc: 5.362716 (5361/99968) | Time: 1.54m
Test epoch: 5  Acc: 7.972756410256411 (796/9984)

Epoch: 6
Train epoch:6 	Loss: 4.551495 | Acc: 5.861876 (5860/99968) | Time: 1.74m
Test epoch: 6  Acc: 8.794070512820513 (878/9984)

Epoch: 7
Train epoch:7 	Loss: 4.507869 | Acc: 6.311020 (6309/99968) | Time: 1.72m
Test epoch: 7  Acc: 8.964342948717949 (895/9984)

Epoch: 8
Train epoch:8 	Loss: 4.472548 | Acc: 6.694142 (6692/99968) | Time: 1.55m
Test epoch: 8  Acc: 9.935897435897436 (992/9984)

Epoch: 9
Train epoch:9 	Loss: 4.445073 | Acc: 7.013244 (7011/99968) | Time: 1.67m
Test epoch: 9  Acc: 10.356570512820513 (1034/9984)

Epoch: 10
Train epoch:10 	Loss: 4.429329 | Acc: 7.191301 (7189/99968) | Time: 1.74m
Test epoch: 10  Acc: 10.927483974358974 (1091/9984)

Epoch: 11
Train epoch:11 	Loss: 4.413611 | Acc: 7.296335 (7294/99968) | Time: 1.54m
Test epoch: 11  Acc: 11.137820512820513 (1112/9984)

Epoch: 12
Train epoch:12 	Loss: 4.408280 | Acc: 7.378361 (7376/99968) | Time: 1.51m
Test epoch: 12  Acc: 11.207932692307692 (1119/9984)

Epoch: 13
Train epoch:13 	Loss: 4.394684 | Acc: 7.520407 (7518/99968) | Time: 1.74m
Test epoch: 13  Acc: 10.426682692307692 (1041/9984)

Epoch: 14
Train epoch:14 	Loss: 4.392513 | Acc: 7.581426 (7579/99968) | Time: 1.69m
Test epoch: 14  Acc: 11.388221153846153 (1137/9984)

Epoch: 15
Train epoch:15 	Loss: 4.376916 | Acc: 7.746479 (7744/99968) | Time: 1.55m
Test epoch: 15  Acc: 10.79727564102564 (1078/9984)

Epoch: 16
Train epoch:16 	Loss: 4.375824 | Acc: 7.579425 (7577/99968) | Time: 1.67m
Test epoch: 16  Acc: 11.62860576923077 (1161/9984)

Epoch: 17
Train epoch:17 	Loss: 4.356073 | Acc: 7.893526 (7891/99968) | Time: 1.75m
Test epoch: 17  Acc: 11.308092948717949 (1129/9984)

Epoch: 18
Train epoch:18 	Loss: 4.356156 | Acc: 7.906530 (7904/99968) | Time: 1.54m
Test epoch: 18  Acc: 11.959134615384615 (1194/9984)

Epoch: 19
Train epoch:19 	Loss: 4.348242 | Acc: 8.017566 (8015/99968) | Time: 1.64m
Test epoch: 19  Acc: 11.919070512820513 (1190/9984)

Epoch: 20
Train epoch:20 	Loss: 4.336021 | Acc: 8.028569 (8026/99968) | Time: 1.75m
Test epoch: 20  Acc: 11.478365384615385 (1146/9984)

Epoch: 21
Train epoch:21 	Loss: 4.337959 | Acc: 8.056578 (8054/99968) | Time: 1.54m
Test epoch: 21  Acc: 10.947516025641026 (1093/9984)

Epoch: 22
Train epoch:22 	Loss: 4.333314 | Acc: 8.159611 (8157/99968) | Time: 1.52m
Test epoch: 22  Acc: 13.110977564102564 (1309/9984)

Epoch: 23
Train epoch:23 	Loss: 4.326135 | Acc: 8.167614 (8165/99968) | Time: 1.71m
Test epoch: 23  Acc: 12.009214743589743 (1199/9984)

Epoch: 24
Train epoch:24 	Loss: 4.321284 | Acc: 8.240637 (8238/99968) | Time: 1.69m
Test epoch: 24  Acc: 11.909054487179487 (1189/9984)

Epoch: 25
Train epoch:25 	Loss: 4.326911 | Acc: 8.304657 (8302/99968) | Time: 1.53m
Test epoch: 25  Acc: 11.348157051282051 (1133/9984)

Epoch: 26
Train epoch:26 	Loss: 4.319208 | Acc: 8.228633 (8226/99968) | Time: 1.68m
Test epoch: 26  Acc: 12.970753205128204 (1295/9984)

Epoch: 27
Train epoch:27 	Loss: 4.310164 | Acc: 8.226633 (8224/99968) | Time: 1.72m
Test epoch: 27  Acc: 11.798878205128204 (1178/9984)

Epoch: 28
Train epoch:28 	Loss: 4.309453 | Acc: 8.535731 (8533/99968) | Time: 1.54m
Test epoch: 28  Acc: 12.570112179487179 (1255/9984)

Epoch: 29
Train epoch:29 	Loss: 4.302668 | Acc: 8.483715 (8481/99968) | Time: 1.66m
Test epoch: 29  Acc: 12.540064102564102 (1252/9984)

Epoch: 30
Train epoch:30 	Loss: 4.306174 | Acc: 8.463708 (8461/99968) | Time: 1.62m
Test epoch: 30  Acc: 12.880608974358974 (1286/9984)

Epoch: 31
Train epoch:31 	Loss: 4.011830 | Acc: 12.036852 (12033/99968) | Time: 1.91m
Test epoch: 31  Acc: 18.399439102564102 (1837/9984)

Epoch: 32
Train epoch:32 	Loss: 3.923939 | Acc: 13.302257 (13298/99968) | Time: 1.65m
Test epoch: 32  Acc: 18.609775641025642 (1858/9984)

Epoch: 33
Train epoch:33 	Loss: 3.885341 | Acc: 13.683379 (13679/99968) | Time: 1.56m
Test epoch: 33  Acc: 20.38261217948718 (2035/9984)

Epoch: 34
Train epoch:34 	Loss: 3.866161 | Acc: 14.223552 (14219/99968) | Time: 1.61m
Test epoch: 34  Acc: 20.52283653846154 (2049/9984)

Epoch: 35
Train epoch:35 	Loss: 3.852091 | Acc: 14.686700 (14682/99968) | Time: 1.78m
Test epoch: 35  Acc: 20.282451923076923 (2025/9984)

Epoch: 36
Train epoch:36 	Loss: 3.835197 | Acc: 14.733715 (14729/99968) | Time: 1.67m
Test epoch: 36  Acc: 20.112179487179485 (2008/9984)

Epoch: 37
Train epoch:37 	Loss: 3.830072 | Acc: 14.942782 (14938/99968) | Time: 1.55m
Test epoch: 37  Acc: 19.891826923076923 (1986/9984)

Epoch: 38
Train epoch:38 	Loss: 3.820499 | Acc: 15.171855 (15167/99968) | Time: 1.68m
Test epoch: 38  Acc: 20.72315705128205 (2069/9984)

Epoch: 39
Train epoch:39 	Loss: 3.816826 | Acc: 15.152849 (15148/99968) | Time: 1.72m
Test epoch: 39  Acc: 21.46434294871795 (2143/9984)

Epoch: 40
Train epoch:40 	Loss: 3.805299 | Acc: 15.384923 (15380/99968) | Time: 1.53m
Test epoch: 40  Acc: 20.873397435897434 (2084/9984)

Epoch: 41
Train epoch:41 	Loss: 3.807770 | Acc: 15.363916 (15359/99968) | Time: 1.65m
Test epoch: 41  Acc: 20.302483974358974 (2027/9984)

Epoch: 42
Train epoch:42 	Loss: 3.802914 | Acc: 15.572983 (15568/99968) | Time: 1.75m
Test epoch: 42  Acc: 21.544471153846153 (2151/9984)

Epoch: 43
Train epoch:43 	Loss: 3.786086 | Acc: 15.804057 (15799/99968) | Time: 1.54m
Test epoch: 43  Acc: 21.975160256410255 (2194/9984)

Epoch: 44
Train epoch:44 	Loss: 3.791973 | Acc: 15.664012 (15659/99968) | Time: 1.63m
Test epoch: 44  Acc: 21.534455128205128 (2150/9984)

Epoch: 45
Train epoch:45 	Loss: 3.782589 | Acc: 15.923095 (15918/99968) | Time: 1.76m
Test epoch: 45  Acc: 22.095352564102566 (2206/9984)

Epoch: 46
Train epoch:46 	Loss: 3.774842 | Acc: 15.958107 (15953/99968) | Time: 1.68m
Test epoch: 46  Acc: 20.823317307692307 (2079/9984)

Epoch: 47
Train epoch:47 	Loss: 3.777402 | Acc: 15.922095 (15917/99968) | Time: 1.54m
Test epoch: 47  Acc: 21.384214743589745 (2135/9984)

Epoch: 48
Train epoch:48 	Loss: 3.764219 | Acc: 16.132162 (16127/99968) | Time: 1.68m
Test epoch: 48  Acc: 22.526041666666668 (2249/9984)

Epoch: 49
Train epoch:49 	Loss: 3.760759 | Acc: 16.173175 (16168/99968) | Time: 1.71m
Test epoch: 49  Acc: 21.674679487179485 (2164/9984)

Epoch: 50
Train epoch:50 	Loss: 3.750821 | Acc: 16.370238 (16365/99968) | Time: 1.53m
Test epoch: 50  Acc: 21.834935897435898 (2180/9984)

Epoch: 51
Train epoch:51 	Loss: 3.751379 | Acc: 16.386244 (16381/99968) | Time: 1.67m
Test epoch: 51  Acc: 22.10536858974359 (2207/9984)

Epoch: 52
Train epoch:52 	Loss: 3.746406 | Acc: 16.555298 (16550/99968) | Time: 1.73m
Test epoch: 52  Acc: 20.162259615384617 (2013/9984)

Epoch: 53
Train epoch:53 	Loss: 3.730122 | Acc: 16.773367 (16768/99968) | Time: 1.54m
Test epoch: 53  Acc: 23.056891025641026 (2302/9984)

Epoch: 54
Train epoch:54 	Loss: 3.727345 | Acc: 16.821383 (16816/99968) | Time: 1.63m
Test epoch: 54  Acc: 22.556089743589745 (2252/9984)

Epoch: 55
Train epoch:55 	Loss: 3.723301 | Acc: 16.800376 (16795/99968) | Time: 1.76m
Test epoch: 55  Acc: 23.036858974358974 (2300/9984)

Epoch: 56
Train epoch:56 	Loss: 3.715771 | Acc: 17.110475 (17105/99968) | Time: 1.53m
Test epoch: 56  Acc: 22.686298076923077 (2265/9984)

Epoch: 57
Train epoch:57 	Loss: 3.714485 | Acc: 17.082466 (17077/99968) | Time: 1.52m
Test epoch: 57  Acc: 23.217147435897434 (2318/9984)

Epoch: 58
Train epoch:58 	Loss: 3.694706 | Acc: 17.360555 (17355/99968) | Time: 1.71m
Test epoch: 58  Acc: 23.64783653846154 (2361/9984)

Epoch: 59
Train epoch:59 	Loss: 3.688778 | Acc: 17.368558 (17363/99968) | Time: 1.71m
Test epoch: 59  Acc: 23.32732371794872 (2329/9984)

Epoch: 60
Train epoch:60 	Loss: 3.684401 | Acc: 17.553617 (17548/99968) | Time: 1.53m
Test epoch: 60  Acc: 23.52764423076923 (2349/9984)

Epoch: 61
Train epoch:61 	Loss: 3.494869 | Acc: 20.421535 (20415/99968) | Time: 1.67m
Test epoch: 61  Acc: 26.442307692307693 (2640/9984)

Epoch: 62
Train epoch:62 	Loss: 3.458867 | Acc: 21.173776 (21167/99968) | Time: 1.70m
Test epoch: 62  Acc: 26.953125 (2691/9984)

Epoch: 63
Train epoch:63 	Loss: 3.437900 | Acc: 21.394846 (21388/99968) | Time: 1.55m
Test epoch: 63  Acc: 27.203525641025642 (2716/9984)

Epoch: 64
Train epoch:64 	Loss: 3.427588 | Acc: 21.842990 (21836/99968) | Time: 1.53m
Test epoch: 64  Acc: 27.23357371794872 (2719/9984)

Epoch: 65
Train epoch:65 	Loss: 3.415984 | Acc: 21.893006 (21886/99968) | Time: 1.73m
Test epoch: 65  Acc: 27.654246794871796 (2761/9984)

Epoch: 66
Train epoch:66 	Loss: 3.409115 | Acc: 21.879001 (21872/99968) | Time: 1.71m
Test epoch: 66  Acc: 27.744391025641026 (2770/9984)

Epoch: 67
Train epoch:67 	Loss: 3.398092 | Acc: 22.188100 (22181/99968) | Time: 1.54m
Test epoch: 67  Acc: 27.91466346153846 (2787/9984)

Epoch: 68
Train epoch:68 	Loss: 3.394619 | Acc: 22.303137 (22296/99968) | Time: 1.66m
Test epoch: 68  Acc: 28.024839743589745 (2798/9984)

Epoch: 69
Train epoch:69 	Loss: 3.392650 | Acc: 22.307138 (22300/99968) | Time: 1.74m
Test epoch: 69  Acc: 28.295272435897434 (2825/9984)

Epoch: 70
Train epoch:70 	Loss: 3.380587 | Acc: 22.564221 (22557/99968) | Time: 1.53m
Test epoch: 70  Acc: 28.35536858974359 (2831/9984)

Epoch: 71
Train epoch:71 	Loss: 3.375752 | Acc: 22.630242 (22623/99968) | Time: 1.63m
Test epoch: 71  Acc: 27.984775641025642 (2794/9984)

Epoch: 72
Train epoch:72 	Loss: 3.365204 | Acc: 22.712268 (22705/99968) | Time: 1.75m
Test epoch: 72  Acc: 28.936298076923077 (2889/9984)

Epoch: 73
Train epoch:73 	Loss: 3.356959 | Acc: 22.777289 (22770/99968) | Time: 1.52m
Test epoch: 73  Acc: 28.365384615384617 (2832/9984)

Epoch: 74
Train epoch:74 	Loss: 3.356487 | Acc: 22.985355 (22978/99968) | Time: 1.51m
Test epoch: 74  Acc: 29.106570512820515 (2906/9984)

Epoch: 75
Train epoch:75 	Loss: 3.357430 | Acc: 22.785291 (22778/99968) | Time: 1.72m
Test epoch: 75  Acc: 29.146634615384617 (2910/9984)

Epoch: 76
Train epoch:76 	Loss: 3.349069 | Acc: 23.007362 (23000/99968) | Time: 1.69m
Test epoch: 76  Acc: 28.135016025641026 (2809/9984)

Epoch: 77
Train epoch:77 	Loss: 3.351145 | Acc: 22.926336 (22919/99968) | Time: 1.55m
Test epoch: 77  Acc: 28.595753205128204 (2855/9984)

Epoch: 78
Train epoch:78 	Loss: 3.345820 | Acc: 22.939341 (22932/99968) | Time: 1.67m
Test epoch: 78  Acc: 28.92628205128205 (2888/9984)

Epoch: 79
Train epoch:79 	Loss: 3.342953 | Acc: 23.155410 (23148/99968) | Time: 1.72m
Test epoch: 79  Acc: 28.245192307692307 (2820/9984)

Epoch: 80
Train epoch:80 	Loss: 3.335840 | Acc: 23.277449 (23270/99968) | Time: 1.55m
Test epoch: 80  Acc: 28.395432692307693 (2835/9984)

Epoch: 81
Train epoch:81 	Loss: 3.328661 | Acc: 23.462508 (23455/99968) | Time: 1.62m
Test epoch: 81  Acc: 28.60576923076923 (2856/9984)

Epoch: 82
Train epoch:82 	Loss: 3.328305 | Acc: 23.614557 (23607/99968) | Time: 1.75m
Test epoch: 82  Acc: 28.525641025641026 (2848/9984)

Epoch: 83
Train epoch:83 	Loss: 3.320803 | Acc: 23.464509 (23457/99968) | Time: 1.54m
Test epoch: 83  Acc: 29.01642628205128 (2897/9984)

Epoch: 84
Train epoch:84 	Loss: 3.320185 | Acc: 23.398488 (23391/99968) | Time: 1.69m
Test epoch: 84  Acc: 29.196714743589745 (2915/9984)

Epoch: 85
Train epoch:85 	Loss: 3.308180 | Acc: 23.679577 (23672/99968) | Time: 1.74m
Test epoch: 85  Acc: 28.81610576923077 (2877/9984)

Epoch: 86
Train epoch:86 	Loss: 3.317106 | Acc: 23.563540 (23556/99968) | Time: 1.70m
Test epoch: 86  Acc: 28.67588141025641 (2863/9984)

Epoch: 87
Train epoch:87 	Loss: 3.312248 | Acc: 23.594550 (23587/99968) | Time: 1.55m
Test epoch: 87  Acc: 29.697516025641026 (2965/9984)

Epoch: 88
Train epoch:88 	Loss: 3.312233 | Acc: 23.740597 (23733/99968) | Time: 1.53m
Test epoch: 88  Acc: 29.156650641025642 (2911/9984)

Epoch: 89
Train epoch:89 	Loss: 3.306572 | Acc: 23.989677 (23982/99968) | Time: 1.39m
Test epoch: 89  Acc: 29.336939102564102 (2929/9984)
