True
load data:  mnist
Building MNIST data loader with 1 workers
==> Building model..

Epoch: 0
Train epoch:0 	Loss_in: 0.494834 | Loss_in_diffu: 5.983985 | Loss_out_diffu: 6.449442 | Acc: 89.154314 (53407/59904)
(1642924362.2230146, 1642924439.02612, 76.80310535430908)
Test epoch: 0| Acc: 97.78 (9778/10000) 

Epoch: 1
Train epoch:1 	Loss_in: 0.080425 | Loss_in_diffu: 5.634147 | Loss_out_diffu: 6.670193 | Acc: 97.933360 (58666/59904)
(1642924439.509858, 1642924513.8487594, 74.33890151977539)
Test epoch: 1| Acc: 97.94 (9794/10000) 

Epoch: 2
Train epoch:2 	Loss_in: 0.055186 | Loss_in_diffu: 5.655951 | Loss_out_diffu: 6.797202 | Acc: 98.532652 (59025/59904)
(1642924514.3515081, 1642924589.4220386, 75.0705304145813)
Test epoch: 2| Acc: 98.73 (9873/10000) 

Epoch: 3
Train epoch:3 	Loss_in: 0.045263 | Loss_in_diffu: 5.698860 | Loss_out_diffu: 6.912012 | Acc: 98.719618 (59137/59904)
(1642924589.9195402, 1642924664.4363866, 74.51684641838074)
Test epoch: 3| Acc: 99.11 (9911/10000) 

Epoch: 4
Train epoch:4 	Loss_in: 0.039963 | Loss_in_diffu: 5.745411 | Loss_out_diffu: 6.939289 | Acc: 98.829794 (59203/59904)
(1642924665.054274, 1642924739.7845128, 74.73023867607117)
Test epoch: 4| Acc: 99.09 (9909/10000) 

Epoch: 5
Train epoch:5 	Loss_in: 0.030613 | Loss_in_diffu: 5.779054 | Loss_out_diffu: 7.068403 | Acc: 99.118590 (59376/59904)
(1642924740.29347, 1642924814.6515753, 74.35810542106628)
Test epoch: 5| Acc: 99.14 (9914/10000) 

Epoch: 6
Train epoch:6 	Loss_in: 0.029207 | Loss_in_diffu: 5.822284 | Loss_out_diffu: 7.091445 | Acc: 99.180355 (59413/59904)
(1642924815.1416605, 1642924889.4041688, 74.26250839233398)
Test epoch: 6| Acc: 99.13 (9913/10000) 

Epoch: 7
Train epoch:7 	Loss_in: 0.024132 | Loss_in_diffu: 5.863924 | Loss_out_diffu: 7.155263 | Acc: 99.308894 (59490/59904)
(1642924890.0203528, 1642924964.6699672, 74.64961433410645)
Test epoch: 7| Acc: 98.85 (9885/10000) 

Epoch: 8
Train epoch:8 	Loss_in: 0.023067 | Loss_in_diffu: 5.907337 | Loss_out_diffu: 7.222705 | Acc: 99.328926 (59502/59904)
(1642924965.2919664, 1642925040.2934697, 75.00150322914124)
Test epoch: 8| Acc: 99.2 (9920/10000) 

Epoch: 9
Train epoch:9 	Loss_in: 0.020849 | Loss_in_diffu: 5.951573 | Loss_out_diffu: 7.219795 | Acc: 99.377337 (59531/59904)
(1642925040.8584685, 1642925115.706702, 74.84823346138)
Test epoch: 9| Acc: 99.12 (9912/10000) 

Epoch: 10
Train epoch:10 	Loss_in: 0.020413 | Loss_in_diffu: 5.998157 | Loss_out_diffu: 7.316296 | Acc: 99.373998 (59529/59904)
(1642925116.3142285, 1642925190.7816308, 74.46740221977234)
Test epoch: 10| Acc: 99.16 (9916/10000) 

Epoch: 11
Train epoch:11 	Loss_in: 0.006778 | Loss_in_diffu: 6.013919 | Loss_out_diffu: 7.388305 | Acc: 99.839744 (59808/59904)
(1642925191.277346, 1642925266.005763, 74.72841715812683)
Test epoch: 11| Acc: 99.52 (9952/10000) 

Epoch: 12
Train epoch:12 	Loss_in: 0.004708 | Loss_in_diffu: 6.011206 | Loss_out_diffu: 7.411681 | Acc: 99.886485 (59836/59904)
(1642925266.6250718, 1642925341.2196302, 74.59455847740173)
Test epoch: 12| Acc: 99.53 (9953/10000) 

Epoch: 13
Train epoch:13 	Loss_in: 0.003881 | Loss_in_diffu: 6.009727 | Loss_out_diffu: 7.426458 | Acc: 99.916533 (59854/59904)
(1642925341.7261899, 1642925416.216255, 74.49006509780884)
Test epoch: 13| Acc: 99.55 (9955/10000) 

Epoch: 14
Train epoch:14 	Loss_in: 0.003270 | Loss_in_diffu: 6.008197 | Loss_out_diffu: 7.442550 | Acc: 99.933226 (59864/59904)
(1642925416.8380349, 1642925492.2737856, 75.43575072288513)
Test epoch: 14| Acc: 99.53 (9953/10000) 

Epoch: 15
Train epoch:15 	Loss_in: 0.002690 | Loss_in_diffu: 6.006970 | Loss_out_diffu: 7.456934 | Acc: 99.954928 (59877/59904)
(1642925492.7738817, 1642925568.2078545, 75.43397283554077)
Test epoch: 15| Acc: 99.6 (9960/10000) 

Epoch: 16
Train epoch:16 	Loss_in: 0.002293 | Loss_in_diffu: 6.006294 | Loss_out_diffu: 7.469548 | Acc: 99.971621 (59887/59904)
(1642925568.8292727, 1642925644.0377908, 75.20851802825928)
Test epoch: 16| Acc: 99.48 (9948/10000) 

Epoch: 17
Train epoch:17 	Loss_in: 0.002134 | Loss_in_diffu: 6.005888 | Loss_out_diffu: 7.484574 | Acc: 99.963275 (59882/59904)
(1642925644.5378094, 1642925719.4829707, 74.94516134262085)
Test epoch: 17| Acc: 99.48 (9948/10000) 

Epoch: 18
Train epoch:18 	Loss_in: 0.002099 | Loss_in_diffu: 6.005821 | Loss_out_diffu: 7.501964 | Acc: 99.966613 (59884/59904)
(1642925720.102134, 1642925794.8792026, 74.77706861495972)
Test epoch: 18| Acc: 99.53 (9953/10000) 

Epoch: 19
Train epoch:19 	Loss_in: 0.001598 | Loss_in_diffu: 6.005268 | Loss_out_diffu: 7.516425 | Acc: 99.979968 (59892/59904)
(1642925795.378812, 1642925870.2582228, 74.87941074371338)
Test epoch: 19| Acc: 99.49 (9949/10000) 

Epoch: 20
Train epoch:20 	Loss_in: 0.002101 | Loss_in_diffu: 6.005357 | Loss_out_diffu: 7.521758 | Acc: 99.958267 (59879/59904)
(1642925870.879425, 1642925945.7059538, 74.82652878761292)
Test epoch: 20| Acc: 99.42 (9942/10000) 

Epoch: 21
Train epoch:21 	Loss_in: 0.001462 | Loss_in_diffu: 6.005372 | Loss_out_diffu: 7.521724 | Acc: 99.969952 (59886/59904)
(1642925946.1928902, 1642926020.8260264, 74.63313627243042)
Test epoch: 21| Acc: 99.53 (9953/10000) 

Epoch: 22
Train epoch:22 	Loss_in: 0.001054 | Loss_in_diffu: 6.004964 | Loss_out_diffu: 7.528515 | Acc: 99.988315 (59897/59904)
(1642926021.3208225, 1642926096.0851727, 74.76435017585754)
Test epoch: 22| Acc: 99.54 (9954/10000) 

Epoch: 23
Train epoch:23 	Loss_in: 0.000996 | Loss_in_diffu: 6.004679 | Loss_out_diffu: 7.528934 | Acc: 99.991653 (59899/59904)
(1642926096.571159, 1642926170.8780956, 74.30693674087524)
Test epoch: 23| Acc: 99.55 (9955/10000) 

Epoch: 24
Train epoch:24 	Loss_in: 0.000959 | Loss_in_diffu: 6.004633 | Loss_out_diffu: 7.529336 | Acc: 99.991653 (59899/59904)
(1642926171.384863, 1642926246.4611406, 75.07627773284912)
Test epoch: 24| Acc: 99.55 (9955/10000) 

Epoch: 25
Train epoch:25 	Loss_in: 0.000934 | Loss_in_diffu: 6.004619 | Loss_out_diffu: 7.530517 | Acc: 99.991653 (59899/59904)
(1642926246.9614835, 1642926321.9620962, 75.00061273574829)
Test epoch: 25| Acc: 99.54 (9954/10000) 

Epoch: 26
Train epoch:26 	Loss_in: 0.000909 | Loss_in_diffu: 6.004311 | Loss_out_diffu: 7.531292 | Acc: 99.991653 (59899/59904)
(1642926322.582631, 1642926397.819026, 75.23639488220215)
Test epoch: 26| Acc: 99.53 (9953/10000) 

Epoch: 27
Train epoch:27 	Loss_in: 0.000890 | Loss_in_diffu: 6.004489 | Loss_out_diffu: 7.532980 | Acc: 99.991653 (59899/59904)
(1642926398.3182502, 1642926472.911864, 74.59361386299133)
Test epoch: 27| Acc: 99.52 (9952/10000) 

Epoch: 28
Train epoch:28 	Loss_in: 0.000862 | Loss_in_diffu: 6.004122 | Loss_out_diffu: 7.533859 | Acc: 99.991653 (59899/59904)
(1642926473.5186543, 1642926547.81401, 74.29535555839539)
Test epoch: 28| Acc: 99.53 (9953/10000) 

Epoch: 29
Train epoch:29 	Loss_in: 0.000831 | Loss_in_diffu: 6.003971 | Loss_out_diffu: 7.535034 | Acc: 99.991653 (59899/59904)
(1642926548.4313605, 1642926622.804759, 74.37339854240417)
Test epoch: 29| Acc: 99.52 (9952/10000) 

Epoch: 30
Train epoch:30 	Loss_in: 0.000804 | Loss_in_diffu: 6.004093 | Loss_out_diffu: 7.536032 | Acc: 99.993323 (59900/59904)
(1642926623.4239855, 1642926698.311393, 74.88740754127502)
Test epoch: 30| Acc: 99.54 (9954/10000) 

Epoch: 31
Train epoch:31 	Loss_in: 0.000711 | Loss_in_diffu: 6.003746 | Loss_out_diffu: 7.535478 | Acc: 99.993323 (59900/59904)
(1642926698.80757, 1642926773.7275467, 74.9199767112732)
Test epoch: 31| Acc: 99.51 (9951/10000) 

Epoch: 32
Train epoch:32 	Loss_in: 0.000692 | Loss_in_diffu: 6.003837 | Loss_out_diffu: 7.536743 | Acc: 99.993323 (59900/59904)
(1642926774.3390286, 1642926849.2231796, 74.88415098190308)
Test epoch: 32| Acc: 99.51 (9951/10000) 

Epoch: 33
Train epoch:33 	Loss_in: 0.000678 | Loss_in_diffu: 6.003589 | Loss_out_diffu: 7.536682 | Acc: 99.993323 (59900/59904)
(1642926849.7734385, 1642926924.3550587, 74.58162021636963)
Test epoch: 33| Acc: 99.52 (9952/10000) 

Epoch: 34
Train epoch:34 	Loss_in: 0.000671 | Loss_in_diffu: 6.003808 | Loss_out_diffu: 7.536991 | Acc: 99.994992 (59901/59904)
(1642926924.97446, 1642926999.9436486, 74.96918869018555)
Test epoch: 34| Acc: 99.52 (9952/10000) 

Epoch: 35
Train epoch:35 	Loss_in: 0.000666 | Loss_in_diffu: 6.003616 | Loss_out_diffu: 7.536960 | Acc: 99.994992 (59901/59904)
(1642927000.4439158, 1642927075.6527178, 75.20880198478699)
Test epoch: 35| Acc: 99.51 (9951/10000) 

Epoch: 36
Train epoch:36 	Loss_in: 0.000662 | Loss_in_diffu: 6.003821 | Loss_out_diffu: 7.537066 | Acc: 99.994992 (59901/59904)
(1642927076.1633797, 1642927151.06916, 74.90578031539917)
Test epoch: 36| Acc: 99.52 (9952/10000) 

Epoch: 37
Train epoch:37 	Loss_in: 0.000656 | Loss_in_diffu: 6.003759 | Loss_out_diffu: 7.536813 | Acc: 99.994992 (59901/59904)
(1642927151.5668893, 1642927226.441175, 74.87428569793701)
Test epoch: 37| Acc: 99.53 (9953/10000) 

Epoch: 38
Train epoch:38 	Loss_in: 0.000654 | Loss_in_diffu: 6.003772 | Loss_out_diffu: 7.537464 | Acc: 99.994992 (59901/59904)
(1642927226.9505844, 1642927301.475992, 74.52540755271912)
Test epoch: 38| Acc: 99.52 (9952/10000) 

Epoch: 39
Train epoch:39 	Loss_in: 0.000650 | Loss_in_diffu: 6.003615 | Loss_out_diffu: 7.537711 | Acc: 99.994992 (59901/59904)
(1642927301.965803, 1642927376.4919565, 74.52615356445312)
Test epoch: 39| Acc: 99.52 (9952/10000) 
