True
load data:  svhn
Building SVHN data loader with 1 workers
Using downloaded and verified file: /home/home_node4/ssy/BDNN/data/svhn/train_32x32.mat
Using downloaded and verified file: /home/home_node4/ssy/BDNN/data/svhn/test_32x32.mat
==> Building model..
average loss fr classification 2.301832914352417

Epoch: 0
making updates for SSND alm methods...
updating lam...
in_distribution constraint value 0.9894480228424072
updating lam2...
cross entropy constraint -2.3687169551849365
increasing in_constraint_weight weight....

Train epoch:0 	Loss_in: 2.239003 | Loss_in_diffu: 0.492973 | Loss_out_diffu: 0.941649 | Acc: 18.952142 (6938/36608)
(1673187870.6004188, 1673187884.8904388, 14.290019989013672)
Test epoch: 0| Acc: 19.58512931034483 (5089/25984) 

Epoch: 1
making updates for SSND alm methods...
updating lam...
in_distribution constraint value 0.6096998572349548
updating lam2...
cross entropy constraint -2.373159885406494
increasing in_constraint_weight weight....

Train epoch:1 	Loss_in: 2.235569 | Loss_in_diffu: 0.278898 | Loss_out_diffu: 1.209534 | Acc: 18.851071 (6901/36608)
(1673187886.8165066, 1673187901.0789514, 14.262444734573364)
Test epoch: 1| Acc: 19.58512931034483 (5089/25984) 

Epoch: 2
making updates for SSND alm methods...
updating lam...
in_distribution constraint value 0.3979256868362427
updating lam2...
cross entropy constraint -2.393460988998413
increasing in_constraint_weight weight....

Train epoch:2 	Loss_in: 2.224183 | Loss_in_diffu: 0.182409 | Loss_out_diffu: 1.393264 | Acc: 18.815559 (6888/36608)
(1673187903.0119839, 1673187917.2890854, 14.277101516723633)
Test epoch: 2| Acc: 19.58512931034483 (5089/25984) 

Epoch: 3
making updates for SSND alm methods...
updating lam...
in_distribution constraint value 0.27160791754722596
updating lam2...
cross entropy constraint -2.5104944705963135
increasing in_constraint_weight weight....

Train epoch:3 	Loss_in: 2.167804 | Loss_in_diffu: 0.122078 | Loss_out_diffu: 1.513837 | Acc: 22.975852 (8411/36608)
(1673187919.2193716, 1673187933.4853172, 14.265945672988892)
Test epoch: 3| Acc: 31.669488916256157 (8229/25984) 

Epoch: 4
making updates for SSND alm methods...
updating lam...
in_distribution constraint value 0.17852092981338502
updating lam2...
cross entropy constraint -2.7058188915252686
increasing in_constraint_weight weight....

Train epoch:4 	Loss_in: 1.981156 | Loss_in_diffu: 0.083292 | Loss_out_diffu: 1.595438 | Acc: 30.247487 (11073/36608)
(1673187935.4036572, 1673187949.6554782, 14.251821041107178)
Test epoch: 4| Acc: 33.83620689655172 (8792/25984) 

Epoch: 5
making updates for SSND alm methods...
updating lam...
in_distribution constraint value 0.10596272051334381
updating lam2...
cross entropy constraint -2.756295919418335
increasing in_constraint_weight weight....

Train epoch:5 	Loss_in: 1.859301 | Loss_in_diffu: 0.055297 | Loss_out_diffu: 1.649501 | Acc: 32.375437 (11852/36608)
(1673187951.5734193, 1673187965.8007364, 14.227317094802856)
Test epoch: 5| Acc: 34.49815270935961 (8964/25984) 

Epoch: 6
making updates for SSND alm methods...
updating lam...
in_distribution constraint value 0.08208368420600891
updating lam2...
cross entropy constraint -2.820808529853821
increasing in_constraint_weight weight....

Train epoch:6 	Loss_in: 1.793196 | Loss_in_diffu: 0.037496 | Loss_out_diffu: 1.680022 | Acc: 33.416193 (12233/36608)
(1673187967.7306075, 1673187981.9896762, 14.259068727493286)
Test epoch: 6| Acc: 37.84636699507389 (9834/25984) 

Epoch: 7
making updates for SSND alm methods...
updating lam...
in_distribution constraint value 0.06784771084785461
updating lam2...
cross entropy constraint -2.9467527866363525
increasing in_constraint_weight weight....

Train epoch:7 	Loss_in: 1.705059 | Loss_in_diffu: 0.026301 | Loss_out_diffu: 1.712534 | Acc: 38.488855 (14090/36608)
(1673187983.9205668, 1673187998.1363773, 14.215810537338257)
Test epoch: 7| Acc: 42.57235221674877 (11062/25984) 

Epoch: 8
making updates for SSND alm methods...
updating lam...
in_distribution constraint value 0.038474288582801816
updating lam2...
cross entropy constraint -3.0573790073394775
increasing in_constraint_weight weight....

Train epoch:8 	Loss_in: 1.615030 | Loss_in_diffu: 0.019047 | Loss_out_diffu: 1.724515 | Acc: 42.080966 (15405/36608)
(1673188000.0291436, 1673188014.1537662, 14.124622583389282)
Test epoch: 8| Acc: 45.00461822660098 (11694/25984) 

Epoch: 9
making updates for SSND alm methods...
updating lam...
in_distribution constraint value -0.005450393259525302
updating lam2...
cross entropy constraint -3.1335777044296265
Train epoch:9 	Loss_in: 1.519405 | Loss_in_diffu: 0.015515 | Loss_out_diffu: 1.728918 | Acc: 44.883632 (16431/36608)
(1673188016.0514061, 1673188030.1948073, 14.143401145935059)
Test epoch: 9| Acc: 49.9076354679803 (12968/25984) 

Epoch: 10
making updates for SSND alm methods...
updating lam...
in_distribution constraint value 0.024029229581356046
updating lam2...
cross entropy constraint -3.277007222175598
increasing in_constraint_weight weight....

Train epoch:10 	Loss_in: 1.402194 | Loss_in_diffu: 0.014165 | Loss_out_diffu: 1.729996 | Acc: 49.664008 (18181/36608)
(1673188032.0947957, 1673188046.2394423, 14.144646644592285)
Test epoch: 10| Acc: 53.148091133004925 (13810/25984) 

Epoch: 11
making updates for SSND alm methods...
updating lam...
in_distribution constraint value 0.015646544098854062
updating lam2...
cross entropy constraint -3.310917019844055
increasing in_constraint_weight weight....

Train epoch:11 	Loss_in: 1.301825 | Loss_in_diffu: 0.008243 | Loss_out_diffu: 1.740012 | Acc: 52.870957 (19355/36608)
(1673188048.126845, 1673188062.2760293, 14.149184465408325)
Test epoch: 11| Acc: 54.47583128078818 (14155/25984) 

Epoch: 12
making updates for SSND alm methods...
updating lam...
in_distribution constraint value 0.009306576848030088
updating lam2...
cross entropy constraint -3.3348076343536377
increasing in_constraint_weight weight....

Train epoch:12 	Loss_in: 1.282177 | Loss_in_diffu: 0.006052 | Loss_out_diffu: 1.741852 | Acc: 54.023711 (19777/36608)
(1673188064.166807, 1673188078.3058007, 14.138993740081787)
Test epoch: 12| Acc: 55.68041871921182 (14468/25984) 

Epoch: 13
making updates for SSND alm methods...
updating lam...
in_distribution constraint value 0.009516273438930509
updating lam2...
cross entropy constraint -3.346480131149292
increasing in_constraint_weight weight....

Train epoch:13 	Loss_in: 1.260207 | Loss_in_diffu: 0.005082 | Loss_out_diffu: 1.750922 | Acc: 54.539991 (19966/36608)
(1673188080.1886828, 1673188094.4241114, 14.23542857170105)
Test epoch: 13| Acc: 56.226908866995075 (14610/25984) 

Epoch: 14
making updates for SSND alm methods...
updating lam...
in_distribution constraint value 0.0017224483191966983
updating lam2...
cross entropy constraint -3.364792585372925
increasing in_constraint_weight weight....

Train epoch:14 	Loss_in: 1.249684 | Loss_in_diffu: 0.004187 | Loss_out_diffu: 1.751540 | Acc: 54.851399 (20080/36608)
(1673188096.348796, 1673188110.5826073, 14.233811378479004)
Test epoch: 14| Acc: 56.70027709359606 (14733/25984) 

Epoch: 15
making updates for SSND alm methods...
updating lam...
in_distribution constraint value 0.004065961390733716
updating lam2...
cross entropy constraint -3.3807793855667114
increasing in_constraint_weight weight....

Train epoch:15 	Loss_in: 1.235019 | Loss_in_diffu: 0.003955 | Loss_out_diffu: 1.754388 | Acc: 55.594406 (20352/36608)
(1673188112.516112, 1673188126.767365, 14.251252889633179)
Test epoch: 15| Acc: 57.36222290640394 (14905/25984) 

Epoch: 16
making updates for SSND alm methods...
updating lam...
in_distribution constraint value -0.005286219716072085
updating lam2...
cross entropy constraint -3.382029175758362
Train epoch:16 	Loss_in: 1.229464 | Loss_in_diffu: 0.003593 | Loss_out_diffu: 1.753452 | Acc: 55.834790 (20440/36608)
(1673188128.6971343, 1673188142.9127953, 14.21566104888916)
Test epoch: 16| Acc: 57.04664408866995 (14823/25984) 

Epoch: 17
making updates for SSND alm methods...
updating lam...
in_distribution constraint value 0.00844675004482269
updating lam2...
cross entropy constraint -3.3986217975616455
increasing in_constraint_weight weight....

Train epoch:17 	Loss_in: 1.212125 | Loss_in_diffu: 0.003680 | Loss_out_diffu: 1.754616 | Acc: 55.987762 (20496/36608)
(1673188144.7968214, 1673188159.0554736, 14.258652210235596)
Test epoch: 17| Acc: 57.543103448275865 (14952/25984) 

Epoch: 18
making updates for SSND alm methods...
updating lam...
in_distribution constraint value -0.014565865695476535
updating lam2...
cross entropy constraint -3.40521776676178
Train epoch:18 	Loss_in: 1.200721 | Loss_in_diffu: 0.003833 | Loss_out_diffu: 1.763678 | Acc: 56.181709 (20567/36608)
(1673188160.991755, 1673188175.2422988, 14.25054383277893)
Test epoch: 18| Acc: 58.0626539408867 (15087/25984) 

Epoch: 19
making updates for SSND alm methods...
updating lam...
in_distribution constraint value -0.002532321214675906
updating lam2...
cross entropy constraint -3.4176493883132935
Train epoch:19 	Loss_in: 1.193162 | Loss_in_diffu: 0.003680 | Loss_out_diffu: 1.766407 | Acc: 56.465800 (20671/36608)
(1673188177.1653252, 1673188191.3981814, 14.232856273651123)
Test epoch: 19| Acc: 57.897167487684726 (15044/25984) 

Epoch: 20
making updates for SSND alm methods...
updating lam...
in_distribution constraint value -0.0017169445753097562
updating lam2...
cross entropy constraint -3.43492329120636
Train epoch:20 	Loss_in: 1.175464 | Loss_in_diffu: 0.004331 | Loss_out_diffu: 1.764042 | Acc: 56.662478 (20743/36608)
(1673188193.320805, 1673188207.5686991, 14.247894048690796)
Test epoch: 20| Acc: 58.832358374384235 (15287/25984) 

Epoch: 21
making updates for SSND alm methods...
updating lam...
in_distribution constraint value -0.003102830797433856
updating lam2...
cross entropy constraint -3.44114351272583
Train epoch:21 	Loss_in: 1.163018 | Loss_in_diffu: 0.002107 | Loss_out_diffu: 1.756248 | Acc: 57.331731 (20988/36608)
(1673188209.4885042, 1673188223.7522407, 14.263736486434937)
Test epoch: 21| Acc: 58.93241995073892 (15313/25984) 

Epoch: 22
making updates for SSND alm methods...
updating lam...
in_distribution constraint value -0.0013857699930667905
updating lam2...
cross entropy constraint -3.4475462436676025
Train epoch:22 	Loss_in: 1.159497 | Loss_in_diffu: 0.002120 | Loss_out_diffu: 1.756953 | Acc: 57.487434 (21045/36608)
(1673188225.6898842, 1673188239.935967, 14.246082782745361)
Test epoch: 22| Acc: 58.890086206896555 (15302/25984) 

Epoch: 23
making updates for SSND alm methods...
updating lam...
in_distribution constraint value 0.00028942599892615994
updating lam2...
cross entropy constraint -3.4424185752868652
increasing in_constraint_weight weight....

Train epoch:23 	Loss_in: 1.162643 | Loss_in_diffu: 0.002231 | Loss_out_diffu: 1.755590 | Acc: 57.271635 (20966/36608)
(1673188241.8704023, 1673188256.1364052, 14.266002893447876)
Test epoch: 23| Acc: 58.951662561576356 (15318/25984) 

Epoch: 24
making updates for SSND alm methods...
updating lam...
in_distribution constraint value -0.0041095606982708005
updating lam2...
cross entropy constraint -3.4500951766967773
Train epoch:24 	Loss_in: 1.158286 | Loss_in_diffu: 0.001922 | Loss_out_diffu: 1.751375 | Acc: 57.503824 (21051/36608)
(1673188258.0338814, 1673188272.1887257, 14.154844284057617)
Test epoch: 24| Acc: 58.82466133004926 (15285/25984) 

Epoch: 25
making updates for SSND alm methods...
updating lam...
in_distribution constraint value 0.0030265197157859774
updating lam2...
cross entropy constraint -3.444844961166382
increasing in_constraint_weight weight....

Train epoch:25 	Loss_in: 1.153858 | Loss_in_diffu: 0.002047 | Loss_out_diffu: 1.757299 | Acc: 57.583042 (21080/36608)
(1673188274.092392, 1673188288.2980278, 14.205635786056519)
Test epoch: 25| Acc: 58.90163177339902 (15305/25984) 

Epoch: 26
making updates for SSND alm methods...
updating lam...
in_distribution constraint value -0.007651048898696902
updating lam2...
cross entropy constraint -3.4468274116516113
Train epoch:26 	Loss_in: 1.154537 | Loss_in_diffu: 0.001981 | Loss_out_diffu: 1.757241 | Acc: 57.796110 (21158/36608)
(1673188290.1832457, 1673188304.398928, 14.2156822681427)
Test epoch: 26| Acc: 58.92857142857143 (15312/25984) 

Epoch: 27
making updates for SSND alm methods...
updating lam...
in_distribution constraint value 0.00044811591506004056
updating lam2...
cross entropy constraint -3.444883704185486
increasing in_constraint_weight weight....

Train epoch:27 	Loss_in: 1.164361 | Loss_in_diffu: 0.001932 | Loss_out_diffu: 1.751089 | Acc: 57.359047 (20998/36608)
(1673188306.309129, 1673188320.511609, 14.20248007774353)
Test epoch: 27| Acc: 58.94396551724138 (15316/25984) 

Epoch: 28
making updates for SSND alm methods...
updating lam...
in_distribution constraint value -0.007436669617891314
updating lam2...
cross entropy constraint -3.449429750442505
Train epoch:28 	Loss_in: 1.153166 | Loss_in_diffu: 0.001835 | Loss_out_diffu: 1.758465 | Acc: 57.760599 (21145/36608)
(1673188322.420451, 1673188336.6045911, 14.1841402053833)
Test epoch: 28| Acc: 58.8439039408867 (15290/25984) 

Epoch: 29
making updates for SSND alm methods...
updating lam...
in_distribution constraint value -0.00025407895445823947
updating lam2...
cross entropy constraint -3.4499270915985107
Train epoch:29 	Loss_in: 1.145590 | Loss_in_diffu: 0.001840 | Loss_out_diffu: 1.759235 | Acc: 57.894449 (21194/36608)
(1673188338.4878078, 1673188352.6667717, 14.178963899612427)
Test epoch: 29| Acc: 58.967056650246306 (15322/25984) 

Epoch: 30
making updates for SSND alm methods...
updating lam...
in_distribution constraint value -0.005610185861587527
updating lam2...
cross entropy constraint -3.4619561433792114
Train epoch:30 	Loss_in: 1.147789 | Loss_in_diffu: 0.001825 | Loss_out_diffu: 1.757807 | Acc: 57.935424 (21209/36608)
(1673188354.568928, 1673188368.7831285, 14.214200496673584)
Test epoch: 30| Acc: 59.10175492610838 (15357/25984) 

Epoch: 31
making updates for SSND alm methods...
updating lam...
in_distribution constraint value -0.0005298770964145688
updating lam2...
cross entropy constraint -3.4496339559555054
Train epoch:31 	Loss_in: 1.152427 | Loss_in_diffu: 0.001398 | Loss_out_diffu: 1.764362 | Acc: 57.771525 (21149/36608)
(1673188370.7100103, 1673188384.904806, 14.194795608520508)
Test epoch: 31| Acc: 59.07096674876847 (15349/25984) 

Epoch: 32
making updates for SSND alm methods...
updating lam...
in_distribution constraint value -0.0031797170639038114
updating lam2...
cross entropy constraint -3.4541175365448
Train epoch:32 	Loss_in: 1.140749 | Loss_in_diffu: 0.001691 | Loss_out_diffu: 1.755275 | Acc: 58.091128 (21266/36608)
(1673188386.783956, 1673188400.9278712, 14.143915176391602)
Test epoch: 32| Acc: 59.05172413793103 (15344/25984) 

Epoch: 33
making updates for SSND alm methods...
updating lam...
in_distribution constraint value -0.001358821243047717
updating lam2...
cross entropy constraint -3.458288788795471
Train epoch:33 	Loss_in: 1.148681 | Loss_in_diffu: 0.001694 | Loss_out_diffu: 1.756601 | Acc: 57.984594 (21227/36608)
(1673188402.834252, 1673188417.0320973, 14.197845220565796)
Test epoch: 33| Acc: 59.032481527093594 (15339/25984) 

Epoch: 34
making updates for SSND alm methods...
updating lam...
in_distribution constraint value -0.0036352939903736142
updating lam2...
cross entropy constraint -3.45914888381958
Train epoch:34 	Loss_in: 1.149636 | Loss_in_diffu: 0.001599 | Loss_out_diffu: 1.759919 | Acc: 57.798842 (21159/36608)
(1673188418.9437094, 1673188433.1550028, 14.211293458938599)
Test epoch: 34| Acc: 59.047875615763544 (15343/25984) 

Epoch: 35
making updates for SSND alm methods...
updating lam...
in_distribution constraint value -0.0034699991345405606
updating lam2...
cross entropy constraint -3.4463380575180054
Train epoch:35 	Loss_in: 1.149067 | Loss_in_diffu: 0.001511 | Loss_out_diffu: 1.758577 | Acc: 57.787915 (21155/36608)
(1673188435.0733926, 1673188449.3164837, 14.243091106414795)
Test epoch: 35| Acc: 59.02478448275862 (15337/25984) 

Epoch: 36
making updates for SSND alm methods...
updating lam...
in_distribution constraint value -0.004836480319499972
updating lam2...
cross entropy constraint -3.4548473358154297
Train epoch:36 	Loss_in: 1.154507 | Loss_in_diffu: 0.001426 | Loss_out_diffu: 1.757716 | Acc: 57.648601 (21104/36608)
(1673188451.242535, 1673188465.360853, 14.11831784248352)
Test epoch: 36| Acc: 59.047875615763544 (15343/25984) 

Epoch: 37
making updates for SSND alm methods...
updating lam...
in_distribution constraint value -0.003664220869541171
updating lam2...
cross entropy constraint -3.4523919820785522
Train epoch:37 	Loss_in: 1.153501 | Loss_in_diffu: 0.001249 | Loss_out_diffu: 1.755287 | Acc: 57.572115 (21076/36608)
(1673188467.2511227, 1673188481.4440722, 14.192949533462524)
Test epoch: 37| Acc: 59.032481527093594 (15339/25984) 

Epoch: 38
making updates for SSND alm methods...
updating lam...
in_distribution constraint value -0.003053016215562823
updating lam2...
cross entropy constraint -3.4564930200576782
Train epoch:38 	Loss_in: 1.151261 | Loss_in_diffu: 0.001450 | Loss_out_diffu: 1.755773 | Acc: 57.588505 (21082/36608)
(1673188483.3616047, 1673188497.541597, 14.179992198944092)
Test epoch: 38| Acc: 59.032481527093594 (15339/25984) 

Epoch: 39
making updates for SSND alm methods...
updating lam...
in_distribution constraint value -0.0018601261079311399
updating lam2...
cross entropy constraint -3.4511823654174805
Train epoch:39 	Loss_in: 1.142713 | Loss_in_diffu: 0.001435 | Loss_out_diffu: 1.756575 | Acc: 57.924497 (21205/36608)
(1673188499.4636748, 1673188514.1684072, 14.704732418060303)
Test epoch: 39| Acc: 59.063269704433495 (15347/25984) 
