True
load data:  svhn
Building SVHN data loader with 1 workers
Using downloaded and verified file: /home/home_node4/ssy/BDNN/data/svhn/train_32x32.mat
Using downloaded and verified file: /home/home_node4/ssy/BDNN/data/svhn/test_32x32.mat
==> Building model..
average loss fr classification 2.3022959232330322

Epoch: 0
making updates for SSND alm methods...
updating lam...
in_distribution constraint value 0.8739397644996643
updating lam2...
cross entropy constraint -2.6723769903182983
increasing in_constraint_weight weight....

Train epoch:0 	Loss_in: 2.181202 | Loss_in_diffu: 0.421831 | Loss_out_diffu: 0.941880 | Acc: 21.754808 (7964/36608)
(1673621442.2483225, 1673621456.606176, 14.357853412628174)
Test epoch: 0| Acc: 33.53602216748769 (8714/25984) 

Epoch: 1
making updates for SSND alm methods...
updating lam...
in_distribution constraint value 0.7008314251899719
updating lam2...
cross entropy constraint -3.3684403896331787
increasing in_constraint_weight weight....

Train epoch:1 	Loss_in: 1.658087 | Loss_in_diffu: 0.277149 | Loss_out_diffu: 1.213131 | Acc: 41.717657 (15272/36608)
(1673621458.4823256, 1673621473.1804516, 14.698126077651978)
Test epoch: 1| Acc: 58.93241995073892 (15313/25984) 

Epoch: 2
making updates for SSND alm methods...
updating lam...
in_distribution constraint value 0.4281118631362915
updating lam2...
cross entropy constraint -3.872064709663391
increasing in_constraint_weight weight....

Train epoch:2 	Loss_in: 0.991428 | Loss_in_diffu: 0.194894 | Loss_out_diffu: 1.387057 | Acc: 67.545345 (24727/36608)
(1673621475.059622, 1673621489.3276708, 14.268048763275146)
Test epoch: 2| Acc: 79.40270935960591 (20632/25984) 

Epoch: 3
making updates for SSND alm methods...
updating lam...
in_distribution constraint value 0.2774511992931366
updating lam2...
cross entropy constraint -4.138647586107254
increasing in_constraint_weight weight....

Train epoch:3 	Loss_in: 0.589959 | Loss_in_diffu: 0.126496 | Loss_out_diffu: 1.514025 | Acc: 82.487434 (30197/36608)
(1673621491.2046432, 1673621505.571377, 14.36673378944397)
Test epoch: 3| Acc: 86.17610837438424 (22392/25984) 

Epoch: 4
making updates for SSND alm methods...
updating lam...
in_distribution constraint value 0.1906592220067978
updating lam2...
cross entropy constraint -4.220906615257263
increasing in_constraint_weight weight....

Train epoch:4 	Loss_in: 0.424837 | Loss_in_diffu: 0.087742 | Loss_out_diffu: 1.595525 | Acc: 87.636582 (32082/36608)
(1673621507.4478745, 1673621521.7361302, 14.28825569152832)
Test epoch: 4| Acc: 87.64239532019704 (22773/25984) 

Epoch: 5
making updates for SSND alm methods...
updating lam...
in_distribution constraint value 0.10540790557861328
updating lam2...
cross entropy constraint -4.268309980630875
increasing in_constraint_weight weight....

Train epoch:5 	Loss_in: 0.369370 | Loss_in_diffu: 0.061442 | Loss_out_diffu: 1.647764 | Acc: 89.300153 (32691/36608)
(1673621523.631664, 1673621537.9415348, 14.309870719909668)
Test epoch: 5| Acc: 89.52817118226601 (23263/25984) 

Epoch: 6
making updates for SSND alm methods...
updating lam...
in_distribution constraint value 0.08719211518764496
updating lam2...
cross entropy constraint -4.324080765247345
increasing in_constraint_weight weight....

Train epoch:6 	Loss_in: 0.316881 | Loss_in_diffu: 0.044749 | Loss_out_diffu: 1.680308 | Acc: 90.690559 (33200/36608)
(1673621539.8535104, 1673621554.1670418, 14.313531398773193)
Test epoch: 6| Acc: 91.41779556650246 (23754/25984) 

Epoch: 7
making updates for SSND alm methods...
updating lam...
in_distribution constraint value 0.017841619253158567
updating lam2...
cross entropy constraint -4.333513826131821
increasing in_constraint_weight weight....

Train epoch:7 	Loss_in: 0.282831 | Loss_in_diffu: 0.036270 | Loss_out_diffu: 1.715453 | Acc: 91.821460 (33614/36608)
(1673621556.064293, 1673621570.437427, 14.373134136199951)
Test epoch: 7| Acc: 90.85591133004927 (23608/25984) 

Epoch: 8
making updates for SSND alm methods...
updating lam...
in_distribution constraint value 0.0510994017124176
updating lam2...
cross entropy constraint -4.349806129932404
increasing in_constraint_weight weight....

Train epoch:8 	Loss_in: 0.260839 | Loss_in_diffu: 0.030234 | Loss_out_diffu: 1.733462 | Acc: 92.545345 (33879/36608)
(1673621572.305206, 1673621586.713038, 14.407831907272339)
Test epoch: 8| Acc: 91.48322044334975 (23771/25984) 

Epoch: 9
making updates for SSND alm methods...
updating lam...
in_distribution constraint value 0.02564885914325714
updating lam2...
cross entropy constraint -4.360963478684425
increasing in_constraint_weight weight....

Train epoch:9 	Loss_in: 0.248578 | Loss_in_diffu: 0.022608 | Loss_out_diffu: 1.739897 | Acc: 92.823973 (33981/36608)
(1673621588.586902, 1673621602.859539, 14.272637128829956)
Test epoch: 9| Acc: 91.67179802955665 (23820/25984) 

Epoch: 10
making updates for SSND alm methods...
updating lam...
in_distribution constraint value 0.03281389623880386
updating lam2...
cross entropy constraint -4.344743251800537
increasing in_constraint_weight weight....

Train epoch:10 	Loss_in: 0.235585 | Loss_in_diffu: 0.017404 | Loss_out_diffu: 1.750671 | Acc: 93.209135 (34122/36608)
(1673621604.7610607, 1673621619.0972989, 14.336238145828247)
Test epoch: 10| Acc: 91.05603448275862 (23660/25984) 

Epoch: 11
making updates for SSND alm methods...
updating lam...
in_distribution constraint value 0.008466419577598569
updating lam2...
cross entropy constraint -4.453069940209389
increasing in_constraint_weight weight....

Train epoch:11 	Loss_in: 0.171006 | Loss_in_diffu: 0.005914 | Loss_out_diffu: 1.745161 | Acc: 95.279720 (34880/36608)
(1673621620.979969, 1673621635.2894263, 14.309457302093506)
Test epoch: 11| Acc: 94.03863916256158 (24435/25984) 

Epoch: 12
making updates for SSND alm methods...
updating lam...
in_distribution constraint value 0.008969743549823758
updating lam2...
cross entropy constraint -4.464317426085472
increasing in_constraint_weight weight....

Train epoch:12 	Loss_in: 0.148375 | Loss_in_diffu: 0.003704 | Loss_out_diffu: 1.744988 | Acc: 96.123798 (35189/36608)
(1673621637.1648824, 1673621651.571781, 14.406898498535156)
Test epoch: 12| Acc: 94.21182266009852 (24480/25984) 

Epoch: 13
making updates for SSND alm methods...
updating lam...
in_distribution constraint value 0.002996981889009473
updating lam2...
cross entropy constraint -4.474300920963287
increasing in_constraint_weight weight....

Train epoch:13 	Loss_in: 0.140061 | Loss_in_diffu: 0.003003 | Loss_out_diffu: 1.752761 | Acc: 96.467985 (35315/36608)
(1673621653.4739103, 1673621667.7700465, 14.296136140823364)
Test epoch: 13| Acc: 94.18103448275862 (24472/25984) 

Epoch: 14
making updates for SSND alm methods...
updating lam...
in_distribution constraint value 0.0017061203718185397
updating lam2...
cross entropy constraint -4.477943077683449
increasing in_constraint_weight weight....

Train epoch:14 	Loss_in: 0.133862 | Loss_in_diffu: 0.002606 | Loss_out_diffu: 1.752086 | Acc: 96.577251 (35355/36608)
(1673621669.6774592, 1673621684.0157015, 14.338242292404175)
Test epoch: 14| Acc: 94.29264162561576 (24501/25984) 

Epoch: 15
making updates for SSND alm methods...
updating lam...
in_distribution constraint value -0.000882330536842349
updating lam2...
cross entropy constraint -4.487081803381443
Train epoch:15 	Loss_in: 0.131505 | Loss_in_diffu: 0.002586 | Loss_out_diffu: 1.754925 | Acc: 96.754808 (35420/36608)
(1673621685.9126208, 1673621700.178834, 14.266213178634644)
Test epoch: 15| Acc: 94.3118842364532 (24506/25984) 

Epoch: 16
making updates for SSND alm methods...
updating lam...
in_distribution constraint value -0.00534588769078255
updating lam2...
cross entropy constraint -4.482936665415764
Train epoch:16 	Loss_in: 0.121396 | Loss_in_diffu: 0.002457 | Loss_out_diffu: 1.749877 | Acc: 97.049825 (35528/36608)
(1673621702.0511863, 1673621716.3133605, 14.262174129486084)
Test epoch: 16| Acc: 93.94242610837438 (24410/25984) 

Epoch: 17
making updates for SSND alm methods...
updating lam...
in_distribution constraint value 0.005453069508075711
updating lam2...
cross entropy constraint -4.490613505244255
increasing in_constraint_weight weight....

Train epoch:17 	Loss_in: 0.115288 | Loss_in_diffu: 0.002592 | Loss_out_diffu: 1.751776 | Acc: 97.241040 (35598/36608)
(1673621718.231659, 1673621732.6239278, 14.392268896102905)
Test epoch: 17| Acc: 94.35036945812809 (24516/25984) 

Epoch: 18
making updates for SSND alm methods...
updating lam...
in_distribution constraint value -0.003894287347793582
updating lam2...
cross entropy constraint -4.495540231466293
Train epoch:18 	Loss_in: 0.111031 | Loss_in_diffu: 0.002963 | Loss_out_diffu: 1.757518 | Acc: 97.363964 (35643/36608)
(1673621734.4891884, 1673621748.7643003, 14.27511191368103)
Test epoch: 18| Acc: 94.24261083743842 (24488/25984) 

Epoch: 19
making updates for SSND alm methods...
updating lam...
in_distribution constraint value 0.006859169155359265
updating lam2...
cross entropy constraint -4.501299679279327
increasing in_constraint_weight weight....

Train epoch:19 	Loss_in: 0.108440 | Loss_in_diffu: 0.002468 | Loss_out_diffu: 1.760006 | Acc: 97.530594 (35704/36608)
(1673621750.6347833, 1673621764.919452, 14.284668684005737)
Test epoch: 19| Acc: 94.0309421182266 (24433/25984) 

Epoch: 20
making updates for SSND alm methods...
updating lam...
in_distribution constraint value -0.020545392483472827
updating lam2...
cross entropy constraint -4.506884872913361
Train epoch:20 	Loss_in: 0.101101 | Loss_in_diffu: 0.003586 | Loss_out_diffu: 1.772647 | Acc: 97.664445 (35753/36608)
(1673621766.8176098, 1673621781.119151, 14.301541328430176)
Test epoch: 20| Acc: 94.13485221674877 (24460/25984) 

Epoch: 21
making updates for SSND alm methods...
updating lam...
in_distribution constraint value 0.0005844578146934482
updating lam2...
cross entropy constraint -4.518274366855621
increasing in_constraint_weight weight....

Train epoch:21 	Loss_in: 0.098395 | Loss_in_diffu: 0.001373 | Loss_out_diffu: 1.756454 | Acc: 97.899366 (35839/36608)
(1673621782.9857256, 1673621797.368129, 14.382403373718262)
Test epoch: 21| Acc: 94.19258004926108 (24475/25984) 

Epoch: 22
making updates for SSND alm methods...
updating lam...
in_distribution constraint value -0.00047605782747268954
updating lam2...
cross entropy constraint -4.513501405715942
Train epoch:22 	Loss_in: 0.094192 | Loss_in_diffu: 0.001210 | Loss_out_diffu: 1.757129 | Acc: 98.055070 (35896/36608)
(1673621799.2838628, 1673621813.6127186, 14.328855752944946)
Test epoch: 22| Acc: 94.26185344827586 (24493/25984) 

Epoch: 23
making updates for SSND alm methods...
updating lam...
in_distribution constraint value -0.00473853871226311
updating lam2...
cross entropy constraint -4.51346455514431
Train epoch:23 	Loss_in: 0.090563 | Loss_in_diffu: 0.001085 | Loss_out_diffu: 1.755746 | Acc: 98.109703 (35916/36608)
(1673621815.5187263, 1673621829.9545553, 14.435828924179077)
Test epoch: 23| Acc: 94.1848830049261 (24473/25984) 

Epoch: 24
making updates for SSND alm methods...
updating lam...
in_distribution constraint value -0.003132994472980502
updating lam2...
cross entropy constraint -4.515092961490154
Train epoch:24 	Loss_in: 0.091301 | Loss_in_diffu: 0.001077 | Loss_out_diffu: 1.749836 | Acc: 98.128824 (35923/36608)
(1673621831.8615072, 1673621846.1367655, 14.275258302688599)
Test epoch: 24| Acc: 94.1233066502463 (24457/25984) 

Epoch: 25
making updates for SSND alm methods...
updating lam...
in_distribution constraint value -0.0025457769632339505
updating lam2...
cross entropy constraint -4.514599330723286
Train epoch:25 	Loss_in: 0.087290 | Loss_in_diffu: 0.001136 | Loss_out_diffu: 1.756031 | Acc: 98.172531 (35939/36608)
(1673621848.0481555, 1673621862.3527613, 14.304605722427368)
Test epoch: 25| Acc: 94.08866995073892 (24448/25984) 

Epoch: 26
making updates for SSND alm methods...
updating lam...
in_distribution constraint value -0.0001708075404167203
updating lam2...
cross entropy constraint -4.518313944339752
Train epoch:26 	Loss_in: 0.089421 | Loss_in_diffu: 0.001043 | Loss_out_diffu: 1.753571 | Acc: 98.167067 (35937/36608)
(1673621864.2677925, 1673621878.6885118, 14.420719385147095)
Test epoch: 26| Acc: 94.18103448275862 (24472/25984) 

Epoch: 27
making updates for SSND alm methods...
updating lam...
in_distribution constraint value -0.0010493241250515012
updating lam2...
cross entropy constraint -4.519926227629185
Train epoch:27 	Loss_in: 0.085517 | Loss_in_diffu: 0.001039 | Loss_out_diffu: 1.747839 | Acc: 98.221700 (35957/36608)
(1673621880.548892, 1673621895.037191, 14.488298892974854)
Test epoch: 27| Acc: 94.20027709359606 (24477/25984) 

Epoch: 28
making updates for SSND alm methods...
updating lam...
in_distribution constraint value -0.001058186590671542
updating lam2...
cross entropy constraint -4.515558883547783
Train epoch:28 	Loss_in: 0.086901 | Loss_in_diffu: 0.001095 | Loss_out_diffu: 1.753924 | Acc: 98.320039 (35993/36608)
(1673621896.907815, 1673621911.2605214, 14.35270643234253)
Test epoch: 28| Acc: 94.1579433497537 (24466/25984) 

Epoch: 29
making updates for SSND alm methods...
updating lam...
in_distribution constraint value -0.0018925175070762662
updating lam2...
cross entropy constraint -4.515440076589584
Train epoch:29 	Loss_in: 0.085426 | Loss_in_diffu: 0.001056 | Loss_out_diffu: 1.754806 | Acc: 98.295455 (35984/36608)
(1673621913.147288, 1673621927.5336127, 14.386324644088745)
Test epoch: 29| Acc: 94.1540948275862 (24465/25984) 

Epoch: 30
making updates for SSND alm methods...
updating lam...
in_distribution constraint value 0.002032534033060071
updating lam2...
cross entropy constraint -4.521546021103859
increasing in_constraint_weight weight....

Train epoch:30 	Loss_in: 0.085493 | Loss_in_diffu: 0.001142 | Loss_out_diffu: 1.753294 | Acc: 98.303649 (35987/36608)
(1673621929.4334364, 1673621943.814964, 14.381527662277222)
Test epoch: 30| Acc: 94.15024630541872 (24464/25984) 

Epoch: 31
making updates for SSND alm methods...
updating lam...
in_distribution constraint value -0.0007768638432025937
updating lam2...
cross entropy constraint -4.516680642962456
Train epoch:31 	Loss_in: 0.084429 | Loss_in_diffu: 0.000910 | Loss_out_diffu: 1.761607 | Acc: 98.391062 (36019/36608)
(1673621945.6727095, 1673621959.984595, 14.311885595321655)
Test epoch: 31| Acc: 94.18103448275862 (24472/25984) 

Epoch: 32
making updates for SSND alm methods...
updating lam...
in_distribution constraint value -0.000918469578027728
updating lam2...
cross entropy constraint -4.522084556519985
Train epoch:32 	Loss_in: 0.084039 | Loss_in_diffu: 0.000825 | Loss_out_diffu: 1.752708 | Acc: 98.393794 (36020/36608)
(1673621961.8941693, 1673621976.3282719, 14.434102535247803)
Test epoch: 32| Acc: 94.16179187192118 (24467/25984) 

Epoch: 33
making updates for SSND alm methods...
updating lam...
in_distribution constraint value 0.00038213357329368314
updating lam2...
cross entropy constraint -4.51765039563179
increasing in_constraint_weight weight....

Train epoch:33 	Loss_in: 0.085972 | Loss_in_diffu: 0.000768 | Loss_out_diffu: 1.754523 | Acc: 98.355551 (36006/36608)
(1673621978.2390218, 1673621992.6216857, 14.38266396522522)
Test epoch: 33| Acc: 94.15024630541872 (24464/25984) 

Epoch: 34
making updates for SSND alm methods...
updating lam...
in_distribution constraint value -0.0004917301237583188
updating lam2...
cross entropy constraint -4.518432877957821
Train epoch:34 	Loss_in: 0.085183 | Loss_in_diffu: 0.000781 | Loss_out_diffu: 1.757755 | Acc: 98.374672 (36013/36608)
(1673621994.5176356, 1673622008.882379, 14.36474347114563)
Test epoch: 34| Acc: 94.16564039408867 (24468/25984) 

Epoch: 35
making updates for SSND alm methods...
updating lam...
in_distribution constraint value -0.0017570920288562802
updating lam2...
cross entropy constraint -4.518906079232693
Train epoch:35 	Loss_in: 0.082942 | Loss_in_diffu: 0.000650 | Loss_out_diffu: 1.756636 | Acc: 98.377404 (36014/36608)
(1673622010.7543452, 1673622025.1630576, 14.408712387084961)
Test epoch: 35| Acc: 94.17718596059113 (24471/25984) 

Epoch: 36
making updates for SSND alm methods...
updating lam...
in_distribution constraint value -0.0017655372619628934
updating lam2...
cross entropy constraint -4.5240654945373535
Train epoch:36 	Loss_in: 0.082954 | Loss_in_diffu: 0.000795 | Loss_out_diffu: 1.755949 | Acc: 98.451158 (36041/36608)
(1673622027.082422, 1673622041.4321084, 14.34968638420105)
Test epoch: 36| Acc: 94.1848830049261 (24473/25984) 

Epoch: 37
making updates for SSND alm methods...
updating lam...
in_distribution constraint value -0.0007682956755161313
updating lam2...
cross entropy constraint -4.519130505621433
Train epoch:37 	Loss_in: 0.085810 | Loss_in_diffu: 0.000766 | Loss_out_diffu: 1.753739 | Acc: 98.336429 (35999/36608)
(1673622043.3393874, 1673622057.6952698, 14.355882406234741)
Test epoch: 37| Acc: 94.16948891625616 (24469/25984) 

Epoch: 38
making updates for SSND alm methods...
updating lam...
in_distribution constraint value -0.00013779029250145236
updating lam2...
cross entropy constraint -4.5252640172839165
Train epoch:38 	Loss_in: 0.082743 | Loss_in_diffu: 0.000788 | Loss_out_diffu: 1.753821 | Acc: 98.401989 (36023/36608)
(1673622059.5806627, 1673622073.9420178, 14.361355066299438)
Test epoch: 38| Acc: 94.19258004926108 (24475/25984) 

Epoch: 39
making updates for SSND alm methods...
updating lam...
in_distribution constraint value -0.0003741785883903531
updating lam2...
cross entropy constraint -4.520687900483608
Train epoch:39 	Loss_in: 0.086736 | Loss_in_diffu: 0.000755 | Loss_out_diffu: 1.754491 | Acc: 98.341892 (36001/36608)
(1673622075.8553224, 1673622090.1681466, 14.312824249267578)
Test epoch: 39| Acc: 94.16948891625616 (24469/25984) 
