load in-domain data:  cifar10_cat
Building CIFAR-10 data loader with 1 workers
==> Building model..

Epoch: 0
Train epoch:0 	Loss: 0.699489 | Loss_in: 0.593058, Loss_out: 0.573912 | Acc: 50.220353 (5014/9984)
Test epoch: 0 | Acc: 50.000000 (5000/10000)

Epoch: 1
Train epoch:1 	Loss: 0.707178 | Loss_in: 0.311477, Loss_out: 0.257230 | Acc: 50.470753 (5039/9984)
Test epoch: 1 | Acc: 50.000000 (5000/10000)

Epoch: 2
Train epoch:2 	Loss: 0.695636 | Loss_in: 0.118544, Loss_out: 0.137320 | Acc: 51.742788 (5166/9984)
Test epoch: 2 | Acc: 58.190000 (5819/10000)

Epoch: 3
Train epoch:3 	Loss: 0.697073 | Loss_in: 0.754903, Loss_out: 1.169575 | Acc: 51.061699 (5098/9984)
Test epoch: 3 | Acc: 50.000000 (5000/10000)

Epoch: 4
Train epoch:4 	Loss: 0.698920 | Loss_in: 0.602538, Loss_out: 0.579256 | Acc: 50.711138 (5063/9984)
Test epoch: 4 | Acc: 50.000000 (5000/10000)

Epoch: 5
Train epoch:5 	Loss: 0.695566 | Loss_in: 0.248120, Loss_out: 0.199165 | Acc: 52.253606 (5217/9984)
Test epoch: 5 | Acc: 52.720000 (5272/10000)

Epoch: 6
Train epoch:6 	Loss: 0.685113 | Loss_in: 0.070666, Loss_out: 0.063338 | Acc: 55.358574 (5527/9984)
Test epoch: 6 | Acc: 58.100000 (5810/10000)

Epoch: 7
Train epoch:7 	Loss: 0.686966 | Loss_in: 0.301246, Loss_out: 0.345240 | Acc: 53.996394 (5391/9984)
Test epoch: 7 | Acc: 51.070000 (5107/10000)

Epoch: 8
Train epoch:8 	Loss: 0.687521 | Loss_in: 0.233781, Loss_out: 0.182316 | Acc: 54.306891 (5422/9984)
Test epoch: 8 | Acc: 58.600000 (5860/10000)

Epoch: 9
Train epoch:9 	Loss: 0.680325 | Loss_in: 0.146499, Loss_out: 0.114263 | Acc: 56.830929 (5674/9984)
Test epoch: 9 | Acc: 59.090000 (5909/10000)

Epoch: 10
Train epoch:10 	Loss: 0.682007 | Loss_in: 0.160159, Loss_out: 0.148327 | Acc: 56.710737 (5662/9984)
Test epoch: 10 | Acc: 53.330000 (5333/10000)

Epoch: 11
Train epoch:11 	Loss: 0.683564 | Loss_in: 0.204266, Loss_out: 0.188527 | Acc: 55.378606 (5529/9984)
Test epoch: 11 | Acc: 61.470000 (6147/10000)

Epoch: 12
Train epoch:12 	Loss: 0.669831 | Loss_in: 0.155158, Loss_out: 0.122253 | Acc: 59.815705 (5972/9984)
Test epoch: 12 | Acc: 56.970000 (5697/10000)

Epoch: 13
Train epoch:13 	Loss: 0.681527 | Loss_in: 0.205817, Loss_out: 0.194486 | Acc: 56.059696 (5597/9984)
Test epoch: 13 | Acc: 62.140000 (6214/10000)

Epoch: 14
Train epoch:14 	Loss: 0.669088 | Loss_in: 0.145705, Loss_out: 0.171691 | Acc: 59.505208 (5941/9984)
Test epoch: 14 | Acc: 53.440000 (5344/10000)

Epoch: 15
Train epoch:15 	Loss: 0.674072 | Loss_in: 0.187520, Loss_out: 0.184841 | Acc: 57.732372 (5764/9984)
Test epoch: 15 | Acc: 58.050000 (5805/10000)

Epoch: 16
Train epoch:16 	Loss: 0.669134 | Loss_in: 0.136839, Loss_out: 0.117143 | Acc: 59.695513 (5960/9984)
Test epoch: 16 | Acc: 55.520000 (5552/10000)

Epoch: 17
Train epoch:17 	Loss: 0.668091 | Loss_in: 0.180084, Loss_out: 0.160680 | Acc: 59.144631 (5905/9984)
Test epoch: 17 | Acc: 56.410000 (5641/10000)

Epoch: 18
Train epoch:18 	Loss: 0.652329 | Loss_in: 0.070790, Loss_out: 0.065513 | Acc: 61.989183 (6189/9984)
Test epoch: 18 | Acc: 66.070000 (6607/10000)

Epoch: 19
Train epoch:19 	Loss: 0.665878 | Loss_in: 0.176021, Loss_out: 0.174080 | Acc: 59.214744 (5912/9984)
Test epoch: 19 | Acc: 61.300000 (6130/10000)

Epoch: 20
Train epoch:20 	Loss: 0.649364 | Loss_in: 0.114315, Loss_out: 0.101288 | Acc: 62.259615 (6216/9984)
Test epoch: 20 | Acc: 61.870000 (6187/10000)

Epoch: 21
Train epoch:21 	Loss: 0.626685 | Loss_in: 0.055398, Loss_out: 0.045258 | Acc: 64.843750 (6474/9984)
Test epoch: 21 | Acc: 64.590000 (6459/10000)

Epoch: 22
Train epoch:22 	Loss: 0.613398 | Loss_in: 0.048594, Loss_out: 0.036828 | Acc: 65.745192 (6564/9984)
Test epoch: 22 | Acc: 66.610000 (6661/10000)

Epoch: 23
Train epoch:23 	Loss: 0.613961 | Loss_in: 0.033925, Loss_out: 0.026657 | Acc: 65.645032 (6554/9984)
Test epoch: 23 | Acc: 65.970000 (6597/10000)

Epoch: 24
Train epoch:24 	Loss: 0.606500 | Loss_in: 0.025544, Loss_out: 0.019048 | Acc: 66.376202 (6627/9984)
Test epoch: 24 | Acc: 66.600000 (6660/10000)

Epoch: 25
Train epoch:25 	Loss: 0.602193 | Loss_in: 0.036635, Loss_out: 0.032351 | Acc: 67.397837 (6729/9984)
Test epoch: 25 | Acc: 67.730000 (6773/10000)

Epoch: 26
Train epoch:26 	Loss: 0.600750 | Loss_in: 0.018192, Loss_out: 0.012026 | Acc: 67.858574 (6775/9984)
Test epoch: 26 | Acc: 68.980000 (6898/10000)

Epoch: 27
Train epoch:27 	Loss: 0.588065 | Loss_in: 0.013053, Loss_out: 0.008832 | Acc: 68.900240 (6879/9984)
Test epoch: 27 | Acc: 69.900000 (6990/10000)

Epoch: 28
Train epoch:28 	Loss: 0.585232 | Loss_in: 0.008903, Loss_out: 0.006737 | Acc: 68.810096 (6870/9984)
Test epoch: 28 | Acc: 69.530000 (6953/10000)

Epoch: 29
Train epoch:29 	Loss: 0.579153 | Loss_in: 0.006326, Loss_out: 0.006042 | Acc: 69.711538 (6960/9984)
Test epoch: 29 | Acc: 70.270000 (7027/10000)

Epoch: 30
Train epoch:30 	Loss: 0.572889 | Loss_in: 0.006026, Loss_out: 0.005968 | Acc: 70.092147 (6998/9984)
Test epoch: 30 | Acc: 70.680000 (7068/10000)

Epoch: 31
Train epoch:31 	Loss: 0.565272 | Loss_in: 0.005702, Loss_out: 0.003411 | Acc: 70.492788 (7038/9984)
Test epoch: 31 | Acc: 72.140000 (7214/10000)

Epoch: 32
Train epoch:32 	Loss: 0.562088 | Loss_in: 0.005655, Loss_out: 0.004648 | Acc: 70.693109 (7058/9984)
Test epoch: 32 | Acc: 72.310000 (7231/10000)

Epoch: 33
Train epoch:33 	Loss: 0.551409 | Loss_in: 0.004836, Loss_out: 0.002819 | Acc: 71.684696 (7157/9984)
Test epoch: 33 | Acc: 73.160000 (7316/10000)

Epoch: 34
Train epoch:34 	Loss: 0.549764 | Loss_in: 0.004619, Loss_out: 0.003034 | Acc: 72.055288 (7194/9984)
Test epoch: 34 | Acc: 73.580000 (7358/10000)

Epoch: 35
Train epoch:35 	Loss: 0.543330 | Loss_in: 0.003568, Loss_out: 0.003850 | Acc: 72.395833 (7228/9984)
Test epoch: 35 | Acc: 73.320000 (7332/10000)

Epoch: 36
Train epoch:36 	Loss: 0.540503 | Loss_in: 0.006788, Loss_out: 0.005112 | Acc: 72.315705 (7220/9984)
Test epoch: 36 | Acc: 73.240000 (7324/10000)

Epoch: 37
Train epoch:37 	Loss: 0.530839 | Loss_in: 0.004676, Loss_out: 0.003950 | Acc: 73.407452 (7329/9984)
Test epoch: 37 | Acc: 73.990000 (7399/10000)

Epoch: 38
Train epoch:38 	Loss: 0.526884 | Loss_in: 0.004831, Loss_out: 0.003522 | Acc: 73.737981 (7362/9984)
Test epoch: 38 | Acc: 74.220000 (7422/10000)

Epoch: 39
Train epoch:39 	Loss: 0.521895 | Loss_in: 0.004032, Loss_out: 0.002683 | Acc: 74.138622 (7402/9984)
Test epoch: 39 | Acc: 73.970000 (7397/10000)

Epoch: 40
Train epoch:40 	Loss: 0.521919 | Loss_in: 0.005904, Loss_out: 0.004509 | Acc: 73.858173 (7374/9984)
Test epoch: 40 | Acc: 75.720000 (7572/10000)

Epoch: 41
Train epoch:41 	Loss: 0.495830 | Loss_in: 0.003649, Loss_out: 0.002994 | Acc: 76.091747 (7597/9984)
Test epoch: 41 | Acc: 75.080000 (7508/10000)

Epoch: 42
Train epoch:42 	Loss: 0.487829 | Loss_in: 0.002562, Loss_out: 0.002239 | Acc: 76.472356 (7635/9984)
Test epoch: 42 | Acc: 76.080000 (7608/10000)

Epoch: 43
Train epoch:43 	Loss: 0.487024 | Loss_in: 0.001897, Loss_out: 0.001932 | Acc: 76.592548 (7647/9984)
Test epoch: 43 | Acc: 76.770000 (7677/10000)

Epoch: 44
Train epoch:44 	Loss: 0.485259 | Loss_in: 0.001936, Loss_out: 0.001727 | Acc: 76.412260 (7629/9984)
Test epoch: 44 | Acc: 76.410000 (7641/10000)

Epoch: 45
Train epoch:45 	Loss: 0.484329 | Loss_in: 0.001849, Loss_out: 0.001982 | Acc: 76.622596 (7650/9984)
Test epoch: 45 | Acc: 76.920000 (7692/10000)

Epoch: 46
Train epoch:46 	Loss: 0.478021 | Loss_in: 0.002305, Loss_out: 0.002344 | Acc: 77.353766 (7723/9984)
Test epoch: 46 | Acc: 77.180000 (7718/10000)

Epoch: 47
Train epoch:47 	Loss: 0.477603 | Loss_in: 0.002247, Loss_out: 0.002046 | Acc: 77.023237 (7690/9984)
Test epoch: 47 | Acc: 77.750000 (7775/10000)

Epoch: 48
Train epoch:48 	Loss: 0.481278 | Loss_in: 0.001944, Loss_out: 0.001699 | Acc: 76.933093 (7681/9984)
Test epoch: 48 | Acc: 77.760000 (7776/10000)

Epoch: 49
Train epoch:49 	Loss: 0.477189 | Loss_in: 0.001941, Loss_out: 0.001784 | Acc: 77.033253 (7691/9984)
Test epoch: 49 | Acc: 77.880000 (7788/10000)

Epoch: 50
Train epoch:50 	Loss: 0.474495 | Loss_in: 0.002605, Loss_out: 0.001524 | Acc: 77.323718 (7720/9984)
Test epoch: 50 | Acc: 77.910000 (7791/10000)

Epoch: 51
Train epoch:51 	Loss: 0.475266 | Loss_in: 0.001407, Loss_out: 0.001473 | Acc: 77.504006 (7738/9984)
Test epoch: 51 | Acc: 78.300000 (7830/10000)

Epoch: 52
Train epoch:52 	Loss: 0.474474 | Loss_in: 0.002339, Loss_out: 0.001834 | Acc: 76.812901 (7669/9984)
Test epoch: 52 | Acc: 78.070000 (7807/10000)

Epoch: 53
Train epoch:53 	Loss: 0.468935 | Loss_in: 0.002492, Loss_out: 0.001740 | Acc: 77.634215 (7751/9984)
Test epoch: 53 | Acc: 78.490000 (7849/10000)

Epoch: 54
Train epoch:54 	Loss: 0.469386 | Loss_in: 0.001831, Loss_out: 0.001368 | Acc: 77.493990 (7737/9984)
Test epoch: 54 | Acc: 78.490000 (7849/10000)

Epoch: 55
Train epoch:55 	Loss: 0.466563 | Loss_in: 0.002243, Loss_out: 0.001475 | Acc: 77.774439 (7765/9984)
Test epoch: 55 | Acc: 78.460000 (7846/10000)

Epoch: 56
Train epoch:56 	Loss: 0.469546 | Loss_in: 0.001840, Loss_out: 0.002282 | Acc: 77.634215 (7751/9984)
Test epoch: 56 | Acc: 78.290000 (7829/10000)

Epoch: 57
Train epoch:57 	Loss: 0.460750 | Loss_in: 0.001924, Loss_out: 0.001454 | Acc: 78.395433 (7827/9984)
Test epoch: 57 | Acc: 78.170000 (7817/10000)

Epoch: 58
Train epoch:58 	Loss: 0.459124 | Loss_in: 0.002273, Loss_out: 0.001526 | Acc: 78.165064 (7804/9984)
Test epoch: 58 | Acc: 78.750000 (7875/10000)

Epoch: 59
Train epoch:59 	Loss: 0.458929 | Loss_in: 0.001923, Loss_out: 0.001449 | Acc: 78.215144 (7809/9984)
Test epoch: 59 | Acc: 78.890000 (7889/10000)

Epoch: 60
Train epoch:60 	Loss: 0.463330 | Loss_in: 0.001950, Loss_out: 0.001509 | Acc: 77.724359 (7760/9984)
Test epoch: 60 | Acc: 78.890000 (7889/10000)

Epoch: 61
Train epoch:61 	Loss: 0.457053 | Loss_in: 0.001925, Loss_out: 0.001149 | Acc: 78.645833 (7852/9984)
Test epoch: 61 | Acc: 79.340000 (7934/10000)

Epoch: 62
Train epoch:62 	Loss: 0.451343 | Loss_in: 0.001615, Loss_out: 0.001411 | Acc: 78.525641 (7840/9984)
Test epoch: 62 | Acc: 79.310000 (7931/10000)

Epoch: 63
Train epoch:63 	Loss: 0.453912 | Loss_in: 0.002005, Loss_out: 0.001376 | Acc: 79.086538 (7896/9984)
Test epoch: 63 | Acc: 79.260000 (7926/10000)

Epoch: 64
Train epoch:64 	Loss: 0.448951 | Loss_in: 0.001803, Loss_out: 0.001371 | Acc: 78.836138 (7871/9984)
Test epoch: 64 | Acc: 79.280000 (7928/10000)

Epoch: 65
Train epoch:65 	Loss: 0.451951 | Loss_in: 0.002449, Loss_out: 0.001508 | Acc: 79.046474 (7892/9984)
Test epoch: 65 | Acc: 79.280000 (7928/10000)

Epoch: 66
Train epoch:66 	Loss: 0.449563 | Loss_in: 0.001476, Loss_out: 0.001498 | Acc: 78.595753 (7847/9984)
Test epoch: 66 | Acc: 79.220000 (7922/10000)

Epoch: 67
Train epoch:67 	Loss: 0.447620 | Loss_in: 0.001437, Loss_out: 0.001356 | Acc: 79.437099 (7931/9984)
Test epoch: 67 | Acc: 79.310000 (7931/10000)

Epoch: 68
Train epoch:68 	Loss: 0.451588 | Loss_in: 0.001602, Loss_out: 0.001309 | Acc: 78.766026 (7864/9984)
Test epoch: 68 | Acc: 79.180000 (7918/10000)

Epoch: 69
Train epoch:69 	Loss: 0.448348 | Loss_in: 0.001600, Loss_out: 0.001327 | Acc: 79.156651 (7903/9984)
Test epoch: 69 | Acc: 79.380000 (7938/10000)

Epoch: 70
Train epoch:70 	Loss: 0.449673 | Loss_in: 0.001397, Loss_out: 0.001463 | Acc: 78.725962 (7860/9984)
Test epoch: 70 | Acc: 79.440000 (7944/10000)

Epoch: 71
Train epoch:71 	Loss: 0.453782 | Loss_in: 0.001439, Loss_out: 0.001264 | Acc: 78.275240 (7815/9984)
Test epoch: 71 | Acc: 79.410000 (7941/10000)

Epoch: 72
Train epoch:72 	Loss: 0.449999 | Loss_in: 0.001681, Loss_out: 0.001477 | Acc: 78.896234 (7877/9984)
Test epoch: 72 | Acc: 79.390000 (7939/10000)

Epoch: 73
Train epoch:73 	Loss: 0.452047 | Loss_in: 0.001859, Loss_out: 0.001343 | Acc: 78.455529 (7833/9984)
Test epoch: 73 | Acc: 79.540000 (7954/10000)

Epoch: 74
Train epoch:74 	Loss: 0.451956 | Loss_in: 0.001313, Loss_out: 0.001306 | Acc: 78.575721 (7845/9984)
Test epoch: 74 | Acc: 79.540000 (7954/10000)

Epoch: 75
Train epoch:75 	Loss: 0.448404 | Loss_in: 0.001901, Loss_out: 0.001484 | Acc: 79.366987 (7924/9984)
Test epoch: 75 | Acc: 79.680000 (7968/10000)

Epoch: 76
Train epoch:76 	Loss: 0.450865 | Loss_in: 0.001471, Loss_out: 0.001330 | Acc: 78.445513 (7832/9984)
Test epoch: 76 | Acc: 79.510000 (7951/10000)

Epoch: 77
Train epoch:77 	Loss: 0.451242 | Loss_in: 0.001284, Loss_out: 0.001317 | Acc: 78.766026 (7864/9984)
Test epoch: 77 | Acc: 79.460000 (7946/10000)

Epoch: 78
Train epoch:78 	Loss: 0.448249 | Loss_in: 0.001877, Loss_out: 0.001528 | Acc: 78.946314 (7882/9984)
Test epoch: 78 | Acc: 79.490000 (7949/10000)

Epoch: 79
Train epoch:79 	Loss: 0.448158 | Loss_in: 0.001520, Loss_out: 0.001127 | Acc: 79.206731 (7908/9984)
Test epoch: 79 | Acc: 79.540000 (7954/10000)
