True
load data:  cifar10_cat
Building CIFAR-10 data loader with 1 workers
==> Building model..

Epoch: 0
Train epoch:0 	Loss_in: 0.000000 | Loss_in_diffu: 31.663441 | Loss_out_diffu: 0.000000 | Acc: 55.168269 (5508/9984)
(1649597663.3502884, 1649597671.6119013, 8.261612892150879)
Test epoch: 0| Acc: 61.2 (6120/10000) 

Epoch: 1
Train epoch:1 	Loss_in: 0.000000 | Loss_in_diffu: 29.595511 | Loss_out_diffu: 0.000000 | Acc: 62.379808 (6228/9984)
(1649597672.4346983, 1649597680.0749247, 7.640226364135742)
Test epoch: 1| Acc: 66.86 (6686/10000) 

Epoch: 2
Train epoch:2 	Loss_in: 0.000000 | Loss_in_diffu: 28.748286 | Loss_out_diffu: 0.000000 | Acc: 63.812099 (6371/9984)
(1649597680.8942852, 1649597688.5257406, 7.631455421447754)
Test epoch: 2| Acc: 67.11 (6711/10000) 

Epoch: 3
Train epoch:3 	Loss_in: 0.000000 | Loss_in_diffu: 28.247457 | Loss_out_diffu: 0.000000 | Acc: 68.058894 (6795/9984)
(1649597689.3352787, 1649597696.9659371, 7.630658388137817)
Test epoch: 3| Acc: 70.94 (7094/10000) 

Epoch: 4
Train epoch:4 	Loss_in: 0.000000 | Loss_in_diffu: 27.861804 | Loss_out_diffu: 0.000000 | Acc: 70.993590 (7088/9984)
(1649597697.774746, 1649597705.5906057, 7.815859794616699)
Test epoch: 4| Acc: 73.11 (7311/10000) 

Epoch: 5
Train epoch:5 	Loss_in: 0.000000 | Loss_in_diffu: 27.537662 | Loss_out_diffu: 0.000000 | Acc: 72.636218 (7252/9984)
(1649597706.4017937, 1649597714.0336254, 7.631831645965576)
Test epoch: 5| Acc: 76.17 (7617/10000) 

Epoch: 6
Train epoch:6 	Loss_in: 0.000000 | Loss_in_diffu: 27.241718 | Loss_out_diffu: 0.000000 | Acc: 74.038462 (7392/9984)
(1649597714.8482811, 1649597722.4718413, 7.623560190200806)
Test epoch: 6| Acc: 78.27 (7827/10000) 

Epoch: 7
Train epoch:7 	Loss_in: 0.000000 | Loss_in_diffu: 26.947451 | Loss_out_diffu: 0.000000 | Acc: 75.160256 (7504/9984)
(1649597723.2859826, 1649597730.9191234, 7.633140802383423)
Test epoch: 7| Acc: 77.75 (7775/10000) 

Epoch: 8
Train epoch:8 	Loss_in: 0.000000 | Loss_in_diffu: 26.665729 | Loss_out_diffu: 0.000000 | Acc: 76.342147 (7622/9984)
(1649597731.728891, 1649597739.5280511, 7.7991602420806885)
Test epoch: 8| Acc: 79.35 (7935/10000) 

Epoch: 9
Train epoch:9 	Loss_in: 0.000000 | Loss_in_diffu: 26.388930 | Loss_out_diffu: 0.000000 | Acc: 77.213542 (7709/9984)
(1649597740.3390243, 1649597748.075599, 7.736574649810791)
Test epoch: 9| Acc: 80.6 (8060/10000) 

Epoch: 10
Train epoch:10 	Loss_in: 0.000000 | Loss_in_diffu: 26.105423 | Loss_out_diffu: 0.000000 | Acc: 78.495593 (7837/9984)
(1649597748.9359562, 1649597756.594066, 7.658109664916992)
Test epoch: 10| Acc: 81.65 (8165/10000) 

Epoch: 11
Train epoch:11 	Loss_in: 0.000000 | Loss_in_diffu: 25.838966 | Loss_out_diffu: 0.000000 | Acc: 78.745994 (7862/9984)
(1649597757.401942, 1649597765.05066, 7.648717880249023)
Test epoch: 11| Acc: 81.82 (8182/10000) 

Epoch: 12
Train epoch:12 	Loss_in: 0.000000 | Loss_in_diffu: 25.566054 | Loss_out_diffu: 0.000000 | Acc: 79.417067 (7929/9984)
(1649597765.8555326, 1649597773.5009913, 7.645458698272705)
Test epoch: 12| Acc: 79.33 (7933/10000) 

Epoch: 13
Train epoch:13 	Loss_in: 0.000000 | Loss_in_diffu: 25.301659 | Loss_out_diffu: 0.000000 | Acc: 79.867788 (7974/9984)
(1649597774.3048904, 1649597781.9435797, 7.638689279556274)
Test epoch: 13| Acc: 83.01 (8301/10000) 

Epoch: 14
Train epoch:14 	Loss_in: 0.000000 | Loss_in_diffu: 25.035840 | Loss_out_diffu: 0.000000 | Acc: 80.729167 (8060/9984)
(1649597782.7596583, 1649597790.4197378, 7.660079479217529)
Test epoch: 14| Acc: 82.03 (8203/10000) 

Epoch: 15
Train epoch:15 	Loss_in: 0.000000 | Loss_in_diffu: 24.762871 | Loss_out_diffu: 0.000000 | Acc: 81.159856 (8103/9984)
(1649597791.220403, 1649597798.9614735, 7.741070508956909)
Test epoch: 15| Acc: 83.33 (8333/10000) 

Epoch: 16
Train epoch:16 	Loss_in: 0.000000 | Loss_in_diffu: 24.505822 | Loss_out_diffu: 0.000000 | Acc: 81.019631 (8089/9984)
(1649597799.7846694, 1649597807.4515228, 7.666853427886963)
Test epoch: 16| Acc: 83.22 (8322/10000) 

Epoch: 17
Train epoch:17 	Loss_in: 0.000000 | Loss_in_diffu: 24.253386 | Loss_out_diffu: 0.000000 | Acc: 81.260016 (8113/9984)
(1649597808.2618432, 1649597815.9196892, 7.657845973968506)
Test epoch: 17| Acc: 82.44 (8244/10000) 

Epoch: 18
Train epoch:18 	Loss_in: 0.000000 | Loss_in_diffu: 23.975793 | Loss_out_diffu: 0.000000 | Acc: 81.780849 (8165/9984)
(1649597816.7335174, 1649597824.3761802, 7.642662763595581)
Test epoch: 18| Acc: 84.37 (8437/10000) 

Epoch: 19
Train epoch:19 	Loss_in: 0.000000 | Loss_in_diffu: 23.713623 | Loss_out_diffu: 0.000000 | Acc: 82.522035 (8239/9984)
(1649597825.186926, 1649597832.8264573, 7.639531373977661)
Test epoch: 19| Acc: 84.8 (8480/10000) 

Epoch: 20
Train epoch:20 	Loss_in: 0.000000 | Loss_in_diffu: 23.449908 | Loss_out_diffu: 0.000000 | Acc: 83.173077 (8304/9984)
(1649597833.6456072, 1649597841.3106337, 7.665026426315308)
Test epoch: 20| Acc: 84.51 (8451/10000) 

Epoch: 21
Train epoch:21 	Loss_in: 0.000000 | Loss_in_diffu: 23.264893 | Loss_out_diffu: 0.000000 | Acc: 85.106170 (8497/9984)
(1649597842.1229827, 1649597849.790574, 7.667591333389282)
Test epoch: 21| Acc: 86.52 (8652/10000) 

Epoch: 22
Train epoch:22 	Loss_in: 0.000000 | Loss_in_diffu: 23.216821 | Loss_out_diffu: 0.000000 | Acc: 86.468349 (8633/9984)
(1649597850.6179523, 1649597858.2677116, 7.649759292602539)
Test epoch: 22| Acc: 86.86 (8686/10000) 

Epoch: 23
Train epoch:23 	Loss_in: 0.000000 | Loss_in_diffu: 23.184553 | Loss_out_diffu: 0.000000 | Acc: 86.808894 (8667/9984)
(1649597859.0814004, 1649597866.7905767, 7.709176301956177)
Test epoch: 23| Acc: 87.19 (8719/10000) 

Epoch: 24
Train epoch:24 	Loss_in: 0.000000 | Loss_in_diffu: 23.156503 | Loss_out_diffu: 0.000000 | Acc: 86.919071 (8678/9984)
(1649597867.6080935, 1649597875.3112884, 7.703194856643677)
Test epoch: 24| Acc: 87.62 (8762/10000) 

Epoch: 25
Train epoch:25 	Loss_in: 0.000000 | Loss_in_diffu: 23.122253 | Loss_out_diffu: 0.000000 | Acc: 87.279647 (8714/9984)
(1649597876.1523936, 1649597883.7871847, 7.634791135787964)
Test epoch: 25| Acc: 87.54 (8754/10000) 

Epoch: 26
Train epoch:26 	Loss_in: 0.000000 | Loss_in_diffu: 23.090867 | Loss_out_diffu: 0.000000 | Acc: 87.419872 (8728/9984)
(1649597884.5911355, 1649597892.2190263, 7.6278908252716064)
Test epoch: 26| Acc: 87.71 (8771/10000) 

Epoch: 27
Train epoch:27 	Loss_in: 0.000000 | Loss_in_diffu: 23.061004 | Loss_out_diffu: 0.000000 | Acc: 87.900641 (8776/9984)
(1649597893.0272834, 1649597900.7275403, 7.700256824493408)
Test epoch: 27| Acc: 87.85 (8785/10000) 

Epoch: 28
Train epoch:28 	Loss_in: 0.000000 | Loss_in_diffu: 23.037208 | Loss_out_diffu: 0.000000 | Acc: 87.590144 (8745/9984)
(1649597901.555509, 1649597909.2913752, 7.735866069793701)
Test epoch: 28| Acc: 88.04 (8804/10000) 

Epoch: 29
Train epoch:29 	Loss_in: 0.000000 | Loss_in_diffu: 23.006658 | Loss_out_diffu: 0.000000 | Acc: 87.560096 (8742/9984)
(1649597910.106664, 1649597917.7657952, 7.659131288528442)
Test epoch: 29| Acc: 87.53 (8753/10000) 

Epoch: 30
Train epoch:30 	Loss_in: 0.000000 | Loss_in_diffu: 22.985001 | Loss_out_diffu: 0.000000 | Acc: 87.540064 (8740/9984)
(1649597918.5768695, 1649597926.2608206, 7.683951139450073)
Test epoch: 30| Acc: 88.64 (8864/10000) 

Epoch: 31
Train epoch:31 	Loss_in: 0.000000 | Loss_in_diffu: 22.949303 | Loss_out_diffu: 0.000000 | Acc: 88.311298 (8817/9984)
(1649597927.0806408, 1649597934.78247, 7.701829195022583)
Test epoch: 31| Acc: 88.7 (8870/10000) 

Epoch: 32
Train epoch:32 	Loss_in: 0.000000 | Loss_in_diffu: 22.919878 | Loss_out_diffu: 0.000000 | Acc: 88.631811 (8849/9984)
(1649597935.6007216, 1649597943.2528899, 7.652168273925781)
Test epoch: 32| Acc: 88.3 (8830/10000) 

Epoch: 33
Train epoch:33 	Loss_in: 0.000000 | Loss_in_diffu: 22.888458 | Loss_out_diffu: 0.000000 | Acc: 88.441506 (8830/9984)
(1649597944.0663636, 1649597951.731744, 7.665380477905273)
Test epoch: 33| Acc: 88.75 (8875/10000) 

Epoch: 34
Train epoch:34 	Loss_in: 0.000000 | Loss_in_diffu: 22.863775 | Loss_out_diffu: 0.000000 | Acc: 88.251202 (8811/9984)
(1649597952.5582798, 1649597960.243574, 7.685294151306152)
Test epoch: 34| Acc: 89.14 (8914/10000) 

Epoch: 35
Train epoch:35 	Loss_in: 0.000000 | Loss_in_diffu: 22.837251 | Loss_out_diffu: 0.000000 | Acc: 88.451522 (8831/9984)
(1649597961.0477083, 1649597968.754222, 7.7065136432647705)
Test epoch: 35| Acc: 88.74 (8874/10000) 

Epoch: 36
Train epoch:36 	Loss_in: 0.000000 | Loss_in_diffu: 22.807947 | Loss_out_diffu: 0.000000 | Acc: 88.611779 (8847/9984)
(1649597969.5680676, 1649597977.2417428, 7.673675298690796)
Test epoch: 36| Acc: 89.13 (8913/10000) 

Epoch: 37
Train epoch:37 	Loss_in: 0.000000 | Loss_in_diffu: 22.780608 | Loss_out_diffu: 0.000000 | Acc: 88.691907 (8855/9984)
(1649597978.066619, 1649597985.8026702, 7.736051321029663)
Test epoch: 37| Acc: 89.04 (8904/10000) 

Epoch: 38
Train epoch:38 	Loss_in: 0.000000 | Loss_in_diffu: 22.753239 | Loss_out_diffu: 0.000000 | Acc: 88.862179 (8872/9984)
(1649597986.6355777, 1649597994.2815864, 7.646008729934692)
Test epoch: 38| Acc: 89.86 (8986/10000) 

Epoch: 39
Train epoch:39 	Loss_in: 0.000000 | Loss_in_diffu: 22.729082 | Loss_out_diffu: 0.000000 | Acc: 88.922276 (8878/9984)
(1649597995.0842924, 1649598002.738741, 7.654448509216309)
Test epoch: 39| Acc: 89.36 (8936/10000) 

Epoch: 40
Train epoch:40 	Loss_in: 0.000000 | Loss_in_diffu: 22.696541 | Loss_out_diffu: 0.000000 | Acc: 89.132612 (8899/9984)
(1649598003.5624793, 1649598011.2059367, 7.643457412719727)
Test epoch: 40| Acc: 89.77 (8977/10000) 

Epoch: 41
Train epoch:41 	Loss_in: 0.000000 | Loss_in_diffu: 22.678407 | Loss_out_diffu: 0.000000 | Acc: 89.583333 (8944/9984)
(1649598012.0295248, 1649598019.6634486, 7.633923768997192)
Test epoch: 41| Acc: 90.52 (9052/10000) 

Epoch: 42
Train epoch:42 	Loss_in: 0.000000 | Loss_in_diffu: 22.663078 | Loss_out_diffu: 0.000000 | Acc: 90.054087 (8991/9984)
(1649598020.4782207, 1649598028.1648774, 7.686656713485718)
Test epoch: 42| Acc: 90.54 (9054/10000) 

Epoch: 43
Train epoch:43 	Loss_in: 0.000000 | Loss_in_diffu: 22.662226 | Loss_out_diffu: 0.000000 | Acc: 89.903846 (8976/9984)
(1649598028.9800947, 1649598036.691097, 7.711002349853516)
Test epoch: 43| Acc: 90.52 (9052/10000) 

Epoch: 44
Train epoch:44 	Loss_in: 0.000000 | Loss_in_diffu: 22.658215 | Loss_out_diffu: 0.000000 | Acc: 90.044071 (8990/9984)
(1649598037.524794, 1649598045.224632, 7.699837923049927)
Test epoch: 44| Acc: 90.71 (9071/10000) 

Epoch: 45
Train epoch:45 	Loss_in: 0.000000 | Loss_in_diffu: 22.654167 | Loss_out_diffu: 0.000000 | Acc: 90.604968 (9046/9984)
(1649598046.0484116, 1649598053.6974862, 7.649074554443359)
Test epoch: 45| Acc: 90.62 (9062/10000) 

Epoch: 46
Train epoch:46 	Loss_in: 0.000000 | Loss_in_diffu: 22.654640 | Loss_out_diffu: 0.000000 | Acc: 90.274439 (9013/9984)
(1649598054.529648, 1649598062.1947293, 7.665081262588501)
Test epoch: 46| Acc: 90.63 (9063/10000) 

Epoch: 47
Train epoch:47 	Loss_in: 0.000000 | Loss_in_diffu: 22.645456 | Loss_out_diffu: 0.000000 | Acc: 90.404647 (9026/9984)
(1649598063.0143416, 1649598070.672142, 7.6578004360198975)
Test epoch: 47| Acc: 90.72 (9072/10000) 

Epoch: 48
Train epoch:48 	Loss_in: 0.000000 | Loss_in_diffu: 22.645850 | Loss_out_diffu: 0.000000 | Acc: 90.514824 (9037/9984)
(1649598071.4928844, 1649598079.2058146, 7.712930202484131)
Test epoch: 48| Acc: 90.66 (9066/10000) 

Epoch: 49
Train epoch:49 	Loss_in: 0.000000 | Loss_in_diffu: 22.642495 | Loss_out_diffu: 0.000000 | Acc: 90.134215 (8999/9984)
(1649598080.0337982, 1649598087.767096, 7.733297824859619)
Test epoch: 49| Acc: 90.75 (9075/10000) 

Epoch: 50
Train epoch:50 	Loss_in: 0.000000 | Loss_in_diffu: 22.643058 | Loss_out_diffu: 0.000000 | Acc: 90.314503 (9017/9984)
(1649598088.5913465, 1649598096.3339899, 7.742643356323242)
Test epoch: 50| Acc: 91.05 (9105/10000) 

Epoch: 51
Train epoch:51 	Loss_in: 0.000000 | Loss_in_diffu: 22.640036 | Loss_out_diffu: 0.000000 | Acc: 90.204327 (9006/9984)
(1649598097.1697793, 1649598104.873041, 7.703261613845825)
Test epoch: 51| Acc: 90.83 (9083/10000) 

Epoch: 52
Train epoch:52 	Loss_in: 0.000000 | Loss_in_diffu: 22.634992 | Loss_out_diffu: 0.000000 | Acc: 90.374599 (9023/9984)
(1649598105.6902971, 1649598113.3445349, 7.654237747192383)
Test epoch: 52| Acc: 90.86 (9086/10000) 

Epoch: 53
Train epoch:53 	Loss_in: 0.000000 | Loss_in_diffu: 22.630987 | Loss_out_diffu: 0.000000 | Acc: 90.374599 (9023/9984)
(1649598114.1636052, 1649598121.896396, 7.73279070854187)
Test epoch: 53| Acc: 90.58 (9058/10000) 

Epoch: 54
Train epoch:54 	Loss_in: 0.000000 | Loss_in_diffu: 22.634240 | Loss_out_diffu: 0.000000 | Acc: 90.024038 (8988/9984)
(1649598122.7234886, 1649598130.3727276, 7.6492390632629395)
Test epoch: 54| Acc: 90.65 (9065/10000) 

Epoch: 55
Train epoch:55 	Loss_in: 0.000000 | Loss_in_diffu: 22.624364 | Loss_out_diffu: 0.000000 | Acc: 90.354567 (9021/9984)
(1649598131.19388, 1649598138.8372872, 7.643407106399536)
Test epoch: 55| Acc: 90.84 (9084/10000) 

Epoch: 56
Train epoch:56 	Loss_in: 0.000000 | Loss_in_diffu: 22.626885 | Loss_out_diffu: 0.000000 | Acc: 90.434696 (9029/9984)
(1649598139.6628978, 1649598147.3184183, 7.655520439147949)
Test epoch: 56| Acc: 90.89 (9089/10000) 

Epoch: 57
Train epoch:57 	Loss_in: 0.000000 | Loss_in_diffu: 22.624477 | Loss_out_diffu: 0.000000 | Acc: 90.224359 (9008/9984)
(1649598148.1302154, 1649598155.7739258, 7.643710374832153)
Test epoch: 57| Acc: 91.11 (9111/10000) 

Epoch: 58
Train epoch:58 	Loss_in: 0.000000 | Loss_in_diffu: 22.617482 | Loss_out_diffu: 0.000000 | Acc: 90.524840 (9038/9984)
(1649598156.5879283, 1649598164.2168288, 7.628900527954102)
Test epoch: 58| Acc: 91.0 (9100/10000) 

Epoch: 59
Train epoch:59 	Loss_in: 0.000000 | Loss_in_diffu: 22.615542 | Loss_out_diffu: 0.000000 | Acc: 90.785256 (9064/9984)
(1649598165.0311716, 1649598172.6873558, 7.656184196472168)
Test epoch: 59| Acc: 91.0 (9100/10000) 

Epoch: 60
Train epoch:60 	Loss_in: 0.000000 | Loss_in_diffu: 22.612173 | Loss_out_diffu: 0.000000 | Acc: 90.564904 (9042/9984)
(1649598173.4996808, 1649598181.1403635, 7.640682697296143)
Test epoch: 60| Acc: 90.78 (9078/10000) 

Epoch: 61
Train epoch:61 	Loss_in: 0.000000 | Loss_in_diffu: 22.612796 | Loss_out_diffu: 0.000000 | Acc: 90.344551 (9020/9984)
(1649598181.9548166, 1649598189.6919777, 7.737161159515381)
Test epoch: 61| Acc: 90.9 (9090/10000) 

Epoch: 62
Train epoch:62 	Loss_in: 0.000000 | Loss_in_diffu: 22.609626 | Loss_out_diffu: 0.000000 | Acc: 90.665064 (9052/9984)
(1649598190.5162613, 1649598198.172844, 7.656582593917847)
Test epoch: 62| Acc: 90.87 (9087/10000) 

Epoch: 63
Train epoch:63 	Loss_in: 0.000000 | Loss_in_diffu: 22.608673 | Loss_out_diffu: 0.000000 | Acc: 90.574920 (9043/9984)
(1649598199.006198, 1649598206.6687267, 7.66252875328064)
Test epoch: 63| Acc: 91.11 (9111/10000) 

Epoch: 64
Train epoch:64 	Loss_in: 0.000000 | Loss_in_diffu: 22.611676 | Loss_out_diffu: 0.000000 | Acc: 90.294471 (9015/9984)
(1649598207.4809492, 1649598215.143748, 7.662798881530762)
Test epoch: 64| Acc: 91.02 (9102/10000) 

Epoch: 65
Train epoch:65 	Loss_in: 0.000000 | Loss_in_diffu: 22.600796 | Loss_out_diffu: 0.000000 | Acc: 90.835337 (9069/9984)
(1649598215.9538143, 1649598223.6630569, 7.709242582321167)
Test epoch: 65| Acc: 90.92 (9092/10000) 

Epoch: 66
Train epoch:66 	Loss_in: 0.000000 | Loss_in_diffu: 22.603239 | Loss_out_diffu: 0.000000 | Acc: 90.705128 (9056/9984)
(1649598224.4810162, 1649598232.1854405, 7.7044243812561035)
Test epoch: 66| Acc: 91.11 (9111/10000) 

Epoch: 67
Train epoch:67 	Loss_in: 0.000000 | Loss_in_diffu: 22.604746 | Loss_out_diffu: 0.000000 | Acc: 90.745192 (9060/9984)
(1649598233.0086188, 1649598240.6974213, 7.688802480697632)
Test epoch: 67| Acc: 91.12 (9112/10000) 

Epoch: 68
Train epoch:68 	Loss_in: 0.000000 | Loss_in_diffu: 22.602646 | Loss_out_diffu: 0.000000 | Acc: 90.815304 (9067/9984)
(1649598241.5087557, 1649598249.2057095, 7.696953773498535)
Test epoch: 68| Acc: 90.95 (9095/10000) 

Epoch: 69
Train epoch:69 	Loss_in: 0.000000 | Loss_in_diffu: 22.609554 | Loss_out_diffu: 0.000000 | Acc: 90.144231 (9000/9984)
(1649598250.0163467, 1649598257.6701238, 7.653777122497559)
Test epoch: 69| Acc: 90.95 (9095/10000) 

Epoch: 70
Train epoch:70 	Loss_in: 0.000000 | Loss_in_diffu: 22.604462 | Loss_out_diffu: 0.000000 | Acc: 90.835337 (9069/9984)
(1649598258.4953203, 1649598266.2207785, 7.725458145141602)
Test epoch: 70| Acc: 90.77 (9077/10000) 

Epoch: 71
Train epoch:71 	Loss_in: 0.000000 | Loss_in_diffu: 22.608313 | Loss_out_diffu: 0.000000 | Acc: 90.344551 (9020/9984)
(1649598267.0562036, 1649598274.7577028, 7.7014992237091064)
Test epoch: 71| Acc: 90.99 (9099/10000) 

Epoch: 72
Train epoch:72 	Loss_in: 0.000000 | Loss_in_diffu: 22.605856 | Loss_out_diffu: 0.000000 | Acc: 90.484776 (9034/9984)
(1649598275.578147, 1649598283.2819755, 7.703828573226929)
Test epoch: 72| Acc: 91.12 (9112/10000) 

Epoch: 73
Train epoch:73 	Loss_in: 0.000000 | Loss_in_diffu: 22.610514 | Loss_out_diffu: 0.000000 | Acc: 90.164263 (9002/9984)
(1649598284.1077619, 1649598291.7475145, 7.639752626419067)
Test epoch: 73| Acc: 90.91 (9091/10000) 

Epoch: 74
Train epoch:74 	Loss_in: 0.000000 | Loss_in_diffu: 22.603256 | Loss_out_diffu: 0.000000 | Acc: 90.544872 (9040/9984)
(1649598292.5450666, 1649598300.2028031, 7.657736539840698)
Test epoch: 74| Acc: 91.03 (9103/10000) 

Epoch: 75
Train epoch:75 	Loss_in: 0.000000 | Loss_in_diffu: 22.606455 | Loss_out_diffu: 0.000000 | Acc: 90.454728 (9031/9984)
(1649598301.0298858, 1649598308.7695937, 7.739707946777344)
Test epoch: 75| Acc: 90.95 (9095/10000) 

Epoch: 76
Train epoch:76 	Loss_in: 0.000000 | Loss_in_diffu: 22.602631 | Loss_out_diffu: 0.000000 | Acc: 90.665064 (9052/9984)
(1649598309.5995798, 1649598317.3275733, 7.727993488311768)
Test epoch: 76| Acc: 91.07 (9107/10000) 

Epoch: 77
Train epoch:77 	Loss_in: 0.000000 | Loss_in_diffu: 22.605486 | Loss_out_diffu: 0.000000 | Acc: 90.725160 (9058/9984)
(1649598318.1540606, 1649598325.878933, 7.724872350692749)
Test epoch: 77| Acc: 91.04 (9104/10000) 

Epoch: 78
Train epoch:78 	Loss_in: 0.000000 | Loss_in_diffu: 22.602510 | Loss_out_diffu: 0.000000 | Acc: 90.484776 (9034/9984)
(1649598326.710216, 1649598334.4176147, 7.7073986530303955)
Test epoch: 78| Acc: 91.02 (9102/10000) 

Epoch: 79
Train epoch:79 	Loss_in: 0.000000 | Loss_in_diffu: 22.607703 | Loss_out_diffu: 0.000000 | Acc: 90.284455 (9014/9984)
(1649598335.242572, 1649598342.9312282, 7.6886560916900635)
Test epoch: 79| Acc: 91.1 (9110/10000) 
