True
load data:  mnist
Building MNIST data loader with 1 workers
==> Building model..

Epoch: 0
Train epoch:0 	Loss_in: 0.643996 | Loss_in_diffu: 11.701012 | Loss_out_diffu: 12.162343 | Acc: 85.174613 (51023/59904)
(1642952437.0021214, 1642952535.956911, 98.95478963851929)
Test epoch: 0| Acc: 97.0 (9700/10000) 

Epoch: 1
Train epoch:1 	Loss_in: 0.111731 | Loss_in_diffu: 11.304158 | Loss_out_diffu: 12.764745 | Acc: 97.035256 (58128/59904)
(1642952536.5206633, 1642952634.742143, 98.22147965431213)
Test epoch: 1| Acc: 98.42 (9842/10000) 

Epoch: 2
Train epoch:2 	Loss_in: 0.073573 | Loss_in_diffu: 11.327238 | Loss_out_diffu: 12.994963 | Acc: 97.908320 (58651/59904)
(1642952635.314147, 1642952733.4887254, 98.17457842826843)
Test epoch: 2| Acc: 98.03 (9803/10000) 

Epoch: 3
Train epoch:3 	Loss_in: 0.057996 | Loss_in_diffu: 11.378435 | Loss_out_diffu: 13.140141 | Acc: 98.352364 (58917/59904)
(1642952734.1737883, 1642952832.2452316, 98.07144331932068)
Test epoch: 3| Acc: 98.49 (9849/10000) 

Epoch: 4
Train epoch:4 	Loss_in: 0.049210 | Loss_in_diffu: 11.445440 | Loss_out_diffu: 13.277485 | Acc: 98.576055 (59051/59904)
(1642952832.8186123, 1642952931.668946, 98.85033369064331)
Test epoch: 4| Acc: 98.95 (9895/10000) 

Epoch: 5
Train epoch:5 	Loss_in: 0.042371 | Loss_in_diffu: 11.511699 | Loss_out_diffu: 13.421003 | Acc: 98.758013 (59160/59904)
(1642952932.365228, 1642953030.6421494, 98.27692151069641)
Test epoch: 5| Acc: 98.89 (9889/10000) 

Epoch: 6
Train epoch:6 	Loss_in: 0.036977 | Loss_in_diffu: 11.586330 | Loss_out_diffu: 13.588277 | Acc: 98.893229 (59241/59904)
(1642953031.3292263, 1642953129.0116894, 97.6824631690979)
Test epoch: 6| Acc: 98.34 (9834/10000) 

Epoch: 7
Train epoch:7 	Loss_in: 0.036413 | Loss_in_diffu: 11.673621 | Loss_out_diffu: 13.724717 | Acc: 98.949987 (59275/59904)
(1642953129.6974869, 1642953227.8854449, 98.18795800209045)
Test epoch: 7| Acc: 99.07 (9907/10000) 

Epoch: 8
Train epoch:8 	Loss_in: 0.030753 | Loss_in_diffu: 11.765094 | Loss_out_diffu: 13.834443 | Acc: 99.100227 (59365/59904)
(1642953228.4674056, 1642953326.5493073, 98.08190178871155)
Test epoch: 8| Acc: 99.12 (9912/10000) 

Epoch: 9
Train epoch:9 	Loss_in: 0.027990 | Loss_in_diffu: 11.860153 | Loss_out_diffu: 13.967843 | Acc: 99.192041 (59420/59904)
(1642953327.1242783, 1642953425.6599374, 98.53565907478333)
Test epoch: 9| Acc: 98.98 (9898/10000) 

Epoch: 10
Train epoch:10 	Loss_in: 0.025555 | Loss_in_diffu: 11.950297 | Loss_out_diffu: 14.086892 | Acc: 99.213742 (59433/59904)
(1642953426.352326, 1642953524.0978718, 97.74554586410522)
Test epoch: 10| Acc: 99.14 (9914/10000) 

Epoch: 11
Train epoch:11 	Loss_in: 0.009402 | Loss_in_diffu: 11.987239 | Loss_out_diffu: 14.150988 | Acc: 99.756277 (59758/59904)
(1642953524.6719291, 1642953622.516076, 97.8441469669342)
Test epoch: 11| Acc: 99.55 (9955/10000) 

Epoch: 12
Train epoch:12 	Loss_in: 0.007526 | Loss_in_diffu: 11.987593 | Loss_out_diffu: 14.166398 | Acc: 99.821381 (59797/59904)
(1642953623.0981803, 1642953721.3598099, 98.26162958145142)
Test epoch: 12| Acc: 99.51 (9951/10000) 

Epoch: 13
Train epoch:13 	Loss_in: 0.006718 | Loss_in_diffu: 11.989742 | Loss_out_diffu: 14.182290 | Acc: 99.829728 (59802/59904)
(1642953722.0452323, 1642953820.0831618, 98.03792953491211)
Test epoch: 13| Acc: 99.49 (9949/10000) 

Epoch: 14
Train epoch:14 	Loss_in: 0.005602 | Loss_in_diffu: 11.991029 | Loss_out_diffu: 14.201286 | Acc: 99.866453 (59824/59904)
(1642953820.7753756, 1642953918.802373, 98.02699732780457)
Test epoch: 14| Acc: 99.47 (9947/10000) 

Epoch: 15
Train epoch:15 	Loss_in: 0.005370 | Loss_in_diffu: 11.993744 | Loss_out_diffu: 14.216975 | Acc: 99.873130 (59828/59904)
(1642953919.3742206, 1642954017.3801208, 98.00590014457703)
Test epoch: 15| Acc: 99.45 (9945/10000) 

Epoch: 16
Train epoch:16 	Loss_in: 0.004497 | Loss_in_diffu: 11.995442 | Loss_out_diffu: 14.238460 | Acc: 99.884816 (59835/59904)
(1642954017.9579563, 1642954115.9853957, 98.02743935585022)
Test epoch: 16| Acc: 99.55 (9955/10000) 

Epoch: 17
Train epoch:17 	Loss_in: 0.003833 | Loss_in_diffu: 11.997469 | Loss_out_diffu: 14.259166 | Acc: 99.919872 (59856/59904)
(1642954116.680872, 1642954214.3926892, 97.71181726455688)
Test epoch: 17| Acc: 99.44 (9944/10000) 

Epoch: 18
Train epoch:18 	Loss_in: 0.003844 | Loss_in_diffu: 12.000068 | Loss_out_diffu: 14.278729 | Acc: 99.891493 (59839/59904)
(1642954214.9550765, 1642954313.0998738, 98.14479732513428)
Test epoch: 18| Acc: 99.49 (9949/10000) 

Epoch: 19
Train epoch:19 	Loss_in: 0.003023 | Loss_in_diffu: 12.001506 | Loss_out_diffu: 14.295674 | Acc: 99.944912 (59871/59904)
(1642954313.7956016, 1642954412.0823522, 98.28675055503845)
Test epoch: 19| Acc: 99.44 (9944/10000) 

Epoch: 20
Train epoch:20 	Loss_in: 0.002583 | Loss_in_diffu: 12.003060 | Loss_out_diffu: 14.317120 | Acc: 99.951589 (59875/59904)
(1642954412.7655826, 1642954510.9795032, 98.21392059326172)
Test epoch: 20| Acc: 99.44 (9944/10000) 

Epoch: 21
Train epoch:21 	Loss_in: 0.001982 | Loss_in_diffu: 12.003752 | Loss_out_diffu: 14.327762 | Acc: 99.976629 (59890/59904)
(1642954511.677506, 1642954609.5635266, 97.88602066040039)
Test epoch: 21| Acc: 99.54 (9954/10000) 

Epoch: 22
Train epoch:22 	Loss_in: 0.001800 | Loss_in_diffu: 12.003930 | Loss_out_diffu: 14.332220 | Acc: 99.976629 (59890/59904)
(1642954610.2549415, 1642954708.693563, 98.4386215209961)
Test epoch: 22| Acc: 99.54 (9954/10000) 

Epoch: 23
Train epoch:23 	Loss_in: 0.001735 | Loss_in_diffu: 12.004172 | Loss_out_diffu: 14.330046 | Acc: 99.976629 (59890/59904)
(1642954709.2774966, 1642954807.9583187, 98.68082213401794)
Test epoch: 23| Acc: 99.52 (9952/10000) 

Epoch: 24
Train epoch:24 	Loss_in: 0.001667 | Loss_in_diffu: 12.003949 | Loss_out_diffu: 14.340719 | Acc: 99.979968 (59892/59904)
(1642954808.6526375, 1642954906.5577438, 97.90510630607605)
Test epoch: 24| Acc: 99.48 (9948/10000) 

Epoch: 25
Train epoch:25 	Loss_in: 0.001622 | Loss_in_diffu: 12.004350 | Loss_out_diffu: 14.341430 | Acc: 99.979968 (59892/59904)
(1642954907.2427046, 1642955005.0994637, 97.8567590713501)
Test epoch: 25| Acc: 99.5 (9950/10000) 

Epoch: 26
Train epoch:26 	Loss_in: 0.001596 | Loss_in_diffu: 12.004249 | Loss_out_diffu: 14.346748 | Acc: 99.979968 (59892/59904)
(1642955005.7931058, 1642955103.884586, 98.09148025512695)
Test epoch: 26| Acc: 99.49 (9949/10000) 

Epoch: 27
Train epoch:27 	Loss_in: 0.001546 | Loss_in_diffu: 12.004398 | Loss_out_diffu: 14.348693 | Acc: 99.979968 (59892/59904)
(1642955104.5758588, 1642955202.467433, 97.8915741443634)
Test epoch: 27| Acc: 99.47 (9947/10000) 

Epoch: 28
Train epoch:28 	Loss_in: 0.001513 | Loss_in_diffu: 12.004604 | Loss_out_diffu: 14.355683 | Acc: 99.981637 (59893/59904)
(1642955203.035028, 1642955301.6353638, 98.60033583641052)
Test epoch: 28| Acc: 99.45 (9945/10000) 

Epoch: 29
Train epoch:29 	Loss_in: 0.001474 | Loss_in_diffu: 12.004756 | Loss_out_diffu: 14.357952 | Acc: 99.981637 (59893/59904)
(1642955302.318891, 1642955400.653339, 98.33444786071777)
Test epoch: 29| Acc: 99.5 (9950/10000) 

Epoch: 30
Train epoch:30 	Loss_in: 0.001437 | Loss_in_diffu: 12.004664 | Loss_out_diffu: 14.363130 | Acc: 99.984976 (59895/59904)
(1642955401.2371, 1642955499.0899117, 97.85281181335449)
Test epoch: 30| Acc: 99.47 (9947/10000) 

Epoch: 31
Train epoch:31 	Loss_in: 0.001362 | Loss_in_diffu: 12.004713 | Loss_out_diffu: 14.361959 | Acc: 99.984976 (59895/59904)
(1642955499.7751906, 1642955597.545485, 97.7702944278717)
Test epoch: 31| Acc: 99.45 (9945/10000) 

Epoch: 32
Train epoch:32 	Loss_in: 0.001354 | Loss_in_diffu: 12.004729 | Loss_out_diffu: 14.361827 | Acc: 99.986645 (59896/59904)
(1642955598.1209977, 1642955696.850352, 98.72935438156128)
Test epoch: 32| Acc: 99.46 (9946/10000) 

Epoch: 33
Train epoch:33 	Loss_in: 0.001349 | Loss_in_diffu: 12.004959 | Loss_out_diffu: 14.363470 | Acc: 99.986645 (59896/59904)
(1642955697.5434945, 1642955795.7544563, 98.21096181869507)
Test epoch: 33| Acc: 99.45 (9945/10000) 

Epoch: 34
Train epoch:34 	Loss_in: 0.001347 | Loss_in_diffu: 12.004760 | Loss_out_diffu: 14.366420 | Acc: 99.986645 (59896/59904)
(1642955796.3257332, 1642955894.040552, 97.7148187160492)
Test epoch: 34| Acc: 99.45 (9945/10000) 

Epoch: 35
Train epoch:35 	Loss_in: 0.001338 | Loss_in_diffu: 12.005010 | Loss_out_diffu: 14.365765 | Acc: 99.986645 (59896/59904)
(1642955894.5990784, 1642955992.77961, 98.18053150177002)
Test epoch: 35| Acc: 99.46 (9946/10000) 

Epoch: 36
Train epoch:36 	Loss_in: 0.001337 | Loss_in_diffu: 12.004785 | Loss_out_diffu: 14.364158 | Acc: 99.986645 (59896/59904)
(1642955993.3638024, 1642956090.9958751, 97.63207268714905)
Test epoch: 36| Acc: 99.46 (9946/10000) 

Epoch: 37
Train epoch:37 	Loss_in: 0.001328 | Loss_in_diffu: 12.004774 | Loss_out_diffu: 14.370392 | Acc: 99.986645 (59896/59904)
(1642956091.6848443, 1642956189.4256256, 97.74078130722046)
Test epoch: 37| Acc: 99.46 (9946/10000) 

Epoch: 38
Train epoch:38 	Loss_in: 0.001329 | Loss_in_diffu: 12.005032 | Loss_out_diffu: 14.365109 | Acc: 99.986645 (59896/59904)
(1642956190.1069772, 1642956287.7966852, 97.68970799446106)
Test epoch: 38| Acc: 99.46 (9946/10000) 

Epoch: 39
Train epoch:39 	Loss_in: 0.001324 | Loss_in_diffu: 12.004884 | Loss_out_diffu: 14.366696 | Acc: 99.984976 (59895/59904)
(1642956288.3551805, 1642956386.76256, 98.4073793888092)
Test epoch: 39| Acc: 99.46 (9946/10000) 
