True
load data:  mnist
Building MNIST data loader with 1 workers
==> Building model..

Epoch: 0
Train epoch:0 	Loss_in: 0.508563 | Loss_in_diffu: 5.998707 | Loss_out_diffu: 6.450644 | Acc: 88.753673 (53167/59904)
(1642927045.2188804, 1642927119.1495411, 73.93066072463989)
Test epoch: 0| Acc: 97.52 (9752/10000) 

Epoch: 1
Train epoch:1 	Loss_in: 0.081608 | Loss_in_diffu: 5.635041 | Loss_out_diffu: 6.710505 | Acc: 97.888288 (58639/59904)
(1642927119.7437065, 1642927192.9735427, 73.22983622550964)
Test epoch: 1| Acc: 98.37 (9837/10000) 

Epoch: 2
Train epoch:2 	Loss_in: 0.057279 | Loss_in_diffu: 5.658003 | Loss_out_diffu: 6.845260 | Acc: 98.432492 (58965/59904)
(1642927193.5654178, 1642927266.5846477, 73.01922988891602)
Test epoch: 2| Acc: 98.93 (9893/10000) 

Epoch: 3
Train epoch:3 	Loss_in: 0.044400 | Loss_in_diffu: 5.697743 | Loss_out_diffu: 6.966491 | Acc: 98.744658 (59152/59904)
(1642927267.0683885, 1642927339.9501545, 72.88176608085632)
Test epoch: 3| Acc: 99.02 (9902/10000) 

Epoch: 4
Train epoch:4 	Loss_in: 0.037846 | Loss_in_diffu: 5.743128 | Loss_out_diffu: 7.052268 | Acc: 98.913261 (59253/59904)
(1642927340.5558453, 1642927413.6190133, 73.06316804885864)
Test epoch: 4| Acc: 99.09 (9909/10000) 

Epoch: 5
Train epoch:5 	Loss_in: 0.033048 | Loss_in_diffu: 5.784878 | Loss_out_diffu: 7.113998 | Acc: 99.043470 (59331/59904)
(1642927414.2248757, 1642927487.2813165, 73.05644083023071)
Test epoch: 5| Acc: 98.81 (9881/10000) 

Epoch: 6
Train epoch:6 	Loss_in: 0.026824 | Loss_in_diffu: 5.822099 | Loss_out_diffu: 7.169990 | Acc: 99.258814 (59460/59904)
(1642927487.7741034, 1642927560.7486227, 72.9745192527771)
Test epoch: 6| Acc: 99.15 (9915/10000) 

Epoch: 7
Train epoch:7 	Loss_in: 0.023957 | Loss_in_diffu: 5.861327 | Loss_out_diffu: 7.212890 | Acc: 99.292201 (59480/59904)
(1642927561.3556662, 1642927634.796951, 73.44128489494324)
Test epoch: 7| Acc: 98.85 (9885/10000) 

Epoch: 8
Train epoch:8 	Loss_in: 0.023974 | Loss_in_diffu: 5.902228 | Loss_out_diffu: 7.264808 | Acc: 99.315572 (59494/59904)
(1642927635.39112, 1642927709.396446, 74.00532603263855)
Test epoch: 8| Acc: 99.02 (9902/10000) 

Epoch: 9
Train epoch:9 	Loss_in: 0.019330 | Loss_in_diffu: 5.947728 | Loss_out_diffu: 7.324090 | Acc: 99.412393 (59552/59904)
(1642927710.0063052, 1642927783.4062464, 73.3999412059784)
Test epoch: 9| Acc: 99.11 (9911/10000) 

Epoch: 10
Train epoch:10 	Loss_in: 0.018854 | Loss_in_diffu: 5.985086 | Loss_out_diffu: 7.382548 | Acc: 99.447449 (59573/59904)
(1642927783.8932679, 1642927857.7975051, 73.90423727035522)
Test epoch: 10| Acc: 99.34 (9934/10000) 

Epoch: 11
Train epoch:11 	Loss_in: 0.006220 | Loss_in_diffu: 6.000995 | Loss_out_diffu: 7.454109 | Acc: 99.838074 (59807/59904)
(1642927858.395308, 1642927931.9635427, 73.56823468208313)
Test epoch: 11| Acc: 99.52 (9952/10000) 

Epoch: 12
Train epoch:12 	Loss_in: 0.004369 | Loss_in_diffu: 5.998457 | Loss_out_diffu: 7.468185 | Acc: 99.899840 (59844/59904)
(1642927932.4564066, 1642928005.787551, 73.33114433288574)
Test epoch: 12| Acc: 99.55 (9955/10000) 

Epoch: 13
Train epoch:13 	Loss_in: 0.003467 | Loss_in_diffu: 5.996980 | Loss_out_diffu: 7.475682 | Acc: 99.924880 (59859/59904)
(1642928006.3823361, 1642928079.7922022, 73.40986609458923)
Test epoch: 13| Acc: 99.55 (9955/10000) 

Epoch: 14
Train epoch:14 	Loss_in: 0.002908 | Loss_in_diffu: 5.995482 | Loss_out_diffu: 7.489262 | Acc: 99.946581 (59872/59904)
(1642928080.3850856, 1642928153.7604282, 73.37534260749817)
Test epoch: 14| Acc: 99.54 (9954/10000) 

Epoch: 15
Train epoch:15 	Loss_in: 0.002390 | Loss_in_diffu: 5.994111 | Loss_out_diffu: 7.496249 | Acc: 99.964944 (59883/59904)
(1642928154.3581953, 1642928227.6966426, 73.3384473323822)
Test epoch: 15| Acc: 99.59 (9959/10000) 

Epoch: 16
Train epoch:16 	Loss_in: 0.002080 | Loss_in_diffu: 5.993176 | Loss_out_diffu: 7.504369 | Acc: 99.973291 (59888/59904)
(1642928228.2925377, 1642928301.8142972, 73.52175951004028)
Test epoch: 16| Acc: 99.55 (9955/10000) 

Epoch: 17
Train epoch:17 	Loss_in: 0.001790 | Loss_in_diffu: 5.992346 | Loss_out_diffu: 7.513890 | Acc: 99.974960 (59889/59904)
(1642928302.2940931, 1642928375.607818, 73.31372475624084)
Test epoch: 17| Acc: 99.46 (9946/10000) 

Epoch: 18
Train epoch:18 	Loss_in: 0.001788 | Loss_in_diffu: 5.991880 | Loss_out_diffu: 7.520884 | Acc: 99.961605 (59881/59904)
(1642928376.2051601, 1642928450.128145, 73.92298483848572)
Test epoch: 18| Acc: 99.5 (9950/10000) 

Epoch: 19
Train epoch:19 	Loss_in: 0.001532 | Loss_in_diffu: 5.991071 | Loss_out_diffu: 7.535697 | Acc: 99.971621 (59887/59904)
(1642928450.6215875, 1642928523.6809692, 73.05938172340393)
Test epoch: 19| Acc: 99.55 (9955/10000) 

Epoch: 20
Train epoch:20 	Loss_in: 0.001597 | Loss_in_diffu: 5.990658 | Loss_out_diffu: 7.540927 | Acc: 99.968283 (59885/59904)
(1642928524.2866862, 1642928597.5585814, 73.27189517021179)
Test epoch: 20| Acc: 99.53 (9953/10000) 

Epoch: 21
Train epoch:21 	Loss_in: 0.001049 | Loss_in_diffu: 5.990385 | Loss_out_diffu: 7.544680 | Acc: 99.984976 (59895/59904)
(1642928598.1580164, 1642928671.4108481, 73.25283169746399)
Test epoch: 21| Acc: 99.52 (9952/10000) 

Epoch: 22
Train epoch:22 	Loss_in: 0.000891 | Loss_in_diffu: 5.990163 | Loss_out_diffu: 7.547982 | Acc: 99.991653 (59899/59904)
(1642928672.0106845, 1642928745.010606, 72.99992156028748)
Test epoch: 22| Acc: 99.53 (9953/10000) 

Epoch: 23
Train epoch:23 	Loss_in: 0.000835 | Loss_in_diffu: 5.989851 | Loss_out_diffu: 7.549128 | Acc: 99.993323 (59900/59904)
(1642928745.484591, 1642928818.4399977, 72.955406665802)
Test epoch: 23| Acc: 99.53 (9953/10000) 

Epoch: 24
Train epoch:24 	Loss_in: 0.000799 | Loss_in_diffu: 5.989776 | Loss_out_diffu: 7.550663 | Acc: 99.993323 (59900/59904)
(1642928819.0345387, 1642928892.2780404, 73.24350166320801)
Test epoch: 24| Acc: 99.52 (9952/10000) 

Epoch: 25
Train epoch:25 	Loss_in: 0.000771 | Loss_in_diffu: 5.989741 | Loss_out_diffu: 7.552504 | Acc: 99.994992 (59901/59904)
(1642928892.7685363, 1642928966.0739908, 73.30545449256897)
Test epoch: 25| Acc: 99.54 (9954/10000) 

Epoch: 26
Train epoch:26 	Loss_in: 0.000746 | Loss_in_diffu: 5.989420 | Loss_out_diffu: 7.553740 | Acc: 99.994992 (59901/59904)
(1642928966.6692672, 1642929039.7172043, 73.0479371547699)
Test epoch: 26| Acc: 99.53 (9953/10000) 

Epoch: 27
Train epoch:27 	Loss_in: 0.000726 | Loss_in_diffu: 5.989588 | Loss_out_diffu: 7.555610 | Acc: 99.994992 (59901/59904)
(1642929040.3223696, 1642929113.517446, 73.19507646560669)
Test epoch: 27| Acc: 99.55 (9955/10000) 

Epoch: 28
Train epoch:28 	Loss_in: 0.000704 | Loss_in_diffu: 5.989213 | Loss_out_diffu: 7.558013 | Acc: 99.994992 (59901/59904)
(1642929113.9959984, 1642929187.2454882, 73.24948978424072)
Test epoch: 28| Acc: 99.53 (9953/10000) 

Epoch: 29
Train epoch:29 	Loss_in: 0.000676 | Loss_in_diffu: 5.989062 | Loss_out_diffu: 7.560677 | Acc: 99.994992 (59901/59904)
(1642929187.7315483, 1642929261.2345529, 73.50300455093384)
Test epoch: 29| Acc: 99.52 (9952/10000) 

Epoch: 30
Train epoch:30 	Loss_in: 0.000656 | Loss_in_diffu: 5.989181 | Loss_out_diffu: 7.562613 | Acc: 99.994992 (59901/59904)
(1642929261.7132893, 1642929334.7607462, 73.04745697975159)
Test epoch: 30| Acc: 99.53 (9953/10000) 

Epoch: 31
Train epoch:31 	Loss_in: 0.000621 | Loss_in_diffu: 5.988896 | Loss_out_diffu: 7.563232 | Acc: 99.994992 (59901/59904)
(1642929335.3523085, 1642929408.66082, 73.30851149559021)
Test epoch: 31| Acc: 99.54 (9954/10000) 

Epoch: 32
Train epoch:32 	Loss_in: 0.000618 | Loss_in_diffu: 5.988998 | Loss_out_diffu: 7.564181 | Acc: 99.994992 (59901/59904)
(1642929409.1343274, 1642929482.363479, 73.22915148735046)
Test epoch: 32| Acc: 99.53 (9953/10000) 

Epoch: 33
Train epoch:33 	Loss_in: 0.000615 | Loss_in_diffu: 5.988760 | Loss_out_diffu: 7.564287 | Acc: 99.994992 (59901/59904)
(1642929482.97076, 1642929556.0641363, 73.09337615966797)
Test epoch: 33| Acc: 99.54 (9954/10000) 

Epoch: 34
Train epoch:34 	Loss_in: 0.000612 | Loss_in_diffu: 5.988982 | Loss_out_diffu: 7.564749 | Acc: 99.994992 (59901/59904)
(1642929556.6694434, 1642929629.7759025, 73.10645914077759)
Test epoch: 34| Acc: 99.53 (9953/10000) 

Epoch: 35
Train epoch:35 	Loss_in: 0.000608 | Loss_in_diffu: 5.988785 | Loss_out_diffu: 7.565266 | Acc: 99.994992 (59901/59904)
(1642929630.3837276, 1642929703.633668, 73.24994039535522)
Test epoch: 35| Acc: 99.54 (9954/10000) 

Epoch: 36
Train epoch:36 	Loss_in: 0.000605 | Loss_in_diffu: 5.988993 | Loss_out_diffu: 7.565432 | Acc: 99.994992 (59901/59904)
(1642929704.117644, 1642929777.7248769, 73.60723280906677)
Test epoch: 36| Acc: 99.53 (9953/10000) 

Epoch: 37
Train epoch:37 	Loss_in: 0.000600 | Loss_in_diffu: 5.988932 | Loss_out_diffu: 7.565601 | Acc: 99.994992 (59901/59904)
(1642929778.330329, 1642929851.6543968, 73.32406783103943)
Test epoch: 37| Acc: 99.54 (9954/10000) 

Epoch: 38
Train epoch:38 	Loss_in: 0.000598 | Loss_in_diffu: 5.988949 | Loss_out_diffu: 7.566545 | Acc: 99.994992 (59901/59904)
(1642929852.2596085, 1642929925.5500844, 73.29047584533691)
Test epoch: 38| Acc: 99.53 (9953/10000) 

Epoch: 39
Train epoch:39 	Loss_in: 0.000594 | Loss_in_diffu: 5.988790 | Loss_out_diffu: 7.567008 | Acc: 99.994992 (59901/59904)
(1642929926.0312195, 1642929999.3398044, 73.30858492851257)
Test epoch: 39| Acc: 99.54 (9954/10000) 
