True
load data:  mnist
Building MNIST data loader with 1 workers
==> Building model..

Epoch: 0
Train epoch:0 	Loss_in: 0.000000 | Loss_in_diffu: 33.467430 | Loss_out_diffu: 61.958405 | Acc: 88.112647 (52783/59904)
(1642945719.4880843, 1642945803.3630993, 83.87501502037048)
Test epoch: 0| Acc: 97.45 (9745/10000) 

Epoch: 1
Train epoch:1 	Loss_in: 0.000000 | Loss_in_diffu: 33.240121 | Loss_out_diffu: 190.558845 | Acc: 98.307292 (58890/59904)
(1642945803.944475, 1642945887.4861686, 83.54169368743896)
Test epoch: 1| Acc: 98.87 (9887/10000) 

Epoch: 2
Train epoch:2 	Loss_in: 0.000000 | Loss_in_diffu: 33.372697 | Loss_out_diffu: 410.733022 | Acc: 98.694578 (59122/59904)
(1642945887.9705596, 1642945971.2640412, 83.29348158836365)
Test epoch: 2| Acc: 98.19 (9819/10000) 

Epoch: 3
Train epoch:3 	Loss_in: 0.000000 | Loss_in_diffu: 33.558918 | Loss_out_diffu: 713.445223 | Acc: 98.939971 (59269/59904)
(1642945971.719445, 1642946055.4950066, 83.77556157112122)
Test epoch: 3| Acc: 98.81 (9881/10000) 

Epoch: 4
Train epoch:4 	Loss_in: 0.000000 | Loss_in_diffu: 33.686613 | Loss_out_diffu: 1081.096024 | Acc: 99.106904 (59369/59904)
(1642946056.0808535, 1642946139.671325, 83.59047150611877)
Test epoch: 4| Acc: 99.16 (9916/10000) 

Epoch: 5
Train epoch:5 	Loss_in: 0.000000 | Loss_in_diffu: 33.794272 | Loss_out_diffu: 1508.071381 | Acc: 99.215411 (59434/59904)
(1642946140.2394676, 1642946223.433659, 83.19419145584106)
Test epoch: 5| Acc: 99.01 (9901/10000) 

Epoch: 6
Train epoch:6 	Loss_in: 0.000000 | Loss_in_diffu: 33.930969 | Loss_out_diffu: 1997.835419 | Acc: 99.337273 (59507/59904)
(1642946224.0213583, 1642946307.1353283, 83.11397004127502)
Test epoch: 6| Acc: 99.05 (9905/10000) 

Epoch: 7
Train epoch:7 	Loss_in: 0.000000 | Loss_in_diffu: 34.055857 | Loss_out_diffu: 2550.358434 | Acc: 99.350628 (59515/59904)
(1642946307.6012414, 1642946391.0180788, 83.41683745384216)
Test epoch: 7| Acc: 99.32 (9932/10000) 

Epoch: 8
Train epoch:8 	Loss_in: 0.000000 | Loss_in_diffu: 34.166018 | Loss_out_diffu: 3158.512342 | Acc: 99.442441 (59570/59904)
(1642946391.474902, 1642946474.3661213, 82.8912193775177)
Test epoch: 8| Acc: 99.4 (9940/10000) 

Epoch: 9
Train epoch:9 	Loss_in: 0.000000 | Loss_in_diffu: 34.255659 | Loss_out_diffu: 3823.049964 | Acc: 99.575988 (59650/59904)
(1642946474.8337073, 1642946557.908054, 83.07434678077698)
Test epoch: 9| Acc: 99.44 (9944/10000) 

Epoch: 10
Train epoch:10 	Loss_in: 0.000000 | Loss_in_diffu: 34.346936 | Loss_out_diffu: 4543.909482 | Acc: 99.544271 (59631/59904)
(1642946558.4867601, 1642946641.8759115, 83.38915133476257)
Test epoch: 10| Acc: 98.97 (9897/10000) 

Epoch: 11
Train epoch:11 	Loss_in: 0.000000 | Loss_in_diffu: 34.392677 | Loss_out_diffu: 4961.242266 | Acc: 99.869792 (59826/59904)
(1642946642.4463477, 1642946725.2314668, 82.78511905670166)
Test epoch: 11| Acc: 99.53 (9953/10000) 

Epoch: 12
Train epoch:12 	Loss_in: 0.000000 | Loss_in_diffu: 34.390802 | Loss_out_diffu: 5036.046604 | Acc: 99.958267 (59879/59904)
(1642946725.6934173, 1642946809.2229872, 83.52956986427307)
Test epoch: 12| Acc: 99.52 (9952/10000) 

Epoch: 13
Train epoch:13 	Loss_in: 0.000000 | Loss_in_diffu: 34.390816 | Loss_out_diffu: 5109.912548 | Acc: 99.966613 (59884/59904)
(1642946809.8068132, 1642946893.7407, 83.93388676643372)
Test epoch: 13| Acc: 99.52 (9952/10000) 

Epoch: 14
Train epoch:14 	Loss_in: 0.000000 | Loss_in_diffu: 34.390845 | Loss_out_diffu: 5183.809340 | Acc: 99.978299 (59891/59904)
(1642946894.2040892, 1642946978.0841715, 83.88008236885071)
Test epoch: 14| Acc: 99.52 (9952/10000) 

Epoch: 15
Train epoch:15 	Loss_in: 0.000000 | Loss_in_diffu: 34.390892 | Loss_out_diffu: 5258.178957 | Acc: 99.979968 (59892/59904)
(1642946978.6763318, 1642947062.158099, 83.48176717758179)
Test epoch: 15| Acc: 99.49 (9949/10000) 

Epoch: 16
Train epoch:16 	Loss_in: 0.000000 | Loss_in_diffu: 34.391424 | Loss_out_diffu: 5333.114035 | Acc: 99.981637 (59893/59904)
(1642947062.6163483, 1642947145.7115312, 83.0951828956604)
Test epoch: 16| Acc: 99.56 (9956/10000) 

Epoch: 17
Train epoch:17 	Loss_in: 0.000000 | Loss_in_diffu: 34.391812 | Loss_out_diffu: 5408.556152 | Acc: 99.993323 (59900/59904)
(1642947146.1883504, 1642947228.9989905, 82.81064009666443)
Test epoch: 17| Acc: 99.44 (9944/10000) 

Epoch: 18
Train epoch:18 	Loss_in: 0.000000 | Loss_in_diffu: 34.391718 | Loss_out_diffu: 5484.541926 | Acc: 99.991653 (59899/59904)
(1642947229.4933228, 1642947312.7042956, 83.2109727859497)
Test epoch: 18| Acc: 99.51 (9951/10000) 

Epoch: 19
Train epoch:19 	Loss_in: 0.000000 | Loss_in_diffu: 34.392006 | Loss_out_diffu: 5561.064736 | Acc: 99.996661 (59902/59904)
(1642947313.1613607, 1642947396.1486347, 82.9872739315033)
Test epoch: 19| Acc: 99.56 (9956/10000) 

Epoch: 20
Train epoch:20 	Loss_in: 0.000000 | Loss_in_diffu: 34.392052 | Loss_out_diffu: 5638.101204 | Acc: 99.996661 (59902/59904)
(1642947396.6036482, 1642947479.5642786, 82.96063041687012)
Test epoch: 20| Acc: 99.56 (9956/10000) 

Epoch: 21
Train epoch:21 	Loss_in: 0.000000 | Loss_in_diffu: 34.392557 | Loss_out_diffu: 5680.729089 | Acc: 99.996661 (59902/59904)
(1642947480.0260217, 1642947562.941256, 82.91523432731628)
Test epoch: 21| Acc: 99.58 (9958/10000) 

Epoch: 22
Train epoch:22 	Loss_in: 0.000000 | Loss_in_diffu: 34.391994 | Loss_out_diffu: 5688.499069 | Acc: 99.996661 (59902/59904)
(1642947563.5207577, 1642947646.599269, 83.07851123809814)
Test epoch: 22| Acc: 99.58 (9958/10000) 

Epoch: 23
Train epoch:23 	Loss_in: 0.000000 | Loss_in_diffu: 34.392338 | Loss_out_diffu: 5696.264598 | Acc: 99.996661 (59902/59904)
(1642947647.0621252, 1642947730.098943, 83.03681778907776)
Test epoch: 23| Acc: 99.58 (9958/10000) 

Epoch: 24
Train epoch:24 	Loss_in: 0.000000 | Loss_in_diffu: 34.392029 | Loss_out_diffu: 5703.997324 | Acc: 99.996661 (59902/59904)
(1642947730.6852386, 1642947814.3902726, 83.70503401756287)
Test epoch: 24| Acc: 99.59 (9959/10000) 

Epoch: 25
Train epoch:25 	Loss_in: 0.000000 | Loss_in_diffu: 34.392417 | Loss_out_diffu: 5711.738679 | Acc: 99.996661 (59902/59904)
(1642947814.8704062, 1642947897.8055146, 82.93510842323303)
Test epoch: 25| Acc: 99.59 (9959/10000) 

Epoch: 26
Train epoch:26 	Loss_in: 0.000000 | Loss_in_diffu: 34.392136 | Loss_out_diffu: 5719.526922 | Acc: 99.996661 (59902/59904)
(1642947898.2673, 1642947981.2992074, 83.03190755844116)
Test epoch: 26| Acc: 99.6 (9960/10000) 

Epoch: 27
Train epoch:27 	Loss_in: 0.000000 | Loss_in_diffu: 34.392357 | Loss_out_diffu: 5727.362897 | Acc: 99.998331 (59903/59904)
(1642947981.8751416, 1642948065.6399887, 83.76484704017639)
Test epoch: 27| Acc: 99.58 (9958/10000) 

Epoch: 28
Train epoch:28 	Loss_in: 0.000000 | Loss_in_diffu: 34.392123 | Loss_out_diffu: 5735.187091 | Acc: 99.996661 (59902/59904)
(1642948066.1079555, 1642948149.6563907, 83.54843521118164)
Test epoch: 28| Acc: 99.6 (9960/10000) 

Epoch: 29
Train epoch:29 	Loss_in: 0.000000 | Loss_in_diffu: 34.392283 | Loss_out_diffu: 5742.993529 | Acc: 99.998331 (59903/59904)
(1642948150.1926396, 1642948233.6392078, 83.44656825065613)
Test epoch: 29| Acc: 99.59 (9959/10000) 

Epoch: 30
Train epoch:30 	Loss_in: 0.000000 | Loss_in_diffu: 34.392622 | Loss_out_diffu: 5750.793082 | Acc: 99.998331 (59903/59904)
(1642948234.0962696, 1642948317.4029174, 83.30664777755737)
Test epoch: 30| Acc: 99.59 (9959/10000) 

Epoch: 31
Train epoch:31 	Loss_in: 0.000000 | Loss_in_diffu: 34.392532 | Loss_out_diffu: 5755.044223 | Acc: 99.996661 (59902/59904)
(1642948317.8760328, 1642948400.6861284, 82.81009554862976)
Test epoch: 31| Acc: 99.6 (9960/10000) 

Epoch: 32
Train epoch:32 	Loss_in: 0.000000 | Loss_in_diffu: 34.392493 | Loss_out_diffu: 5755.921524 | Acc: 99.998331 (59903/59904)
(1642948401.1630201, 1642948484.504941, 83.34192085266113)
Test epoch: 32| Acc: 99.59 (9959/10000) 

Epoch: 33
Train epoch:33 	Loss_in: 0.000000 | Loss_in_diffu: 34.392335 | Loss_out_diffu: 5757.131197 | Acc: 99.998331 (59903/59904)
(1642948484.9816344, 1642948568.124181, 83.14254665374756)
Test epoch: 33| Acc: 99.59 (9959/10000) 

Epoch: 34
Train epoch:34 	Loss_in: 0.000000 | Loss_in_diffu: 34.392386 | Loss_out_diffu: 5758.032427 | Acc: 99.998331 (59903/59904)
(1642948568.597538, 1642948652.2340062, 83.63646817207336)
Test epoch: 34| Acc: 99.6 (9960/10000) 

Epoch: 35
Train epoch:35 	Loss_in: 0.000000 | Loss_in_diffu: 34.392645 | Loss_out_diffu: 5759.436192 | Acc: 99.998331 (59903/59904)
(1642948652.7050128, 1642948735.7187397, 83.01372694969177)
Test epoch: 35| Acc: 99.59 (9959/10000) 

Epoch: 36
Train epoch:36 	Loss_in: 0.000000 | Loss_in_diffu: 34.392015 | Loss_out_diffu: 5760.662694 | Acc: 99.998331 (59903/59904)
(1642948736.259932, 1642948819.2660534, 83.00612139701843)
Test epoch: 36| Acc: 99.59 (9959/10000) 

Epoch: 37
Train epoch:37 	Loss_in: 0.000000 | Loss_in_diffu: 34.391690 | Loss_out_diffu: 5761.708485 | Acc: 99.998331 (59903/59904)
(1642948819.714337, 1642948902.5729449, 82.85860776901245)
Test epoch: 37| Acc: 99.59 (9959/10000) 

Epoch: 38
Train epoch:38 	Loss_in: 0.000000 | Loss_in_diffu: 34.391946 | Loss_out_diffu: 5762.691972 | Acc: 99.998331 (59903/59904)
(1642948903.1656754, 1642948986.3007152, 83.13503980636597)
Test epoch: 38| Acc: 99.59 (9959/10000) 

Epoch: 39
Train epoch:39 	Loss_in: 0.000000 | Loss_in_diffu: 34.392400 | Loss_out_diffu: 5763.479622 | Acc: 99.996661 (59902/59904)
(1642948986.883782, 1642949070.4555814, 83.57179951667786)
Test epoch: 39| Acc: 99.59 (9959/10000) 
