True
load data:  mnist
Building MNIST data loader with 1 workers
==> Building model..

Epoch: 0
Train epoch:0 	Loss_in: 0.499762 | Loss_in_diffu: 5.990996 | Loss_out_diffu: 6.471007 | Acc: 89.022436 (53328/59904)
(1642924093.8304043, 1642924169.6027758, 75.77237153053284)
Test epoch: 0| Acc: 97.07 (9707/10000) 

Epoch: 1
Train epoch:1 	Loss_in: 0.083107 | Loss_in_diffu: 5.641276 | Loss_out_diffu: 6.685320 | Acc: 97.876603 (58632/59904)
(1642924170.0905783, 1642924242.8444898, 72.75391149520874)
Test epoch: 1| Acc: 97.85 (9785/10000) 

Epoch: 2
Train epoch:2 	Loss_in: 0.053195 | Loss_in_diffu: 5.656176 | Loss_out_diffu: 6.854465 | Acc: 98.509282 (59011/59904)
(1642924243.335531, 1642924316.0513391, 72.71580815315247)
Test epoch: 2| Acc: 98.65 (9865/10000) 

Epoch: 3
Train epoch:3 	Loss_in: 0.045822 | Loss_in_diffu: 5.691634 | Loss_out_diffu: 6.953614 | Acc: 98.742989 (59151/59904)
(1642924316.6566372, 1642924389.430613, 72.77397584915161)
Test epoch: 3| Acc: 98.91 (9891/10000) 

Epoch: 4
Train epoch:4 	Loss_in: 0.036495 | Loss_in_diffu: 5.721600 | Loss_out_diffu: 7.053520 | Acc: 98.939971 (59269/59904)
(1642924389.913267, 1642924462.715005, 72.80173802375793)
Test epoch: 4| Acc: 98.88 (9888/10000) 

Epoch: 5
Train epoch:5 	Loss_in: 0.034705 | Loss_in_diffu: 5.760241 | Loss_out_diffu: 7.150320 | Acc: 99.021768 (59318/59904)
(1642924463.1924627, 1642924535.9413054, 72.74884271621704)
Test epoch: 5| Acc: 99.15 (9915/10000) 

Epoch: 6
Train epoch:6 	Loss_in: 0.027102 | Loss_in_diffu: 5.806171 | Loss_out_diffu: 7.220909 | Acc: 99.202057 (59426/59904)
(1642924536.434231, 1642924609.7771294, 73.34289836883545)
Test epoch: 6| Acc: 98.8 (9880/10000) 

Epoch: 7
Train epoch:7 	Loss_in: 0.026041 | Loss_in_diffu: 5.854037 | Loss_out_diffu: 7.298128 | Acc: 99.225427 (59440/59904)
(1642924610.266884, 1642924683.1254666, 72.85858249664307)
Test epoch: 7| Acc: 98.66 (9866/10000) 

Epoch: 8
Train epoch:8 	Loss_in: 0.022795 | Loss_in_diffu: 5.898195 | Loss_out_diffu: 7.320737 | Acc: 99.325588 (59500/59904)
(1642924683.7295632, 1642924756.6022563, 72.87269306182861)
Test epoch: 8| Acc: 98.99 (9899/10000) 

Epoch: 9
Train epoch:9 	Loss_in: 0.021260 | Loss_in_diffu: 5.931295 | Loss_out_diffu: 7.407293 | Acc: 99.362313 (59522/59904)
(1642924757.2017307, 1642924830.2611597, 73.05942893028259)
Test epoch: 9| Acc: 99.09 (9909/10000) 

Epoch: 10
Train epoch:10 	Loss_in: 0.018310 | Loss_in_diffu: 5.963240 | Loss_out_diffu: 7.489881 | Acc: 99.457465 (59579/59904)
(1642924830.8600843, 1642924903.6817625, 72.8216781616211)
Test epoch: 10| Acc: 99.32 (9932/10000) 

Epoch: 11
Train epoch:11 	Loss_in: 0.006392 | Loss_in_diffu: 5.974707 | Loss_out_diffu: 7.518887 | Acc: 99.843082 (59810/59904)
(1642924904.16291, 1642924976.894373, 72.73146295547485)
Test epoch: 11| Acc: 99.53 (9953/10000) 

Epoch: 12
Train epoch:12 	Loss_in: 0.004266 | Loss_in_diffu: 5.971791 | Loss_out_diffu: 7.529979 | Acc: 99.901509 (59845/59904)
(1642924977.4976952, 1642925050.395616, 72.89792084693909)
Test epoch: 12| Acc: 99.57 (9957/10000) 

Epoch: 13
Train epoch:13 	Loss_in: 0.003424 | Loss_in_diffu: 5.970310 | Loss_out_diffu: 7.537768 | Acc: 99.921541 (59857/59904)
(1642925050.875191, 1642925123.586894, 72.7117030620575)
Test epoch: 13| Acc: 99.62 (9962/10000) 

Epoch: 14
Train epoch:14 	Loss_in: 0.002899 | Loss_in_diffu: 5.968794 | Loss_out_diffu: 7.549300 | Acc: 99.944912 (59871/59904)
(1642925124.0782647, 1642925197.2859612, 73.2076964378357)
Test epoch: 14| Acc: 99.56 (9956/10000) 

Epoch: 15
Train epoch:15 	Loss_in: 0.002537 | Loss_in_diffu: 5.967556 | Loss_out_diffu: 7.558466 | Acc: 99.949920 (59874/59904)
(1642925197.8797612, 1642925271.1625047, 73.28274345397949)
Test epoch: 15| Acc: 99.56 (9956/10000) 

Epoch: 16
Train epoch:16 	Loss_in: 0.002105 | Loss_in_diffu: 5.966642 | Loss_out_diffu: 7.565027 | Acc: 99.966613 (59884/59904)
(1642925271.754272, 1642925345.0945141, 73.34024214744568)
Test epoch: 16| Acc: 99.56 (9956/10000) 

Epoch: 17
Train epoch:17 	Loss_in: 0.001807 | Loss_in_diffu: 5.965891 | Loss_out_diffu: 7.575104 | Acc: 99.971621 (59887/59904)
(1642925345.700321, 1642925418.6600513, 72.95973038673401)
Test epoch: 17| Acc: 99.56 (9956/10000) 

Epoch: 18
Train epoch:18 	Loss_in: 0.001823 | Loss_in_diffu: 5.965485 | Loss_out_diffu: 7.582308 | Acc: 99.971621 (59887/59904)
(1642925419.2504218, 1642925492.184263, 72.93384122848511)
Test epoch: 18| Acc: 99.54 (9954/10000) 

Epoch: 19
Train epoch:19 	Loss_in: 0.002000 | Loss_in_diffu: 5.964972 | Loss_out_diffu: 7.587829 | Acc: 99.954928 (59877/59904)
(1642925492.777171, 1642925566.1112366, 73.33406567573547)
Test epoch: 19| Acc: 99.52 (9952/10000) 

Epoch: 20
Train epoch:20 	Loss_in: 0.001230 | Loss_in_diffu: 5.964424 | Loss_out_diffu: 7.596007 | Acc: 99.988315 (59897/59904)
(1642925566.713362, 1642925639.574602, 72.86123991012573)
Test epoch: 20| Acc: 99.56 (9956/10000) 

Epoch: 21
Train epoch:21 	Loss_in: 0.000988 | Loss_in_diffu: 5.964134 | Loss_out_diffu: 7.596806 | Acc: 99.989984 (59898/59904)
(1642925640.1791193, 1642925713.4762468, 73.29712748527527)
Test epoch: 21| Acc: 99.57 (9957/10000) 

Epoch: 22
Train epoch:22 	Loss_in: 0.000958 | Loss_in_diffu: 5.964074 | Loss_out_diffu: 7.599032 | Acc: 99.989984 (59898/59904)
(1642925713.971669, 1642925787.3751693, 73.40350031852722)
Test epoch: 22| Acc: 99.56 (9956/10000) 

Epoch: 23
Train epoch:23 	Loss_in: 0.000937 | Loss_in_diffu: 5.963826 | Loss_out_diffu: 7.598360 | Acc: 99.989984 (59898/59904)
(1642925787.860683, 1642925861.281098, 73.42041492462158)
Test epoch: 23| Acc: 99.55 (9955/10000) 

Epoch: 24
Train epoch:24 	Loss_in: 0.000919 | Loss_in_diffu: 5.963789 | Loss_out_diffu: 7.599518 | Acc: 99.989984 (59898/59904)
(1642925861.8753593, 1642925935.5142758, 73.63891649246216)
Test epoch: 24| Acc: 99.55 (9955/10000) 

Epoch: 25
Train epoch:25 	Loss_in: 0.000906 | Loss_in_diffu: 5.963773 | Loss_out_diffu: 7.600085 | Acc: 99.989984 (59898/59904)
(1642925936.1201346, 1642926009.7053673, 73.58523273468018)
Test epoch: 25| Acc: 99.58 (9958/10000) 

Epoch: 26
Train epoch:26 	Loss_in: 0.000884 | Loss_in_diffu: 5.963454 | Loss_out_diffu: 7.600493 | Acc: 99.989984 (59898/59904)
(1642926010.3114555, 1642926083.9298074, 73.61835193634033)
Test epoch: 26| Acc: 99.58 (9958/10000) 

Epoch: 27
Train epoch:27 	Loss_in: 0.000875 | Loss_in_diffu: 5.963612 | Loss_out_diffu: 7.600568 | Acc: 99.989984 (59898/59904)
(1642926084.4561982, 1642926157.7463243, 73.29012608528137)
Test epoch: 27| Acc: 99.56 (9956/10000) 

Epoch: 28
Train epoch:28 	Loss_in: 0.000850 | Loss_in_diffu: 5.963220 | Loss_out_diffu: 7.601661 | Acc: 99.991653 (59899/59904)
(1642926158.231398, 1642926231.3077652, 73.07636713981628)
Test epoch: 28| Acc: 99.57 (9957/10000) 

Epoch: 29
Train epoch:29 	Loss_in: 0.000838 | Loss_in_diffu: 5.963040 | Loss_out_diffu: 7.602843 | Acc: 99.991653 (59899/59904)
(1642926231.7909474, 1642926304.817997, 73.02704954147339)
Test epoch: 29| Acc: 99.56 (9956/10000) 

Epoch: 30
Train epoch:30 	Loss_in: 0.000821 | Loss_in_diffu: 5.963105 | Loss_out_diffu: 7.603341 | Acc: 99.993323 (59900/59904)
(1642926305.4215562, 1642926378.6886842, 73.26712799072266)
Test epoch: 30| Acc: 99.54 (9954/10000) 

Epoch: 31
Train epoch:31 	Loss_in: 0.000772 | Loss_in_diffu: 5.962784 | Loss_out_diffu: 7.603075 | Acc: 99.993323 (59900/59904)
(1642926379.169533, 1642926451.9525955, 72.78306245803833)
Test epoch: 31| Acc: 99.53 (9953/10000) 

Epoch: 32
Train epoch:32 	Loss_in: 0.000769 | Loss_in_diffu: 5.962877 | Loss_out_diffu: 7.603717 | Acc: 99.993323 (59900/59904)
(1642926452.5546722, 1642926525.252693, 72.69802069664001)
Test epoch: 32| Acc: 99.55 (9955/10000) 

Epoch: 33
Train epoch:33 	Loss_in: 0.000764 | Loss_in_diffu: 5.962626 | Loss_out_diffu: 7.603440 | Acc: 99.993323 (59900/59904)
(1642926525.740217, 1642926598.4331782, 72.6929612159729)
Test epoch: 33| Acc: 99.56 (9956/10000) 

Epoch: 34
Train epoch:34 	Loss_in: 0.000764 | Loss_in_diffu: 5.962837 | Loss_out_diffu: 7.603690 | Acc: 99.993323 (59900/59904)
(1642926598.9039154, 1642926671.7592595, 72.85534405708313)
Test epoch: 34| Acc: 99.55 (9955/10000) 

Epoch: 35
Train epoch:35 	Loss_in: 0.000758 | Loss_in_diffu: 5.962644 | Loss_out_diffu: 7.603925 | Acc: 99.993323 (59900/59904)
(1642926672.253125, 1642926745.5929487, 73.33982372283936)
Test epoch: 35| Acc: 99.54 (9954/10000) 

Epoch: 36
Train epoch:36 	Loss_in: 0.000758 | Loss_in_diffu: 5.962840 | Loss_out_diffu: 7.604122 | Acc: 99.993323 (59900/59904)
(1642926746.1975944, 1642926819.40752, 73.2099256515503)
Test epoch: 36| Acc: 99.53 (9953/10000) 

Epoch: 37
Train epoch:37 	Loss_in: 0.000753 | Loss_in_diffu: 5.962775 | Loss_out_diffu: 7.603960 | Acc: 99.993323 (59900/59904)
(1642926820.0115998, 1642926893.0296369, 73.01803708076477)
Test epoch: 37| Acc: 99.53 (9953/10000) 

Epoch: 38
Train epoch:38 	Loss_in: 0.000751 | Loss_in_diffu: 5.962781 | Loss_out_diffu: 7.604670 | Acc: 99.993323 (59900/59904)
(1642926893.5256233, 1642926967.075718, 73.55009460449219)
Test epoch: 38| Acc: 99.54 (9954/10000) 

Epoch: 39
Train epoch:39 	Loss_in: 0.000749 | Loss_in_diffu: 5.962610 | Loss_out_diffu: 7.604977 | Acc: 99.993323 (59900/59904)
(1642926967.5684087, 1642927040.4280632, 72.8596544265747)
Test epoch: 39| Acc: 99.54 (9954/10000) 
