True
load data:  mnist
Building MNIST data loader with 1 workers
==> Building model..

Epoch: 0
Train epoch:0 	Loss_in: 0.679548 | Loss_in_diffu: 11.739513 | Loss_out_diffu: 12.163030 | Acc: 83.812433 (50207/59904)
(1642955429.2342658, 1642955528.3116808, 99.07741498947144)
Test epoch: 0| Acc: 96.75 (9675/10000) 

Epoch: 1
Train epoch:1 	Loss_in: 0.114911 | Loss_in_diffu: 11.280463 | Loss_out_diffu: 12.780114 | Acc: 96.998531 (58106/59904)
(1642955528.8971605, 1642955628.2050006, 99.30784010887146)
Test epoch: 1| Acc: 98.3 (9830/10000) 

Epoch: 2
Train epoch:2 	Loss_in: 0.072457 | Loss_in_diffu: 11.308299 | Loss_out_diffu: 13.002931 | Acc: 97.975093 (58691/59904)
(1642955628.7880971, 1642955727.8108823, 99.02278518676758)
Test epoch: 2| Acc: 98.36 (9836/10000) 

Epoch: 3
Train epoch:3 	Loss_in: 0.055500 | Loss_in_diffu: 11.361078 | Loss_out_diffu: 13.155642 | Acc: 98.379073 (58933/59904)
(1642955728.3835588, 1642955827.0106268, 98.62706804275513)
Test epoch: 3| Acc: 98.78 (9878/10000) 

Epoch: 4
Train epoch:4 	Loss_in: 0.046211 | Loss_in_diffu: 11.424330 | Loss_out_diffu: 13.289610 | Acc: 98.642829 (59091/59904)
(1642955827.605237, 1642955926.9120076, 99.30677056312561)
Test epoch: 4| Acc: 98.94 (9894/10000) 

Epoch: 5
Train epoch:5 	Loss_in: 0.041446 | Loss_in_diffu: 11.497675 | Loss_out_diffu: 13.415085 | Acc: 98.834802 (59206/59904)
(1642955927.5016112, 1642956026.6442516, 99.14264035224915)
Test epoch: 5| Acc: 99.06 (9906/10000) 

Epoch: 6
Train epoch:6 	Loss_in: 0.036791 | Loss_in_diffu: 11.570332 | Loss_out_diffu: 13.543757 | Acc: 98.938301 (59268/59904)
(1642956027.3478177, 1642956126.6156878, 99.2678701877594)
Test epoch: 6| Acc: 98.54 (9854/10000) 

Epoch: 7
Train epoch:7 	Loss_in: 0.034320 | Loss_in_diffu: 11.656836 | Loss_out_diffu: 13.686855 | Acc: 99.011752 (59312/59904)
(1642956127.3229048, 1642956226.586382, 99.26347708702087)
Test epoch: 7| Acc: 99.24 (9924/10000) 

Epoch: 8
Train epoch:8 	Loss_in: 0.029842 | Loss_in_diffu: 11.746666 | Loss_out_diffu: 13.804635 | Acc: 99.101896 (59366/59904)
(1642956227.178382, 1642956326.3118045, 99.13342261314392)
Test epoch: 8| Acc: 98.87 (9887/10000) 

Epoch: 9
Train epoch:9 	Loss_in: 0.026156 | Loss_in_diffu: 11.833586 | Loss_out_diffu: 13.941372 | Acc: 99.230435 (59443/59904)
(1642956327.0168815, 1642956425.654189, 98.63730764389038)
Test epoch: 9| Acc: 98.96 (9896/10000) 

Epoch: 10
Train epoch:10 	Loss_in: 0.025175 | Loss_in_diffu: 11.923608 | Loss_out_diffu: 14.062630 | Acc: 99.235443 (59446/59904)
(1642956426.358641, 1642956525.4144118, 99.05577087402344)
Test epoch: 10| Acc: 99.12 (9912/10000) 

Epoch: 11
Train epoch:11 	Loss_in: 0.008513 | Loss_in_diffu: 11.961242 | Loss_out_diffu: 14.113375 | Acc: 99.794671 (59781/59904)
(1642956526.1057165, 1642956624.7547617, 98.64904522895813)
Test epoch: 11| Acc: 99.47 (9947/10000) 

Epoch: 12
Train epoch:12 	Loss_in: 0.006312 | Loss_in_diffu: 11.960986 | Loss_out_diffu: 14.127760 | Acc: 99.851429 (59815/59904)
(1642956625.4504642, 1642956724.2382534, 98.78778910636902)
Test epoch: 12| Acc: 99.56 (9956/10000) 

Epoch: 13
Train epoch:13 	Loss_in: 0.005826 | Loss_in_diffu: 11.963369 | Loss_out_diffu: 14.140462 | Acc: 99.868122 (59825/59904)
(1642956724.9425936, 1642956823.8991847, 98.95659112930298)
Test epoch: 13| Acc: 99.48 (9948/10000) 

Epoch: 14
Train epoch:14 	Loss_in: 0.004905 | Loss_in_diffu: 11.964905 | Loss_out_diffu: 14.159895 | Acc: 99.876469 (59830/59904)
(1642956824.6020432, 1642956923.7923503, 99.19030714035034)
Test epoch: 14| Acc: 99.52 (9952/10000) 

Epoch: 15
Train epoch:15 	Loss_in: 0.004401 | Loss_in_diffu: 11.967348 | Loss_out_diffu: 14.176060 | Acc: 99.886485 (59836/59904)
(1642956924.488831, 1642957023.733485, 99.2446539402008)
Test epoch: 15| Acc: 99.53 (9953/10000) 

Epoch: 16
Train epoch:16 	Loss_in: 0.003559 | Loss_in_diffu: 11.969125 | Loss_out_diffu: 14.197001 | Acc: 99.926549 (59860/59904)
(1642957024.4387093, 1642957122.9918501, 98.55314087867737)
Test epoch: 16| Acc: 99.59 (9959/10000) 

Epoch: 17
Train epoch:17 	Loss_in: 0.003097 | Loss_in_diffu: 11.971095 | Loss_out_diffu: 14.216865 | Acc: 99.931557 (59863/59904)
(1642957123.6955361, 1642957222.3689768, 98.67344069480896)
Test epoch: 17| Acc: 99.51 (9951/10000) 

Epoch: 18
Train epoch:18 	Loss_in: 0.003090 | Loss_in_diffu: 11.973639 | Loss_out_diffu: 14.235926 | Acc: 99.926549 (59860/59904)
(1642957223.0670068, 1642957321.7449172, 98.67791032791138)
Test epoch: 18| Acc: 99.51 (9951/10000) 

Epoch: 19
Train epoch:19 	Loss_in: 0.002726 | Loss_in_diffu: 11.975464 | Loss_out_diffu: 14.255706 | Acc: 99.949920 (59874/59904)
(1642957322.437567, 1642957421.3209727, 98.8834056854248)
Test epoch: 19| Acc: 99.42 (9942/10000) 

Epoch: 20
Train epoch:20 	Loss_in: 0.002305 | Loss_in_diffu: 11.977130 | Loss_out_diffu: 14.276445 | Acc: 99.956597 (59878/59904)
(1642957421.904653, 1642957521.6783702, 99.77371716499329)
Test epoch: 20| Acc: 99.43 (9943/10000) 

Epoch: 21
Train epoch:21 	Loss_in: 0.001784 | Loss_in_diffu: 11.978019 | Loss_out_diffu: 14.284724 | Acc: 99.974960 (59889/59904)
(1642957522.3815508, 1642957621.7033637, 99.32181286811829)
Test epoch: 21| Acc: 99.48 (9948/10000) 

Epoch: 22
Train epoch:22 	Loss_in: 0.001563 | Loss_in_diffu: 11.978178 | Loss_out_diffu: 14.289215 | Acc: 99.981637 (59893/59904)
(1642957622.3972485, 1642957721.7198653, 99.32261681556702)
Test epoch: 22| Acc: 99.49 (9949/10000) 

Epoch: 23
Train epoch:23 	Loss_in: 0.001478 | Loss_in_diffu: 11.978395 | Loss_out_diffu: 14.287322 | Acc: 99.983307 (59894/59904)
(1642957722.3181634, 1642957821.3471463, 99.02898287773132)
Test epoch: 23| Acc: 99.48 (9948/10000) 

Epoch: 24
Train epoch:24 	Loss_in: 0.001416 | Loss_in_diffu: 11.978201 | Loss_out_diffu: 14.297580 | Acc: 99.984976 (59895/59904)
(1642957822.0523918, 1642957921.2992277, 99.24683594703674)
Test epoch: 24| Acc: 99.48 (9948/10000) 

Epoch: 25
Train epoch:25 	Loss_in: 0.001380 | Loss_in_diffu: 11.978588 | Loss_out_diffu: 14.298987 | Acc: 99.986645 (59896/59904)
(1642957921.9891818, 1642958021.3522692, 99.36308741569519)
Test epoch: 25| Acc: 99.48 (9948/10000) 

Epoch: 26
Train epoch:26 	Loss_in: 0.001335 | Loss_in_diffu: 11.978464 | Loss_out_diffu: 14.304667 | Acc: 99.986645 (59896/59904)
(1642958022.0454013, 1642958120.8784575, 98.83305621147156)
Test epoch: 26| Acc: 99.48 (9948/10000) 

Epoch: 27
Train epoch:27 	Loss_in: 0.001301 | Loss_in_diffu: 11.978619 | Loss_out_diffu: 14.306120 | Acc: 99.986645 (59896/59904)
(1642958121.5860522, 1642958221.3813772, 99.79532504081726)
Test epoch: 27| Acc: 99.5 (9950/10000) 

Epoch: 28
Train epoch:28 	Loss_in: 0.001255 | Loss_in_diffu: 11.978813 | Loss_out_diffu: 14.313902 | Acc: 99.986645 (59896/59904)
(1642958222.0739298, 1642958321.0488315, 98.97490167617798)
Test epoch: 28| Acc: 99.49 (9949/10000) 

Epoch: 29
Train epoch:29 	Loss_in: 0.001221 | Loss_in_diffu: 11.978952 | Loss_out_diffu: 14.316657 | Acc: 99.986645 (59896/59904)
(1642958321.7413845, 1642958420.5492983, 98.8079137802124)
Test epoch: 29| Acc: 99.49 (9949/10000) 

Epoch: 30
Train epoch:30 	Loss_in: 0.001192 | Loss_in_diffu: 11.978883 | Loss_out_diffu: 14.321270 | Acc: 99.986645 (59896/59904)
(1642958421.2413242, 1642958520.4253855, 99.18406128883362)
Test epoch: 30| Acc: 99.48 (9948/10000) 

Epoch: 31
Train epoch:31 	Loss_in: 0.001122 | Loss_in_diffu: 11.978917 | Loss_out_diffu: 14.320547 | Acc: 99.986645 (59896/59904)
(1642958521.1302907, 1642958619.7767162, 98.64642548561096)
Test epoch: 31| Acc: 99.48 (9948/10000) 

Epoch: 32
Train epoch:32 	Loss_in: 0.001128 | Loss_in_diffu: 11.978939 | Loss_out_diffu: 14.320748 | Acc: 99.986645 (59896/59904)
(1642958620.4842482, 1642958719.7955458, 99.31129765510559)
Test epoch: 32| Acc: 99.49 (9949/10000) 

Epoch: 33
Train epoch:33 	Loss_in: 0.001111 | Loss_in_diffu: 11.979168 | Loss_out_diffu: 14.322987 | Acc: 99.986645 (59896/59904)
(1642958720.500372, 1642958819.9419148, 99.44154286384583)
Test epoch: 33| Acc: 99.48 (9948/10000) 

Epoch: 34
Train epoch:34 	Loss_in: 0.001113 | Loss_in_diffu: 11.978972 | Loss_out_diffu: 14.325593 | Acc: 99.986645 (59896/59904)
(1642958820.6330779, 1642958919.3271987, 98.69412088394165)
Test epoch: 34| Acc: 99.48 (9948/10000) 

Epoch: 35
Train epoch:35 	Loss_in: 0.001106 | Loss_in_diffu: 11.979227 | Loss_out_diffu: 14.325290 | Acc: 99.986645 (59896/59904)
(1642958920.0316067, 1642959018.7108722, 98.67926549911499)
Test epoch: 35| Acc: 99.49 (9949/10000) 

Epoch: 36
Train epoch:36 	Loss_in: 0.001107 | Loss_in_diffu: 11.978985 | Loss_out_diffu: 14.323836 | Acc: 99.986645 (59896/59904)
(1642959019.4175482, 1642959118.8486154, 99.43106722831726)
Test epoch: 36| Acc: 99.49 (9949/10000) 

Epoch: 37
Train epoch:37 	Loss_in: 0.001099 | Loss_in_diffu: 11.978988 | Loss_out_diffu: 14.329753 | Acc: 99.986645 (59896/59904)
(1642959119.541788, 1642959218.3487163, 98.8069281578064)
Test epoch: 37| Acc: 99.49 (9949/10000) 

Epoch: 38
Train epoch:38 	Loss_in: 0.001099 | Loss_in_diffu: 11.979240 | Loss_out_diffu: 14.324430 | Acc: 99.986645 (59896/59904)
(1642959219.0529313, 1642959317.7714462, 98.718514919281)
Test epoch: 38| Acc: 99.49 (9949/10000) 

Epoch: 39
Train epoch:39 	Loss_in: 0.001095 | Loss_in_diffu: 11.979092 | Loss_out_diffu: 14.325818 | Acc: 99.986645 (59896/59904)
(1642959318.3429093, 1642959417.0294507, 98.68654131889343)
Test epoch: 39| Acc: 99.5 (9950/10000) 
