True
load data:  svhn
Building SVHN data loader with 1 workers
Using downloaded and verified file: /home/ssy/BDNN/data/svhn/train_32x32.mat
Using downloaded and verified file: /home/ssy/BDNN/data/svhn/test_32x32.mat
load out data:  cifar10
Building CIFAR-10 data loader with 1 workers
Files already downloaded and verified
Files already downloaded and verified
==> Building model..

Epoch: 0
Train epoch:0 	Loss_in: 1.040242 | Loss_in_diffu: 8.549540 | Loss_out_diffu: 8.115684 | Acc: 48.649840 (24286/49920)
(1643181053.7991176, 1643181138.8816912, 85.08257365226746)
Test epoch: 0| Acc: 71.68257389162562 (18626/25984) 

Epoch: 1
Train epoch:1 	Loss_in: 0.602588 | Loss_in_diffu: 8.378104 | Loss_out_diffu: 8.401243 | Acc: 73.341346 (36612/49920)
(1643181141.9981737, 1643181225.9569006, 83.95872688293457)
Test epoch: 1| Acc: 80.56881157635468 (20935/25984) 

Epoch: 2
Train epoch:2 	Loss_in: 0.426942 | Loss_in_diffu: 8.395287 | Loss_out_diffu: 8.611078 | Acc: 81.476362 (40673/49920)
(1643181229.0375018, 1643181313.0184965, 83.9809947013855)
Test epoch: 2| Acc: 83.00877463054188 (21569/25984) 

Epoch: 3
Train epoch:3 	Loss_in: 0.370492 | Loss_in_diffu: 8.543659 | Loss_out_diffu: 8.812731 | Acc: 83.926282 (41896/49920)
(1643181315.9783769, 1643181399.9338694, 83.95549249649048)
Test epoch: 3| Acc: 82.27370689655173 (21378/25984) 

Epoch: 4
Train epoch:4 	Loss_in: 0.338081 | Loss_in_diffu: 8.717394 | Loss_out_diffu: 9.008827 | Acc: 85.408654 (42636/49920)
(1643181403.0066957, 1643181486.9772725, 83.97057676315308)
Test epoch: 4| Acc: 80.24168719211822 (20850/25984) 

Epoch: 5
