True
load data:  mnist
Building MNIST data loader with 1 workers
==> Building model..

Epoch: 0
Train epoch:0 	Loss_in: 1.093102 | Loss_in_diffu: 11.485889 | Loss_out_diffu: 0.000000 | Acc: 71.138822 (42615/59904)
(1642934361.624538, 1642934419.3134606, 57.6889226436615)
Test epoch: 0| Acc: 77.76 (7776/10000) 

Epoch: 1
Train epoch:1 	Loss_in: 0.567057 | Loss_in_diffu: 10.562239 | Loss_out_diffu: 0.000000 | Acc: 83.947650 (50288/59904)
(1642934419.8925374, 1642934477.2188072, 57.32626986503601)
Test epoch: 1| Acc: 91.25 (9125/10000) 

Epoch: 2
Train epoch:2 	Loss_in: 0.197119 | Loss_in_diffu: 9.649488 | Loss_out_diffu: 0.000000 | Acc: 94.457799 (56584/59904)
(1642934477.7897742, 1642934535.2152393, 57.42546510696411)
Test epoch: 2| Acc: 96.28 (9628/10000) 

Epoch: 3
Train epoch:3 	Loss_in: 0.116566 | Loss_in_diffu: 8.972994 | Loss_out_diffu: 0.000000 | Acc: 96.642962 (57893/59904)
(1642934535.7908437, 1642934593.3019414, 57.51109766960144)
Test epoch: 3| Acc: 97.62 (9762/10000) 

Epoch: 4
Train epoch:4 	Loss_in: 0.087467 | Loss_in_diffu: 8.383327 | Loss_out_diffu: 0.000000 | Acc: 97.409188 (58352/59904)
(1642934593.8781648, 1642934651.4194934, 57.54132866859436)
Test epoch: 4| Acc: 98.03 (9803/10000) 

Epoch: 5
Train epoch:5 	Loss_in: 0.073628 | Loss_in_diffu: 7.844938 | Loss_out_diffu: 0.000000 | Acc: 97.821514 (58599/59904)
(1642934652.0018947, 1642934709.4825914, 57.48069667816162)
Test epoch: 5| Acc: 98.2 (9820/10000) 

Epoch: 6
Train epoch:6 	Loss_in: 0.063237 | Loss_in_diffu: 7.336130 | Loss_out_diffu: 0.000000 | Acc: 98.143697 (58792/59904)
(1642934710.0482748, 1642934767.7648976, 57.716622829437256)
Test epoch: 6| Acc: 98.49 (9849/10000) 

Epoch: 7
Train epoch:7 	Loss_in: 0.058051 | Loss_in_diffu: 6.852532 | Loss_out_diffu: 0.000000 | Acc: 98.268897 (58867/59904)
(1642934768.344789, 1642934826.116577, 57.771787881851196)
Test epoch: 7| Acc: 98.11 (9811/10000) 

Epoch: 8
Train epoch:8 	Loss_in: 0.052211 | Loss_in_diffu: 6.385417 | Loss_out_diffu: 0.000000 | Acc: 98.414129 (58954/59904)
(1642934826.6875591, 1642934884.0667527, 57.37919354438782)
Test epoch: 8| Acc: 98.52 (9852/10000) 

Epoch: 9
Train epoch:9 	Loss_in: 0.045565 | Loss_in_diffu: 5.931553 | Loss_out_diffu: 0.000000 | Acc: 98.602764 (59067/59904)
(1642934884.6477895, 1642934941.9345825, 57.28679299354553)
Test epoch: 9| Acc: 98.76 (9876/10000) 

Epoch: 10
Train epoch:10 	Loss_in: 0.044780 | Loss_in_diffu: 5.493210 | Loss_out_diffu: 0.000000 | Acc: 98.666199 (59105/59904)
(1642934942.5145266, 1642934999.6092534, 57.09472680091858)
Test epoch: 10| Acc: 98.54 (9854/10000) 

Epoch: 11
Train epoch:11 	Loss_in: 0.019166 | Loss_in_diffu: 5.238798 | Loss_out_diffu: 0.000000 | Acc: 99.454127 (59577/59904)
(1642935000.18379, 1642935057.173666, 56.98987603187561)
Test epoch: 11| Acc: 99.29 (9929/10000) 

Epoch: 12
Train epoch:12 	Loss_in: 0.015976 | Loss_in_diffu: 5.189141 | Loss_out_diffu: 0.000000 | Acc: 99.534255 (59625/59904)
(1642935057.7535014, 1642935114.786783, 57.033281564712524)
Test epoch: 12| Acc: 99.19 (9919/10000) 

Epoch: 13
Train epoch:13 	Loss_in: 0.014276 | Loss_in_diffu: 5.139534 | Loss_out_diffu: 0.000000 | Acc: 99.614383 (59673/59904)
(1642935115.367486, 1642935172.8955925, 57.528106451034546)
Test epoch: 13| Acc: 99.3 (9930/10000) 

Epoch: 14
Train epoch:14 	Loss_in: 0.013056 | Loss_in_diffu: 5.090186 | Loss_out_diffu: 0.000000 | Acc: 99.637754 (59687/59904)
(1642935173.459593, 1642935230.7784996, 57.31890654563904)
Test epoch: 14| Acc: 99.21 (9921/10000) 

Epoch: 15
Train epoch:15 	Loss_in: 0.013336 | Loss_in_diffu: 5.041563 | Loss_out_diffu: 0.000000 | Acc: 99.646100 (59692/59904)
(1642935231.3572454, 1642935288.6182907, 57.26104521751404)
Test epoch: 15| Acc: 99.29 (9929/10000) 

Epoch: 16
Train epoch:16 	Loss_in: 0.012655 | Loss_in_diffu: 4.992521 | Loss_out_diffu: 0.000000 | Acc: 99.641092 (59689/59904)
(1642935289.187715, 1642935346.2283764, 57.040661334991455)
Test epoch: 16| Acc: 99.32 (9932/10000) 

Epoch: 17
Train epoch:17 	Loss_in: 0.011311 | Loss_in_diffu: 4.943022 | Loss_out_diffu: 0.000000 | Acc: 99.682826 (59714/59904)
(1642935346.8075016, 1642935404.1733663, 57.365864753723145)
Test epoch: 17| Acc: 99.27 (9927/10000) 

Epoch: 18
Train epoch:18 	Loss_in: 0.010478 | Loss_in_diffu: 4.894591 | Loss_out_diffu: 0.000000 | Acc: 99.707866 (59729/59904)
(1642935404.7485635, 1642935462.304858, 57.556294441223145)
Test epoch: 18| Acc: 99.27 (9927/10000) 

Epoch: 19
Train epoch:19 	Loss_in: 0.010964 | Loss_in_diffu: 4.848145 | Loss_out_diffu: 0.000000 | Acc: 99.702858 (59726/59904)
(1642935462.877215, 1642935520.3041954, 57.42698049545288)
Test epoch: 19| Acc: 99.33 (9933/10000) 

Epoch: 20
Train epoch:20 	Loss_in: 0.010063 | Loss_in_diffu: 4.800957 | Loss_out_diffu: 0.000000 | Acc: 99.722890 (59738/59904)
(1642935520.8858767, 1642935578.1934767, 57.307600021362305)
Test epoch: 20| Acc: 99.34 (9934/10000) 

Epoch: 21
Train epoch:21 	Loss_in: 0.006874 | Loss_in_diffu: 4.773029 | Loss_out_diffu: 0.000000 | Acc: 99.834736 (59805/59904)
(1642935578.7716413, 1642935636.560981, 57.789339780807495)
Test epoch: 21| Acc: 99.39 (9939/10000) 

Epoch: 22
Train epoch:22 	Loss_in: 0.006285 | Loss_in_diffu: 4.767744 | Loss_out_diffu: 0.000000 | Acc: 99.868122 (59825/59904)
(1642935637.144679, 1642935694.8237524, 57.679073333740234)
Test epoch: 22| Acc: 99.35 (9935/10000) 

Epoch: 23
Train epoch:23 	Loss_in: 0.006016 | Loss_in_diffu: 4.762918 | Loss_out_diffu: 0.000000 | Acc: 99.851429 (59815/59904)
(1642935695.3957222, 1642935752.584506, 57.18878388404846)
Test epoch: 23| Acc: 99.37 (9937/10000) 

Epoch: 24
Train epoch:24 	Loss_in: 0.005929 | Loss_in_diffu: 4.757744 | Loss_out_diffu: 0.000000 | Acc: 99.869792 (59826/59904)
(1642935753.1504233, 1642935810.163001, 57.0125777721405)
Test epoch: 24| Acc: 99.36 (9936/10000) 

Epoch: 25
Train epoch:25 	Loss_in: 0.005806 | Loss_in_diffu: 4.753036 | Loss_out_diffu: 0.000000 | Acc: 99.874800 (59829/59904)
(1642935810.7371356, 1642935867.7727995, 57.03566384315491)
Test epoch: 25| Acc: 99.4 (9940/10000) 

Epoch: 26
Train epoch:26 	Loss_in: 0.005726 | Loss_in_diffu: 4.747891 | Loss_out_diffu: 0.000000 | Acc: 99.881477 (59833/59904)
(1642935868.3402998, 1642935925.7987025, 57.45840263366699)
Test epoch: 26| Acc: 99.33 (9933/10000) 

Epoch: 27
Train epoch:27 	Loss_in: 0.005479 | Loss_in_diffu: 4.742275 | Loss_out_diffu: 0.000000 | Acc: 99.876469 (59830/59904)
(1642935926.3757885, 1642935983.5886314, 57.21284294128418)
Test epoch: 27| Acc: 99.35 (9935/10000) 

Epoch: 28
Train epoch:28 	Loss_in: 0.005401 | Loss_in_diffu: 4.737585 | Loss_out_diffu: 0.000000 | Acc: 99.868122 (59825/59904)
(1642935984.1607785, 1642936041.283567, 57.122788429260254)
Test epoch: 28| Acc: 99.34 (9934/10000) 

Epoch: 29
Train epoch:29 	Loss_in: 0.005388 | Loss_in_diffu: 4.732277 | Loss_out_diffu: 0.000000 | Acc: 99.899840 (59844/59904)
(1642936041.8605309, 1642936099.3910136, 57.53048276901245)
Test epoch: 29| Acc: 99.38 (9938/10000) 

Epoch: 30
Train epoch:30 	Loss_in: 0.005248 | Loss_in_diffu: 4.727374 | Loss_out_diffu: 0.000000 | Acc: 99.891493 (59839/59904)
(1642936099.9559634, 1642936157.4402666, 57.48430323600769)
Test epoch: 30| Acc: 99.35 (9935/10000) 

Epoch: 31
Train epoch:31 	Loss_in: 0.005042 | Loss_in_diffu: 4.723983 | Loss_out_diffu: 0.000000 | Acc: 99.896501 (59842/59904)
(1642936158.0252476, 1642936215.6940372, 57.66878962516785)
Test epoch: 31| Acc: 99.38 (9938/10000) 

Epoch: 32
Train epoch:32 	Loss_in: 0.004891 | Loss_in_diffu: 4.723748 | Loss_out_diffu: 0.000000 | Acc: 99.901509 (59845/59904)
(1642936216.2723908, 1642936273.5854812, 57.313090324401855)
Test epoch: 32| Acc: 99.38 (9938/10000) 

Epoch: 33
Train epoch:33 	Loss_in: 0.005043 | Loss_in_diffu: 4.723547 | Loss_out_diffu: 0.000000 | Acc: 99.888154 (59837/59904)
(1642936274.1649284, 1642936331.4563367, 57.29140830039978)
Test epoch: 33| Acc: 99.34 (9934/10000) 

Epoch: 34
Train epoch:34 	Loss_in: 0.004850 | Loss_in_diffu: 4.722923 | Loss_out_diffu: 0.000000 | Acc: 99.909856 (59850/59904)
(1642936332.0346313, 1642936389.2942562, 57.25962495803833)
Test epoch: 34| Acc: 99.32 (9932/10000) 

Epoch: 35
Train epoch:35 	Loss_in: 0.004941 | Loss_in_diffu: 4.722388 | Loss_out_diffu: 0.000000 | Acc: 99.904848 (59847/59904)
(1642936389.864259, 1642936447.2024581, 57.33819913864136)
Test epoch: 35| Acc: 99.38 (9938/10000) 

Epoch: 36
Train epoch:36 	Loss_in: 0.004690 | Loss_in_diffu: 4.721485 | Loss_out_diffu: 0.000000 | Acc: 99.903178 (59846/59904)
(1642936447.782891, 1642936504.8039575, 57.021066427230835)
Test epoch: 36| Acc: 99.37 (9937/10000) 

Epoch: 37
Train epoch:37 	Loss_in: 0.004780 | Loss_in_diffu: 4.721276 | Loss_out_diffu: 0.000000 | Acc: 99.894832 (59841/59904)
(1642936505.3817294, 1642936562.3941212, 57.012391805648804)
Test epoch: 37| Acc: 99.34 (9934/10000) 

Epoch: 38
Train epoch:38 	Loss_in: 0.004929 | Loss_in_diffu: 4.720845 | Loss_out_diffu: 0.000000 | Acc: 99.896501 (59842/59904)
(1642936562.9690292, 1642936620.2529523, 57.28392314910889)
Test epoch: 38| Acc: 99.37 (9937/10000) 

Epoch: 39
Train epoch:39 	Loss_in: 0.004712 | Loss_in_diffu: 4.720251 | Loss_out_diffu: 0.000000 | Acc: 99.901509 (59845/59904)
(1642936620.8280904, 1642936677.940392, 57.11230158805847)
Test epoch: 39| Acc: 99.32 (9932/10000) 
