True
load data:  mnist
Building MNIST data loader with 1 workers
==> Building model..

Epoch: 0
Train epoch:0 	Loss_in: 0.704116 | Loss_in_diffu: 11.712012 | Loss_out_diffu: 12.130094 | Acc: 83.585403 (50071/59904)
(1679158303.8020089, 1679158397.9797578, 94.17774891853333)
Test epoch: 0| Acc: 96.55 (9655/10000) 

Epoch: 1
Train epoch:1 	Loss_in: 0.128445 | Loss_in_diffu: 11.187087 | Loss_out_diffu: 12.605250 | Acc: 96.641293 (57892/59904)
(1679158398.4962075, 1679158491.242106, 92.74589848518372)
Test epoch: 1| Acc: 97.08 (9708/10000) 

Epoch: 2
Train epoch:2 	Loss_in: 0.079729 | Loss_in_diffu: 11.117782 | Loss_out_diffu: 12.708826 | Acc: 97.746394 (58554/59904)
(1679158491.7334409, 1679158582.360241, 90.62680006027222)
Test epoch: 2| Acc: 97.69 (9769/10000) 

Epoch: 3
Train epoch:3 	Loss_in: 0.060837 | Loss_in_diffu: 11.064256 | Loss_out_diffu: 12.716213 | Acc: 98.278913 (58873/59904)
(1679158582.86474, 1679158676.615655, 93.75091505050659)
Test epoch: 3| Acc: 98.92 (9892/10000) 

Epoch: 4
Train epoch:4 	Loss_in: 0.050874 | Loss_in_diffu: 11.010946 | Loss_out_diffu: 12.710346 | Acc: 98.542668 (59031/59904)
(1679158677.1239536, 1679158771.5018146, 94.37786102294922)
Test epoch: 4| Acc: 98.93 (9893/10000) 

Epoch: 5
Train epoch:5 	Loss_in: 0.044164 | Loss_in_diffu: 10.955174 | Loss_out_diffu: 12.659941 | Acc: 98.749666 (59155/59904)
(1679158771.9893582, 1679158865.7184908, 93.72913265228271)
Test epoch: 5| Acc: 98.9 (9890/10000) 

Epoch: 6
Train epoch:6 	Loss_in: 0.040702 | Loss_in_diffu: 10.898902 | Loss_out_diffu: 12.616490 | Acc: 98.854834 (59218/59904)
(1679158866.2261019, 1679158960.884368, 94.65826606750488)
Test epoch: 6| Acc: 99.18 (9918/10000) 

Epoch: 7
Train epoch:7 	Loss_in: 0.034346 | Loss_in_diffu: 10.835619 | Loss_out_diffu: 12.556812 | Acc: 99.003405 (59307/59904)
(1679158961.393144, 1679159054.0585468, 92.66540288925171)
Test epoch: 7| Acc: 99.11 (9911/10000) 

Epoch: 8
Train epoch:8 	Loss_in: 0.030556 | Loss_in_diffu: 10.766077 | Loss_out_diffu: 12.526605 | Acc: 99.101896 (59366/59904)
(1679159054.547709, 1679159148.2705002, 93.72279119491577)
Test epoch: 8| Acc: 99.0 (9900/10000) 

Epoch: 9
Train epoch:9 	Loss_in: 0.031256 | Loss_in_diffu: 10.708405 | Loss_out_diffu: 12.517314 | Acc: 99.098558 (59364/59904)
(1679159148.7606614, 1679159248.5022612, 99.74159979820251)
Test epoch: 9| Acc: 99.24 (9924/10000) 

Epoch: 10
Train epoch:10 	Loss_in: 0.028690 | Loss_in_diffu: 10.639872 | Loss_out_diffu: 12.465783 | Acc: 99.151976 (59396/59904)
(1679159248.9944293, 1679159342.7869854, 93.79255604743958)
Test epoch: 10| Acc: 99.18 (9918/10000) 

Epoch: 11
Train epoch:11 	Loss_in: 0.010552 | Loss_in_diffu: 10.591261 | Loss_out_diffu: 12.449092 | Acc: 99.696181 (59722/59904)
(1679159343.2936149, 1679159436.9231648, 93.62954998016357)
Test epoch: 11| Acc: 99.46 (9946/10000) 

Epoch: 12
Train epoch:12 	Loss_in: 0.007290 | Loss_in_diffu: 10.570049 | Loss_out_diffu: 12.431936 | Acc: 99.816373 (59794/59904)
(1679159437.4296548, 1679159531.0816681, 93.65201330184937)
Test epoch: 12| Acc: 99.48 (9948/10000) 

Epoch: 13
Train epoch:13 	Loss_in: 0.006391 | Loss_in_diffu: 10.548121 | Loss_out_diffu: 12.419916 | Acc: 99.841413 (59809/59904)
(1679159531.587856, 1679159625.4074152, 93.81955909729004)
Test epoch: 13| Acc: 99.38 (9938/10000) 

Epoch: 14
Train epoch:14 	Loss_in: 0.005371 | Loss_in_diffu: 10.523532 | Loss_out_diffu: 12.402377 | Acc: 99.854768 (59817/59904)
(1679159625.910474, 1679159720.2789757, 94.36850166320801)
Test epoch: 14| Acc: 99.42 (9942/10000) 

Epoch: 15
Train epoch:15 	Loss_in: 0.005286 | Loss_in_diffu: 10.499176 | Loss_out_diffu: 12.389377 | Acc: 99.876469 (59830/59904)
(1679159720.9118128, 1679159815.597115, 94.68530225753784)
Test epoch: 15| Acc: 99.43 (9943/10000) 

Epoch: 16
Train epoch:16 	Loss_in: 0.004282 | Loss_in_diffu: 10.474009 | Loss_out_diffu: 12.373522 | Acc: 99.899840 (59844/59904)
(1679159816.1029465, 1679159909.9706285, 93.86768198013306)
Test epoch: 16| Acc: 99.37 (9937/10000) 

Epoch: 17
Train epoch:17 	Loss_in: 0.004043 | Loss_in_diffu: 10.448702 | Loss_out_diffu: 12.357112 | Acc: 99.911525 (59851/59904)
(1679159910.4768164, 1679160004.1753414, 93.69852495193481)
Test epoch: 17| Acc: 99.36 (9936/10000) 

Epoch: 18
Train epoch:18 	Loss_in: 0.003568 | Loss_in_diffu: 10.423095 | Loss_out_diffu: 12.341522 | Acc: 99.918202 (59855/59904)
(1679160004.676, 1679160099.4538538, 94.7778537273407)
Test epoch: 18| Acc: 99.33 (9933/10000) 

Epoch: 19
Train epoch:19 	Loss_in: 0.002927 | Loss_in_diffu: 10.398225 | Loss_out_diffu: 12.322244 | Acc: 99.944912 (59871/59904)
(1679160099.9632306, 1679160192.6425502, 92.67931962013245)
Test epoch: 19| Acc: 99.46 (9946/10000) 

Epoch: 20
Train epoch:20 	Loss_in: 0.003130 | Loss_in_diffu: 10.372586 | Loss_out_diffu: 12.308495 | Acc: 99.918202 (59855/59904)
(1679160193.1449497, 1679160286.0091684, 92.86421871185303)
Test epoch: 20| Acc: 99.41 (9941/10000) 

Epoch: 21
Train epoch:21 	Loss_in: 0.002141 | Loss_in_diffu: 10.358646 | Loss_out_diffu: 12.300087 | Acc: 99.961605 (59881/59904)
(1679160286.667338, 1679160381.440161, 94.77282309532166)
Test epoch: 21| Acc: 99.44 (9944/10000) 

Epoch: 22
Train epoch:22 	Loss_in: 0.001751 | Loss_in_diffu: 10.355500 | Loss_out_diffu: 12.298507 | Acc: 99.973291 (59888/59904)
(1679160381.936445, 1679160476.0083551, 94.07191014289856)
Test epoch: 22| Acc: 99.48 (9948/10000) 

Epoch: 23
Train epoch:23 	Loss_in: 0.001644 | Loss_in_diffu: 10.352958 | Loss_out_diffu: 12.296673 | Acc: 99.974960 (59889/59904)
(1679160476.5181932, 1679160567.1572013, 90.63900804519653)
Test epoch: 23| Acc: 99.51 (9951/10000) 

Epoch: 24
Train epoch:24 	Loss_in: 0.001517 | Loss_in_diffu: 10.349314 | Loss_out_diffu: 12.294977 | Acc: 99.978299 (59891/59904)
(1679160567.6505203, 1679160661.8100357, 94.15951538085938)
Test epoch: 24| Acc: 99.47 (9947/10000) 

Epoch: 25
Train epoch:25 	Loss_in: 0.001472 | Loss_in_diffu: 10.346349 | Loss_out_diffu: 12.293614 | Acc: 99.981637 (59893/59904)
(1679160662.319578, 1679160754.7175505, 92.39797258377075)
Test epoch: 25| Acc: 99.5 (9950/10000) 

Epoch: 26
Train epoch:26 	Loss_in: 0.001418 | Loss_in_diffu: 10.342598 | Loss_out_diffu: 12.291956 | Acc: 99.979968 (59892/59904)
(1679160755.226902, 1679160848.8688836, 93.64198160171509)
Test epoch: 26| Acc: 99.46 (9946/10000) 

Epoch: 27
Train epoch:27 	Loss_in: 0.001342 | Loss_in_diffu: 10.339593 | Loss_out_diffu: 12.290151 | Acc: 99.981637 (59893/59904)
(1679160849.3751447, 1679160944.7436745, 95.36852979660034)
Test epoch: 27| Acc: 99.45 (9945/10000) 

Epoch: 28
Train epoch:28 	Loss_in: 0.001267 | Loss_in_diffu: 10.335945 | Loss_out_diffu: 12.289385 | Acc: 99.986645 (59896/59904)
(1679160945.2453165, 1679161039.0036528, 93.75833630561829)
Test epoch: 28| Acc: 99.43 (9943/10000) 

Epoch: 29
Train epoch:29 	Loss_in: 0.001245 | Loss_in_diffu: 10.332594 | Loss_out_diffu: 12.287630 | Acc: 99.986645 (59896/59904)
(1679161039.5109186, 1679161133.5517423, 94.04082369804382)
Test epoch: 29| Acc: 99.49 (9949/10000) 

Epoch: 30
Train epoch:30 	Loss_in: 0.001175 | Loss_in_diffu: 10.329047 | Loss_out_diffu: 12.287178 | Acc: 99.988315 (59897/59904)
(1679161134.0485728, 1679161227.4728978, 93.42432498931885)
Test epoch: 30| Acc: 99.47 (9947/10000) 

Epoch: 31
Train epoch:31 	Loss_in: 0.001107 | Loss_in_diffu: 10.326971 | Loss_out_diffu: 12.286524 | Acc: 99.989984 (59898/59904)
(1679161227.968203, 1679161323.3312368, 95.36303377151489)
Test epoch: 31| Acc: 99.44 (9944/10000) 

Epoch: 32
Train epoch:32 	Loss_in: 0.001100 | Loss_in_diffu: 10.326916 | Loss_out_diffu: 12.286662 | Acc: 99.989984 (59898/59904)
(1679161323.814663, 1679161419.6268759, 95.81221294403076)
Test epoch: 32| Acc: 99.46 (9946/10000) 

Epoch: 33
Train epoch:33 	Loss_in: 0.001098 | Loss_in_diffu: 10.326417 | Loss_out_diffu: 12.286521 | Acc: 99.989984 (59898/59904)
(1679161420.122314, 1679161517.3338077, 97.21149373054504)
Test epoch: 33| Acc: 99.46 (9946/10000) 

Epoch: 34
Train epoch:34 	Loss_in: 0.001087 | Loss_in_diffu: 10.325968 | Loss_out_diffu: 12.286479 | Acc: 99.989984 (59898/59904)
(1679161517.8232527, 1679161611.6720538, 93.84880113601685)
Test epoch: 34| Acc: 99.46 (9946/10000) 

Epoch: 35
Train epoch:35 	Loss_in: 0.001080 | Loss_in_diffu: 10.325783 | Loss_out_diffu: 12.286535 | Acc: 99.989984 (59898/59904)
(1679161612.1777325, 1679161706.7763138, 94.59858131408691)
Test epoch: 35| Acc: 99.44 (9944/10000) 

Epoch: 36
Train epoch:36 	Loss_in: 0.001078 | Loss_in_diffu: 10.325228 | Loss_out_diffu: 12.286452 | Acc: 99.989984 (59898/59904)
(1679161707.2631557, 1679161801.2542057, 93.9910500049591)
Test epoch: 36| Acc: 99.46 (9946/10000) 

Epoch: 37
Train epoch:37 	Loss_in: 0.001075 | Loss_in_diffu: 10.324494 | Loss_out_diffu: 12.286337 | Acc: 99.989984 (59898/59904)
(1679161801.7422504, 1679161896.036239, 94.29398846626282)
Test epoch: 37| Acc: 99.44 (9944/10000) 

Epoch: 38
Train epoch:38 	Loss_in: 0.001065 | Loss_in_diffu: 10.324269 | Loss_out_diffu: 12.286687 | Acc: 99.989984 (59898/59904)
(1679161896.5083845, 1679161991.5219152, 95.01353073120117)
Test epoch: 38| Acc: 99.45 (9945/10000) 

Epoch: 39
Train epoch:39 	Loss_in: 0.001060 | Loss_in_diffu: 10.324062 | Loss_out_diffu: 12.286562 | Acc: 99.989984 (59898/59904)
(1679161992.0072486, 1679162084.5437434, 92.53649473190308)
Test epoch: 39| Acc: 99.44 (9944/10000) 
