True
load data:  cifar10_cat
Building CIFAR-10 data loader with 1 workers
==> Building model..

Epoch: 0
Train epoch:0 	Loss_in: 0.692395 | Loss_in_diffu: 11.603818 | Loss_out_diffu: 11.726037 | Acc: 52.724359 (5264/9984)
(1649606354.4801307, 1649606371.6535897, 17.17345905303955)
Test epoch: 0| Acc: 59.76 (5976/10000) 

Epoch: 1
Train epoch:1 	Loss_in: 0.675977 | Loss_in_diffu: 11.590599 | Loss_out_diffu: 11.756334 | Acc: 57.692308 (5760/9984)
(1649606372.4749904, 1649606389.4058444, 16.930854082107544)
Test epoch: 1| Acc: 62.81 (6281/10000) 

Epoch: 2
Train epoch:2 	Loss_in: 0.648832 | Loss_in_diffu: 11.574752 | Loss_out_diffu: 11.772536 | Acc: 62.610176 (6251/9984)
(1649606390.2206745, 1649606407.0257218, 16.805047273635864)
Test epoch: 2| Acc: 65.71 (6571/10000) 

Epoch: 3
Train epoch:3 	Loss_in: 0.621117 | Loss_in_diffu: 11.565082 | Loss_out_diffu: 11.798633 | Acc: 65.584936 (6548/9984)
(1649606407.841522, 1649606424.7724376, 16.930915594100952)
Test epoch: 3| Acc: 68.13 (6813/10000) 

Epoch: 4
Train epoch:4 	Loss_in: 0.596329 | Loss_in_diffu: 11.559560 | Loss_out_diffu: 11.825893 | Acc: 68.179087 (6807/9984)
(1649606425.5970929, 1649606442.4204516, 16.82335877418518)
Test epoch: 4| Acc: 70.35 (7035/10000) 

Epoch: 5
Train epoch:5 	Loss_in: 0.565820 | Loss_in_diffu: 11.546869 | Loss_out_diffu: 11.856026 | Acc: 70.643029 (7053/9984)
(1649606443.24332, 1649606460.0910647, 16.847744703292847)
Test epoch: 5| Acc: 71.74 (7174/10000) 

Epoch: 6
Train epoch:6 	Loss_in: 0.556470 | Loss_in_diffu: 11.559049 | Loss_out_diffu: 11.882587 | Acc: 71.564503 (7145/9984)
(1649606460.9128644, 1649606477.744655, 16.831790447235107)
Test epoch: 6| Acc: 74.23 (7423/10000) 

Epoch: 7
Train epoch:7 	Loss_in: 0.531939 | Loss_in_diffu: 11.556516 | Loss_out_diffu: 11.897140 | Acc: 73.637821 (7352/9984)
(1649606478.582959, 1649606495.4337957, 16.850836753845215)
Test epoch: 7| Acc: 76.4 (7640/10000) 

Epoch: 8
Train epoch:8 	Loss_in: 0.507012 | Loss_in_diffu: 11.554455 | Loss_out_diffu: 11.924575 | Acc: 75.530849 (7541/9984)
(1649606496.2575345, 1649606513.113473, 16.85593843460083)
Test epoch: 8| Acc: 78.79 (7879/10000) 

Epoch: 9
Train epoch:9 	Loss_in: 0.506692 | Loss_in_diffu: 11.580727 | Loss_out_diffu: 11.958994 | Acc: 75.170272 (7505/9984)
(1649606513.9387767, 1649606530.7899737, 16.851197004318237)
Test epoch: 9| Acc: 78.47 (7847/10000) 

Epoch: 10
Train epoch:10 	Loss_in: 0.480743 | Loss_in_diffu: 11.580304 | Loss_out_diffu: 11.975928 | Acc: 77.504006 (7738/9984)
(1649606531.5953634, 1649606548.576412, 16.981048583984375)
Test epoch: 10| Acc: 80.6 (8060/10000) 

Epoch: 11
Train epoch:11 	Loss_in: 0.479442 | Loss_in_diffu: 11.606109 | Loss_out_diffu: 12.017869 | Acc: 77.133413 (7701/9984)
(1649606549.3972037, 1649606566.2870739, 16.889870166778564)
Test epoch: 11| Acc: 80.47 (8047/10000) 

Epoch: 12
Train epoch:12 	Loss_in: 0.457196 | Loss_in_diffu: 11.611012 | Loss_out_diffu: 12.034207 | Acc: 78.625801 (7850/9984)
(1649606567.1046462, 1649606583.9540858, 16.84943962097168)
Test epoch: 12| Acc: 81.51 (8151/10000) 

Epoch: 13
Train epoch:13 	Loss_in: 0.448009 | Loss_in_diffu: 11.627131 | Loss_out_diffu: 12.071685 | Acc: 79.086538 (7896/9984)
(1649606584.7745736, 1649606601.7749882, 17.000414609909058)
Test epoch: 13| Acc: 82.61 (8261/10000) 

Epoch: 14
Train epoch:14 	Loss_in: 0.439827 | Loss_in_diffu: 11.641220 | Loss_out_diffu: 12.114838 | Acc: 79.647436 (7952/9984)
(1649606602.6187406, 1649606619.471376, 16.852635383605957)
Test epoch: 14| Acc: 82.66 (8266/10000) 

Epoch: 15
Train epoch:15 	Loss_in: 0.423509 | Loss_in_diffu: 11.650590 | Loss_out_diffu: 12.150572 | Acc: 80.358574 (8023/9984)
(1649606620.2948623, 1649606637.144658, 16.849795818328857)
Test epoch: 15| Acc: 83.11 (8311/10000) 

Epoch: 16
Train epoch:16 	Loss_in: 0.421366 | Loss_in_diffu: 11.672312 | Loss_out_diffu: 12.180824 | Acc: 80.689103 (8056/9984)
(1649606637.968068, 1649606654.9403665, 16.972298622131348)
Test epoch: 16| Acc: 83.15 (8315/10000) 

Epoch: 17
Train epoch:17 	Loss_in: 0.413923 | Loss_in_diffu: 11.689315 | Loss_out_diffu: 12.215202 | Acc: 81.219952 (8109/9984)
(1649606655.7588325, 1649606672.5971951, 16.83836269378662)
Test epoch: 17| Acc: 83.83 (8383/10000) 

Epoch: 18
Train epoch:18 	Loss_in: 0.404122 | Loss_in_diffu: 11.704029 | Loss_out_diffu: 12.255544 | Acc: 81.360176 (8123/9984)
(1649606673.4294467, 1649606690.250298, 16.82085132598877)
Test epoch: 18| Acc: 84.04 (8404/10000) 

Epoch: 19
Train epoch:19 	Loss_in: 0.397485 | Loss_in_diffu: 11.726288 | Loss_out_diffu: 12.284758 | Acc: 82.231571 (8210/9984)
(1649606691.070209, 1649606707.9913087, 16.92109966278076)
Test epoch: 19| Acc: 83.96 (8396/10000) 

Epoch: 20
Train epoch:20 	Loss_in: 0.416467 | Loss_in_diffu: 11.772151 | Loss_out_diffu: 12.343863 | Acc: 81.159856 (8103/9984)
(1649606708.8118281, 1649606725.8036404, 16.991812229156494)
Test epoch: 20| Acc: 83.81 (8381/10000) 

Epoch: 21
Train epoch:21 	Loss_in: 0.364751 | Loss_in_diffu: 11.751052 | Loss_out_diffu: 12.339638 | Acc: 83.954327 (8382/9984)
(1649606726.6334217, 1649606743.6176627, 16.984241008758545)
Test epoch: 21| Acc: 84.94 (8494/10000) 

Epoch: 22
Train epoch:22 	Loss_in: 0.354790 | Loss_in_diffu: 11.741525 | Loss_out_diffu: 12.347925 | Acc: 84.435096 (8430/9984)
(1649606744.4425783, 1649606761.423067, 16.980488777160645)
Test epoch: 22| Acc: 85.2 (8520/10000) 

Epoch: 23
Train epoch:23 	Loss_in: 0.348891 | Loss_in_diffu: 11.736219 | Loss_out_diffu: 12.355778 | Acc: 84.445112 (8431/9984)
(1649606762.2499607, 1649606779.2208352, 16.970874547958374)
Test epoch: 23| Acc: 85.78 (8578/10000) 

Epoch: 24
Train epoch:24 	Loss_in: 0.343769 | Loss_in_diffu: 11.732798 | Loss_out_diffu: 12.364271 | Acc: 84.845753 (8471/9984)
(1649606780.0424645, 1649606797.0248013, 16.98233675956726)
Test epoch: 24| Acc: 85.81 (8581/10000) 

Epoch: 25
Train epoch:25 	Loss_in: 0.340281 | Loss_in_diffu: 11.730547 | Loss_out_diffu: 12.370775 | Acc: 85.356571 (8522/9984)
(1649606797.8599088, 1649606814.837187, 16.977278232574463)
Test epoch: 25| Acc: 86.01 (8601/10000) 

Epoch: 26
Train epoch:26 	Loss_in: 0.335714 | Loss_in_diffu: 11.726862 | Loss_out_diffu: 12.376893 | Acc: 85.236378 (8510/9984)
(1649606815.6753552, 1649606832.6240754, 16.9487202167511)
Test epoch: 26| Acc: 86.36 (8636/10000) 

Epoch: 27
Train epoch:27 	Loss_in: 0.333004 | Loss_in_diffu: 11.725136 | Loss_out_diffu: 12.384227 | Acc: 85.496795 (8536/9984)
(1649606833.4528317, 1649606850.4362648, 16.98343300819397)
Test epoch: 27| Acc: 86.18 (8618/10000) 

Epoch: 28
Train epoch:28 	Loss_in: 0.338492 | Loss_in_diffu: 11.730742 | Loss_out_diffu: 12.390152 | Acc: 85.176282 (8504/9984)
(1649606851.2835274, 1649606868.3093352, 17.025807857513428)
Test epoch: 28| Acc: 86.75 (8675/10000) 

Epoch: 29
Train epoch:29 	Loss_in: 0.325848 | Loss_in_diffu: 11.719883 | Loss_out_diffu: 12.396259 | Acc: 86.217949 (8608/9984)
(1649606869.128938, 1649606886.1190686, 16.99013066291809)
Test epoch: 29| Acc: 86.76 (8676/10000) 

Epoch: 30
Train epoch:30 	Loss_in: 0.325353 | Loss_in_diffu: 11.719919 | Loss_out_diffu: 12.402341 | Acc: 85.917468 (8578/9984)
(1649606886.947252, 1649606903.7702513, 16.822999238967896)
Test epoch: 30| Acc: 86.89 (8689/10000) 

Epoch: 31
Train epoch:31 	Loss_in: 0.323959 | Loss_in_diffu: 11.719652 | Loss_out_diffu: 12.406837 | Acc: 85.697115 (8556/9984)
(1649606904.5878792, 1649606921.4086351, 16.82075595855713)
Test epoch: 31| Acc: 87.09 (8709/10000) 

Epoch: 32
Train epoch:32 	Loss_in: 0.321207 | Loss_in_diffu: 11.718625 | Loss_out_diffu: 12.412027 | Acc: 86.087740 (8595/9984)
(1649606922.2285855, 1649606939.0658927, 16.83730721473694)
Test epoch: 32| Acc: 87.14 (8714/10000) 

Epoch: 33
Train epoch:33 	Loss_in: 0.315925 | Loss_in_diffu: 11.714758 | Loss_out_diffu: 12.416679 | Acc: 86.358173 (8622/9984)
(1649606939.8955092, 1649606956.7144675, 16.818958282470703)
Test epoch: 33| Acc: 86.99 (8699/10000) 

Epoch: 34
Train epoch:34 	Loss_in: 0.313142 | Loss_in_diffu: 11.711837 | Loss_out_diffu: 12.424258 | Acc: 86.207933 (8607/9984)
(1649606957.5411325, 1649606974.354064, 16.812931537628174)
Test epoch: 34| Acc: 87.17 (8717/10000) 

Epoch: 35
Train epoch:35 	Loss_in: 0.313595 | Loss_in_diffu: 11.714972 | Loss_out_diffu: 12.428007 | Acc: 86.388221 (8625/9984)
(1649606975.1817665, 1649606991.988062, 16.80629539489746)
Test epoch: 35| Acc: 87.51 (8751/10000) 

Epoch: 36
Train epoch:36 	Loss_in: 0.312363 | Loss_in_diffu: 11.713717 | Loss_out_diffu: 12.434309 | Acc: 86.688702 (8655/9984)
(1649606992.8084524, 1649607009.7958028, 16.987350463867188)
Test epoch: 36| Acc: 87.35 (8735/10000) 

Epoch: 37
Train epoch:37 	Loss_in: 0.306460 | Loss_in_diffu: 11.708889 | Loss_out_diffu: 12.439108 | Acc: 86.989183 (8685/9984)
(1649607010.6152606, 1649607027.5905776, 16.975317001342773)
Test epoch: 37| Acc: 87.7 (8770/10000) 

Epoch: 38
Train epoch:38 	Loss_in: 0.308636 | Loss_in_diffu: 11.712186 | Loss_out_diffu: 12.444568 | Acc: 86.828926 (8669/9984)
(1649607028.4235904, 1649607045.3006248, 16.877034425735474)
Test epoch: 38| Acc: 87.55 (8755/10000) 

Epoch: 39
Train epoch:39 	Loss_in: 0.304195 | Loss_in_diffu: 11.709007 | Loss_out_diffu: 12.451320 | Acc: 86.808894 (8667/9984)
(1649607046.1125522, 1649607063.051287, 16.938734769821167)
Test epoch: 39| Acc: 87.54 (8754/10000) 

Epoch: 40
Train epoch:40 	Loss_in: 0.302672 | Loss_in_diffu: 11.708970 | Loss_out_diffu: 12.456697 | Acc: 87.229567 (8709/9984)
(1649607063.8737142, 1649607080.7492623, 16.875548124313354)
Test epoch: 40| Acc: 87.69 (8769/10000) 

Epoch: 41
Train epoch:41 	Loss_in: 0.291855 | Loss_in_diffu: 11.701190 | Loss_out_diffu: 12.460355 | Acc: 87.690304 (8755/9984)
(1649607081.5778682, 1649607098.371996, 16.794127702713013)
Test epoch: 41| Acc: 87.93 (8793/10000) 

Epoch: 42
Train epoch:42 	Loss_in: 0.293062 | Loss_in_diffu: 11.703262 | Loss_out_diffu: 12.460884 | Acc: 87.439904 (8730/9984)
(1649607099.2056904, 1649607116.0421352, 16.836444854736328)
Test epoch: 42| Acc: 88.04 (8804/10000) 

Epoch: 43
Train epoch:43 	Loss_in: 0.291845 | Loss_in_diffu: 11.702180 | Loss_out_diffu: 12.461725 | Acc: 87.800481 (8766/9984)
(1649607116.8541553, 1649607133.7562351, 16.902079820632935)
Test epoch: 43| Acc: 88.13 (8813/10000) 

Epoch: 44
Train epoch:44 	Loss_in: 0.290439 | Loss_in_diffu: 11.700569 | Loss_out_diffu: 12.462560 | Acc: 87.790465 (8765/9984)
(1649607134.5835776, 1649607151.3839042, 16.800326585769653)
Test epoch: 44| Acc: 88.02 (8802/10000) 

Epoch: 45
Train epoch:45 	Loss_in: 0.295627 | Loss_in_diffu: 11.705333 | Loss_out_diffu: 12.462742 | Acc: 87.239583 (8710/9984)
(1649607152.199958, 1649607169.065315, 16.865356922149658)
Test epoch: 45| Acc: 88.1 (8810/10000) 

Epoch: 46
Train epoch:46 	Loss_in: 0.292766 | Loss_in_diffu: 11.702718 | Loss_out_diffu: 12.463087 | Acc: 87.730369 (8759/9984)
(1649607169.8878648, 1649607186.771931, 16.884066104888916)
Test epoch: 46| Acc: 88.12 (8812/10000) 

Epoch: 47
Train epoch:47 	Loss_in: 0.295947 | Loss_in_diffu: 11.706238 | Loss_out_diffu: 12.463841 | Acc: 87.550080 (8741/9984)
(1649607187.585528, 1649607204.455728, 16.870200157165527)
Test epoch: 47| Acc: 88.15 (8815/10000) 

Epoch: 48
Train epoch:48 	Loss_in: 0.295011 | Loss_in_diffu: 11.705611 | Loss_out_diffu: 12.465274 | Acc: 87.359776 (8722/9984)
(1649607205.2834928, 1649607222.2055008, 16.92200803756714)
Test epoch: 48| Acc: 88.22 (8822/10000) 

Epoch: 49
Train epoch:49 	Loss_in: 0.291260 | Loss_in_diffu: 11.701245 | Loss_out_diffu: 12.466242 | Acc: 87.750401 (8761/9984)
(1649607223.0366206, 1649607239.992033, 16.9554123878479)
Test epoch: 49| Acc: 88.21 (8821/10000) 

Epoch: 50
Train epoch:50 	Loss_in: 0.293612 | Loss_in_diffu: 11.703873 | Loss_out_diffu: 12.466292 | Acc: 87.429888 (8729/9984)
(1649607240.8275614, 1649607257.6170828, 16.78952145576477)
Test epoch: 50| Acc: 88.32 (8832/10000) 

Epoch: 51
Train epoch:51 	Loss_in: 0.290493 | Loss_in_diffu: 11.700865 | Loss_out_diffu: 12.467151 | Acc: 87.479968 (8734/9984)
(1649607258.4462821, 1649607275.3194852, 16.87320303916931)
Test epoch: 51| Acc: 88.35 (8835/10000) 

Epoch: 52
Train epoch:52 	Loss_in: 0.292213 | Loss_in_diffu: 11.702838 | Loss_out_diffu: 12.467966 | Acc: 87.329728 (8719/9984)
(1649607276.141752, 1649607293.091513, 16.949760913848877)
Test epoch: 52| Acc: 88.29 (8829/10000) 

Epoch: 53
Train epoch:53 	Loss_in: 0.289948 | Loss_in_diffu: 11.701258 | Loss_out_diffu: 12.469080 | Acc: 87.670272 (8753/9984)
(1649607293.91825, 1649607310.8188324, 16.900582313537598)
Test epoch: 53| Acc: 88.46 (8846/10000) 

Epoch: 54
Train epoch:54 	Loss_in: 0.291867 | Loss_in_diffu: 11.702992 | Loss_out_diffu: 12.469903 | Acc: 87.620192 (8748/9984)
(1649607311.6451826, 1649607328.4486356, 16.803452968597412)
Test epoch: 54| Acc: 88.47 (8847/10000) 

Epoch: 55
Train epoch:55 	Loss_in: 0.290323 | Loss_in_diffu: 11.700749 | Loss_out_diffu: 12.470315 | Acc: 87.650240 (8751/9984)
(1649607329.2826955, 1649607346.0572207, 16.77452516555786)
Test epoch: 55| Acc: 88.58 (8858/10000) 

Epoch: 56
Train epoch:56 	Loss_in: 0.286876 | Loss_in_diffu: 11.698426 | Loss_out_diffu: 12.471930 | Acc: 88.040865 (8790/9984)
(1649607346.877395, 1649607363.6777146, 16.80031967163086)
Test epoch: 56| Acc: 88.59 (8859/10000) 

Epoch: 57
Train epoch:57 	Loss_in: 0.288322 | Loss_in_diffu: 11.699143 | Loss_out_diffu: 12.472395 | Acc: 87.830529 (8769/9984)
(1649607364.5054808, 1649607381.3023753, 16.796894550323486)
Test epoch: 57| Acc: 88.48 (8848/10000) 

Epoch: 58
Train epoch:58 	Loss_in: 0.288425 | Loss_in_diffu: 11.699547 | Loss_out_diffu: 12.473249 | Acc: 87.920673 (8778/9984)
(1649607382.11803, 1649607398.983423, 16.865392923355103)
Test epoch: 58| Acc: 88.43 (8843/10000) 

Epoch: 59
Train epoch:59 	Loss_in: 0.287259 | Loss_in_diffu: 11.698087 | Loss_out_diffu: 12.474327 | Acc: 87.900641 (8776/9984)
(1649607399.8100476, 1649607416.6944633, 16.88441562652588)
Test epoch: 59| Acc: 88.48 (8848/10000) 

Epoch: 60
Train epoch:60 	Loss_in: 0.285972 | Loss_in_diffu: 11.697089 | Loss_out_diffu: 12.475443 | Acc: 87.980769 (8784/9984)
(1649607417.5295184, 1649607434.4036353, 16.874116897583008)
Test epoch: 60| Acc: 88.49 (8849/10000) 

Epoch: 61
Train epoch:61 	Loss_in: 0.282318 | Loss_in_diffu: 11.694335 | Loss_out_diffu: 12.475823 | Acc: 88.040865 (8790/9984)
(1649607435.2388325, 1649607452.0191498, 16.780317306518555)
Test epoch: 61| Acc: 88.49 (8849/10000) 

Epoch: 62
Train epoch:62 	Loss_in: 0.291359 | Loss_in_diffu: 11.703069 | Loss_out_diffu: 12.476115 | Acc: 87.850561 (8771/9984)
(1649607452.8466642, 1649607469.6311243, 16.784460067749023)
Test epoch: 62| Acc: 88.6 (8860/10000) 

Epoch: 63
Train epoch:63 	Loss_in: 0.287331 | Loss_in_diffu: 11.699430 | Loss_out_diffu: 12.475662 | Acc: 87.940705 (8780/9984)
(1649607470.4611802, 1649607487.2391942, 16.778013944625854)
Test epoch: 63| Acc: 88.53 (8853/10000) 

Epoch: 64
Train epoch:64 	Loss_in: 0.289431 | Loss_in_diffu: 11.701273 | Loss_out_diffu: 12.476305 | Acc: 87.790465 (8765/9984)
(1649607488.0555158, 1649607504.8430111, 16.787495374679565)
Test epoch: 64| Acc: 88.62 (8862/10000) 

Epoch: 65
Train epoch:65 	Loss_in: 0.287109 | Loss_in_diffu: 11.698371 | Loss_out_diffu: 12.476588 | Acc: 87.900641 (8776/9984)
(1649607505.6538994, 1649607522.4571223, 16.80322289466858)
Test epoch: 65| Acc: 88.57 (8857/10000) 

Epoch: 66
Train epoch:66 	Loss_in: 0.292130 | Loss_in_diffu: 11.703806 | Loss_out_diffu: 12.476481 | Acc: 87.530048 (8739/9984)
(1649607523.282505, 1649607540.2056637, 16.923158645629883)
Test epoch: 66| Acc: 88.57 (8857/10000) 

Epoch: 67
Train epoch:67 	Loss_in: 0.287010 | Loss_in_diffu: 11.698969 | Loss_out_diffu: 12.476456 | Acc: 87.800481 (8766/9984)
(1649607541.038889, 1649607557.956791, 16.91790199279785)
Test epoch: 67| Acc: 88.61 (8861/10000) 

Epoch: 68
Train epoch:68 	Loss_in: 0.291718 | Loss_in_diffu: 11.703464 | Loss_out_diffu: 12.475764 | Acc: 87.690304 (8755/9984)
(1649607558.7975216, 1649607575.6024563, 16.80493474006653)
Test epoch: 68| Acc: 88.53 (8853/10000) 

Epoch: 69
Train epoch:69 	Loss_in: 0.288411 | Loss_in_diffu: 11.700530 | Loss_out_diffu: 12.477349 | Acc: 87.510016 (8737/9984)
(1649607576.4306712, 1649607593.3743458, 16.943674564361572)
Test epoch: 69| Acc: 88.56 (8856/10000) 

Epoch: 70
Train epoch:70 	Loss_in: 0.287986 | Loss_in_diffu: 11.699982 | Loss_out_diffu: 12.476341 | Acc: 88.090946 (8795/9984)
(1649607594.195227, 1649607611.1371517, 16.941924810409546)
Test epoch: 70| Acc: 88.59 (8859/10000) 

Epoch: 71
Train epoch:71 	Loss_in: 0.291209 | Loss_in_diffu: 11.702515 | Loss_out_diffu: 12.476164 | Acc: 87.690304 (8755/9984)
(1649607611.9469697, 1649607628.735433, 16.788463354110718)
Test epoch: 71| Acc: 88.53 (8853/10000) 

Epoch: 72
Train epoch:72 	Loss_in: 0.287634 | Loss_in_diffu: 11.699520 | Loss_out_diffu: 12.476315 | Acc: 87.740385 (8760/9984)
(1649607629.547454, 1649607646.3382547, 16.79080057144165)
Test epoch: 72| Acc: 88.55 (8855/10000) 

Epoch: 73
Train epoch:73 	Loss_in: 0.288432 | Loss_in_diffu: 11.700831 | Loss_out_diffu: 12.476751 | Acc: 87.960737 (8782/9984)
(1649607647.1689117, 1649607663.9444292, 16.775517463684082)
Test epoch: 73| Acc: 88.61 (8861/10000) 

Epoch: 74
Train epoch:74 	Loss_in: 0.290101 | Loss_in_diffu: 11.702044 | Loss_out_diffu: 12.476293 | Acc: 87.700321 (8756/9984)
(1649607664.7679389, 1649607681.5470986, 16.779159784317017)
Test epoch: 74| Acc: 88.53 (8853/10000) 

Epoch: 75
Train epoch:75 	Loss_in: 0.290248 | Loss_in_diffu: 11.702291 | Loss_out_diffu: 12.476415 | Acc: 87.730369 (8759/9984)
(1649607682.3628967, 1649607699.1422977, 16.779401063919067)
Test epoch: 75| Acc: 88.53 (8853/10000) 

Epoch: 76
Train epoch:76 	Loss_in: 0.286925 | Loss_in_diffu: 11.698152 | Loss_out_diffu: 12.477587 | Acc: 87.860577 (8772/9984)
(1649607699.9710422, 1649607716.8568473, 16.885805130004883)
Test epoch: 76| Acc: 88.59 (8859/10000) 

Epoch: 77
Train epoch:77 	Loss_in: 0.292172 | Loss_in_diffu: 11.704552 | Loss_out_diffu: 12.476397 | Acc: 87.500000 (8736/9984)
(1649607717.6810007, 1649607734.4975522, 16.816551446914673)
Test epoch: 77| Acc: 88.59 (8859/10000) 

Epoch: 78
Train epoch:78 	Loss_in: 0.290016 | Loss_in_diffu: 11.701007 | Loss_out_diffu: 12.476988 | Acc: 87.500000 (8736/9984)
(1649607735.3198817, 1649607752.120867, 16.80098533630371)
Test epoch: 78| Acc: 88.53 (8853/10000) 

Epoch: 79
Train epoch:79 	Loss_in: 0.287643 | Loss_in_diffu: 11.699959 | Loss_out_diffu: 12.476914 | Acc: 87.960737 (8782/9984)
(1649607752.938458, 1649607769.7339091, 16.795451164245605)
Test epoch: 79| Acc: 88.43 (8843/10000) 
