True
load data:  svhn
Building SVHN data loader with 1 workers
Using downloaded and verified file: /home/ssy/BDNN/data/svhn/train_32x32.mat
Using downloaded and verified file: /home/ssy/BDNN/data/svhn/test_32x32.mat
==> Building model..

Epoch: 0
Train epoch:0 	Loss_in: 1.319907 | Loss_in_diffu: 12.383031 | Loss_out_diffu: 12.092186 | Acc: 55.980933 (40987/73216)
(1643244469.6947072, 1643244594.2338262, 124.53911900520325)
Test epoch: 0| Acc: 81.09990763546799 (21073/25984) 

Epoch: 1
Train epoch:1 	Loss_in: 0.522395 | Loss_in_diffu: 11.883672 | Loss_out_diffu: 12.758544 | Acc: 84.645433 (61974/73216)
(1643244597.310319, 1643244721.4437425, 124.13342356681824)
Test epoch: 1| Acc: 86.00292487684729 (22347/25984) 

Epoch: 2
Train epoch:2 	Loss_in: 0.387982 | Loss_in_diffu: 11.943505 | Loss_out_diffu: 13.047879 | Acc: 88.594023 (64865/73216)
(1643244724.509195, 1643244848.1020505, 123.59285545349121)
Test epoch: 2| Acc: 89.35113916256158 (23217/25984) 

Epoch: 3
Train epoch:3 	Loss_in: 0.328612 | Loss_in_diffu: 12.043795 | Loss_out_diffu: 13.251363 | Acc: 90.293105 (66109/73216)
(1643244851.3376, 1643244974.7728577, 123.43525767326355)
Test epoch: 3| Acc: 92.40301724137932 (24010/25984) 

Epoch: 4
Train epoch:4 	Loss_in: 0.292267 | Loss_in_diffu: 12.162663 | Loss_out_diffu: 13.434562 | Acc: 91.482736 (66980/73216)
(1643244977.945794, 1643245102.4216013, 124.4758071899414)
Test epoch: 4| Acc: 92.51462438423646 (24039/25984) 

Epoch: 5
Train epoch:5 	Loss_in: 0.266083 | Loss_in_diffu: 12.282723 | Loss_out_diffu: 13.581472 | Acc: 92.295400 (67575/73216)
(1643245105.5069864, 1643245229.120918, 123.61393165588379)
Test epoch: 5| Acc: 92.47998768472907 (24030/25984) 

Epoch: 6
Train epoch:6 	Loss_in: 0.247009 | Loss_in_diffu: 12.412684 | Loss_out_diffu: 13.727634 | Acc: 92.838997 (67973/73216)
(1643245232.288275, 1643245355.701429, 123.41315388679504)
Test epoch: 6| Acc: 93.95012315270937 (24412/25984) 

Epoch: 7
Train epoch:7 	Loss_in: 0.229534 | Loss_in_diffu: 12.553517 | Loss_out_diffu: 13.869282 | Acc: 93.373033 (68364/73216)
(1643245358.7540014, 1643245483.3426466, 124.58864521980286)
Test epoch: 7| Acc: 93.17657019704434 (24211/25984) 

Epoch: 8
Train epoch:8 	Loss_in: 0.221632 | Loss_in_diffu: 12.722659 | Loss_out_diffu: 14.057913 | Acc: 93.565614 (68505/73216)
(1643245486.424373, 1643245610.4358466, 124.01147365570068)
Test epoch: 8| Acc: 93.33820812807882 (24253/25984) 

Epoch: 9
Train epoch:9 	Loss_in: 0.207034 | Loss_in_diffu: 12.902923 | Loss_out_diffu: 14.235022 | Acc: 94.073700 (68877/73216)
(1643245613.5979025, 1643245736.9544728, 123.35657024383545)
Test epoch: 9| Acc: 93.26893472906404 (24235/25984) 

Epoch: 10
Train epoch:10 	Loss_in: 0.195341 | Loss_in_diffu: 13.056018 | Loss_out_diffu: 14.426085 | Acc: 94.323645 (69060/73216)
(1643245740.1156402, 1643245864.6352074, 124.51956725120544)
Test epoch: 10| Acc: 93.26508620689656 (24234/25984) 

Epoch: 11
Train epoch:11 	Loss_in: 0.132223 | Loss_in_diffu: 13.092625 | Loss_out_diffu: 14.506372 | Acc: 96.532179 (70677/73216)
(1643245867.7235024, 1643245991.2820594, 123.55855703353882)
Test epoch: 11| Acc: 95.05080049261083 (24698/25984) 

Epoch: 12
Train epoch:12 	Loss_in: 0.120503 | Loss_in_diffu: 13.086414 | Loss_out_diffu: 14.520342 | Acc: 96.864073 (70920/73216)
(1643245994.3200064, 1643246117.6997926, 123.37978625297546)
Test epoch: 12| Acc: 95.0931342364532 (24709/25984) 

Epoch: 13
Train epoch:13 	Loss_in: 0.114480 | Loss_in_diffu: 13.085765 | Loss_out_diffu: 14.531600 | Acc: 97.096263 (71090/73216)
(1643246120.7328863, 1643246244.1673758, 123.43448948860168)
Test epoch: 13| Acc: 94.9661330049261 (24676/25984) 

Epoch: 14
Train epoch:14 	Loss_in: 0.108658 | Loss_in_diffu: 13.084880 | Loss_out_diffu: 14.542528 | Acc: 97.284747 (71228/73216)
(1643246247.2083974, 1643246371.2322762, 124.02387881278992)
Test epoch: 14| Acc: 95.15471059113301 (24725/25984) 

Epoch: 15
Train epoch:15 	Loss_in: 0.103920 | Loss_in_diffu: 13.085145 | Loss_out_diffu: 14.554474 | Acc: 97.399476 (71312/73216)
(1643246374.3105881, 1643246498.211562, 123.90097379684448)
Test epoch: 15| Acc: 94.99307266009852 (24683/25984) 

Epoch: 16
Train epoch:16 	Loss_in: 0.092786 | Loss_in_diffu: 13.078708 | Loss_out_diffu: 14.558295 | Acc: 97.851562 (71643/73216)
(1643246501.2667873, 1643246625.490904, 124.22411680221558)
Test epoch: 16| Acc: 95.12392241379311 (24717/25984) 

Epoch: 17
Train epoch:17 	Loss_in: 0.090831 | Loss_in_diffu: 13.076801 | Loss_out_diffu: 14.559447 | Acc: 97.922585 (71695/73216)
(1643246628.5476944, 1643246752.5486102, 124.00091576576233)
Test epoch: 17| Acc: 95.10467980295566 (24712/25984) 

Epoch: 18
Train epoch:18 	Loss_in: 0.090083 | Loss_in_diffu: 13.076637 | Loss_out_diffu: 14.561065 | Acc: 97.953999 (71718/73216)
(1643246755.7294133, 1643246879.8429546, 124.1135413646698)
Test epoch: 18| Acc: 95.13546798029557 (24720/25984) 

Epoch: 19
Train epoch:19 	Loss_in: 0.089092 | Loss_in_diffu: 13.075993 | Loss_out_diffu: 14.562781 | Acc: 97.978584 (71736/73216)
(1643246883.0350747, 1643247007.156772, 124.1216971874237)
Test epoch: 19| Acc: 95.08158866995073 (24706/25984) 

Epoch: 20
Train epoch:20 	Loss_in: 0.088527 | Loss_in_diffu: 13.075617 | Loss_out_diffu: 14.563938 | Acc: 97.992242 (71746/73216)
(1643247010.3359392, 1643247134.3726077, 124.03666853904724)
Test epoch: 20| Acc: 95.07774014778325 (24705/25984) 

Epoch: 21
Train epoch:21 	Loss_in: 0.087228 | Loss_in_diffu: 13.074610 | Loss_out_diffu: 14.564461 | Acc: 98.050972 (71789/73216)
(1643247137.5557497, 1643247261.582544, 124.02679443359375)
Test epoch: 21| Acc: 95.10852832512315 (24713/25984) 

Epoch: 22
Train epoch:22 	Loss_in: 0.087043 | Loss_in_diffu: 13.074631 | Loss_out_diffu: 14.564666 | Acc: 98.041412 (71782/73216)
(1643247264.777366, 1643247388.599474, 123.82210803031921)
Test epoch: 22| Acc: 95.08543719211822 (24707/25984) 

Epoch: 23
Train epoch:23 	Loss_in: 0.086877 | Loss_in_diffu: 13.074451 | Loss_out_diffu: 14.565059 | Acc: 98.065997 (71800/73216)
(1643247391.7602775, 1643247515.493213, 123.73293542861938)
Test epoch: 23| Acc: 95.08158866995073 (24706/25984) 

Epoch: 24
Train epoch:24 	Loss_in: 0.086873 | Loss_in_diffu: 13.074242 | Loss_out_diffu: 14.564716 | Acc: 98.072826 (71805/73216)
(1643247518.572753, 1643247643.1171277, 124.54437470436096)
Test epoch: 24| Acc: 95.09698275862068 (24710/25984) 
