True
load data:  mnist
Building MNIST data loader with 1 workers
==> Building model..

Epoch: 0
Train epoch:0 	Loss_in: 0.693316 | Loss_in_diffu: 11.685897 | Loss_out_diffu: 12.078263 | Acc: 83.723958 (50154/59904)
(1679157501.5229402, 1679157599.7312667, 98.20832657814026)
Test epoch: 0| Acc: 96.15 (9615/10000) 

Epoch: 1
Train epoch:1 	Loss_in: 0.123769 | Loss_in_diffu: 11.167660 | Loss_out_diffu: 12.487916 | Acc: 96.723090 (57941/59904)
(1679157600.3103242, 1679157697.7867877, 97.47646355628967)
Test epoch: 1| Acc: 97.04 (9704/10000) 

Epoch: 2
Train epoch:2 	Loss_in: 0.081630 | Loss_in_diffu: 11.101918 | Loss_out_diffu: 12.589063 | Acc: 97.718015 (58537/59904)
(1679157698.3615525, 1679157795.6028726, 97.24132013320923)
Test epoch: 2| Acc: 97.6 (9760/10000) 

Epoch: 3
Train epoch:3 	Loss_in: 0.061511 | Loss_in_diffu: 11.048027 | Loss_out_diffu: 12.587406 | Acc: 98.257212 (58860/59904)
(1679157796.1752088, 1679157893.389359, 97.2141501903534)
Test epoch: 3| Acc: 98.15 (9815/10000) 

Epoch: 4
Train epoch:4 	Loss_in: 0.053065 | Loss_in_diffu: 10.993177 | Loss_out_diffu: 12.563446 | Acc: 98.455863 (58979/59904)
(1679157893.966992, 1679157992.0250273, 98.05803537368774)
Test epoch: 4| Acc: 99.02 (9902/10000) 

Epoch: 5
Train epoch:5 	Loss_in: 0.043604 | Loss_in_diffu: 10.934411 | Loss_out_diffu: 12.516278 | Acc: 98.746327 (59153/59904)
(1679157992.5939033, 1679158089.67308, 97.07917666435242)
Test epoch: 5| Acc: 99.1 (9910/10000) 

Epoch: 6
Train epoch:6 	Loss_in: 0.036350 | Loss_in_diffu: 10.863733 | Loss_out_diffu: 12.477906 | Acc: 98.941640 (59270/59904)
(1679158090.249502, 1679158187.587022, 97.33752012252808)
Test epoch: 6| Acc: 98.72 (9872/10000) 

Epoch: 7
Train epoch:7 	Loss_in: 0.035148 | Loss_in_diffu: 10.803360 | Loss_out_diffu: 12.422838 | Acc: 98.963341 (59283/59904)
(1679158188.163546, 1679158285.1878088, 97.02426266670227)
Test epoch: 7| Acc: 99.01 (9901/10000) 

Epoch: 8
Train epoch:8 	Loss_in: 0.030045 | Loss_in_diffu: 10.739370 | Loss_out_diffu: 12.349991 | Acc: 99.133614 (59385/59904)
(1679158285.7508068, 1679158383.09995, 97.34914326667786)
Test epoch: 8| Acc: 99.0 (9900/10000) 

Epoch: 9
Train epoch:9 	Loss_in: 0.028672 | Loss_in_diffu: 10.672796 | Loss_out_diffu: 12.285813 | Acc: 99.148638 (59394/59904)
(1679158383.6730669, 1679158481.1068964, 97.43382954597473)
Test epoch: 9| Acc: 98.97 (9897/10000) 

Epoch: 10
Train epoch:10 	Loss_in: 0.026208 | Loss_in_diffu: 10.598980 | Loss_out_diffu: 12.280144 | Acc: 99.240451 (59449/59904)
(1679158481.6852157, 1679158579.3397098, 97.65449404716492)
Test epoch: 10| Acc: 98.97 (9897/10000) 

Epoch: 11
Train epoch:11 	Loss_in: 0.009154 | Loss_in_diffu: 10.550609 | Loss_out_diffu: 12.412139 | Acc: 99.764623 (59763/59904)
(1679158579.914029, 1679158677.6276174, 97.71358847618103)
Test epoch: 11| Acc: 99.51 (9951/10000) 

Epoch: 12
Train epoch:12 	Loss_in: 0.006803 | Loss_in_diffu: 10.530546 | Loss_out_diffu: 12.400984 | Acc: 99.829728 (59802/59904)
(1679158678.1954417, 1679158775.9184346, 97.72299289703369)
Test epoch: 12| Acc: 99.5 (9950/10000) 

Epoch: 13
Train epoch:13 	Loss_in: 0.005871 | Loss_in_diffu: 10.508024 | Loss_out_diffu: 12.389533 | Acc: 99.863114 (59822/59904)
(1679158776.4833367, 1679158873.7080219, 97.22468519210815)
Test epoch: 13| Acc: 99.45 (9945/10000) 

Epoch: 14
Train epoch:14 	Loss_in: 0.005009 | Loss_in_diffu: 10.483405 | Loss_out_diffu: 12.372075 | Acc: 99.884816 (59835/59904)
(1679158874.27635, 1679158972.3268065, 98.05045652389526)
Test epoch: 14| Acc: 99.48 (9948/10000) 

Epoch: 15
Train epoch:15 	Loss_in: 0.004460 | Loss_in_diffu: 10.457381 | Loss_out_diffu: 12.352335 | Acc: 99.901509 (59845/59904)
(1679158972.9026344, 1679159070.6039987, 97.70136427879333)
Test epoch: 15| Acc: 99.45 (9945/10000) 

Epoch: 16
Train epoch:16 	Loss_in: 0.003950 | Loss_in_diffu: 10.431175 | Loss_out_diffu: 12.331193 | Acc: 99.891493 (59839/59904)
(1679159071.1793857, 1679159168.8830268, 97.70364117622375)
Test epoch: 16| Acc: 99.43 (9943/10000) 

Epoch: 17
Train epoch:17 	Loss_in: 0.003466 | Loss_in_diffu: 10.405364 | Loss_out_diffu: 12.312794 | Acc: 99.924880 (59859/59904)
(1679159169.4616563, 1679159267.3948905, 97.93323421478271)
Test epoch: 17| Acc: 99.45 (9945/10000) 

Epoch: 18
Train epoch:18 	Loss_in: 0.002863 | Loss_in_diffu: 10.378898 | Loss_out_diffu: 12.293332 | Acc: 99.938235 (59867/59904)
(1679159267.975345, 1679159366.1341414, 98.15879654884338)
Test epoch: 18| Acc: 99.5 (9950/10000) 

Epoch: 19
Train epoch:19 	Loss_in: 0.002740 | Loss_in_diffu: 10.352845 | Loss_out_diffu: 12.266187 | Acc: 99.943243 (59870/59904)
(1679159366.7023327, 1679159464.789223, 98.08689022064209)
Test epoch: 19| Acc: 99.52 (9952/10000) 

Epoch: 20
Train epoch:20 	Loss_in: 0.002954 | Loss_in_diffu: 10.326431 | Loss_out_diffu: 12.246162 | Acc: 99.926549 (59860/59904)
(1679159465.3650093, 1679159562.9865131, 97.62150382995605)
Test epoch: 20| Acc: 99.29 (9929/10000) 

Epoch: 21
Train epoch:21 	Loss_in: 0.001874 | Loss_in_diffu: 10.312308 | Loss_out_diffu: 12.233884 | Acc: 99.971621 (59887/59904)
(1679159563.5577734, 1679159661.7567382, 98.19896483421326)
Test epoch: 21| Acc: 99.54 (9954/10000) 

Epoch: 22
Train epoch:22 	Loss_in: 0.001514 | Loss_in_diffu: 10.309162 | Loss_out_diffu: 12.231035 | Acc: 99.981637 (59893/59904)
(1679159662.3224611, 1679159759.9607737, 97.6383125782013)
Test epoch: 22| Acc: 99.54 (9954/10000) 

Epoch: 23
Train epoch:23 	Loss_in: 0.001453 | Loss_in_diffu: 10.306517 | Loss_out_diffu: 12.228912 | Acc: 99.983307 (59894/59904)
(1679159760.5372608, 1679159858.400793, 97.8635323047638)
Test epoch: 23| Acc: 99.53 (9953/10000) 

Epoch: 24
Train epoch:24 	Loss_in: 0.001374 | Loss_in_diffu: 10.302701 | Loss_out_diffu: 12.226276 | Acc: 99.984976 (59895/59904)
(1679159858.9792545, 1679159957.296112, 98.31685757637024)
Test epoch: 24| Acc: 99.56 (9956/10000) 

Epoch: 25
Train epoch:25 	Loss_in: 0.001340 | Loss_in_diffu: 10.299442 | Loss_out_diffu: 12.223890 | Acc: 99.984976 (59895/59904)
(1679159957.8681798, 1679160056.1737378, 98.3055579662323)
Test epoch: 25| Acc: 99.52 (9952/10000) 

Epoch: 26
Train epoch:26 	Loss_in: 0.001300 | Loss_in_diffu: 10.295362 | Loss_out_diffu: 12.220804 | Acc: 99.986645 (59896/59904)
(1679160056.7519934, 1679160154.8118477, 98.05985426902771)
Test epoch: 26| Acc: 99.54 (9954/10000) 

Epoch: 27
Train epoch:27 	Loss_in: 0.001249 | Loss_in_diffu: 10.292021 | Loss_out_diffu: 12.218046 | Acc: 99.984976 (59895/59904)
(1679160155.3921525, 1679160253.6459775, 98.25382494926453)
Test epoch: 27| Acc: 99.53 (9953/10000) 

Epoch: 28
Train epoch:28 	Loss_in: 0.001208 | Loss_in_diffu: 10.288028 | Loss_out_diffu: 12.215800 | Acc: 99.988315 (59897/59904)
(1679160254.212415, 1679160352.8708673, 98.65845227241516)
Test epoch: 28| Acc: 99.59 (9959/10000) 

Epoch: 29
Train epoch:29 	Loss_in: 0.001172 | Loss_in_diffu: 10.284334 | Loss_out_diffu: 12.212917 | Acc: 99.988315 (59897/59904)
(1679160353.4380841, 1679160451.6478086, 98.20972442626953)
Test epoch: 29| Acc: 99.57 (9957/10000) 

Epoch: 30
Train epoch:30 	Loss_in: 0.001140 | Loss_in_diffu: 10.280503 | Loss_out_diffu: 12.210740 | Acc: 99.988315 (59897/59904)
(1679160452.225835, 1679160549.8829415, 97.65710639953613)
Test epoch: 30| Acc: 99.53 (9953/10000) 

Epoch: 31
Train epoch:31 	Loss_in: 0.001082 | Loss_in_diffu: 10.278267 | Loss_out_diffu: 12.209264 | Acc: 99.989984 (59898/59904)
(1679160550.450869, 1679160648.6144474, 98.16357827186584)
Test epoch: 31| Acc: 99.54 (9954/10000) 

Epoch: 32
Train epoch:32 	Loss_in: 0.001071 | Loss_in_diffu: 10.278199 | Loss_out_diffu: 12.209561 | Acc: 99.989984 (59898/59904)
(1679160649.1929498, 1679160747.3424869, 98.14953708648682)
Test epoch: 32| Acc: 99.52 (9952/10000) 

Epoch: 33
Train epoch:33 	Loss_in: 0.001070 | Loss_in_diffu: 10.277677 | Loss_out_diffu: 12.209267 | Acc: 99.989984 (59898/59904)
(1679160747.9230816, 1679160846.1758192, 98.25273752212524)
Test epoch: 33| Acc: 99.53 (9953/10000) 

Epoch: 34
Train epoch:34 	Loss_in: 0.001066 | Loss_in_diffu: 10.277189 | Loss_out_diffu: 12.208949 | Acc: 99.989984 (59898/59904)
(1679160846.741726, 1679160944.5390518, 97.79732584953308)
Test epoch: 34| Acc: 99.54 (9954/10000) 

Epoch: 35
Train epoch:35 	Loss_in: 0.001059 | Loss_in_diffu: 10.276983 | Loss_out_diffu: 12.208973 | Acc: 99.989984 (59898/59904)
(1679160945.114068, 1679161043.709955, 98.59588694572449)
Test epoch: 35| Acc: 99.54 (9954/10000) 

Epoch: 36
Train epoch:36 	Loss_in: 0.001059 | Loss_in_diffu: 10.276413 | Loss_out_diffu: 12.208838 | Acc: 99.989984 (59898/59904)
(1679161044.2863498, 1679161142.5169544, 98.23060464859009)
Test epoch: 36| Acc: 99.55 (9955/10000) 

Epoch: 37
Train epoch:37 	Loss_in: 0.001056 | Loss_in_diffu: 10.275658 | Loss_out_diffu: 12.208319 | Acc: 99.989984 (59898/59904)
(1679161143.095955, 1679161241.3029025, 98.20694756507874)
Test epoch: 37| Acc: 99.54 (9954/10000) 

Epoch: 38
Train epoch:38 	Loss_in: 0.001052 | Loss_in_diffu: 10.275406 | Loss_out_diffu: 12.208477 | Acc: 99.989984 (59898/59904)
(1679161241.868578, 1679161340.0637054, 98.19512748718262)
Test epoch: 38| Acc: 99.55 (9955/10000) 

Epoch: 39
Train epoch:39 	Loss_in: 0.001045 | Loss_in_diffu: 10.275176 | Loss_out_diffu: 12.208043 | Acc: 99.989984 (59898/59904)
(1679161340.636776, 1679161438.266665, 97.62988901138306)
Test epoch: 39| Acc: 99.53 (9953/10000) 
