True
load data:  mnist
Building MNIST data loader with 1 workers
load out data:  svhn
Building SVHN data loader with 1 workers
Using downloaded and verified file: /home/ssy/BDNN/data/svhn/train_32x32.mat
Using downloaded and verified file: /home/ssy/BDNN/data/svhn/test_32x32.mat
==> Building model..

Epoch: 0
Train epoch:0 	Loss_in: 0.677877 | Loss_in_diffu: 11.740822 | Loss_out_diffu: 12.165059 | Acc: 84.127938 (50396/59904)
(1642993820.7570877, 1642993919.826782, 99.06969428062439)
Test epoch: 0| Acc: 94.85 (9485/10000) 

Epoch: 1
Train epoch:1 	Loss_in: 0.127769 | Loss_in_diffu: 11.335872 | Loss_out_diffu: 12.635962 | Acc: 96.683026 (57917/59904)
(1642993920.5286417, 1642994020.1146214, 99.5859797000885)
Test epoch: 1| Acc: 97.22 (9722/10000) 

Epoch: 2
Train epoch:2 	Loss_in: 0.082836 | Loss_in_diffu: 11.390779 | Loss_out_diffu: 12.830130 | Acc: 97.706330 (58530/59904)
(1642994020.6964483, 1642994119.9684582, 99.27200984954834)
Test epoch: 2| Acc: 97.5 (9750/10000) 

Epoch: 3
Train epoch:3 	Loss_in: 0.065111 | Loss_in_diffu: 11.470349 | Loss_out_diffu: 12.963400 | Acc: 98.175414 (58811/59904)
(1642994120.671633, 1642994219.8614285, 99.18979549407959)
Test epoch: 3| Acc: 98.97 (9897/10000) 

Epoch: 4
Train epoch:4 	Loss_in: 0.053045 | Loss_in_diffu: 11.559931 | Loss_out_diffu: 13.070837 | Acc: 98.482572 (58995/59904)
(1642994220.549323, 1642994320.256513, 99.70719003677368)
Test epoch: 4| Acc: 98.76 (9876/10000) 

Epoch: 5
Train epoch:5 	Loss_in: 0.043459 | Loss_in_diffu: 11.649224 | Loss_out_diffu: 13.177424 | Acc: 98.779714 (59173/59904)
(1642994320.9461071, 1642994420.2305593, 99.28445219993591)
Test epoch: 5| Acc: 98.78 (9878/10000) 

Epoch: 6
Train epoch:6 	Loss_in: 0.040073 | Loss_in_diffu: 11.756459 | Loss_out_diffu: 13.306708 | Acc: 98.834802 (59206/59904)
(1642994420.9351306, 1642994520.4073985, 99.47226786613464)
Test epoch: 6| Acc: 98.42 (9842/10000) 

Epoch: 7
Train epoch:7 	Loss_in: 0.036837 | Loss_in_diffu: 11.867587 | Loss_out_diffu: 13.434078 | Acc: 98.903245 (59247/59904)
(1642994521.109077, 1642994620.4912736, 99.38219666481018)
Test epoch: 7| Acc: 99.06 (9906/10000) 

Epoch: 8
Train epoch:8 	Loss_in: 0.031359 | Loss_in_diffu: 11.972735 | Loss_out_diffu: 13.563942 | Acc: 99.096888 (59363/59904)
(1642994621.1830256, 1642994720.0309985, 98.84797286987305)
Test epoch: 8| Acc: 98.97 (9897/10000) 

Epoch: 9
Train epoch:9 	Loss_in: 0.027118 | Loss_in_diffu: 12.085523 | Loss_out_diffu: 13.686436 | Acc: 99.218750 (59436/59904)
(1642994720.731933, 1642994819.5649526, 98.83301949501038)
Test epoch: 9| Acc: 99.25 (9925/10000) 

Epoch: 10
Train epoch:10 	Loss_in: 0.026727 | Loss_in_diffu: 12.202505 | Loss_out_diffu: 13.797217 | Acc: 99.202057 (59426/59904)
(1642994820.15091, 1642994918.8273895, 98.67647957801819)
Test epoch: 10| Acc: 99.24 (9924/10000) 

Epoch: 11
Train epoch:11 	Loss_in: 0.010835 | Loss_in_diffu: 12.258184 | Loss_out_diffu: 13.882584 | Acc: 99.686165 (59716/59904)
(1642994919.4194798, 1642995018.4344294, 99.0149495601654)
Test epoch: 11| Acc: 99.46 (9946/10000) 

Epoch: 12
Train epoch:12 	Loss_in: 0.007887 | Loss_in_diffu: 12.260586 | Loss_out_diffu: 13.902782 | Acc: 99.804688 (59787/59904)
(1642995019.0002844, 1642995118.5043461, 99.50406169891357)
Test epoch: 12| Acc: 99.52 (9952/10000) 

Epoch: 13
Train epoch:13 	Loss_in: 0.006728 | Loss_in_diffu: 12.264299 | Loss_out_diffu: 13.919751 | Acc: 99.816373 (59794/59904)
(1642995119.2054799, 1642995218.5271428, 99.32166290283203)
Test epoch: 13| Acc: 99.52 (9952/10000) 

Epoch: 14
Train epoch:14 	Loss_in: 0.006128 | Loss_in_diffu: 12.268276 | Loss_out_diffu: 13.940541 | Acc: 99.851429 (59815/59904)
(1642995219.2167404, 1642995318.262363, 99.04562258720398)
Test epoch: 14| Acc: 99.57 (9957/10000) 

Epoch: 15
Train epoch:15 	Loss_in: 0.005338 | Loss_in_diffu: 12.271909 | Loss_out_diffu: 13.956454 | Acc: 99.873130 (59828/59904)
(1642995318.8420658, 1642995417.7246282, 98.88256239891052)
Test epoch: 15| Acc: 99.51 (9951/10000) 

Epoch: 16
Train epoch:16 	Loss_in: 0.004740 | Loss_in_diffu: 12.275672 | Loss_out_diffu: 13.976320 | Acc: 99.884816 (59835/59904)
(1642995418.4110923, 1642995517.4171238, 99.00603151321411)
Test epoch: 16| Acc: 99.54 (9954/10000) 

Epoch: 17
Train epoch:17 	Loss_in: 0.004563 | Loss_in_diffu: 12.280284 | Loss_out_diffu: 13.995575 | Acc: 99.888154 (59837/59904)
(1642995518.1188247, 1642995617.282896, 99.16407132148743)
Test epoch: 17| Acc: 99.57 (9957/10000) 

Epoch: 18
Train epoch:18 	Loss_in: 0.003720 | Loss_in_diffu: 12.283589 | Loss_out_diffu: 14.008497 | Acc: 99.928218 (59861/59904)
(1642995617.8722842, 1642995717.333811, 99.46152687072754)
Test epoch: 18| Acc: 99.51 (9951/10000) 

Epoch: 19
Train epoch:19 	Loss_in: 0.003795 | Loss_in_diffu: 12.288376 | Loss_out_diffu: 14.029510 | Acc: 99.904848 (59847/59904)
(1642995718.0214303, 1642995817.453081, 99.43165063858032)
Test epoch: 19| Acc: 99.24 (9924/10000) 

Epoch: 20
Train epoch:20 	Loss_in: 0.003097 | Loss_in_diffu: 12.292375 | Loss_out_diffu: 14.044271 | Acc: 99.941573 (59869/59904)
(1642995818.141747, 1642995917.012797, 98.87105011940002)
Test epoch: 20| Acc: 99.49 (9949/10000) 

Epoch: 21
Train epoch:21 	Loss_in: 0.002047 | Loss_in_diffu: 12.294084 | Loss_out_diffu: 14.051227 | Acc: 99.973291 (59888/59904)
(1642995917.7234442, 1642996016.2300904, 98.50664615631104)
Test epoch: 21| Acc: 99.54 (9954/10000) 

Epoch: 22
Train epoch:22 	Loss_in: 0.001962 | Loss_in_diffu: 12.294276 | Loss_out_diffu: 14.053335 | Acc: 99.969952 (59886/59904)
(1642996016.925344, 1642996115.7535658, 98.82822179794312)
Test epoch: 22| Acc: 99.55 (9955/10000) 

Epoch: 23
Train epoch:23 	Loss_in: 0.001923 | Loss_in_diffu: 12.294976 | Loss_out_diffu: 14.055996 | Acc: 99.974960 (59889/59904)
(1642996116.4503527, 1642996215.260362, 98.81000924110413)
Test epoch: 23| Acc: 99.57 (9957/10000) 

Epoch: 24
Train epoch:24 	Loss_in: 0.001872 | Loss_in_diffu: 12.295104 | Loss_out_diffu: 14.058278 | Acc: 99.974960 (59889/59904)
(1642996215.8638346, 1642996314.3882022, 98.52436757087708)
Test epoch: 24| Acc: 99.56 (9956/10000) 

Epoch: 25
Train epoch:25 	Loss_in: 0.001819 | Loss_in_diffu: 12.295376 | Loss_out_diffu: 14.061274 | Acc: 99.981637 (59893/59904)
(1642996315.0743775, 1642996413.4465597, 98.3721821308136)
Test epoch: 25| Acc: 99.54 (9954/10000) 

Epoch: 26
Train epoch:26 	Loss_in: 0.001794 | Loss_in_diffu: 12.295621 | Loss_out_diffu: 14.063778 | Acc: 99.979968 (59892/59904)
(1642996414.1452403, 1642996512.7122512, 98.5670108795166)
Test epoch: 26| Acc: 99.51 (9951/10000) 

Epoch: 27
Train epoch:27 	Loss_in: 0.001758 | Loss_in_diffu: 12.296132 | Loss_out_diffu: 14.065798 | Acc: 99.979968 (59892/59904)
(1642996513.278493, 1642996611.7378137, 98.45932078361511)
Test epoch: 27| Acc: 99.53 (9953/10000) 

Epoch: 28
Train epoch:28 	Loss_in: 0.001727 | Loss_in_diffu: 12.296359 | Loss_out_diffu: 14.068783 | Acc: 99.978299 (59891/59904)
(1642996612.3157287, 1642996711.098204, 98.782475233078)
Test epoch: 28| Acc: 99.55 (9955/10000) 

Epoch: 29
Train epoch:29 	Loss_in: 0.001690 | Loss_in_diffu: 12.296754 | Loss_out_diffu: 14.071570 | Acc: 99.983307 (59894/59904)
(1642996711.6738365, 1642996810.5634243, 98.88958787918091)
Test epoch: 29| Acc: 99.55 (9955/10000) 

Epoch: 30
Train epoch:30 	Loss_in: 0.001660 | Loss_in_diffu: 12.296987 | Loss_out_diffu: 14.074296 | Acc: 99.984976 (59895/59904)
(1642996811.2647247, 1642996909.7405744, 98.47584962844849)
Test epoch: 30| Acc: 99.53 (9953/10000) 

Epoch: 31
Train epoch:31 	Loss_in: 0.001561 | Loss_in_diffu: 12.297281 | Loss_out_diffu: 14.076112 | Acc: 99.984976 (59895/59904)
(1642996910.441324, 1642997008.9676616, 98.52633762359619)
Test epoch: 31| Acc: 99.57 (9957/10000) 

Epoch: 32
Train epoch:32 	Loss_in: 0.001554 | Loss_in_diffu: 12.297125 | Loss_out_diffu: 14.075969 | Acc: 99.984976 (59895/59904)
(1642997009.6718485, 1642997108.483179, 98.8113305568695)
Test epoch: 32| Acc: 99.52 (9952/10000) 

Epoch: 33
Train epoch:33 	Loss_in: 0.001548 | Loss_in_diffu: 12.297349 | Loss_out_diffu: 14.076401 | Acc: 99.984976 (59895/59904)
(1642997109.1844296, 1642997208.3748748, 99.19044518470764)
Test epoch: 33| Acc: 99.52 (9952/10000) 

Epoch: 34
Train epoch:34 	Loss_in: 0.001543 | Loss_in_diffu: 12.297109 | Loss_out_diffu: 14.076808 | Acc: 99.984976 (59895/59904)
(1642997208.9552839, 1642997307.8758461, 98.92056226730347)
Test epoch: 34| Acc: 99.56 (9956/10000) 

Epoch: 35
Train epoch:35 	Loss_in: 0.001542 | Loss_in_diffu: 12.297681 | Loss_out_diffu: 14.077044 | Acc: 99.984976 (59895/59904)
(1642997308.5697932, 1642997407.6915848, 99.12179160118103)
Test epoch: 35| Acc: 99.55 (9955/10000) 

Epoch: 36
Train epoch:36 	Loss_in: 0.001528 | Loss_in_diffu: 12.297276 | Loss_out_diffu: 14.077277 | Acc: 99.984976 (59895/59904)
(1642997408.3807962, 1642997506.836, 98.45520377159119)
Test epoch: 36| Acc: 99.55 (9955/10000) 

Epoch: 37
Train epoch:37 	Loss_in: 0.001514 | Loss_in_diffu: 12.297348 | Loss_out_diffu: 14.077481 | Acc: 99.984976 (59895/59904)
(1642997507.4227865, 1642997606.2789059, 98.85611939430237)
Test epoch: 37| Acc: 99.55 (9955/10000) 

Epoch: 38
Train epoch:38 	Loss_in: 0.001439 | Loss_in_diffu: 12.297433 | Loss_out_diffu: 14.077817 | Acc: 99.986645 (59896/59904)
(1642997606.9816277, 1642997705.7833776, 98.80174994468689)
Test epoch: 38| Acc: 99.54 (9954/10000) 

Epoch: 39
Train epoch:39 	Loss_in: 0.001527 | Loss_in_diffu: 12.297572 | Loss_out_diffu: 14.077908 | Acc: 99.984976 (59895/59904)
(1642997706.486798, 1642997805.0679111, 98.58111310005188)
Test epoch: 39| Acc: 99.55 (9955/10000) 
