True
load data:  mnist
Building MNIST data loader with 1 workers
load out data:  cifar10
Building CIFAR-10 data loader with 1 workers
Files already downloaded and verified
Files already downloaded and verified
==> Building model..

Epoch: 0
Train epoch:0 	Loss_in: 0.721510 | Loss_in_diffu: 9.941476 | Loss_out_diffu: 10.055140 | Acc: 79.088542 (39481/49920)
(1643012511.9105299, 1643012595.6331656, 83.7226357460022)
Test epoch: 0| Acc: 94.25 (9425/10000) 

Epoch: 1
Train epoch:1 	Loss_in: 0.166306 | Loss_in_diffu: 9.541933 | Loss_out_diffu: 10.428316 | Acc: 94.653446 (47251/49920)
(1643012596.219339, 1643012679.7134333, 83.49409437179565)
Test epoch: 1| Acc: 95.42 (9542/10000) 

Epoch: 2
Train epoch:2 	Loss_in: 0.099416 | Loss_in_diffu: 9.572274 | Loss_out_diffu: 10.524757 | Acc: 96.692708 (48269/49920)
(1643012680.2882679, 1643012763.4355657, 83.1472978591919)
Test epoch: 2| Acc: 97.66 (9766/10000) 

Epoch: 3
Train epoch:3 	Loss_in: 0.073143 | Loss_in_diffu: 9.632932 | Loss_out_diffu: 10.592257 | Acc: 97.558093 (48701/49920)
(1643012764.006549, 1643012847.792492, 83.78594303131104)
Test epoch: 3| Acc: 98.06 (9806/10000) 

Epoch: 4
Train epoch:4 	Loss_in: 0.059894 | Loss_in_diffu: 9.700028 | Loss_out_diffu: 10.658616 | Acc: 97.908654 (48876/49920)
(1643012848.3629298, 1643012931.6130533, 83.25012350082397)
Test epoch: 4| Acc: 98.62 (9862/10000) 

Epoch: 5
Train epoch:5 	Loss_in: 0.051401 | Loss_in_diffu: 9.769726 | Loss_out_diffu: 10.745512 | Acc: 98.279247 (49061/49920)
(1643012932.2058167, 1643013015.9187064, 83.71288967132568)
Test epoch: 5| Acc: 98.92 (9892/10000) 

Epoch: 6
Train epoch:6 	Loss_in: 0.046598 | Loss_in_diffu: 9.844028 | Loss_out_diffu: 10.816520 | Acc: 98.395433 (49119/49920)
(1643013016.5071676, 1643013100.261626, 83.7544584274292)
Test epoch: 6| Acc: 98.81 (9881/10000) 

Epoch: 7
Train epoch:7 	Loss_in: 0.040568 | Loss_in_diffu: 9.917506 | Loss_out_diffu: 10.910006 | Acc: 98.561699 (49202/49920)
(1643013100.8339238, 1643013184.357659, 83.5237352848053)
Test epoch: 7| Acc: 98.81 (9881/10000) 

Epoch: 8
Train epoch:8 	Loss_in: 0.037638 | Loss_in_diffu: 9.992544 | Loss_out_diffu: 10.997114 | Acc: 98.687901 (49265/49920)
(1643013184.9454978, 1643013268.466853, 83.52135515213013)
Test epoch: 8| Acc: 98.97 (9897/10000) 

Epoch: 9
Train epoch:9 	Loss_in: 0.033040 | Loss_in_diffu: 10.072996 | Loss_out_diffu: 11.073536 | Acc: 98.842147 (49342/49920)
(1643013269.035633, 1643013352.6349266, 83.59929347038269)
Test epoch: 9| Acc: 99.15 (9915/10000) 

Epoch: 10
Train epoch:10 	Loss_in: 0.030255 | Loss_in_diffu: 10.153025 | Loss_out_diffu: 11.155259 | Acc: 98.936298 (49389/49920)
(1643013353.2189682, 1643013437.0763934, 83.85742521286011)
Test epoch: 10| Acc: 99.14 (9914/10000) 

Epoch: 11
Train epoch:11 	Loss_in: 0.013499 | Loss_in_diffu: 10.187035 | Loss_out_diffu: 11.183499 | Acc: 99.555288 (49698/49920)
(1643013437.6582236, 1643013520.9949875, 83.33676385879517)
Test epoch: 11| Acc: 99.53 (9953/10000) 

Epoch: 12
Train epoch:12 	Loss_in: 0.011636 | Loss_in_diffu: 10.188613 | Loss_out_diffu: 11.192228 | Acc: 99.621394 (49731/49920)
(1643013521.5686111, 1643013604.8673203, 83.29870915412903)
Test epoch: 12| Acc: 99.5 (9950/10000) 

Epoch: 13
Train epoch:13 	Loss_in: 0.010924 | Loss_in_diffu: 10.191770 | Loss_out_diffu: 11.199395 | Acc: 99.661458 (49751/49920)
(1643013605.437553, 1643013688.8255923, 83.38803935050964)
Test epoch: 13| Acc: 99.46 (9946/10000) 

Epoch: 14
Train epoch:14 	Loss_in: 0.010462 | Loss_in_diffu: 10.196087 | Loss_out_diffu: 11.210740 | Acc: 99.665465 (49753/49920)
(1643013689.4079711, 1643013772.9279344, 83.51996326446533)
Test epoch: 14| Acc: 99.48 (9948/10000) 

Epoch: 15
Train epoch:15 	Loss_in: 0.009520 | Loss_in_diffu: 10.200146 | Loss_out_diffu: 11.222719 | Acc: 99.671474 (49756/49920)
(1643013773.5013902, 1643013856.7283182, 83.22692799568176)
Test epoch: 15| Acc: 99.4 (9940/10000) 

Epoch: 16
Train epoch:16 	Loss_in: 0.008936 | Loss_in_diffu: 10.204820 | Loss_out_diffu: 11.233331 | Acc: 99.719551 (49780/49920)
(1643013857.2987714, 1643013940.7137938, 83.41502237319946)
Test epoch: 16| Acc: 99.34 (9934/10000) 

Epoch: 17
Train epoch:17 	Loss_in: 0.008793 | Loss_in_diffu: 10.209915 | Loss_out_diffu: 11.245297 | Acc: 99.709535 (49775/49920)
(1643013941.2854476, 1643014024.7729883, 83.48754072189331)
Test epoch: 17| Acc: 99.45 (9945/10000) 

Epoch: 18
Train epoch:18 	Loss_in: 0.007683 | Loss_in_diffu: 10.213567 | Loss_out_diffu: 11.257994 | Acc: 99.775641 (49808/49920)
(1643014025.3409557, 1643014108.6503608, 83.30940508842468)
Test epoch: 18| Acc: 99.45 (9945/10000) 

Epoch: 19
Train epoch:19 	Loss_in: 0.007905 | Loss_in_diffu: 10.218578 | Loss_out_diffu: 11.270405 | Acc: 99.731571 (49786/49920)
(1643014109.2330534, 1643014192.5396452, 83.30659174919128)
Test epoch: 19| Acc: 99.39 (9939/10000) 

Epoch: 20
Train epoch:20 	Loss_in: 0.007230 | Loss_in_diffu: 10.222908 | Loss_out_diffu: 11.279255 | Acc: 99.773638 (49807/49920)
(1643014193.1229765, 1643014276.9290082, 83.80603170394897)
Test epoch: 20| Acc: 99.46 (9946/10000) 

Epoch: 21
Train epoch:21 	Loss_in: 0.004990 | Loss_in_diffu: 10.223858 | Loss_out_diffu: 11.286134 | Acc: 99.885817 (49863/49920)
(1643014277.498069, 1643014361.203784, 83.70571494102478)
Test epoch: 21| Acc: 99.5 (9950/10000) 

Epoch: 22
Train epoch:22 	Loss_in: 0.004830 | Loss_in_diffu: 10.224630 | Loss_out_diffu: 11.287240 | Acc: 99.871795 (49856/49920)
(1643014361.7750905, 1643014445.3094587, 83.53436827659607)
Test epoch: 22| Acc: 99.42 (9942/10000) 

Epoch: 23
Train epoch:23 	Loss_in: 0.004912 | Loss_in_diffu: 10.225099 | Loss_out_diffu: 11.288644 | Acc: 99.871795 (49856/49920)
(1643014445.8837118, 1643014529.418991, 83.53527927398682)
Test epoch: 23| Acc: 99.46 (9946/10000) 

Epoch: 24
Train epoch:24 	Loss_in: 0.004628 | Loss_in_diffu: 10.225157 | Loss_out_diffu: 11.289546 | Acc: 99.871795 (49856/49920)
(1643014530.004184, 1643014613.4407327, 83.43654870986938)
Test epoch: 24| Acc: 99.41 (9941/10000) 

Epoch: 25
Train epoch:25 	Loss_in: 0.004346 | Loss_in_diffu: 10.225551 | Loss_out_diffu: 11.291755 | Acc: 99.893830 (49867/49920)
(1643014614.026465, 1643014697.6792326, 83.65276765823364)
Test epoch: 25| Acc: 99.43 (9943/10000) 

Epoch: 26
Train epoch:26 	Loss_in: 0.004545 | Loss_in_diffu: 10.226127 | Loss_out_diffu: 11.292306 | Acc: 99.883814 (49862/49920)
(1643014698.2474093, 1643014781.899778, 83.65236854553223)
Test epoch: 26| Acc: 99.44 (9944/10000) 

Epoch: 27
Train epoch:27 	Loss_in: 0.004480 | Loss_in_diffu: 10.226758 | Loss_out_diffu: 11.294552 | Acc: 99.883814 (49862/49920)
(1643014782.4837089, 1643014866.308506, 83.8247971534729)
Test epoch: 27| Acc: 99.47 (9947/10000) 

Epoch: 28
Train epoch:28 	Loss_in: 0.004444 | Loss_in_diffu: 10.227002 | Loss_out_diffu: 11.296361 | Acc: 99.881811 (49861/49920)
(1643014866.8792558, 1643014950.5487278, 83.66947197914124)
Test epoch: 28| Acc: 99.47 (9947/10000) 

Epoch: 29
Train epoch:29 	Loss_in: 0.004168 | Loss_in_diffu: 10.227240 | Loss_out_diffu: 11.298038 | Acc: 99.893830 (49867/49920)
(1643014951.1362336, 1643015034.8521357, 83.71590209007263)
Test epoch: 29| Acc: 99.44 (9944/10000) 

Epoch: 30
Train epoch:30 	Loss_in: 0.004035 | Loss_in_diffu: 10.227602 | Loss_out_diffu: 11.300207 | Acc: 99.899840 (49870/49920)
(1643015035.422614, 1643015118.8878028, 83.46518874168396)
Test epoch: 30| Acc: 99.47 (9947/10000) 

Epoch: 31
Train epoch:31 	Loss_in: 0.003882 | Loss_in_diffu: 10.227784 | Loss_out_diffu: 11.301170 | Acc: 99.911859 (49876/49920)
(1643015119.4740608, 1643015202.801602, 83.32754111289978)
Test epoch: 31| Acc: 99.44 (9944/10000) 

Epoch: 32
Train epoch:32 	Loss_in: 0.003795 | Loss_in_diffu: 10.227604 | Loss_out_diffu: 11.301194 | Acc: 99.899840 (49870/49920)
(1643015203.3723483, 1643015286.6430447, 83.27069640159607)
Test epoch: 32| Acc: 99.45 (9945/10000) 

Epoch: 33
Train epoch:33 	Loss_in: 0.003855 | Loss_in_diffu: 10.227810 | Loss_out_diffu: 11.301455 | Acc: 99.903846 (49872/49920)
(1643015287.2147326, 1643015370.7569833, 83.54225063323975)
Test epoch: 33| Acc: 99.47 (9947/10000) 

Epoch: 34
Train epoch:34 	Loss_in: 0.003759 | Loss_in_diffu: 10.227647 | Loss_out_diffu: 11.301631 | Acc: 99.909856 (49875/49920)
(1643015371.3421073, 1643015454.921887, 83.57977962493896)
Test epoch: 34| Acc: 99.44 (9944/10000) 

Epoch: 35
Train epoch:35 	Loss_in: 0.003985 | Loss_in_diffu: 10.228019 | Loss_out_diffu: 11.301820 | Acc: 99.901843 (49871/49920)
(1643015455.5056791, 1643015539.24979, 83.74411082267761)
Test epoch: 35| Acc: 99.45 (9945/10000) 

Epoch: 36
Train epoch:36 	Loss_in: 0.003979 | Loss_in_diffu: 10.227890 | Loss_out_diffu: 11.302146 | Acc: 99.899840 (49870/49920)
(1643015539.830083, 1643015623.4877324, 83.65764951705933)
Test epoch: 36| Acc: 99.48 (9948/10000) 

Epoch: 37
Train epoch:37 	Loss_in: 0.004043 | Loss_in_diffu: 10.228052 | Loss_out_diffu: 11.302471 | Acc: 99.905849 (49873/49920)
(1643015624.057575, 1643015707.592854, 83.53527903556824)
Test epoch: 37| Acc: 99.47 (9947/10000) 

Epoch: 38
Train epoch:38 	Loss_in: 0.003885 | Loss_in_diffu: 10.228055 | Loss_out_diffu: 11.302702 | Acc: 99.901843 (49871/49920)
(1643015708.1650476, 1643015791.5905044, 83.42545676231384)
Test epoch: 38| Acc: 99.48 (9948/10000) 

Epoch: 39
Train epoch:39 	Loss_in: 0.004021 | Loss_in_diffu: 10.228083 | Loss_out_diffu: 11.302741 | Acc: 99.905849 (49873/49920)
(1643015792.1756327, 1643015875.3590236, 83.18339085578918)
Test epoch: 39| Acc: 99.46 (9946/10000) 
