True
load data:  mnist
Building MNIST data loader with 1 workers
==> Building model..

Epoch: 0
Train epoch:0 	Loss_in: 0.578761 | Loss_in_diffu: 10.690241 | Loss_out_diffu: 11.067099 | Acc: 87.069311 (52158/59904)
(1639033043.0075915, 1639033144.275112, 101.26752042770386)
Test epoch: 0| Acc: 96.77 (9677/10000) 

Epoch: 1
Train epoch:1 	Loss_in: 0.090545 | Loss_in_diffu: 9.369298 | Loss_out_diffu: 10.525093 | Acc: 97.646234 (58494/59904)
(1639033144.881449, 1639033245.4728343, 100.59138536453247)
Test epoch: 1| Acc: 96.15 (9615/10000) 

Epoch: 2
Train epoch:2 	Loss_in: 0.066722 | Loss_in_diffu: 8.570545 | Loss_out_diffu: 9.871450 | Acc: 98.188769 (58819/59904)
(1639033246.1929827, 1639033346.2024336, 100.00945091247559)
Test epoch: 2| Acc: 98.67 (9867/10000) 

Epoch: 3
Train epoch:3 	Loss_in: 0.053599 | Loss_in_diffu: 7.828178 | Loss_out_diffu: 9.202389 | Acc: 98.535991 (59027/59904)
(1639033346.907757, 1639033447.029758, 100.12200093269348)
Test epoch: 3| Acc: 99.06 (9906/10000) 

Epoch: 4
Train epoch:4 	Loss_in: 0.048471 | Loss_in_diffu: 7.146968 | Loss_out_diffu: 8.552225 | Acc: 98.612780 (59073/59904)
(1639033447.6383662, 1639033547.9993663, 100.36100006103516)
Test epoch: 4| Acc: 98.83 (9883/10000) 

Epoch: 5
Train epoch:5 	Loss_in: 0.042374 | Loss_in_diffu: 6.499943 | Loss_out_diffu: 7.952635 | Acc: 98.816440 (59195/59904)
(1639033548.5899446, 1639033648.9165032, 100.3265585899353)
Test epoch: 5| Acc: 98.51 (9851/10000) 

Epoch: 6
Train epoch:6 	Loss_in: 0.035652 | Loss_in_diffu: 5.876580 | Loss_out_diffu: 7.363852 | Acc: 98.996728 (59303/59904)
(1639033649.515094, 1639033750.1068137, 100.59171962738037)
Test epoch: 6| Acc: 98.8 (9880/10000) 

Epoch: 7
Train epoch:7 	Loss_in: 0.035455 | Loss_in_diffu: 5.273269 | Loss_out_diffu: 6.790764 | Acc: 99.001736 (59306/59904)
(1639033750.828809, 1639033850.725267, 99.89645791053772)
Test epoch: 7| Acc: 98.8 (9880/10000) 

Epoch: 8
Train epoch:8 	Loss_in: 0.032231 | Loss_in_diffu: 4.688424 | Loss_out_diffu: 6.200131 | Acc: 99.095219 (59362/59904)
(1639033851.332293, 1639033951.9005597, 100.56826663017273)
Test epoch: 8| Acc: 98.29 (9829/10000) 

Epoch: 9
Train epoch:9 	Loss_in: 0.029431 | Loss_in_diffu: 4.123984 | Loss_out_diffu: 5.566418 | Acc: 99.173678 (59409/59904)
(1639033952.4972131, 1639034052.8064327, 100.30921959877014)
Test epoch: 9| Acc: 99.0 (9900/10000) 

Epoch: 10
Train epoch:10 	Loss_in: 0.024639 | Loss_in_diffu: 3.564782 | Loss_out_diffu: 5.079323 | Acc: 99.315572 (59494/59904)
(1639034053.4065442, 1639034154.514589, 101.10804486274719)
Test epoch: 10| Acc: 99.16 (9916/10000) 

Epoch: 11
Train epoch:11 	Loss_in: 0.008473 | Loss_in_diffu: 3.254686 | Loss_out_diffu: 4.835559 | Acc: 99.767962 (59765/59904)
(1639034155.230696, 1639034255.7458525, 100.51515650749207)
Test epoch: 11| Acc: 99.53 (9953/10000) 

Epoch: 12
Train epoch:12 	Loss_in: 0.006244 | Loss_in_diffu: 3.191228 | Loss_out_diffu: 4.775428 | Acc: 99.843082 (59810/59904)
(1639034256.4660006, 1639034356.9516168, 100.4856162071228)
Test epoch: 12| Acc: 99.55 (9955/10000) 

Epoch: 13
Train epoch:13 	Loss_in: 0.005636 | Loss_in_diffu: 3.129686 | Loss_out_diffu: 4.714230 | Acc: 99.866453 (59824/59904)
(1639034357.5568461, 1639034457.7222543, 100.16540813446045)
Test epoch: 13| Acc: 99.58 (9958/10000) 

Epoch: 14
Train epoch:14 	Loss_in: 0.004632 | Loss_in_diffu: 3.068994 | Loss_out_diffu: 4.661374 | Acc: 99.893162 (59840/59904)
(1639034458.430467, 1639034558.4963586, 100.0658917427063)
Test epoch: 14| Acc: 99.46 (9946/10000) 

Epoch: 15
Train epoch:15 	Loss_in: 0.004342 | Loss_in_diffu: 3.009680 | Loss_out_diffu: 4.608004 | Acc: 99.904848 (59847/59904)
(1639034559.0935326, 1639034658.97922, 99.8856873512268)
Test epoch: 15| Acc: 99.54 (9954/10000) 

Epoch: 16
Train epoch:16 	Loss_in: 0.003865 | Loss_in_diffu: 2.951269 | Loss_out_diffu: 4.556329 | Acc: 99.918202 (59855/59904)
(1639034659.6996734, 1639034760.0458894, 100.34621596336365)
Test epoch: 16| Acc: 99.54 (9954/10000) 

Epoch: 17
Train epoch:17 	Loss_in: 0.003405 | Loss_in_diffu: 2.893250 | Loss_out_diffu: 4.505600 | Acc: 99.928218 (59861/59904)
(1639034760.7659082, 1639034861.3486123, 100.58270406723022)
Test epoch: 17| Acc: 99.49 (9949/10000) 

Epoch: 18
Train epoch:18 	Loss_in: 0.003357 | Loss_in_diffu: 2.836210 | Loss_out_diffu: 4.453039 | Acc: 99.921541 (59857/59904)
(1639034862.068306, 1639034962.9514492, 100.88314318656921)
Test epoch: 18| Acc: 99.47 (9947/10000) 

Epoch: 19
Train epoch:19 	Loss_in: 0.003785 | Loss_in_diffu: 2.780769 | Loss_out_diffu: 4.401391 | Acc: 99.896501 (59842/59904)
(1639034963.661943, 1639035063.639635, 99.97769212722778)
Test epoch: 19| Acc: 99.47 (9947/10000) 

Epoch: 20
Train epoch:20 	Loss_in: 0.003160 | Loss_in_diffu: 2.725547 | Loss_out_diffu: 4.354911 | Acc: 99.928218 (59861/59904)
(1639035064.2358267, 1639035165.1543114, 100.91848468780518)
Test epoch: 20| Acc: 99.47 (9947/10000) 

Epoch: 21
Train epoch:21 	Loss_in: 0.001947 | Loss_in_diffu: 2.695135 | Loss_out_diffu: 4.332202 | Acc: 99.961605 (59881/59904)
(1639035165.8613188, 1639035266.25602, 100.3947012424469)
Test epoch: 21| Acc: 99.55 (9955/10000) 

Epoch: 22
Train epoch:22 	Loss_in: 0.001886 | Loss_in_diffu: 2.688974 | Loss_out_diffu: 4.326914 | Acc: 99.969952 (59886/59904)
(1639035266.8515048, 1639035366.7835717, 99.93206691741943)
Test epoch: 22| Acc: 99.52 (9952/10000) 

Epoch: 23
Train epoch:23 	Loss_in: 0.001729 | Loss_in_diffu: 2.683516 | Loss_out_diffu: 4.321214 | Acc: 99.971621 (59887/59904)
(1639035367.503947, 1639035468.0504682, 100.54652118682861)
Test epoch: 23| Acc: 99.56 (9956/10000) 

Epoch: 24
Train epoch:24 	Loss_in: 0.001678 | Loss_in_diffu: 2.677196 | Loss_out_diffu: 4.316127 | Acc: 99.979968 (59892/59904)
(1639035468.7713525, 1639035569.3917537, 100.62040114402771)
Test epoch: 24| Acc: 99.5 (9950/10000) 

Epoch: 25
Train epoch:25 	Loss_in: 0.001752 | Loss_in_diffu: 2.671610 | Loss_out_diffu: 4.310023 | Acc: 99.973291 (59888/59904)
(1639035570.1009402, 1639035670.1400862, 100.03914594650269)
Test epoch: 25| Acc: 99.52 (9952/10000) 

Epoch: 26
Train epoch:26 	Loss_in: 0.001638 | Loss_in_diffu: 2.665448 | Loss_out_diffu: 4.304290 | Acc: 99.976629 (59890/59904)
(1639035670.8543808, 1639035771.3396614, 100.48528051376343)
Test epoch: 26| Acc: 99.55 (9955/10000) 

Epoch: 27
Train epoch:27 	Loss_in: 0.001559 | Loss_in_diffu: 2.659969 | Loss_out_diffu: 4.300131 | Acc: 99.976629 (59890/59904)
(1639035772.0589085, 1639035872.8136833, 100.75477480888367)
Test epoch: 27| Acc: 99.55 (9955/10000) 

Epoch: 28
Train epoch:28 	Loss_in: 0.001518 | Loss_in_diffu: 2.654034 | Loss_out_diffu: 4.294458 | Acc: 99.978299 (59891/59904)
(1639035873.4194622, 1639035974.104094, 100.68463182449341)
Test epoch: 28| Acc: 99.49 (9949/10000) 

Epoch: 29
Train epoch:29 	Loss_in: 0.001486 | Loss_in_diffu: 2.648301 | Loss_out_diffu: 4.288749 | Acc: 99.978299 (59891/59904)
(1639035974.705006, 1639036075.1567402, 100.4517343044281)
Test epoch: 29| Acc: 99.52 (9952/10000) 

Epoch: 30
Train epoch:30 	Loss_in: 0.001467 | Loss_in_diffu: 2.642518 | Loss_out_diffu: 4.284024 | Acc: 99.981637 (59893/59904)
(1639036075.7555764, 1639036176.2384455, 100.4828691482544)
Test epoch: 30| Acc: 99.5 (9950/10000) 

Epoch: 31
Train epoch:31 	Loss_in: 0.001390 | Loss_in_diffu: 2.639188 | Loss_out_diffu: 4.280174 | Acc: 99.978299 (59891/59904)
(1639036176.823268, 1639036277.0379045, 100.21463656425476)
Test epoch: 31| Acc: 99.51 (9951/10000) 

Epoch: 32
Train epoch:32 	Loss_in: 0.001355 | Loss_in_diffu: 2.638938 | Loss_out_diffu: 4.280354 | Acc: 99.983307 (59894/59904)
(1639036277.6364326, 1639036377.4970794, 99.86064672470093)
Test epoch: 32| Acc: 99.53 (9953/10000) 

Epoch: 33
Train epoch:33 	Loss_in: 0.001358 | Loss_in_diffu: 2.638182 | Loss_out_diffu: 4.279752 | Acc: 99.981637 (59893/59904)
(1639036378.1056361, 1639036479.2236176, 101.11798143386841)
Test epoch: 33| Acc: 99.53 (9953/10000) 

Epoch: 34
Train epoch:34 	Loss_in: 0.001459 | Loss_in_diffu: 2.637520 | Loss_out_diffu: 4.279180 | Acc: 99.979968 (59892/59904)
(1639036479.9437265, 1639036579.7613926, 99.81766605377197)
Test epoch: 34| Acc: 99.56 (9956/10000) 

Epoch: 35
Train epoch:35 	Loss_in: 0.001355 | Loss_in_diffu: 2.637136 | Loss_out_diffu: 4.278742 | Acc: 99.983307 (59894/59904)
(1639036580.467361, 1639036680.3643575, 99.89699649810791)
Test epoch: 35| Acc: 99.52 (9952/10000) 

Epoch: 36
Train epoch:36 	Loss_in: 0.001339 | Loss_in_diffu: 2.636349 | Loss_out_diffu: 4.278274 | Acc: 99.981637 (59893/59904)
(1639036680.9620328, 1639036781.3805099, 100.41847705841064)
Test epoch: 36| Acc: 99.48 (9948/10000) 

Epoch: 37
Train epoch:37 	Loss_in: 0.001353 | Loss_in_diffu: 2.635453 | Loss_out_diffu: 4.277540 | Acc: 99.983307 (59894/59904)
(1639036782.0976596, 1639036883.1671214, 101.06946182250977)
Test epoch: 37| Acc: 99.56 (9956/10000) 

Epoch: 38
Train epoch:38 	Loss_in: 0.001279 | Loss_in_diffu: 2.634958 | Loss_out_diffu: 4.277454 | Acc: 99.983307 (59894/59904)
(1639036883.8875144, 1639036984.5627484, 100.67523407936096)
Test epoch: 38| Acc: 99.53 (9953/10000) 

Epoch: 39
Train epoch:39 	Loss_in: 0.001320 | Loss_in_diffu: 2.634525 | Loss_out_diffu: 4.277116 | Acc: 99.984976 (59895/59904)
(1639036985.284335, 1639037085.0695782, 99.78524327278137)
Test epoch: 39| Acc: 99.53 (9953/10000) 
