True
load data:  mnist
Building MNIST data loader with 1 workers
load out data:  cifar10
Building CIFAR-10 data loader with 1 workers
Files already downloaded and verified
Files already downloaded and verified
==> Building model..

Epoch: 0
Train epoch:0 	Loss_in: 0.709951 | Loss_in_diffu: 9.928130 | Loss_out_diffu: 10.041913 | Acc: 79.787660 (39830/49920)
(1643007851.7616067, 1643007934.8951783, 83.13357162475586)
Test epoch: 0| Acc: 93.88 (9388/10000) 

Epoch: 1
Train epoch:1 	Loss_in: 0.195017 | Loss_in_diffu: 9.584413 | Loss_out_diffu: 10.385254 | Acc: 93.848157 (46849/49920)
(1643007935.4893599, 1643008018.9939163, 83.50455641746521)
Test epoch: 1| Acc: 95.13 (9513/10000) 

Epoch: 2
Train epoch:2 	Loss_in: 0.105268 | Loss_in_diffu: 9.612276 | Loss_out_diffu: 10.536082 | Acc: 96.566506 (48206/49920)
(1643008019.6941855, 1643008103.2743278, 83.58014225959778)
Test epoch: 2| Acc: 97.79 (9779/10000) 

Epoch: 3
Train epoch:3 	Loss_in: 0.076575 | Loss_in_diffu: 9.668434 | Loss_out_diffu: 10.614033 | Acc: 97.435897 (48640/49920)
(1643008103.9738998, 1643008187.441955, 83.4680552482605)
Test epoch: 3| Acc: 97.56 (9756/10000) 

Epoch: 4
Train epoch:4 	Loss_in: 0.062744 | Loss_in_diffu: 9.734761 | Loss_out_diffu: 10.675059 | Acc: 97.802484 (48823/49920)
(1643008188.1429598, 1643008271.3908331, 83.24787330627441)
Test epoch: 4| Acc: 98.58 (9858/10000) 

Epoch: 5
Train epoch:5 	Loss_in: 0.055359 | Loss_in_diffu: 9.804648 | Loss_out_diffu: 10.745463 | Acc: 98.084936 (48964/49920)
(1643008272.1041718, 1643008355.4253073, 83.32113552093506)
Test epoch: 5| Acc: 98.73 (9873/10000) 

Epoch: 6
Train epoch:6 	Loss_in: 0.047409 | Loss_in_diffu: 9.877460 | Loss_out_diffu: 10.812461 | Acc: 98.351362 (49097/49920)
(1643008356.1387868, 1643008439.5754483, 83.4366614818573)
Test epoch: 6| Acc: 97.13 (9713/10000) 

Epoch: 7
Train epoch:7 	Loss_in: 0.042288 | Loss_in_diffu: 9.950730 | Loss_out_diffu: 10.888806 | Acc: 98.493590 (49168/49920)
(1643008440.1854053, 1643008523.0524688, 82.86706352233887)
Test epoch: 7| Acc: 98.9 (9890/10000) 

Epoch: 8
Train epoch:8 	Loss_in: 0.039733 | Loss_in_diffu: 10.034307 | Loss_out_diffu: 10.963447 | Acc: 98.579728 (49211/49920)
(1643008523.7657948, 1643008607.0890207, 83.32322597503662)
Test epoch: 8| Acc: 98.23 (9823/10000) 

Epoch: 9
Train epoch:9 	Loss_in: 0.034395 | Loss_in_diffu: 10.117066 | Loss_out_diffu: 11.052200 | Acc: 98.790064 (49316/49920)
(1643008607.8025396, 1643008691.010594, 83.20805430412292)
Test epoch: 9| Acc: 98.7 (9870/10000) 

Epoch: 10
Train epoch:10 	Loss_in: 0.032362 | Loss_in_diffu: 10.200697 | Loss_out_diffu: 11.127522 | Acc: 98.862179 (49352/49920)
(1643008691.7253108, 1643008774.7463129, 83.02100205421448)
Test epoch: 10| Acc: 99.11 (9911/10000) 

Epoch: 11
Train epoch:11 	Loss_in: 0.013975 | Loss_in_diffu: 10.235197 | Loss_out_diffu: 11.172840 | Acc: 99.527244 (49684/49920)
(1643008775.457443, 1643008858.6330314, 83.1755883693695)
Test epoch: 11| Acc: 99.41 (9941/10000) 

Epoch: 12
Train epoch:12 	Loss_in: 0.012045 | Loss_in_diffu: 10.237339 | Loss_out_diffu: 11.184725 | Acc: 99.603365 (49722/49920)
(1643008859.3337557, 1643008942.4316716, 83.09791588783264)
Test epoch: 12| Acc: 99.42 (9942/10000) 

Epoch: 13
Train epoch:13 	Loss_in: 0.011497 | Loss_in_diffu: 10.240708 | Loss_out_diffu: 11.192754 | Acc: 99.637420 (49739/49920)
(1643008943.0980837, 1643009026.2834258, 83.18534207344055)
Test epoch: 13| Acc: 99.37 (9937/10000) 

Epoch: 14
Train epoch:14 	Loss_in: 0.011349 | Loss_in_diffu: 10.245012 | Loss_out_diffu: 11.205442 | Acc: 99.635417 (49738/49920)
(1643009026.8659298, 1643009110.1654646, 83.29953479766846)
Test epoch: 14| Acc: 99.33 (9933/10000) 

Epoch: 15
Train epoch:15 	Loss_in: 0.009829 | Loss_in_diffu: 10.248115 | Loss_out_diffu: 11.217669 | Acc: 99.669471 (49755/49920)
(1643009110.8782122, 1643009193.9345663, 83.05635404586792)
Test epoch: 15| Acc: 99.37 (9937/10000) 

Epoch: 16
Train epoch:16 	Loss_in: 0.009713 | Loss_in_diffu: 10.252304 | Loss_out_diffu: 11.228647 | Acc: 99.689503 (49765/49920)
(1643009194.5181415, 1643009277.5811753, 83.06303381919861)
Test epoch: 16| Acc: 99.23 (9923/10000) 

Epoch: 17
Train epoch:17 	Loss_in: 0.009557 | Loss_in_diffu: 10.256540 | Loss_out_diffu: 11.239960 | Acc: 99.657452 (49749/49920)
(1643009278.2923222, 1643009361.416917, 83.1245949268341)
Test epoch: 17| Acc: 99.37 (9937/10000) 

Epoch: 18
Train epoch:18 	Loss_in: 0.008397 | Loss_in_diffu: 10.259928 | Loss_out_diffu: 11.251083 | Acc: 99.691506 (49766/49920)
(1643009362.131761, 1643009445.1783602, 83.04659914970398)
Test epoch: 18| Acc: 99.23 (9923/10000) 

Epoch: 19
Train epoch:19 	Loss_in: 0.008191 | Loss_in_diffu: 10.263920 | Loss_out_diffu: 11.262217 | Acc: 99.733574 (49787/49920)
(1643009445.7665286, 1643009528.9858563, 83.21932768821716)
Test epoch: 19| Acc: 99.31 (9931/10000) 

Epoch: 20
Train epoch:20 	Loss_in: 0.007548 | Loss_in_diffu: 10.267312 | Loss_out_diffu: 11.269847 | Acc: 99.773638 (49807/49920)
(1643009529.688571, 1643009612.958848, 83.27027702331543)
Test epoch: 20| Acc: 99.46 (9946/10000) 

Epoch: 21
Train epoch:21 	Loss_in: 0.005483 | Loss_in_diffu: 10.267907 | Loss_out_diffu: 11.278185 | Acc: 99.859776 (49850/49920)
(1643009613.5608938, 1643009696.5868702, 83.02597641944885)
Test epoch: 21| Acc: 99.43 (9943/10000) 

Epoch: 22
Train epoch:22 	Loss_in: 0.005103 | Loss_in_diffu: 10.268284 | Loss_out_diffu: 11.279377 | Acc: 99.869792 (49855/49920)
(1643009697.2881896, 1643009780.4340405, 83.14585089683533)
Test epoch: 22| Acc: 99.4 (9940/10000) 

Epoch: 23
Train epoch:23 	Loss_in: 0.005245 | Loss_in_diffu: 10.268719 | Loss_out_diffu: 11.280497 | Acc: 99.861779 (49851/49920)
(1643009781.1334023, 1643009864.3677528, 83.23435044288635)
Test epoch: 23| Acc: 99.4 (9940/10000) 

Epoch: 24
Train epoch:24 	Loss_in: 0.004841 | Loss_in_diffu: 10.268516 | Loss_out_diffu: 11.280869 | Acc: 99.883814 (49862/49920)
(1643009865.0685885, 1643009948.445181, 83.37659239768982)
Test epoch: 24| Acc: 99.39 (9939/10000) 

Epoch: 25
Train epoch:25 	Loss_in: 0.004675 | Loss_in_diffu: 10.268923 | Loss_out_diffu: 11.282765 | Acc: 99.879808 (49860/49920)
(1643009949.1464198, 1643010032.4650373, 83.31861758232117)
Test epoch: 25| Acc: 99.42 (9942/10000) 

Epoch: 26
Train epoch:26 	Loss_in: 0.004791 | Loss_in_diffu: 10.269327 | Loss_out_diffu: 11.283371 | Acc: 99.877804 (49859/49920)
(1643010033.0628998, 1643010116.1179595, 83.05505967140198)
Test epoch: 26| Acc: 99.41 (9941/10000) 

Epoch: 27
Train epoch:27 	Loss_in: 0.004696 | Loss_in_diffu: 10.269842 | Loss_out_diffu: 11.285293 | Acc: 99.879808 (49860/49920)
(1643010116.8163087, 1643010200.1183836, 83.3020749092102)
Test epoch: 27| Acc: 99.4 (9940/10000) 

Epoch: 28
Train epoch:28 	Loss_in: 0.004640 | Loss_in_diffu: 10.269997 | Loss_out_diffu: 11.286817 | Acc: 99.889824 (49865/49920)
(1643010200.8450603, 1643010283.9787304, 83.13367009162903)
Test epoch: 28| Acc: 99.35 (9935/10000) 

Epoch: 29
Train epoch:29 	Loss_in: 0.004486 | Loss_in_diffu: 10.270215 | Loss_out_diffu: 11.287958 | Acc: 99.889824 (49865/49920)
(1643010284.5783868, 1643010367.4660099, 82.88762307167053)
Test epoch: 29| Acc: 99.39 (9939/10000) 

Epoch: 30
Train epoch:30 	Loss_in: 0.004299 | Loss_in_diffu: 10.270425 | Loss_out_diffu: 11.289845 | Acc: 99.889824 (49865/49920)
(1643010368.163237, 1643010451.097573, 82.93433594703674)
Test epoch: 30| Acc: 99.42 (9942/10000) 

Epoch: 31
Train epoch:31 	Loss_in: 0.004076 | Loss_in_diffu: 10.270489 | Loss_out_diffu: 11.290421 | Acc: 99.899840 (49870/49920)
(1643010451.7974484, 1643010535.1255243, 83.3280758857727)
Test epoch: 31| Acc: 99.38 (9938/10000) 

Epoch: 32
Train epoch:32 	Loss_in: 0.003978 | Loss_in_diffu: 10.270312 | Loss_out_diffu: 11.290510 | Acc: 99.893830 (49867/49920)
(1643010535.8256593, 1643010618.9704714, 83.14481210708618)
Test epoch: 32| Acc: 99.38 (9938/10000) 

Epoch: 33
Train epoch:33 	Loss_in: 0.004041 | Loss_in_diffu: 10.270501 | Loss_out_diffu: 11.290612 | Acc: 99.903846 (49872/49920)
(1643010619.5747418, 1643010703.0914826, 83.5167407989502)
Test epoch: 33| Acc: 99.38 (9938/10000) 

Epoch: 34
Train epoch:34 	Loss_in: 0.004001 | Loss_in_diffu: 10.270392 | Loss_out_diffu: 11.290923 | Acc: 99.901843 (49871/49920)
(1643010703.7929049, 1643010786.9388857, 83.14598083496094)
Test epoch: 34| Acc: 99.36 (9936/10000) 

Epoch: 35
Train epoch:35 	Loss_in: 0.004128 | Loss_in_diffu: 10.270650 | Loss_out_diffu: 11.291054 | Acc: 99.903846 (49872/49920)
(1643010787.6385324, 1643010870.5125213, 82.87398886680603)
Test epoch: 35| Acc: 99.39 (9939/10000) 

Epoch: 36
Train epoch:36 	Loss_in: 0.004255 | Loss_in_diffu: 10.270653 | Loss_out_diffu: 11.291444 | Acc: 99.895833 (49868/49920)
(1643010871.2119367, 1643010954.8218462, 83.60990953445435)
Test epoch: 36| Acc: 99.36 (9936/10000) 

Epoch: 37
Train epoch:37 	Loss_in: 0.004249 | Loss_in_diffu: 10.270694 | Loss_out_diffu: 11.291731 | Acc: 99.897837 (49869/49920)
(1643010955.522225, 1643011038.7399611, 83.21773624420166)
Test epoch: 37| Acc: 99.36 (9936/10000) 

Epoch: 38
Train epoch:38 	Loss_in: 0.004050 | Loss_in_diffu: 10.270694 | Loss_out_diffu: 11.291865 | Acc: 99.899840 (49870/49920)
(1643011039.3190901, 1643011122.416337, 83.09724688529968)
Test epoch: 38| Acc: 99.4 (9940/10000) 

Epoch: 39
Train epoch:39 	Loss_in: 0.004207 | Loss_in_diffu: 10.270724 | Loss_out_diffu: 11.291858 | Acc: 99.897837 (49869/49920)
(1643011123.1302478, 1643011206.400182, 83.26993417739868)
Test epoch: 39| Acc: 99.4 (9940/10000) 
