True
load data:  svhn
Building SVHN data loader with 1 workers
Using downloaded and verified file: /home/ssy/BDNN/data/svhn/train_32x32.mat
Using downloaded and verified file: /home/ssy/BDNN/data/svhn/test_32x32.mat
==> Building model..

Epoch: 0
Train epoch:0 	Loss_in: 1.316208 | Loss_in_diffu: 12.377427 | Loss_out_diffu: 12.055305 | Acc: 56.840035 (41616/73216)
(1643132816.3364928, 1643132940.1713872, 123.83489441871643)
Test epoch: 0| Acc: 80.60344827586206 (20944/25984) 

Epoch: 1
Train epoch:1 	Loss_in: 0.534297 | Loss_in_diffu: 11.869192 | Loss_out_diffu: 12.638516 | Acc: 84.395487 (61791/73216)
(1643132943.2225173, 1643133066.9519155, 123.72939825057983)
Test epoch: 1| Acc: 88.79310344827586 (23072/25984) 

Epoch: 2
Train epoch:2 	Loss_in: 0.389771 | Loss_in_diffu: 11.868042 | Loss_out_diffu: 12.864773 | Acc: 88.547585 (64831/73216)
(1643133070.1472278, 1643133194.4826703, 124.33544254302979)
Test epoch: 2| Acc: 88.98937807881774 (23123/25984) 

Epoch: 3
Train epoch:3 	Loss_in: 0.329885 | Loss_in_diffu: 11.931664 | Loss_out_diffu: 13.004920 | Acc: 90.368226 (66164/73216)
(1643133197.555171, 1643133321.8173969, 124.26222586631775)
Test epoch: 3| Acc: 91.05603448275862 (23660/25984) 

Epoch: 4
Train epoch:4 	Loss_in: 0.296479 | Loss_in_diffu: 12.030609 | Loss_out_diffu: 13.154715 | Acc: 91.279229 (66831/73216)
(1643133325.010358, 1643133448.8732324, 123.86287426948547)
Test epoch: 4| Acc: 91.12145935960591 (23677/25984) 

Epoch: 5
Train epoch:5 	Loss_in: 0.270526 | Loss_in_diffu: 12.141020 | Loss_out_diffu: 13.272456 | Acc: 92.143794 (67464/73216)
(1643133452.046635, 1643133575.8313336, 123.7846987247467)
Test epoch: 5| Acc: 92.54541256157636 (24047/25984) 

Epoch: 6
Train epoch:6 	Loss_in: 0.250956 | Loss_in_diffu: 12.258630 | Loss_out_diffu: 13.458667 | Acc: 92.748853 (67907/73216)
(1643133578.8757641, 1643133702.707818, 123.83205389976501)
Test epoch: 6| Acc: 93.44596674876847 (24281/25984) 

Epoch: 7
