True
load data:  mnist
Building MNIST data loader with 1 workers
==> Building model..

Epoch: 0
Train epoch:0 	Loss_in: 0.936366 | Loss_in_diffu: 11.257658 | Loss_out_diffu: 0.000000 | Acc: 76.211939 (45654/59904)
(1642934369.2035475, 1642934427.281404, 58.07785654067993)
Test epoch: 0| Acc: 93.86 (9386/10000) 

Epoch: 1
Train epoch:1 	Loss_in: 0.166382 | Loss_in_diffu: 9.845249 | Loss_out_diffu: 0.000000 | Acc: 95.612981 (57276/59904)
(1642934427.8774936, 1642934485.642352, 57.76485848426819)
Test epoch: 1| Acc: 97.35 (9735/10000) 

Epoch: 2
Train epoch:2 	Loss_in: 0.098997 | Loss_in_diffu: 9.181985 | Loss_out_diffu: 0.000000 | Acc: 97.195513 (58224/59904)
(1642934486.2281587, 1642934543.5482585, 57.32009983062744)
Test epoch: 2| Acc: 98.34 (9834/10000) 

Epoch: 3
Train epoch:3 	Loss_in: 0.069678 | Loss_in_diffu: 8.593080 | Loss_out_diffu: 0.000000 | Acc: 98.023504 (58720/59904)
(1642934544.1414292, 1642934601.3512306, 57.20980143547058)
Test epoch: 3| Acc: 98.35 (9835/10000) 

Epoch: 4
Train epoch:4 	Loss_in: 0.060747 | Loss_in_diffu: 8.053158 | Loss_out_diffu: 0.000000 | Acc: 98.220486 (58838/59904)
(1642934602.0467649, 1642934659.9007244, 57.85395956039429)
Test epoch: 4| Acc: 98.03 (9803/10000) 

Epoch: 5
Train epoch:5 	Loss_in: 0.052196 | Loss_in_diffu: 7.540005 | Loss_out_diffu: 0.000000 | Acc: 98.459201 (58981/59904)
(1642934660.4972687, 1642934717.8912818, 57.39401316642761)
Test epoch: 5| Acc: 98.67 (9867/10000) 

Epoch: 6
Train epoch:6 	Loss_in: 0.049016 | Loss_in_diffu: 7.049466 | Loss_out_diffu: 0.000000 | Acc: 98.552684 (59037/59904)
(1642934718.5806968, 1642934776.0371428, 57.456445932388306)
Test epoch: 6| Acc: 97.73 (9773/10000) 

Epoch: 7
Train epoch:7 	Loss_in: 0.043523 | Loss_in_diffu: 6.575245 | Loss_out_diffu: 0.000000 | Acc: 98.727965 (59142/59904)
(1642934776.6475906, 1642934834.0011106, 57.353519916534424)
Test epoch: 7| Acc: 97.68 (9768/10000) 

Epoch: 8
Train epoch:8 	Loss_in: 0.037921 | Loss_in_diffu: 6.113370 | Loss_out_diffu: 0.000000 | Acc: 98.884882 (59236/59904)
(1642934834.5805027, 1642934892.0580232, 57.47752046585083)
Test epoch: 8| Acc: 97.92 (9792/10000) 

Epoch: 9
Train epoch:9 	Loss_in: 0.033468 | Loss_in_diffu: 5.659395 | Loss_out_diffu: 0.000000 | Acc: 98.975027 (59290/59904)
(1642934892.652148, 1642934949.867519, 57.215370893478394)
Test epoch: 9| Acc: 98.83 (9883/10000) 

Epoch: 10
Train epoch:10 	Loss_in: 0.032821 | Loss_in_diffu: 5.220024 | Loss_out_diffu: 0.000000 | Acc: 99.015091 (59314/59904)
(1642934950.5745442, 1642935008.1686554, 57.59411120414734)
Test epoch: 10| Acc: 99.02 (9902/10000) 

Epoch: 11
Train epoch:11 	Loss_in: 0.012006 | Loss_in_diffu: 4.967675 | Loss_out_diffu: 0.000000 | Acc: 99.666132 (59704/59904)
(1642935008.7749772, 1642935066.0906024, 57.31562519073486)
Test epoch: 11| Acc: 99.5 (9950/10000) 

Epoch: 12
Train epoch:12 	Loss_in: 0.008940 | Loss_in_diffu: 4.918098 | Loss_out_diffu: 0.000000 | Acc: 99.776309 (59770/59904)
(1642935066.7925756, 1642935124.1160855, 57.32350993156433)
Test epoch: 12| Acc: 99.57 (9957/10000) 

Epoch: 13
Train epoch:13 	Loss_in: 0.008097 | Loss_in_diffu: 4.868440 | Loss_out_diffu: 0.000000 | Acc: 99.789663 (59778/59904)
(1642935124.7007406, 1642935181.9734826, 57.27274203300476)
Test epoch: 13| Acc: 99.4 (9940/10000) 

Epoch: 14
Train epoch:14 	Loss_in: 0.007075 | Loss_in_diffu: 4.818226 | Loss_out_diffu: 0.000000 | Acc: 99.831397 (59803/59904)
(1642935182.568418, 1642935240.0806074, 57.51218938827515)
Test epoch: 14| Acc: 99.4 (9940/10000) 

Epoch: 15
Train epoch:15 	Loss_in: 0.006985 | Loss_in_diffu: 4.768151 | Loss_out_diffu: 0.000000 | Acc: 99.801349 (59785/59904)
(1642935240.6667545, 1642935298.2004185, 57.5336639881134)
Test epoch: 15| Acc: 99.52 (9952/10000) 

Epoch: 16
Train epoch:16 	Loss_in: 0.006106 | Loss_in_diffu: 4.717474 | Loss_out_diffu: 0.000000 | Acc: 99.853098 (59816/59904)
(1642935298.792276, 1642935356.354915, 57.562638998031616)
Test epoch: 16| Acc: 99.55 (9955/10000) 

Epoch: 17
Train epoch:17 	Loss_in: 0.005173 | Loss_in_diffu: 4.665994 | Loss_out_diffu: 0.000000 | Acc: 99.883146 (59834/59904)
(1642935356.9396498, 1642935414.2917743, 57.35212445259094)
Test epoch: 17| Acc: 99.47 (9947/10000) 

Epoch: 18
Train epoch:18 	Loss_in: 0.004995 | Loss_in_diffu: 4.615689 | Loss_out_diffu: 0.000000 | Acc: 99.871461 (59827/59904)
(1642935414.9861388, 1642935472.1549, 57.168761253356934)
Test epoch: 18| Acc: 99.44 (9944/10000) 

Epoch: 19
Train epoch:19 	Loss_in: 0.005090 | Loss_in_diffu: 4.566406 | Loss_out_diffu: 0.000000 | Acc: 99.868122 (59825/59904)
(1642935472.7605422, 1642935529.8512938, 57.09075164794922)
Test epoch: 19| Acc: 99.41 (9941/10000) 

Epoch: 20
Train epoch:20 	Loss_in: 0.004030 | Loss_in_diffu: 4.516613 | Loss_out_diffu: 0.000000 | Acc: 99.909856 (59850/59904)
(1642935530.5408206, 1642935587.7078323, 57.167011737823486)
Test epoch: 20| Acc: 99.37 (9937/10000) 

Epoch: 21
Train epoch:21 	Loss_in: 0.002806 | Loss_in_diffu: 4.488729 | Loss_out_diffu: 0.000000 | Acc: 99.941573 (59869/59904)
(1642935588.2999423, 1642935645.4461503, 57.14620804786682)
Test epoch: 21| Acc: 99.52 (9952/10000) 

Epoch: 22
Train epoch:22 	Loss_in: 0.002311 | Loss_in_diffu: 4.483358 | Loss_out_diffu: 0.000000 | Acc: 99.958267 (59879/59904)
(1642935646.1401308, 1642935703.4281666, 57.28803586959839)
Test epoch: 22| Acc: 99.54 (9954/10000) 

Epoch: 23
Train epoch:23 	Loss_in: 0.002283 | Loss_in_diffu: 4.478161 | Loss_out_diffu: 0.000000 | Acc: 99.961605 (59881/59904)
(1642935704.0377557, 1642935761.071567, 57.03381133079529)
Test epoch: 23| Acc: 99.54 (9954/10000) 

Epoch: 24
Train epoch:24 	Loss_in: 0.002215 | Loss_in_diffu: 4.472802 | Loss_out_diffu: 0.000000 | Acc: 99.964944 (59883/59904)
(1642935761.765413, 1642935819.3803627, 57.61494970321655)
Test epoch: 24| Acc: 99.5 (9950/10000) 

Epoch: 25
Train epoch:25 	Loss_in: 0.002095 | Loss_in_diffu: 4.467863 | Loss_out_diffu: 0.000000 | Acc: 99.961605 (59881/59904)
(1642935819.9694295, 1642935876.9071803, 56.937750816345215)
Test epoch: 25| Acc: 99.5 (9950/10000) 

Epoch: 26
Train epoch:26 	Loss_in: 0.002072 | Loss_in_diffu: 4.462294 | Loss_out_diffu: 0.000000 | Acc: 99.963275 (59882/59904)
(1642935877.5258222, 1642935934.480363, 56.954540729522705)
Test epoch: 26| Acc: 99.46 (9946/10000) 

Epoch: 27
Train epoch:27 	Loss_in: 0.001941 | Loss_in_diffu: 4.456439 | Loss_out_diffu: 0.000000 | Acc: 99.974960 (59889/59904)
(1642935935.0554717, 1642935992.224406, 57.16893434524536)
Test epoch: 27| Acc: 99.48 (9948/10000) 

Epoch: 28
Train epoch:28 	Loss_in: 0.001971 | Loss_in_diffu: 4.451354 | Loss_out_diffu: 0.000000 | Acc: 99.966613 (59884/59904)
(1642935992.8048356, 1642936050.1044958, 57.299660205841064)
Test epoch: 28| Acc: 99.42 (9942/10000) 

Epoch: 29
Train epoch:29 	Loss_in: 0.001955 | Loss_in_diffu: 4.445636 | Loss_out_diffu: 0.000000 | Acc: 99.968283 (59885/59904)
(1642936050.7089643, 1642936107.8532217, 57.14425730705261)
Test epoch: 29| Acc: 99.48 (9948/10000) 

Epoch: 30
Train epoch:30 	Loss_in: 0.001999 | Loss_in_diffu: 4.440423 | Loss_out_diffu: 0.000000 | Acc: 99.966613 (59884/59904)
(1642936108.5579948, 1642936166.0082645, 57.45026969909668)
Test epoch: 30| Acc: 99.45 (9945/10000) 

Epoch: 31
Train epoch:31 	Loss_in: 0.001767 | Loss_in_diffu: 4.436901 | Loss_out_diffu: 0.000000 | Acc: 99.971621 (59887/59904)
(1642936166.6054578, 1642936223.6174827, 57.012024879455566)
Test epoch: 31| Acc: 99.51 (9951/10000) 

Epoch: 32
Train epoch:32 	Loss_in: 0.001749 | Loss_in_diffu: 4.436651 | Loss_out_diffu: 0.000000 | Acc: 99.974960 (59889/59904)
(1642936224.3202202, 1642936281.4341967, 57.11397647857666)
Test epoch: 32| Acc: 99.5 (9950/10000) 

Epoch: 33
Train epoch:33 	Loss_in: 0.001780 | Loss_in_diffu: 4.436299 | Loss_out_diffu: 0.000000 | Acc: 99.973291 (59888/59904)
(1642936282.039905, 1642936339.2762325, 57.23632740974426)
Test epoch: 33| Acc: 99.48 (9948/10000) 

Epoch: 34
Train epoch:34 	Loss_in: 0.001744 | Loss_in_diffu: 4.435740 | Loss_out_diffu: 0.000000 | Acc: 99.976629 (59890/59904)
(1642936339.9829197, 1642936397.3874636, 57.40454387664795)
Test epoch: 34| Acc: 99.52 (9952/10000) 

Epoch: 35
Train epoch:35 	Loss_in: 0.001754 | Loss_in_diffu: 4.435051 | Loss_out_diffu: 0.000000 | Acc: 99.974960 (59889/59904)
(1642936397.9781337, 1642936455.1801803, 57.202046632766724)
Test epoch: 35| Acc: 99.47 (9947/10000) 

Epoch: 36
Train epoch:36 	Loss_in: 0.001733 | Loss_in_diffu: 4.434255 | Loss_out_diffu: 0.000000 | Acc: 99.974960 (59889/59904)
(1642936455.7645948, 1642936513.2272425, 57.462647676467896)
Test epoch: 36| Acc: 99.5 (9950/10000) 

Epoch: 37
Train epoch:37 	Loss_in: 0.001726 | Loss_in_diffu: 4.434015 | Loss_out_diffu: 0.000000 | Acc: 99.976629 (59890/59904)
(1642936513.8241017, 1642936571.2258592, 57.40175747871399)
Test epoch: 37| Acc: 99.43 (9943/10000) 

Epoch: 38
Train epoch:38 	Loss_in: 0.001719 | Loss_in_diffu: 4.433434 | Loss_out_diffu: 0.000000 | Acc: 99.976629 (59890/59904)
(1642936571.9220815, 1642936629.078724, 57.1566424369812)
Test epoch: 38| Acc: 99.49 (9949/10000) 

Epoch: 39
Train epoch:39 	Loss_in: 0.001719 | Loss_in_diffu: 4.432813 | Loss_out_diffu: 0.000000 | Acc: 99.973291 (59888/59904)
(1642936629.688888, 1642936687.0287182, 57.33983016014099)
Test epoch: 39| Acc: 99.5 (9950/10000) 
