True
load data:  mnist
Building MNIST data loader with 1 workers
==> Building model..

Epoch: 0
Train epoch:0 	Loss_in: 0.628672 | Loss_in_diffu: 11.325338 | Loss_out_diffu: 11.719685 | Acc: 85.880743 (51446/59904)
(1679147466.0861351, 1679147740.497813, 274.4116778373718)
Test epoch: 0| Acc: 97.32 (9732/10000) 

Epoch: 1
Train epoch:1 	Loss_in: 0.109022 | Loss_in_diffu: 10.531078 | Loss_out_diffu: 11.750977 | Acc: 97.155449 (58200/59904)
(1679147741.7543488, 1679148018.9060307, 277.1516819000244)
Test epoch: 1| Acc: 98.26 (9826/10000) 

Epoch: 2
Train epoch:2 	Loss_in: 0.070731 | Loss_in_diffu: 10.175543 | Loss_out_diffu: 11.531920 | Acc: 98.046875 (58734/59904)
(1679148020.161209, 1679148292.3513029, 272.19009375572205)
Test epoch: 2| Acc: 98.43 (9843/10000) 

Epoch: 3
Train epoch:3 	Loss_in: 0.058727 | Loss_in_diffu: 9.840621 | Loss_out_diffu: 11.259765 | Acc: 98.339009 (58909/59904)
(1679148293.6087773, 1679148571.6396897, 278.030912399292)
Test epoch: 3| Acc: 98.24 (9824/10000) 

Epoch: 4
Train epoch:4 	Loss_in: 0.049976 | Loss_in_diffu: 9.524254 | Loss_out_diffu: 10.987426 | Acc: 98.581063 (59054/59904)
(1679148572.8921235, 1679148846.5797951, 273.68767166137695)
Test epoch: 4| Acc: 98.8 (9880/10000) 

Epoch: 5
Train epoch:5 	Loss_in: 0.045131 | Loss_in_diffu: 9.222968 | Loss_out_diffu: 10.713779 | Acc: 98.694578 (59122/59904)
(1679148847.816718, 1679149120.2679398, 272.45122170448303)
Test epoch: 5| Acc: 98.94 (9894/10000) 

Epoch: 6
Train epoch:6 	Loss_in: 0.038264 | Loss_in_diffu: 8.938402 | Loss_out_diffu: 10.443796 | Acc: 98.874866 (59230/59904)
(1679149121.49148, 1679149397.414295, 275.9228148460388)
Test epoch: 6| Acc: 98.89 (9889/10000) 

Epoch: 7
Train epoch:7 	Loss_in: 0.037830 | Loss_in_diffu: 8.679048 | Loss_out_diffu: 10.197981 | Acc: 98.918269 (59256/59904)
(1679149398.678598, 1679149671.869788, 273.19119000434875)
Test epoch: 7| Acc: 98.8 (9880/10000) 

Epoch: 8
Train epoch:8 	Loss_in: 0.034501 | Loss_in_diffu: 8.437953 | Loss_out_diffu: 10.133203 | Acc: 98.990051 (59299/59904)
(1679149673.1189091, 1679149951.3689306, 278.2500214576721)
Test epoch: 8| Acc: 98.55 (9855/10000) 

Epoch: 9
Train epoch:9 	Loss_in: 0.030550 | Loss_in_diffu: 8.210455 | Loss_out_diffu: 10.010608 | Acc: 99.118590 (59376/59904)
(1679149952.6142278, 1679150231.2009242, 278.5866963863373)
Test epoch: 9| Acc: 99.15 (9915/10000) 

Epoch: 10
Train epoch:10 	Loss_in: 0.030758 | Loss_in_diffu: 7.982115 | Loss_out_diffu: 9.797156 | Acc: 99.101896 (59366/59904)
(1679150232.4330797, 1679150506.974648, 274.54156827926636)
Test epoch: 10| Acc: 98.64 (9864/10000) 

Epoch: 11
Train epoch:11 	Loss_in: 0.010676 | Loss_in_diffu: 7.853308 | Loss_out_diffu: 9.686399 | Acc: 99.712874 (59732/59904)
(1679150508.236948, 1679150786.3929555, 278.15600752830505)
Test epoch: 11| Acc: 99.55 (9955/10000) 

Epoch: 12
Train epoch:12 	Loss_in: 0.007428 | Loss_in_diffu: 7.818168 | Loss_out_diffu: 9.662206 | Acc: 99.813034 (59792/59904)
(1679150787.4984055, 1679151066.0856762, 278.58727073669434)
Test epoch: 12| Acc: 99.53 (9953/10000) 

Epoch: 13
Train epoch:13 	Loss_in: 0.006879 | Loss_in_diffu: 7.782604 | Loss_out_diffu: 9.633740 | Acc: 99.831397 (59803/59904)
(1679151067.32357, 1679151340.9607196, 273.63714957237244)
Test epoch: 13| Acc: 99.51 (9951/10000) 

Epoch: 14
Train epoch:14 	Loss_in: 0.005753 | Loss_in_diffu: 7.746173 | Loss_out_diffu: 9.608025 | Acc: 99.853098 (59816/59904)
(1679151342.194981, 1679151620.7140987, 278.51911759376526)
Test epoch: 14| Acc: 99.46 (9946/10000) 

Epoch: 15
Train epoch:15 	Loss_in: 0.005771 | Loss_in_diffu: 7.711775 | Loss_out_diffu: 9.583743 | Acc: 99.846421 (59812/59904)
(1679151621.963192, 1679151895.9536574, 273.99046540260315)
Test epoch: 15| Acc: 99.41 (9941/10000) 

Epoch: 16
Train epoch:16 	Loss_in: 0.004701 | Loss_in_diffu: 7.679347 | Loss_out_diffu: 9.564964 | Acc: 99.889824 (59838/59904)
(1679151897.1965773, 1679152175.5518308, 278.35525345802307)
Test epoch: 16| Acc: 99.44 (9944/10000) 

Epoch: 17
Train epoch:17 	Loss_in: 0.004262 | Loss_in_diffu: 7.648604 | Loss_out_diffu: 9.551204 | Acc: 99.879808 (59832/59904)
(1679152176.819094, 1679152455.1671126, 278.34801864624023)
Test epoch: 17| Acc: 99.42 (9942/10000) 

Epoch: 18
Train epoch:18 	Loss_in: 0.003953 | Loss_in_diffu: 7.619002 | Loss_out_diffu: 9.532950 | Acc: 99.899840 (59844/59904)
(1679152456.421599, 1679152735.1948364, 278.77323746681213)
Test epoch: 18| Acc: 99.45 (9945/10000) 

Epoch: 19
