True
load data:  svhn
Building SVHN data loader with 1 workers
Using downloaded and verified file: /home/ssy/BDNN/data/svhn/train_32x32.mat
Using downloaded and verified file: /home/ssy/BDNN/data/svhn/test_32x32.mat
==> Building model..

Epoch: 0
Train epoch:0 	Loss_in: 1.394521 | Loss_in_diffu: 12.454513 | Loss_out_diffu: 12.056517 | Acc: 53.002076 (38806/73216)
(1643132808.764301, 1643132933.4334965, 124.66919541358948)
Test epoch: 0| Acc: 78.97937192118226 (20522/25984) 

Epoch: 1
Train epoch:1 	Loss_in: 0.588327 | Loss_in_diffu: 11.930166 | Loss_out_diffu: 12.712406 | Acc: 82.491532 (60397/73216)
(1643132936.499865, 1643133060.8885248, 124.38865971565247)
Test epoch: 1| Acc: 86.64562807881774 (22514/25984) 

Epoch: 2
Train epoch:2 	Loss_in: 0.404679 | Loss_in_diffu: 11.925177 | Loss_out_diffu: 13.008339 | Acc: 88.034036 (64455/73216)
(1643133063.9467306, 1643133188.5145707, 124.56784009933472)
Test epoch: 2| Acc: 87.5923645320197 (22760/25984) 

Epoch: 3
Train epoch:3 	Loss_in: 0.335069 | Loss_in_diffu: 11.981757 | Loss_out_diffu: 13.179019 | Acc: 90.081403 (65954/73216)
(1643133191.5543013, 1643133315.9540648, 124.39976358413696)
Test epoch: 3| Acc: 91.85267857142857 (23867/25984) 

Epoch: 4
Train epoch:4 	Loss_in: 0.303263 | Loss_in_diffu: 12.075807 | Loss_out_diffu: 13.335057 | Acc: 91.063429 (66673/73216)
(1643133318.9931104, 1643133443.8255348, 124.83242440223694)
Test epoch: 4| Acc: 92.2798645320197 (23978/25984) 

Epoch: 5
Train epoch:5 	Loss_in: 0.275672 | Loss_in_diffu: 12.168629 | Loss_out_diffu: 13.464360 | Acc: 91.959408 (67329/73216)
(1643133446.892162, 1643133571.6441216, 124.75195956230164)
Test epoch: 5| Acc: 92.42225985221675 (24015/25984) 

Epoch: 6
Train epoch:6 	Loss_in: 0.253562 | Loss_in_diffu: 12.275892 | Loss_out_diffu: 13.597252 | Acc: 92.554906 (67765/73216)
(1643133574.733664, 1643133700.0774543, 125.34379029273987)
Test epoch: 6| Acc: 92.48768472906404 (24032/25984) 

Epoch: 7
