True
load data:  mnist
Building MNIST data loader with 1 workers
load out data:  svhn
Building SVHN data loader with 1 workers
Using downloaded and verified file: /home/ssy/BDNN/data/svhn/train_32x32.mat
Using downloaded and verified file: /home/ssy/BDNN/data/svhn/test_32x32.mat
==> Building model..

Epoch: 0
Train epoch:0 	Loss_in: 0.692647 | Loss_in_diffu: 11.771845 | Loss_out_diffu: 12.158640 | Acc: 83.825788 (50215/59904)
(1642994104.7947564, 1642994205.0921192, 100.29736280441284)
Test epoch: 0| Acc: 96.69 (9669/10000) 

Epoch: 1
Train epoch:1 	Loss_in: 0.128013 | Loss_in_diffu: 11.377023 | Loss_out_diffu: 12.676567 | Acc: 96.589543 (57861/59904)
(1642994205.6960144, 1642994305.556325, 99.8603105545044)
Test epoch: 1| Acc: 97.88 (9788/10000) 

Epoch: 2
Train epoch:2 	Loss_in: 0.079756 | Loss_in_diffu: 11.437976 | Loss_out_diffu: 12.876020 | Acc: 97.824853 (58601/59904)
(1642994306.1455553, 1642994406.3396335, 100.19407820701599)
Test epoch: 2| Acc: 96.79 (9679/10000) 

Epoch: 3
Train epoch:3 	Loss_in: 0.067158 | Loss_in_diffu: 11.520165 | Loss_out_diffu: 13.012422 | Acc: 98.125334 (58781/59904)
(1642994406.942783, 1642994507.0995035, 100.15672039985657)
Test epoch: 3| Acc: 98.94 (9894/10000) 

Epoch: 4
Train epoch:4 	Loss_in: 0.057049 | Loss_in_diffu: 11.617990 | Loss_out_diffu: 13.105159 | Acc: 98.369057 (58927/59904)
(1642994507.8149858, 1642994607.7498546, 99.93486881256104)
Test epoch: 4| Acc: 98.49 (9849/10000) 

Epoch: 5
Train epoch:5 	Loss_in: 0.044500 | Loss_in_diffu: 11.713502 | Loss_out_diffu: 13.241902 | Acc: 98.737981 (59148/59904)
(1642994608.356585, 1642994708.7891223, 100.432537317276)
Test epoch: 5| Acc: 98.78 (9878/10000) 

Epoch: 6
Train epoch:6 	Loss_in: 0.041473 | Loss_in_diffu: 11.822121 | Loss_out_diffu: 13.341094 | Acc: 98.809762 (59191/59904)
(1642994709.3817644, 1642994809.4183297, 100.03656530380249)
Test epoch: 6| Acc: 98.86 (9886/10000) 

Epoch: 7
Train epoch:7 	Loss_in: 0.037268 | Loss_in_diffu: 11.932773 | Loss_out_diffu: 13.474962 | Acc: 98.893229 (59241/59904)
(1642994810.0229626, 1642994910.1171484, 100.0941858291626)
Test epoch: 7| Acc: 98.92 (9892/10000) 

Epoch: 8
Train epoch:8 	Loss_in: 0.035566 | Loss_in_diffu: 12.048836 | Loss_out_diffu: 13.583023 | Acc: 98.946648 (59273/59904)
(1642994910.822318, 1642995010.9017398, 100.07942175865173)
Test epoch: 8| Acc: 98.54 (9854/10000) 

Epoch: 9
Train epoch:9 	Loss_in: 0.028792 | Loss_in_diffu: 12.160988 | Loss_out_diffu: 13.701963 | Acc: 99.145299 (59392/59904)
(1642995011.6159277, 1642995112.1607199, 100.54479217529297)
Test epoch: 9| Acc: 99.38 (9938/10000) 

Epoch: 10
Train epoch:10 	Loss_in: 0.027661 | Loss_in_diffu: 12.279026 | Loss_out_diffu: 13.816999 | Acc: 99.218750 (59436/59904)
(1642995112.8200552, 1642995213.2231433, 100.40308809280396)
Test epoch: 10| Acc: 99.23 (9923/10000) 

Epoch: 11
Train epoch:11 	Loss_in: 0.010943 | Loss_in_diffu: 12.329636 | Loss_out_diffu: 13.902997 | Acc: 99.679487 (59712/59904)
(1642995213.8149474, 1642995314.014485, 100.19953751564026)
Test epoch: 11| Acc: 99.56 (9956/10000) 

Epoch: 12
Train epoch:12 	Loss_in: 0.008437 | Loss_in_diffu: 12.331727 | Loss_out_diffu: 13.919270 | Acc: 99.772970 (59768/59904)
(1642995314.730012, 1642995414.670951, 99.94093894958496)
Test epoch: 12| Acc: 99.53 (9953/10000) 

Epoch: 13
Train epoch:13 	Loss_in: 0.007311 | Loss_in_diffu: 12.335268 | Loss_out_diffu: 13.935232 | Acc: 99.808026 (59789/59904)
(1642995415.385873, 1642995515.6480844, 100.26221132278442)
Test epoch: 13| Acc: 99.52 (9952/10000) 

Epoch: 14
Train epoch:14 	Loss_in: 0.006794 | Loss_in_diffu: 12.339375 | Loss_out_diffu: 13.952997 | Acc: 99.813034 (59792/59904)
(1642995516.3671293, 1642995616.6250758, 100.25794649124146)
Test epoch: 14| Acc: 99.42 (9942/10000) 

Epoch: 15
Train epoch:15 	Loss_in: 0.005833 | Loss_in_diffu: 12.343248 | Loss_out_diffu: 13.969156 | Acc: 99.843082 (59810/59904)
(1642995617.228673, 1642995717.60633, 100.37765693664551)
Test epoch: 15| Acc: 99.49 (9949/10000) 

Epoch: 16
Train epoch:16 	Loss_in: 0.005137 | Loss_in_diffu: 12.347361 | Loss_out_diffu: 13.990041 | Acc: 99.878138 (59831/59904)
(1642995718.207895, 1642995818.5901604, 100.38226532936096)
Test epoch: 16| Acc: 99.43 (9943/10000) 

Epoch: 17
Train epoch:17 	Loss_in: 0.004745 | Loss_in_diffu: 12.352343 | Loss_out_diffu: 14.012305 | Acc: 99.889824 (59838/59904)
(1642995819.1777897, 1642995919.2855973, 100.10780763626099)
Test epoch: 17| Acc: 99.46 (9946/10000) 

Epoch: 18
Train epoch:18 	Loss_in: 0.004471 | Loss_in_diffu: 12.356651 | Loss_out_diffu: 14.026970 | Acc: 99.888154 (59837/59904)
(1642995919.8893504, 1642996020.0085745, 100.11922407150269)
Test epoch: 18| Acc: 99.44 (9944/10000) 

Epoch: 19
Train epoch:19 	Loss_in: 0.003995 | Loss_in_diffu: 12.361261 | Loss_out_diffu: 14.047768 | Acc: 99.901509 (59845/59904)
(1642996020.6020956, 1642996121.1475523, 100.54545664787292)
Test epoch: 19| Acc: 99.36 (9936/10000) 

Epoch: 20
Train epoch:20 	Loss_in: 0.003674 | Loss_in_diffu: 12.365970 | Loss_out_diffu: 14.066532 | Acc: 99.926549 (59860/59904)
(1642996121.740988, 1642996222.3387043, 100.59771633148193)
Test epoch: 20| Acc: 99.26 (9926/10000) 

Epoch: 21
Train epoch:21 	Loss_in: 0.002507 | Loss_in_diffu: 12.368081 | Loss_out_diffu: 14.075780 | Acc: 99.949920 (59874/59904)
(1642996222.9346068, 1642996323.3750482, 100.44044137001038)
Test epoch: 21| Acc: 99.48 (9948/10000) 

Epoch: 22
Train epoch:22 	Loss_in: 0.002177 | Loss_in_diffu: 12.368048 | Loss_out_diffu: 14.077326 | Acc: 99.963275 (59882/59904)
(1642996323.9784563, 1642996424.2510016, 100.272545337677)
Test epoch: 22| Acc: 99.5 (9950/10000) 

Epoch: 23
Train epoch:23 	Loss_in: 0.002146 | Loss_in_diffu: 12.368757 | Loss_out_diffu: 14.079377 | Acc: 99.968283 (59885/59904)
(1642996424.8487418, 1642996525.4854982, 100.6367564201355)
Test epoch: 23| Acc: 99.5 (9950/10000) 

Epoch: 24
Train epoch:24 	Loss_in: 0.002075 | Loss_in_diffu: 12.368887 | Loss_out_diffu: 14.081460 | Acc: 99.971621 (59887/59904)
(1642996526.089938, 1642996626.4008365, 100.31089854240417)
Test epoch: 24| Acc: 99.49 (9949/10000) 

Epoch: 25
Train epoch:25 	Loss_in: 0.002005 | Loss_in_diffu: 12.369164 | Loss_out_diffu: 14.084523 | Acc: 99.976629 (59890/59904)
(1642996626.9960332, 1642996727.651543, 100.65550971031189)
Test epoch: 25| Acc: 99.47 (9947/10000) 

Epoch: 26
Train epoch:26 	Loss_in: 0.002001 | Loss_in_diffu: 12.369447 | Loss_out_diffu: 14.086888 | Acc: 99.971621 (59887/59904)
(1642996728.2501469, 1642996828.746875, 100.49672818183899)
Test epoch: 26| Acc: 99.52 (9952/10000) 

Epoch: 27
Train epoch:27 	Loss_in: 0.001940 | Loss_in_diffu: 12.369945 | Loss_out_diffu: 14.088989 | Acc: 99.978299 (59891/59904)
(1642996829.3299775, 1642996929.497083, 100.16710543632507)
Test epoch: 27| Acc: 99.45 (9945/10000) 

Epoch: 28
Train epoch:28 	Loss_in: 0.001902 | Loss_in_diffu: 12.370213 | Loss_out_diffu: 14.091950 | Acc: 99.973291 (59888/59904)
(1642996930.0935373, 1642997029.9733305, 99.87979316711426)
Test epoch: 28| Acc: 99.46 (9946/10000) 

Epoch: 29
Train epoch:29 	Loss_in: 0.001869 | Loss_in_diffu: 12.370631 | Loss_out_diffu: 14.094455 | Acc: 99.974960 (59889/59904)
(1642997030.5694098, 1642997130.6112695, 100.04185962677002)
Test epoch: 29| Acc: 99.49 (9949/10000) 

Epoch: 30
Train epoch:30 	Loss_in: 0.001827 | Loss_in_diffu: 12.370878 | Loss_out_diffu: 14.097230 | Acc: 99.979968 (59892/59904)
(1642997131.2062364, 1642997231.215951, 100.00971460342407)
Test epoch: 30| Acc: 99.47 (9947/10000) 

Epoch: 31
Train epoch:31 	Loss_in: 0.001721 | Loss_in_diffu: 12.371189 | Loss_out_diffu: 14.099110 | Acc: 99.983307 (59894/59904)
(1642997231.8080745, 1642997331.8220398, 100.01396536827087)
Test epoch: 31| Acc: 99.5 (9950/10000) 

Epoch: 32
Train epoch:32 	Loss_in: 0.001709 | Loss_in_diffu: 12.371028 | Loss_out_diffu: 14.099273 | Acc: 99.984976 (59895/59904)
(1642997332.4044142, 1642997432.9523847, 100.54797053337097)
Test epoch: 32| Acc: 99.52 (9952/10000) 

Epoch: 33
Train epoch:33 	Loss_in: 0.001711 | Loss_in_diffu: 12.371245 | Loss_out_diffu: 14.099529 | Acc: 99.984976 (59895/59904)
(1642997433.5361576, 1642997533.6517673, 100.1156096458435)
Test epoch: 33| Acc: 99.5 (9950/10000) 

Epoch: 34
Train epoch:34 	Loss_in: 0.001704 | Loss_in_diffu: 12.371024 | Loss_out_diffu: 14.099880 | Acc: 99.983307 (59894/59904)
(1642997534.2462504, 1642997634.917999, 100.67174863815308)
Test epoch: 34| Acc: 99.49 (9949/10000) 

Epoch: 35
Train epoch:35 	Loss_in: 0.001710 | Loss_in_diffu: 12.371592 | Loss_out_diffu: 14.100041 | Acc: 99.983307 (59894/59904)
(1642997635.5140228, 1642997735.6404285, 100.12640571594238)
Test epoch: 35| Acc: 99.47 (9947/10000) 

Epoch: 36
Train epoch:36 	Loss_in: 0.001685 | Loss_in_diffu: 12.371175 | Loss_out_diffu: 14.100418 | Acc: 99.986645 (59896/59904)
(1642997736.2411969, 1642997836.1370776, 99.89588069915771)
Test epoch: 36| Acc: 99.5 (9950/10000) 

Epoch: 37
Train epoch:37 	Loss_in: 0.001680 | Loss_in_diffu: 12.371258 | Loss_out_diffu: 14.100621 | Acc: 99.984976 (59895/59904)
(1642997836.7277896, 1642997937.0637712, 100.33598160743713)
Test epoch: 37| Acc: 99.5 (9950/10000) 

Epoch: 38
Train epoch:38 	Loss_in: 0.001613 | Loss_in_diffu: 12.371364 | Loss_out_diffu: 14.100732 | Acc: 99.986645 (59896/59904)
(1642997937.7767134, 1642998038.1148062, 100.33809280395508)
Test epoch: 38| Acc: 99.51 (9951/10000) 

Epoch: 39
Train epoch:39 	Loss_in: 0.001678 | Loss_in_diffu: 12.371497 | Loss_out_diffu: 14.100842 | Acc: 99.984976 (59895/59904)
(1642998038.8338935, 1642998139.611003, 100.77710938453674)
Test epoch: 39| Acc: 99.51 (9951/10000) 
