True
load data:  svhn
Building SVHN data loader with 1 workers
Using downloaded and verified file: /home/ssy/BDNN/data/svhn/train_32x32.mat
Using downloaded and verified file: /home/ssy/BDNN/data/svhn/test_32x32.mat
==> Building model..

Epoch: 0
Train epoch:0 	Loss_in: 1.260240 | Loss_in_diffu: 12.312699 | Loss_out_diffu: 12.101305 | Acc: 58.772673 (43031/73216)
(1643172524.255186, 1643172646.413841, 122.1586549282074)
Test epoch: 0| Acc: 82.82789408866995 (21522/25984) 

Epoch: 1
Train epoch:1 	Loss_in: 0.489201 | Loss_in_diffu: 11.811925 | Loss_out_diffu: 12.686572 | Acc: 85.740822 (62776/73216)
(1643172649.3537006, 1643172771.2601895, 121.90648889541626)
Test epoch: 1| Acc: 87.22675492610837 (22665/25984) 

Epoch: 2
Train epoch:2 	Loss_in: 0.363041 | Loss_in_diffu: 11.828910 | Loss_out_diffu: 12.888474 | Acc: 89.324738 (65400/73216)
(1643172774.2181346, 1643172896.2327003, 122.01456570625305)
Test epoch: 2| Acc: 89.2472290640394 (23190/25984) 

Epoch: 3
Train epoch:3 	Loss_in: 0.311383 | Loss_in_diffu: 11.884652 | Loss_out_diffu: 13.022235 | Acc: 90.840800 (66510/73216)
(1643172899.2414405, 1643173021.6020913, 122.36065077781677)
Test epoch: 3| Acc: 92.1875 (23954/25984) 

Epoch: 4
Train epoch:4 	Loss_in: 0.279713 | Loss_in_diffu: 11.964124 | Loss_out_diffu: 13.159376 | Acc: 91.854240 (67252/73216)
(1643173024.5449607, 1643173146.5174625, 121.97250175476074)
Test epoch: 4| Acc: 92.4684421182266 (24027/25984) 

Epoch: 5
Train epoch:5 	Loss_in: 0.254514 | Loss_in_diffu: 12.054477 | Loss_out_diffu: 13.259887 | Acc: 92.548077 (67760/73216)
(1643173149.579621, 1643173271.537324, 121.95770287513733)
Test epoch: 5| Acc: 92.9071736453202 (24141/25984) 

Epoch: 6
Train epoch:6 	Loss_in: 0.239058 | Loss_in_diffu: 12.179625 | Loss_out_diffu: 13.377468 | Acc: 93.026115 (68110/73216)
(1643173274.616757, 1643173396.4973366, 121.88057971000671)
Test epoch: 6| Acc: 93.10344827586206 (24192/25984) 

Epoch: 7
Train epoch:7 	Loss_in: 0.218463 | Loss_in_diffu: 12.284094 | Loss_out_diffu: 13.492958 | Acc: 93.692635 (68598/73216)
(1643173399.4572437, 1643173521.5062168, 122.0489730834961)
Test epoch: 7| Acc: 93.1534790640394 (24205/25984) 

Epoch: 8
Train epoch:8 	Loss_in: 0.204631 | Loss_in_diffu: 12.396623 | Loss_out_diffu: 13.638995 | Acc: 94.068236 (68873/73216)
(1643173524.4778466, 1643173646.9179828, 122.44013619422913)
Test epoch: 8| Acc: 93.64608990147784 (24333/25984) 

Epoch: 9
Train epoch:9 	Loss_in: 0.192930 | Loss_in_diffu: 12.513877 | Loss_out_diffu: 13.770823 | Acc: 94.432911 (69140/73216)
(1643173649.9035318, 1643173772.5032206, 122.59968876838684)
Test epoch: 9| Acc: 93.4690578817734 (24287/25984) 

Epoch: 10
Train epoch:10 	Loss_in: 0.179707 | Loss_in_diffu: 12.637260 | Loss_out_diffu: 13.921043 | Acc: 94.884998 (69471/73216)
(1643173775.606667, 1643173897.6550953, 122.04842829704285)
Test epoch: 10| Acc: 93.35360221674877 (24257/25984) 

Epoch: 11
Train epoch:11 	Loss_in: 0.117988 | Loss_in_diffu: 12.661569 | Loss_out_diffu: 14.008480 | Acc: 96.895487 (70943/73216)
(1643173900.613454, 1643174023.3104997, 122.69704556465149)
Test epoch: 11| Acc: 95.15086206896552 (24724/25984) 

Epoch: 12
Train epoch:12 	Loss_in: 0.105665 | Loss_in_diffu: 12.654210 | Loss_out_diffu: 14.014834 | Acc: 97.343477 (71271/73216)
(1643174026.298203, 1643174148.9899678, 122.69176483154297)
Test epoch: 12| Acc: 95.21243842364532 (24740/25984) 

Epoch: 13
Train epoch:13 	Loss_in: 0.099066 | Loss_in_diffu: 12.652510 | Loss_out_diffu: 14.021348 | Acc: 97.568837 (71436/73216)
(1643174151.960716, 1643174274.7817144, 122.82099843025208)
Test epoch: 13| Acc: 95.30095443349754 (24763/25984) 

Epoch: 14
Train epoch:14 	Loss_in: 0.093330 | Loss_in_diffu: 12.651995 | Loss_out_diffu: 14.030543 | Acc: 97.745028 (71565/73216)
(1643174277.784002, 1643174400.8360357, 123.05203366279602)
Test epoch: 14| Acc: 95.13931650246306 (24721/25984) 

Epoch: 15
Train epoch:15 	Loss_in: 0.088702 | Loss_in_diffu: 12.651674 | Loss_out_diffu: 14.038736 | Acc: 97.898000 (71677/73216)
(1643174403.8338168, 1643174526.8131912, 122.97937440872192)
Test epoch: 15| Acc: 95.11622536945812 (24715/25984) 

Epoch: 16
Train epoch:16 	Loss_in: 0.083217 | Loss_in_diffu: 12.650990 | Loss_out_diffu: 14.046332 | Acc: 98.091947 (71819/73216)
(1643174529.8158379, 1643174652.2882223, 122.47238445281982)
Test epoch: 16| Acc: 95.17395320197045 (24730/25984) 

Epoch: 17
Train epoch:17 	Loss_in: 0.078904 | Loss_in_diffu: 12.650410 | Loss_out_diffu: 14.050832 | Acc: 98.223066 (71915/73216)
(1643174655.2456264, 1643174777.2524576, 122.00683116912842)
Test epoch: 17| Acc: 94.85452586206897 (24647/25984) 

Epoch: 18
Train epoch:18 	Loss_in: 0.074294 | Loss_in_diffu: 12.650240 | Loss_out_diffu: 14.060620 | Acc: 98.396525 (72042/73216)
(1643174780.2146466, 1643174902.7988331, 122.58418655395508)
Test epoch: 18| Acc: 95.01231527093596 (24688/25984) 

Epoch: 19
Train epoch:19 	Loss_in: 0.069984 | Loss_in_diffu: 12.650314 | Loss_out_diffu: 14.065816 | Acc: 98.479840 (72103/73216)
(1643174905.7847428, 1643175028.597847, 122.81310415267944)
Test epoch: 19| Acc: 95.04695197044335 (24697/25984) 

Epoch: 20
Train epoch:20 	Loss_in: 0.066081 | Loss_in_diffu: 12.650258 | Loss_out_diffu: 14.070207 | Acc: 98.598667 (72190/73216)
(1643175031.6088047, 1643175154.5156882, 122.90688347816467)
Test epoch: 20| Acc: 94.86991995073892 (24651/25984) 

Epoch: 21
Train epoch:21 	Loss_in: 0.056952 | Loss_in_diffu: 12.645018 | Loss_out_diffu: 14.070935 | Acc: 98.929196 (72432/73216)
(1643175157.5108457, 1643175279.566043, 122.05519723892212)
Test epoch: 21| Acc: 95.0315578817734 (24693/25984) 

Epoch: 22
Train epoch:22 	Loss_in: 0.055564 | Loss_in_diffu: 12.644184 | Loss_out_diffu: 14.072394 | Acc: 98.982463 (72471/73216)
(1643175282.644753, 1643175404.5809064, 121.93615341186523)
Test epoch: 22| Acc: 94.97767857142857 (24679/25984) 

Epoch: 23
Train epoch:23 	Loss_in: 0.054863 | Loss_in_diffu: 12.643601 | Loss_out_diffu: 14.072575 | Acc: 99.011145 (72492/73216)
(1643175407.589255, 1643175530.558653, 122.969398021698)
Test epoch: 23| Acc: 94.94689039408867 (24671/25984) 

Epoch: 24
Train epoch:24 	Loss_in: 0.054249 | Loss_in_diffu: 12.643167 | Loss_out_diffu: 14.073813 | Acc: 99.031632 (72507/73216)
(1643175533.5522792, 1643175655.5799003, 122.0276210308075)
Test epoch: 24| Acc: 94.98922413793103 (24682/25984) 

Epoch: 25
Train epoch:25 	Loss_in: 0.053667 | Loss_in_diffu: 12.642776 | Loss_out_diffu: 14.073616 | Acc: 99.050754 (72521/73216)
(1643175658.5609157, 1643175780.4994783, 121.93856263160706)
Test epoch: 25| Acc: 94.92764778325123 (24666/25984) 

Epoch: 26
Train epoch:26 	Loss_in: 0.053105 | Loss_in_diffu: 12.642861 | Loss_out_diffu: 14.075660 | Acc: 99.054851 (72524/73216)
(1643175783.5851347, 1643175905.4866157, 121.90148091316223)
Test epoch: 26| Acc: 94.91995073891626 (24664/25984) 

Epoch: 27
Train epoch:27 	Loss_in: 0.052669 | Loss_in_diffu: 12.642671 | Loss_out_diffu: 14.075982 | Acc: 99.050754 (72521/73216)
(1643175908.553017, 1643176030.4460006, 121.89298367500305)
Test epoch: 27| Acc: 94.94304187192118 (24670/25984) 

Epoch: 28
Train epoch:28 	Loss_in: 0.052068 | Loss_in_diffu: 12.642008 | Loss_out_diffu: 14.076608 | Acc: 99.094460 (72553/73216)
(1643176033.5221858, 1643176156.128594, 122.60640811920166)
Test epoch: 28| Acc: 94.91995073891626 (24664/25984) 

Epoch: 29
Train epoch:29 	Loss_in: 0.051637 | Loss_in_diffu: 12.641730 | Loss_out_diffu: 14.077321 | Acc: 99.101289 (72558/73216)
(1643176159.0992525, 1643176281.192123, 122.0928704738617)
Test epoch: 29| Acc: 94.9353448275862 (24668/25984) 

Epoch: 30
Train epoch:30 	Loss_in: 0.051037 | Loss_in_diffu: 12.642025 | Loss_out_diffu: 14.077823 | Acc: 99.123142 (72574/73216)
(1643176284.1903539, 1643176406.2091439, 122.01879000663757)
Test epoch: 30| Acc: 94.89301108374384 (24657/25984) 

Epoch: 31
Train epoch:31 	Loss_in: 0.050044 | Loss_in_diffu: 12.640768 | Loss_out_diffu: 14.078133 | Acc: 99.143630 (72589/73216)
(1643176409.2836156, 1643176531.1939895, 121.91037392616272)
Test epoch: 31| Acc: 94.92379926108374 (24665/25984) 

Epoch: 32
Train epoch:32 	Loss_in: 0.049919 | Loss_in_diffu: 12.640851 | Loss_out_diffu: 14.078318 | Acc: 99.149093 (72593/73216)
(1643176534.2741213, 1643176656.9717376, 122.69761633872986)
Test epoch: 32| Acc: 94.88531403940887 (24655/25984) 

Epoch: 33
Train epoch:33 	Loss_in: 0.049846 | Loss_in_diffu: 12.640813 | Loss_out_diffu: 14.078516 | Acc: 99.157288 (72599/73216)
(1643176660.0535274, 1643176782.0231714, 121.96964406967163)
Test epoch: 33| Acc: 94.92379926108374 (24665/25984) 

Epoch: 34
Train epoch:34 	Loss_in: 0.049765 | Loss_in_diffu: 12.640873 | Loss_out_diffu: 14.078544 | Acc: 99.157288 (72599/73216)
(1643176785.0880842, 1643176907.0522256, 121.96414136886597)
Test epoch: 34| Acc: 94.91610221674877 (24663/25984) 

Epoch: 35
Train epoch:35 	Loss_in: 0.049759 | Loss_in_diffu: 12.641033 | Loss_out_diffu: 14.078752 | Acc: 99.160020 (72601/73216)
(1643176910.012189, 1643177033.042254, 123.03006505966187)
Test epoch: 35| Acc: 94.9084051724138 (24661/25984) 

Epoch: 36
Train epoch:36 	Loss_in: 0.049688 | Loss_in_diffu: 12.640789 | Loss_out_diffu: 14.078786 | Acc: 99.161385 (72602/73216)
(1643177036.0430295, 1643177158.6195931, 122.57656359672546)
Test epoch: 36| Acc: 94.91610221674877 (24663/25984) 

Epoch: 37
Train epoch:37 	Loss_in: 0.049687 | Loss_in_diffu: 12.640718 | Loss_out_diffu: 14.078708 | Acc: 99.164117 (72604/73216)
(1643177161.723299, 1643177284.369633, 122.64633393287659)
Test epoch: 37| Acc: 94.91225369458128 (24662/25984) 

Epoch: 38
Train epoch:38 	Loss_in: 0.049541 | Loss_in_diffu: 12.640551 | Loss_out_diffu: 14.078965 | Acc: 99.158654 (72600/73216)
(1643177287.4798276, 1643177410.337805, 122.8579773902893)
Test epoch: 38| Acc: 94.9391933497537 (24669/25984) 

Epoch: 39
Train epoch:39 	Loss_in: 0.049516 | Loss_in_diffu: 12.640684 | Loss_out_diffu: 14.078915 | Acc: 99.164117 (72604/73216)
(1643177413.4366682, 1643177536.0103357, 122.57366752624512)
Test epoch: 39| Acc: 94.9353448275862 (24668/25984) 
