True
load data:  svhn
Building SVHN data loader with 1 workers
Using downloaded and verified file: /home/ssy/BDNN/data/svhn/train_32x32.mat
Using downloaded and verified file: /home/ssy/BDNN/data/svhn/test_32x32.mat
==> Building model..

Epoch: 0
Train epoch:0 	Loss_in: 1.304659 | Loss_in_diffu: 12.384451 | Loss_out_diffu: 12.110682 | Acc: 56.516335 (41379/73216)
(1643208277.7733512, 1643208400.96979, 123.19643878936768)
Test epoch: 0| Acc: 82.44689039408867 (21423/25984) 

Epoch: 1
Train epoch:1 	Loss_in: 0.540648 | Loss_in_diffu: 11.958925 | Loss_out_diffu: 12.778323 | Acc: 84.118226 (61588/73216)
(1643208404.1020758, 1643208526.5170507, 122.41497492790222)
Test epoch: 1| Acc: 85.84128694581281 (22305/25984) 

Epoch: 2
Train epoch:2 	Loss_in: 0.395653 | Loss_in_diffu: 12.030878 | Loss_out_diffu: 13.065188 | Acc: 88.408271 (64729/73216)
(1643208529.5039856, 1643208652.1152313, 122.61124563217163)
Test epoch: 2| Acc: 87.96567118226601 (22857/25984) 

Epoch: 3
Train epoch:3 	Loss_in: 0.332690 | Loss_in_diffu: 12.099503 | Loss_out_diffu: 13.236120 | Acc: 90.081403 (65954/73216)
(1643208655.2608433, 1643208778.4499984, 123.18915510177612)
Test epoch: 3| Acc: 91.9373460591133 (23889/25984) 

Epoch: 4
Train epoch:4 	Loss_in: 0.297392 | Loss_in_diffu: 12.186703 | Loss_out_diffu: 13.398566 | Acc: 91.286058 (66836/73216)
(1643208781.5902874, 1643208904.8715088, 123.28122138977051)
Test epoch: 4| Acc: 92.51847290640394 (24040/25984) 

Epoch: 5
Train epoch:5 	Loss_in: 0.272309 | Loss_in_diffu: 12.284134 | Loss_out_diffu: 13.507977 | Acc: 92.087795 (67423/73216)
(1643208908.0215523, 1643209030.2403939, 122.21884155273438)
Test epoch: 5| Acc: 91.56788793103448 (23793/25984) 

Epoch: 6
Train epoch:6 	Loss_in: 0.253262 | Loss_in_diffu: 12.389542 | Loss_out_diffu: 13.626696 | Acc: 92.680562 (67857/73216)
(1643209033.343435, 1643209156.0678554, 122.72442030906677)
Test epoch: 6| Acc: 93.42672413793103 (24276/25984) 

Epoch: 7
Train epoch:7 	Loss_in: 0.235071 | Loss_in_diffu: 12.487099 | Loss_out_diffu: 13.738921 | Acc: 93.168160 (68214/73216)
(1643209159.0848534, 1643209282.0483062, 122.96345281600952)
Test epoch: 7| Acc: 93.61530172413794 (24325/25984) 

Epoch: 8
Train epoch:8 	Loss_in: 0.222304 | Loss_in_diffu: 12.598154 | Loss_out_diffu: 13.844034 | Acc: 93.530103 (68479/73216)
(1643209285.0395744, 1643209407.9208806, 122.88130617141724)
Test epoch: 8| Acc: 93.92703201970443 (24406/25984) 

Epoch: 9
Train epoch:9 	Loss_in: 0.206924 | Loss_in_diffu: 12.714944 | Loss_out_diffu: 13.967951 | Acc: 94.009506 (68830/73216)
(1643209411.0531213, 1643209533.9489026, 122.89578127861023)
Test epoch: 9| Acc: 92.89562807881774 (24138/25984) 

Epoch: 10
Train epoch:10 	Loss_in: 0.197114 | Loss_in_diffu: 12.833275 | Loss_out_diffu: 14.094888 | Acc: 94.346864 (69077/73216)
(1643209536.9745824, 1643209659.3866353, 122.41205286979675)
Test epoch: 10| Acc: 93.48060344827586 (24290/25984) 

Epoch: 11
Train epoch:11 	Loss_in: 0.134002 | Loss_in_diffu: 12.854275 | Loss_out_diffu: 14.146035 | Acc: 96.435205 (70606/73216)
(1643209662.5162988, 1643209784.7584991, 122.24220037460327)
Test epoch: 11| Acc: 95.12007389162562 (24716/25984) 

Epoch: 12
Train epoch:12 	Loss_in: 0.122740 | Loss_in_diffu: 12.847573 | Loss_out_diffu: 14.154263 | Acc: 96.803977 (70876/73216)
(1643209787.7394688, 1643209910.6636012, 122.92413234710693)
Test epoch: 12| Acc: 95.29325738916256 (24761/25984) 

Epoch: 13
Train epoch:13 	Loss_in: 0.117109 | Loss_in_diffu: 12.846723 | Loss_out_diffu: 14.160921 | Acc: 96.976071 (71002/73216)
(1643209913.6852198, 1643210036.418454, 122.733234167099)
Test epoch: 13| Acc: 95.37022783251231 (24781/25984) 

Epoch: 14
Train epoch:14 	Loss_in: 0.111777 | Loss_in_diffu: 12.846367 | Loss_out_diffu: 14.169842 | Acc: 97.152262 (71131/73216)
(1643210039.5413043, 1643210161.9582846, 122.41698026657104)
Test epoch: 14| Acc: 95.05080049261083 (24698/25984) 

Epoch: 15
Train epoch:15 	Loss_in: 0.107533 | Loss_in_diffu: 12.846672 | Loss_out_diffu: 14.181089 | Acc: 97.309331 (71246/73216)
(1643210164.9505002, 1643210287.9376485, 122.98714828491211)
Test epoch: 15| Acc: 95.03540640394088 (24694/25984) 

Epoch: 16
Train epoch:16 	Loss_in: 0.095880 | Loss_in_diffu: 12.839478 | Loss_out_diffu: 14.181966 | Acc: 97.757321 (71574/73216)
(1643210290.9647481, 1643210413.8285105, 122.86376237869263)
Test epoch: 16| Acc: 95.28556034482759 (24759/25984) 

Epoch: 17
Train epoch:17 	Loss_in: 0.094003 | Loss_in_diffu: 12.837832 | Loss_out_diffu: 14.183083 | Acc: 97.824246 (71623/73216)
(1643210416.9626966, 1643210539.425582, 122.46288537979126)
Test epoch: 17| Acc: 95.22783251231527 (24744/25984) 

Epoch: 18
Train epoch:18 	Loss_in: 0.093345 | Loss_in_diffu: 12.837781 | Loss_out_diffu: 14.184514 | Acc: 97.851562 (71643/73216)
(1643210542.5394418, 1643210664.8549845, 122.3155426979065)
Test epoch: 18| Acc: 95.27016625615764 (24755/25984) 

Epoch: 19
Train epoch:19 	Loss_in: 0.092323 | Loss_in_diffu: 12.837264 | Loss_out_diffu: 14.185516 | Acc: 97.865221 (71653/73216)
(1643210667.8533192, 1643210790.2061727, 122.35285353660583)
Test epoch: 19| Acc: 95.28940886699507 (24760/25984) 

Epoch: 20
Train epoch:20 	Loss_in: 0.091784 | Loss_in_diffu: 12.836913 | Loss_out_diffu: 14.186774 | Acc: 97.907561 (71684/73216)
(1643210793.1884303, 1643210915.923249, 122.73481869697571)
Test epoch: 20| Acc: 95.26246921182266 (24753/25984) 

Epoch: 21
Train epoch:21 	Loss_in: 0.090453 | Loss_in_diffu: 12.835807 | Loss_out_diffu: 14.186867 | Acc: 97.945804 (71712/73216)
(1643210919.0549042, 1643211041.973976, 122.91907167434692)
Test epoch: 21| Acc: 95.24322660098522 (24748/25984) 

Epoch: 22
Train epoch:22 	Loss_in: 0.090239 | Loss_in_diffu: 12.835810 | Loss_out_diffu: 14.187070 | Acc: 97.932146 (71702/73216)
(1643211045.1258361, 1643211167.702496, 122.57665991783142)
Test epoch: 22| Acc: 95.29325738916256 (24761/25984) 

Epoch: 23
Train epoch:23 	Loss_in: 0.090083 | Loss_in_diffu: 12.835645 | Loss_out_diffu: 14.187548 | Acc: 97.952633 (71717/73216)
(1643211170.8009677, 1643211293.8346176, 123.03364992141724)
Test epoch: 23| Acc: 95.26246921182266 (24753/25984) 

Epoch: 24
Train epoch:24 	Loss_in: 0.090104 | Loss_in_diffu: 12.835559 | Loss_out_diffu: 14.187245 | Acc: 97.958097 (71721/73216)
(1643211296.860544, 1643211419.7632782, 122.90273427963257)
Test epoch: 24| Acc: 95.27016625615764 (24755/25984) 
