True
load data:  mnist
Building MNIST data loader with 1 workers
==> Building model..

Epoch: 0
Train epoch:0 	Loss_in: 0.661525 | Loss_in_diffu: 11.711091 | Loss_out_diffu: 12.139931 | Acc: 84.760617 (50775/59904)
(1642956391.457472, 1642956490.3283203, 98.87084817886353)
Test epoch: 0| Acc: 96.48 (9648/10000) 

Epoch: 1
Train epoch:1 	Loss_in: 0.110367 | Loss_in_diffu: 11.282488 | Loss_out_diffu: 12.617056 | Acc: 97.043603 (58133/59904)
(1642956491.0218997, 1642956590.0891285, 99.0672287940979)
Test epoch: 1| Acc: 97.67 (9767/10000) 

Epoch: 2
Train epoch:2 	Loss_in: 0.072335 | Loss_in_diffu: 11.315335 | Loss_out_diffu: 12.805465 | Acc: 97.936699 (58668/59904)
(1642956590.7734883, 1642956689.7866893, 99.01320099830627)
Test epoch: 2| Acc: 97.99 (9799/10000) 

Epoch: 3
Train epoch:3 	Loss_in: 0.054275 | Loss_in_diffu: 11.367929 | Loss_out_diffu: 12.927354 | Acc: 98.434161 (58966/59904)
(1642956690.4764643, 1642956788.4291673, 97.95270299911499)
Test epoch: 3| Acc: 98.9 (9890/10000) 

Epoch: 4
Train epoch:4 	Loss_in: 0.047656 | Loss_in_diffu: 11.438364 | Loss_out_diffu: 13.047102 | Acc: 98.624466 (59080/59904)
(1642956789.125609, 1642956887.143804, 98.01819515228271)
Test epoch: 4| Acc: 99.06 (9906/10000) 

Epoch: 5
Train epoch:5 	Loss_in: 0.039812 | Loss_in_diffu: 11.513380 | Loss_out_diffu: 13.148956 | Acc: 98.886552 (59237/59904)
(1642956887.7289279, 1642956986.0466385, 98.31771063804626)
Test epoch: 5| Acc: 99.02 (9902/10000) 

Epoch: 6
Train epoch:6 	Loss_in: 0.032294 | Loss_in_diffu: 11.586765 | Loss_out_diffu: 13.272302 | Acc: 99.005075 (59308/59904)
(1642956986.6232243, 1642957084.550705, 97.92748069763184)
Test epoch: 6| Acc: 99.05 (9905/10000) 

Epoch: 7
Train epoch:7 	Loss_in: 0.029983 | Loss_in_diffu: 11.667601 | Loss_out_diffu: 13.398173 | Acc: 99.088542 (59358/59904)
(1642957085.2455895, 1642957183.2621994, 98.01660990715027)
Test epoch: 7| Acc: 98.98 (9898/10000) 

Epoch: 8
Train epoch:8 	Loss_in: 0.029139 | Loss_in_diffu: 11.758031 | Loss_out_diffu: 13.504991 | Acc: 99.135283 (59386/59904)
(1642957183.8285377, 1642957281.9440393, 98.11550164222717)
Test epoch: 8| Acc: 98.88 (9888/10000) 

Epoch: 9
Train epoch:9 	Loss_in: 0.023754 | Loss_in_diffu: 11.848882 | Loss_out_diffu: 13.623159 | Acc: 99.320580 (59497/59904)
(1642957282.5271187, 1642957381.192347, 98.6652283668518)
Test epoch: 9| Acc: 99.24 (9924/10000) 

Epoch: 10
Train epoch:10 	Loss_in: 0.022831 | Loss_in_diffu: 11.942689 | Loss_out_diffu: 13.741952 | Acc: 99.320580 (59497/59904)
(1642957381.8807068, 1642957480.5082583, 98.62755155563354)
Test epoch: 10| Acc: 99.04 (9904/10000) 

Epoch: 11
Train epoch:11 	Loss_in: 0.009015 | Loss_in_diffu: 11.984144 | Loss_out_diffu: 13.804913 | Acc: 99.749599 (59754/59904)
(1642957481.1907377, 1642957579.816141, 98.62540316581726)
Test epoch: 11| Acc: 99.5 (9950/10000) 

Epoch: 12
Train epoch:12 	Loss_in: 0.006297 | Loss_in_diffu: 11.984591 | Loss_out_diffu: 13.811396 | Acc: 99.836405 (59806/59904)
(1642957580.5003576, 1642957679.2839952, 98.78363752365112)
Test epoch: 12| Acc: 99.55 (9955/10000) 

Epoch: 13
Train epoch:13 	Loss_in: 0.005554 | Loss_in_diffu: 11.986799 | Loss_out_diffu: 13.821785 | Acc: 99.869792 (59826/59904)
(1642957679.9669826, 1642957778.0087907, 98.04180812835693)
Test epoch: 13| Acc: 99.51 (9951/10000) 

Epoch: 14
Train epoch:14 	Loss_in: 0.004493 | Loss_in_diffu: 11.988496 | Loss_out_diffu: 13.827391 | Acc: 99.899840 (59844/59904)
(1642957778.5851488, 1642957876.7127786, 98.12762975692749)
Test epoch: 14| Acc: 99.58 (9958/10000) 

Epoch: 15
Train epoch:15 	Loss_in: 0.003976 | Loss_in_diffu: 11.990675 | Loss_out_diffu: 13.834532 | Acc: 99.918202 (59855/59904)
(1642957877.2860703, 1642957975.8150368, 98.52896642684937)
Test epoch: 15| Acc: 99.55 (9955/10000) 

Epoch: 16
Train epoch:16 	Loss_in: 0.003396 | Loss_in_diffu: 11.992829 | Loss_out_diffu: 13.842046 | Acc: 99.924880 (59859/59904)
(1642957976.3975637, 1642958074.9250932, 98.52752947807312)
Test epoch: 16| Acc: 99.53 (9953/10000) 

Epoch: 17
Train epoch:17 	Loss_in: 0.003195 | Loss_in_diffu: 11.995182 | Loss_out_diffu: 13.851090 | Acc: 99.926549 (59860/59904)
(1642958075.6122391, 1642958174.6561468, 99.0439076423645)
Test epoch: 17| Acc: 99.45 (9945/10000) 

Epoch: 18
Train epoch:18 	Loss_in: 0.002549 | Loss_in_diffu: 11.996731 | Loss_out_diffu: 13.861543 | Acc: 99.954928 (59877/59904)
(1642958175.2327573, 1642958274.2730043, 99.04024696350098)
Test epoch: 18| Acc: 99.53 (9953/10000) 

Epoch: 19
Train epoch:19 	Loss_in: 0.002289 | Loss_in_diffu: 11.998972 | Loss_out_diffu: 13.864082 | Acc: 99.959936 (59880/59904)
(1642958274.9704642, 1642958374.187124, 99.21665978431702)
Test epoch: 19| Acc: 99.59 (9959/10000) 

Epoch: 20
Train epoch:20 	Loss_in: 0.001896 | Loss_in_diffu: 12.000374 | Loss_out_diffu: 13.872731 | Acc: 99.971621 (59887/59904)
(1642958374.871688, 1642958473.5108995, 98.63921165466309)
Test epoch: 20| Acc: 99.5 (9950/10000) 

Epoch: 21
Train epoch:21 	Loss_in: 0.001574 | Loss_in_diffu: 12.001361 | Loss_out_diffu: 13.880488 | Acc: 99.979968 (59892/59904)
(1642958474.0843973, 1642958572.4802465, 98.39584922790527)
Test epoch: 21| Acc: 99.55 (9955/10000) 

Epoch: 22
Train epoch:22 	Loss_in: 0.001426 | Loss_in_diffu: 12.001152 | Loss_out_diffu: 13.880697 | Acc: 99.981637 (59893/59904)
(1642958573.164215, 1642958671.1390219, 97.9748067855835)
Test epoch: 22| Acc: 99.55 (9955/10000) 

Epoch: 23
Train epoch:23 	Loss_in: 0.001383 | Loss_in_diffu: 12.001695 | Loss_out_diffu: 13.881485 | Acc: 99.984976 (59895/59904)
(1642958671.8224936, 1642958769.6568565, 97.83436298370361)
Test epoch: 23| Acc: 99.57 (9957/10000) 

Epoch: 24
Train epoch:24 	Loss_in: 0.001343 | Loss_in_diffu: 12.001366 | Loss_out_diffu: 13.882593 | Acc: 99.984976 (59895/59904)
(1642958770.2350278, 1642958867.928374, 97.69334626197815)
Test epoch: 24| Acc: 99.55 (9955/10000) 

Epoch: 25
Train epoch:25 	Loss_in: 0.001307 | Loss_in_diffu: 12.001788 | Loss_out_diffu: 13.883747 | Acc: 99.986645 (59896/59904)
(1642958868.5011804, 1642958966.2172554, 97.71607494354248)
Test epoch: 25| Acc: 99.56 (9956/10000) 

Epoch: 26
Train epoch:26 	Loss_in: 0.001285 | Loss_in_diffu: 12.001489 | Loss_out_diffu: 13.884460 | Acc: 99.986645 (59896/59904)
(1642958966.9132879, 1642959064.6669314, 97.75364351272583)
Test epoch: 26| Acc: 99.52 (9952/10000) 

Epoch: 27
Train epoch:27 	Loss_in: 0.001238 | Loss_in_diffu: 12.001993 | Loss_out_diffu: 13.884822 | Acc: 99.986645 (59896/59904)
(1642959065.361314, 1642959163.1186047, 97.75729060173035)
Test epoch: 27| Acc: 99.58 (9958/10000) 

Epoch: 28
Train epoch:28 	Loss_in: 0.001229 | Loss_in_diffu: 12.001969 | Loss_out_diffu: 13.886212 | Acc: 99.986645 (59896/59904)
(1642959163.7029572, 1642959261.4085684, 97.70561122894287)
Test epoch: 28| Acc: 99.52 (9952/10000) 

Epoch: 29
Train epoch:29 	Loss_in: 0.001180 | Loss_in_diffu: 12.002178 | Loss_out_diffu: 13.886848 | Acc: 99.984976 (59895/59904)
(1642959262.095441, 1642959359.7818995, 97.6864583492279)
Test epoch: 29| Acc: 99.55 (9955/10000) 

Epoch: 30
Train epoch:30 	Loss_in: 0.001149 | Loss_in_diffu: 12.002321 | Loss_out_diffu: 13.888480 | Acc: 99.986645 (59896/59904)
(1642959360.4653876, 1642959458.1926901, 97.72730255126953)
Test epoch: 30| Acc: 99.54 (9954/10000) 

Epoch: 31
Train epoch:31 	Loss_in: 0.001078 | Loss_in_diffu: 12.002272 | Loss_out_diffu: 13.888765 | Acc: 99.988315 (59897/59904)
(1642959458.8746943, 1642959557.4000332, 98.52533888816833)
Test epoch: 31| Acc: 99.52 (9952/10000) 

Epoch: 32
Train epoch:32 	Loss_in: 0.001076 | Loss_in_diffu: 12.002596 | Loss_out_diffu: 13.889081 | Acc: 99.988315 (59897/59904)
(1642959557.9842324, 1642959655.7913141, 97.80708169937134)
Test epoch: 32| Acc: 99.53 (9953/10000) 

Epoch: 33
Train epoch:33 	Loss_in: 0.001074 | Loss_in_diffu: 12.002471 | Loss_out_diffu: 13.888992 | Acc: 99.988315 (59897/59904)
(1642959656.4857812, 1642959754.1311202, 97.645339012146)
Test epoch: 33| Acc: 99.55 (9955/10000) 

Epoch: 34
Train epoch:34 	Loss_in: 0.001070 | Loss_in_diffu: 12.002394 | Loss_out_diffu: 13.889105 | Acc: 99.988315 (59897/59904)
(1642959754.8171911, 1642959852.8394704, 98.02227926254272)
Test epoch: 34| Acc: 99.55 (9955/10000) 

Epoch: 35
Train epoch:35 	Loss_in: 0.001067 | Loss_in_diffu: 12.002579 | Loss_out_diffu: 13.889368 | Acc: 99.988315 (59897/59904)
(1642959853.4142559, 1642959951.4822218, 98.06796598434448)
Test epoch: 35| Acc: 99.53 (9953/10000) 

Epoch: 36
Train epoch:36 	Loss_in: 0.001065 | Loss_in_diffu: 12.002425 | Loss_out_diffu: 13.889554 | Acc: 99.988315 (59897/59904)
(1642959952.1759558, 1642960050.4187422, 98.2427864074707)
Test epoch: 36| Acc: 99.53 (9953/10000) 

Epoch: 37
Train epoch:37 	Loss_in: 0.001061 | Loss_in_diffu: 12.002067 | Loss_out_diffu: 13.889413 | Acc: 99.988315 (59897/59904)
(1642960051.1200812, 1642960149.5902007, 98.47011947631836)
Test epoch: 37| Acc: 99.52 (9952/10000) 

Epoch: 38
Train epoch:38 	Loss_in: 0.001059 | Loss_in_diffu: 12.002222 | Loss_out_diffu: 13.889833 | Acc: 99.988315 (59897/59904)
(1642960150.2699978, 1642960247.9112034, 97.64120554924011)
Test epoch: 38| Acc: 99.53 (9953/10000) 

Epoch: 39
Train epoch:39 	Loss_in: 0.001051 | Loss_in_diffu: 12.002382 | Loss_out_diffu: 13.889824 | Acc: 99.988315 (59897/59904)
(1642960248.4843996, 1642960347.0986896, 98.61428999900818)
Test epoch: 39| Acc: 99.53 (9953/10000) 
