True
load data:  svhn
Building SVHN data loader with 1 workers
Using downloaded and verified file: /home/ssy/BDNN/data/svhn/train_32x32.mat
Using downloaded and verified file: /home/ssy/BDNN/data/svhn/test_32x32.mat
load out data:  cifar10
Building CIFAR-10 data loader with 1 workers
Files already downloaded and verified
Files already downloaded and verified
==> Building model..

Epoch: 0
Train epoch:0 	Loss_in: 1.256574 | Loss_in_diffu: 8.346789 | Loss_out_diffu: 7.665023 | Acc: 41.109776 (20522/49920)
(1643246070.65493, 1643246155.440552, 84.78562188148499)
Test epoch: 0| Acc: 67.19519704433498 (17460/25984) 

Epoch: 1
Train epoch:1 	Loss_in: 0.721596 | Loss_in_diffu: 7.614176 | Loss_out_diffu: 7.524310 | Acc: 72.399840 (36142/49920)
(1643246158.450738, 1643246242.2582614, 83.80752348899841)
Test epoch: 1| Acc: 79.70289408866995 (20710/25984) 

Epoch: 2
Train epoch:2 	Loss_in: 0.498124 | Loss_in_diffu: 7.302408 | Loss_out_diffu: 7.484740 | Acc: 81.816907 (40843/49920)
(1643246245.3570096, 1643246329.6445112, 84.28750157356262)
Test epoch: 2| Acc: 85.86437807881774 (22311/25984) 

Epoch: 3
Train epoch:3 	Loss_in: 0.385656 | Loss_in_diffu: 7.106006 | Loss_out_diffu: 7.440236 | Acc: 86.129808 (42996/49920)
(1643246332.654066, 1643246416.755139, 84.1010730266571)
Test epoch: 3| Acc: 88.51600985221675 (23000/25984) 

Epoch: 4
Train epoch:4 	Loss_in: 0.317447 | Loss_in_diffu: 6.954567 | Loss_out_diffu: 7.385731 | Acc: 88.427484 (44143/49920)
(1643246419.7350419, 1643246504.0532923, 84.31825041770935)
Test epoch: 4| Acc: 87.26139162561576 (22674/25984) 

Epoch: 5
Train epoch:5 	Loss_in: 0.284463 | Loss_in_diffu: 6.838298 | Loss_out_diffu: 7.321781 | Acc: 89.288862 (44573/49920)
(1643246507.0662723, 1643246591.292474, 84.22620177268982)
Test epoch: 5| Acc: 89.47429187192118 (23249/25984) 

Epoch: 6
Train epoch:6 	Loss_in: 0.258038 | Loss_in_diffu: 6.727082 | Loss_out_diffu: 7.287709 | Acc: 90.190304 (45023/49920)
(1643246594.4156353, 1643246678.2674174, 83.85178208351135)
Test epoch: 6| Acc: 88.08112684729063 (22887/25984) 

Epoch: 7
Train epoch:7 	Loss_in: 0.245139 | Loss_in_diffu: 6.631356 | Loss_out_diffu: 7.245258 | Acc: 90.606971 (45231/49920)
(1643246681.3552752, 1643246765.3467948, 83.99151968955994)
Test epoch: 7| Acc: 91.07527709359606 (23665/25984) 

Epoch: 8
Train epoch:8 	Loss_in: 0.227704 | Loss_in_diffu: 6.531558 | Loss_out_diffu: 7.184486 | Acc: 91.328125 (45591/49920)
(1643246768.480476, 1643246852.923973, 84.44349718093872)
Test epoch: 8| Acc: 91.84883004926108 (23866/25984) 

Epoch: 9
Train epoch:9 	Loss_in: 0.217798 | Loss_in_diffu: 6.439170 | Loss_out_diffu: 7.115257 | Acc: 91.668670 (45761/49920)
(1643246855.93663, 1643246940.0292716, 84.09264159202576)
Test epoch: 9| Acc: 91.95658866995073 (23894/25984) 

Epoch: 10
Train epoch:10 	Loss_in: 0.209586 | Loss_in_diffu: 6.352392 | Loss_out_diffu: 7.044987 | Acc: 92.005208 (45929/49920)
(1643246943.0050817, 1643247027.3907423, 84.38566064834595)
Test epoch: 10| Acc: 91.33312807881774 (23732/25984) 

Epoch: 11
Train epoch:11 	Loss_in: 0.198253 | Loss_in_diffu: 6.261286 | Loss_out_diffu: 6.972870 | Acc: 92.303686 (46078/49920)
(1643247030.4147456, 1643247114.6557345, 84.24098896980286)
Test epoch: 11| Acc: 92.40301724137932 (24010/25984) 

Epoch: 12
Train epoch:12 	Loss_in: 0.192370 | Loss_in_diffu: 6.176004 | Loss_out_diffu: 6.897045 | Acc: 92.520032 (46186/49920)
(1643247117.748876, 1643247202.0708973, 84.32202124595642)
Test epoch: 12| Acc: 92.67241379310344 (24080/25984) 

Epoch: 13
Train epoch:13 	Loss_in: 0.187982 | Loss_in_diffu: 6.096077 | Loss_out_diffu: 6.824271 | Acc: 92.680288 (46266/49920)
(1643247205.1646042, 1643247289.2477684, 84.08316421508789)
Test epoch: 13| Acc: 92.66856527093596 (24079/25984) 

Epoch: 14
Train epoch:14 	Loss_in: 0.181249 | Loss_in_diffu: 6.012236 | Loss_out_diffu: 6.754855 | Acc: 92.906651 (46379/49920)
(1643247292.2581313, 1643247376.3430498, 84.08491849899292)
Test epoch: 14| Acc: 92.36838054187191 (24001/25984) 

Epoch: 15
Train epoch:15 	Loss_in: 0.177928 | Loss_in_diffu: 5.932312 | Loss_out_diffu: 6.680687 | Acc: 93.088942 (46470/49920)
(1643247379.3143609, 1643247463.0376117, 83.72325086593628)
Test epoch: 15| Acc: 92.51462438423646 (24039/25984) 

Epoch: 16
Train epoch:16 	Loss_in: 0.124829 | Loss_in_diffu: 5.840860 | Loss_out_diffu: 6.649472 | Acc: 95.410657 (47629/49920)
(1643247466.136472, 1643247549.8944778, 83.75800585746765)
Test epoch: 16| Acc: 94.46582512315271 (24546/25984) 

Epoch: 17
Train epoch:17 	Loss_in: 0.114668 | Loss_in_diffu: 5.816342 | Loss_out_diffu: 6.638957 | Acc: 95.867388 (47857/49920)
(1643247552.9852772, 1643247636.960316, 83.97503876686096)
Test epoch: 17| Acc: 94.38500615763547 (24525/25984) 

Epoch: 18
Train epoch:18 	Loss_in: 0.107982 | Loss_in_diffu: 5.794782 | Loss_out_diffu: 6.627182 | Acc: 96.093750 (47970/49920)
(1643247640.0499961, 1643247723.87566, 83.82566380500793)
Test epoch: 18| Acc: 94.43503694581281 (24538/25984) 

Epoch: 19
Train epoch:19 	Loss_in: 0.102981 | Loss_in_diffu: 5.774858 | Loss_out_diffu: 6.614326 | Acc: 96.390224 (48118/49920)
(1643247726.8512585, 1643247810.600111, 83.74885249137878)
Test epoch: 19| Acc: 94.45043103448276 (24542/25984) 

Epoch: 20
Train epoch:20 	Loss_in: 0.101309 | Loss_in_diffu: 5.758618 | Loss_out_diffu: 6.600679 | Acc: 96.504407 (48175/49920)
(1643247813.6194854, 1643247897.7548494, 84.13536405563354)
Test epoch: 20| Acc: 94.38885467980296 (24526/25984) 

Epoch: 21
Train epoch:21 	Loss_in: 0.094013 | Loss_in_diffu: 5.744188 | Loss_out_diffu: 6.594863 | Acc: 96.824920 (48335/49920)
(1643247900.8866887, 1643247985.3232834, 84.43659472465515)
Test epoch: 21| Acc: 94.70828201970443 (24609/25984) 

Epoch: 22
Train epoch:22 	Loss_in: 0.090482 | Loss_in_diffu: 5.738876 | Loss_out_diffu: 6.593991 | Acc: 96.997196 (48421/49920)
(1643247988.344026, 1643248072.4825518, 84.13852572441101)
Test epoch: 22| Acc: 94.60052339901478 (24581/25984) 

Epoch: 23
Train epoch:23 	Loss_in: 0.090708 | Loss_in_diffu: 5.737306 | Loss_out_diffu: 6.592683 | Acc: 97.055288 (48450/49920)
(1643248075.5752735, 1643248159.589681, 84.01440739631653)
Test epoch: 23| Acc: 94.67364532019704 (24600/25984) 

Epoch: 24
Train epoch:24 	Loss_in: 0.087928 | Loss_in_diffu: 5.733184 | Loss_out_diffu: 6.590753 | Acc: 97.161458 (48503/49920)
(1643248162.7147262, 1643248247.0414078, 84.32668161392212)
Test epoch: 24| Acc: 94.55049261083744 (24568/25984) 
