True
load data:  mnist
Building MNIST data loader with 1 workers
==> Building model..

Epoch: 0
Train epoch:0 	Loss_in: 0.590873 | Loss_in_diffu: 11.054817 | Loss_out_diffu: 11.467461 | Acc: 85.859041 (51433/59904)
(1633652890.401646, 1633653013.969598, 123.5679521560669)
Test epoch: 0| Acc: 97.28 (9728/10000) 

Epoch: 1
Train epoch:1 	Loss_in: 0.102896 | Loss_in_diffu: 10.079470 | Loss_out_diffu: 11.234096 | Acc: 97.270633 (58269/59904)
(1633653014.8110766, 1633653141.3205605, 126.5094838142395)
Test epoch: 1| Acc: 98.24 (9824/10000) 

Epoch: 2
Train epoch:2 	Loss_in: 0.068818 | Loss_in_diffu: 9.563777 | Loss_out_diffu: 10.814709 | Acc: 98.056891 (58740/59904)
(1633653142.1525176, 1633653274.7147424, 132.56222486495972)
Test epoch: 2| Acc: 98.74 (9874/10000) 

Epoch: 3
Train epoch:3 	Loss_in: 0.056415 | Loss_in_diffu: 9.092697 | Loss_out_diffu: 10.376847 | Acc: 98.395767 (58943/59904)
(1633653275.5691667, 1633653401.4240227, 125.85485601425171)
Test epoch: 3| Acc: 98.84 (9884/10000) 

Epoch: 4
Train epoch:4 	Loss_in: 0.049333 | Loss_in_diffu: 8.651974 | Loss_out_diffu: 9.962234 | Acc: 98.561031 (59042/59904)
(1633653402.2670658, 1633653536.0473146, 133.78024888038635)
Test epoch: 4| Acc: 98.49 (9849/10000) 

Epoch: 5
Train epoch:5 	Loss_in: 0.044880 | Loss_in_diffu: 8.238243 | Loss_out_diffu: 9.553390 | Acc: 98.684562 (59116/59904)
(1633653536.867334, 1633653662.5662997, 125.69896578788757)
Test epoch: 5| Acc: 99.14 (9914/10000) 

Epoch: 6
Train epoch:6 	Loss_in: 0.038909 | Loss_in_diffu: 7.845885 | Loss_out_diffu: 9.129825 | Acc: 98.859842 (59221/59904)
(1633653663.3863213, 1633653787.9938767, 124.6075553894043)
Test epoch: 6| Acc: 99.08 (9908/10000) 

Epoch: 7
Train epoch:7 	Loss_in: 0.035676 | Loss_in_diffu: 7.468394 | Loss_out_diffu: 8.792042 | Acc: 98.963341 (59283/59904)
(1633653788.8213298, 1633653921.7292304, 132.90790057182312)
Test epoch: 7| Acc: 99.19 (9919/10000) 

Epoch: 8
Train epoch:8 	Loss_in: 0.032173 | Loss_in_diffu: 7.105194 | Loss_out_diffu: 8.429398 | Acc: 99.053486 (59337/59904)
(1633653922.6155622, 1633654053.0702286, 130.4546663761139)
Test epoch: 8| Acc: 98.8 (9880/10000) 

Epoch: 9
Train epoch:9 	Loss_in: 0.030762 | Loss_in_diffu: 6.757962 | Loss_out_diffu: 8.105086 | Acc: 99.105235 (59368/59904)
(1633654053.9015536, 1633654178.9043767, 125.00282311439514)
Test epoch: 9| Acc: 99.17 (9917/10000) 

Epoch: 10
Train epoch:10 	Loss_in: 0.040283 | Loss_in_diffu: 6.452051 | Loss_out_diffu: 7.752721 | Acc: 98.901576 (59246/59904)
(1633654179.7485695, 1633654307.2874172, 127.53884768486023)
Test epoch: 10| Acc: 99.2 (9920/10000) 

Epoch: 11
Train epoch:11 	Loss_in: 0.015474 | Loss_in_diffu: 6.301740 | Loss_out_diffu: 7.540740 | Acc: 99.592682 (59660/59904)
(1633654308.13079, 1633654440.6337955, 132.50300550460815)
Test epoch: 11| Acc: 99.5 (9950/10000) 

Epoch: 12
Train epoch:12 	Loss_in: 0.011992 | Loss_in_diffu: 6.256834 | Loss_out_diffu: 7.513684 | Acc: 99.651108 (59695/59904)
(1633654441.480602, 1633654569.6302679, 128.14966583251953)
Test epoch: 12| Acc: 99.34 (9934/10000) 

Epoch: 13
Train epoch:13 	Loss_in: 0.010817 | Loss_in_diffu: 6.211739 | Loss_out_diffu: 7.487379 | Acc: 99.679487 (59712/59904)
(1633654570.4847238, 1633654706.7146726, 136.22994875907898)
Test epoch: 13| Acc: 99.38 (9938/10000) 

Epoch: 14
Train epoch:14 	Loss_in: 0.009434 | Loss_in_diffu: 6.166644 | Loss_out_diffu: 7.459713 | Acc: 99.752938 (59756/59904)
(1633654707.5600555, 1633654829.1693377, 121.60928225517273)
Test epoch: 14| Acc: 99.46 (9946/10000) 

Epoch: 15
Train epoch:15 	Loss_in: 0.007895 | Loss_in_diffu: 6.122081 | Loss_out_diffu: 7.432199 | Acc: 99.808026 (59789/59904)
(1633654830.0231934, 1633654969.5134773, 139.49028396606445)
Test epoch: 15| Acc: 99.37 (9937/10000) 

Epoch: 16
Train epoch:16 	Loss_in: 0.007338 | Loss_in_diffu: 6.079621 | Loss_out_diffu: 7.406802 | Acc: 99.809696 (59790/59904)
(1633654970.3665552, 1633655097.2076488, 126.84109354019165)
Test epoch: 16| Acc: 99.5 (9950/10000) 

Epoch: 17
Train epoch:17 	Loss_in: 0.006841 | Loss_in_diffu: 6.038952 | Loss_out_diffu: 7.383739 | Acc: 99.804688 (59787/59904)
(1633655098.0579073, 1633655219.5303605, 121.4724531173706)
Test epoch: 17| Acc: 99.31 (9931/10000) 

Epoch: 18
Train epoch:18 	Loss_in: 0.006919 | Loss_in_diffu: 5.999913 | Loss_out_diffu: 7.360935 | Acc: 99.803018 (59786/59904)
(1633655220.3754308, 1633655347.5065548, 127.1311240196228)
Test epoch: 18| Acc: 99.47 (9947/10000) 

Epoch: 19
Train epoch:19 	Loss_in: 0.006273 | Loss_in_diffu: 5.962450 | Loss_out_diffu: 7.338841 | Acc: 99.811365 (59791/59904)
(1633655348.3546836, 1633655476.2704854, 127.91580176353455)
Test epoch: 19| Acc: 99.14 (9914/10000) 

Epoch: 20
Train epoch:20 	Loss_in: 0.005179 | Loss_in_diffu: 5.924326 | Loss_out_diffu: 7.317508 | Acc: 99.858106 (59819/59904)
(1633655477.1152763, 1633655598.9193273, 121.8040509223938)
Test epoch: 20| Acc: 99.43 (9943/10000) 

Epoch: 21
Train epoch:21 	Loss_in: 0.003306 | Loss_in_diffu: 5.902579 | Loss_out_diffu: 7.308068 | Acc: 99.921541 (59857/59904)
(1633655599.7483237, 1633655721.7715976, 122.02327394485474)
Test epoch: 21| Acc: 99.42 (9942/10000) 

Epoch: 22
Train epoch:22 	Loss_in: 0.002919 | Loss_in_diffu: 5.898092 | Loss_out_diffu: 7.305804 | Acc: 99.943243 (59870/59904)
(1633655722.5975437, 1633655846.198124, 123.6005802154541)
Test epoch: 22| Acc: 99.45 (9945/10000) 

Epoch: 23
Train epoch:23 	Loss_in: 0.002862 | Loss_in_diffu: 5.894271 | Loss_out_diffu: 7.303482 | Acc: 99.939904 (59868/59904)
(1633655847.0254462, 1633655978.7008493, 131.67540311813354)
Test epoch: 23| Acc: 99.48 (9948/10000) 

Epoch: 24
Train epoch:24 	Loss_in: 0.002752 | Loss_in_diffu: 5.889469 | Loss_out_diffu: 7.301453 | Acc: 99.953259 (59876/59904)
(1633655979.558337, 1633656111.0519722, 131.4936351776123)
Test epoch: 24| Acc: 99.47 (9947/10000) 

Epoch: 25
Train epoch:25 	Loss_in: 0.002650 | Loss_in_diffu: 5.885440 | Loss_out_diffu: 7.299408 | Acc: 99.953259 (59876/59904)
(1633656111.8775268, 1633656248.4061058, 136.52857899665833)
Test epoch: 25| Acc: 99.46 (9946/10000) 

Epoch: 26
Train epoch:26 	Loss_in: 0.002646 | Loss_in_diffu: 5.880689 | Loss_out_diffu: 7.297371 | Acc: 99.951589 (59875/59904)
(1633656249.2746994, 1633656374.281178, 125.00647854804993)
Test epoch: 26| Acc: 99.51 (9951/10000) 

Epoch: 27
Train epoch:27 	Loss_in: 0.002531 | Loss_in_diffu: 5.876811 | Loss_out_diffu: 7.295514 | Acc: 99.953259 (59876/59904)
(1633656375.1214464, 1633656507.198374, 132.07692766189575)
Test epoch: 27| Acc: 99.47 (9947/10000) 

Epoch: 28
Train epoch:28 	Loss_in: 0.002375 | Loss_in_diffu: 5.872333 | Loss_out_diffu: 7.294612 | Acc: 99.966613 (59884/59904)
(1633656508.049476, 1633656629.8500988, 121.80062294006348)
Test epoch: 28| Acc: 99.42 (9942/10000) 

Epoch: 29
Train epoch:29 	Loss_in: 0.002369 | Loss_in_diffu: 5.868231 | Loss_out_diffu: 7.292790 | Acc: 99.968283 (59885/59904)
(1633656630.6812723, 1633656764.3833427, 133.70207047462463)
Test epoch: 29| Acc: 99.49 (9949/10000) 

Epoch: 30
Train epoch:30 	Loss_in: 0.002344 | Loss_in_diffu: 5.864045 | Loss_out_diffu: 7.291525 | Acc: 99.958267 (59879/59904)
(1633656765.230402, 1633656887.8420012, 122.61159920692444)
Test epoch: 30| Acc: 99.48 (9948/10000) 

Epoch: 31
Train epoch:31 	Loss_in: 0.002135 | Loss_in_diffu: 5.861510 | Loss_out_diffu: 7.290987 | Acc: 99.969952 (59886/59904)
(1633656888.6725802, 1633657010.857305, 122.18472480773926)
Test epoch: 31| Acc: 99.43 (9943/10000) 

Epoch: 32
Train epoch:32 	Loss_in: 0.002128 | Loss_in_diffu: 5.861376 | Loss_out_diffu: 7.291185 | Acc: 99.966613 (59884/59904)
(1633657011.6919456, 1633657139.4471827, 127.75523710250854)
Test epoch: 32| Acc: 99.5 (9950/10000) 

Epoch: 33
Train epoch:33 	Loss_in: 0.002104 | Loss_in_diffu: 5.860851 | Loss_out_diffu: 7.290973 | Acc: 99.969952 (59886/59904)
(1633657140.2927291, 1633657283.6421428, 143.34941363334656)
Test epoch: 33| Acc: 99.47 (9947/10000) 

Epoch: 34
Train epoch:34 	Loss_in: 0.002145 | Loss_in_diffu: 5.860341 | Loss_out_diffu: 7.290789 | Acc: 99.968283 (59885/59904)
(1633657284.475543, 1633657407.4494731, 122.97393012046814)
Test epoch: 34| Acc: 99.43 (9943/10000) 

Epoch: 35
Train epoch:35 	Loss_in: 0.002080 | Loss_in_diffu: 5.860089 | Loss_out_diffu: 7.290767 | Acc: 99.971621 (59887/59904)
(1633657408.2757628, 1633657533.57296, 125.29719710350037)
Test epoch: 35| Acc: 99.41 (9941/10000) 

Epoch: 36
Train epoch:36 	Loss_in: 0.002079 | Loss_in_diffu: 5.859536 | Loss_out_diffu: 7.290662 | Acc: 99.973291 (59888/59904)
(1633657534.4136448, 1633657656.3756204, 121.96197557449341)
Test epoch: 36| Acc: 99.48 (9948/10000) 

Epoch: 37
Train epoch:37 	Loss_in: 0.002102 | Loss_in_diffu: 5.858694 | Loss_out_diffu: 7.290390 | Acc: 99.966613 (59884/59904)
(1633657657.227534, 1633657779.7012925, 122.47375845909119)
Test epoch: 37| Acc: 99.46 (9946/10000) 

Epoch: 38
Train epoch:38 	Loss_in: 0.002124 | Loss_in_diffu: 5.858514 | Loss_out_diffu: 7.290694 | Acc: 99.966613 (59884/59904)
(1633657780.548639, 1633657902.1244354, 121.57579636573792)
Test epoch: 38| Acc: 99.43 (9943/10000) 

Epoch: 39
Train epoch:39 	Loss_in: 0.002091 | Loss_in_diffu: 5.858200 | Loss_out_diffu: 7.290375 | Acc: 99.971621 (59887/59904)
(1633657902.9595723, 1633658030.5939934, 127.6344211101532)
Test epoch: 39| Acc: 99.45 (9945/10000) 
